#
# A fatal error has been detected by the Java Runtime Environment:
#
#  EXCEPTION_ACCESS_VIOLATION (0xc0000005) at pc=0x00007ffd5b708253, pid=24400, tid=3780
#
# JRE version: OpenJDK Runtime Environment Temurin-17.0.7+7 (17.0.7+7) (build 17.0.7+7)
# Java VM: OpenJDK 64-Bit Server VM Temurin-17.0.7+7 (17.0.7+7, mixed mode, tiered, compressed oops, compressed class ptrs, parallel gc, windows-amd64)
# Problematic frame:
# V  [jvm.dll+0x6a8253]
#
# No core dump will be written. Minidumps are not enabled by default on client versions of Windows
#
# If you would like to submit a bug report, please visit:
#   https://github.com/adoptium/adoptium-support/issues
#

---------------  S U M M A R Y ------------

Command Line: --add-modules=ALL-SYSTEM --add-opens=java.base/java.util=ALL-UNNAMED --add-opens=java.base/java.lang=ALL-UNNAMED --add-opens=java.base/sun.nio.fs=ALL-UNNAMED -Declipse.application=org.eclipse.jdt.ls.core.id1 -Dosgi.bundles.defaultStartLevel=4 -Declipse.product=org.eclipse.jdt.ls.core.product -Djava.import.generatesMetadataFilesAtProjectRoot=false -Dfile.encoding=utf8 -XX:+UseParallelGC -XX:GCTimeRatio=4 -XX:AdaptiveSizePolicyWeight=90 -Dsun.zip.disableMemoryMapping=true -Xmx1G -Xms100m -Xlog:disable -javaagent:c:\Users\henry\.vscode\extensions\redhat.java-1.18.0-win32-x64\lombok\lombok-1.18.27.jar -XX:+HeapDumpOnOutOfMemoryError -XX:HeapDumpPath=c:\Users\henry\AppData\Roaming\Code\User\workspaceStorage\fd237c70ca4fdf15d1bc8d7b1d32228d\redhat.java -Daether.dependencyCollector.impl=bf c:\Users\henry\.vscode\extensions\redhat.java-1.18.0-win32-x64\server\plugins\org.eclipse.equinox.launcher_1.6.400.v20210924-0641.jar -configuration c:\Users\henry\AppData\Roaming\Code\User\globalStorage\redhat.java\1.18.0\config_win -data c:\Users\henry\AppData\Roaming\Code\User\workspaceStorage\fd237c70ca4fdf15d1bc8d7b1d32228d\redhat.java\jdt_ws

Host: Intel(R) Core(TM) i7-9700KF CPU @ 3.60GHz, 8 cores, 15G,  Windows 11 , 64 bit Build 22621 (10.0.22621.1635)
Time: Sun May 14 19:07:30 2023  Windows 11 , 64 bit Build 22621 (10.0.22621.1635) elapsed time: 4654.731843 seconds (0d 1h 17m 34s)

---------------  T H R E A D  ---------------

Current thread (0x000001e5bf985260):  GCTaskThread "GC Thread#1" [stack: 0x0000009269100000,0x0000009269200000] [id=3780]

Stack: [0x0000009269100000,0x0000009269200000],  sp=0x00000092691ffa90,  free space=1022k
Native frames: (J=compiled Java code, j=interpreted, Vv=VM code, C=native code)
V  [jvm.dll+0x6a8253]


siginfo: EXCEPTION_ACCESS_VIOLATION (0xc0000005), reading address 0x0000000186513370


Register to memory mapping:

RIP=0x00007ffd5b708253 jvm.dll
RAX=0x00000000c32899b8 is an oop: com.google.gson.internal.LinkedTreeMap$Node 
{0x00000000c32899b8} - klass: 'com/google/gson/internal/LinkedTreeMap$Node'
 - ---- fields (total size 6 words):
 - 'height' 'I' @12  2
 - final 'allowNullValue' 'Z' @16  true
 - 'parent' 'Lcom/google/gson/internal/LinkedTreeMap$Node;' @20  a 'com/google/gson/internal/LinkedTreeMap$Node'{0x00000000c32899e8} (c32899e8)
 - 'left' 'Lcom/google/gson/internal/LinkedTreeMap$Node;' @24  a 'com/google/gson/internal/LinkedTreeMap$Node'{0x00000000c3289b48} (c3289b48)
 - 'right' 'Lcom/google/gson/internal/LinkedTreeMap$Node;' @28  a 'com/google/gson/internal/LinkedTreeMap$Node'{0x00000000c3289988} (c3289988)
 - 'next' 'Lcom/google/gson/internal/LinkedTreeMap$Node;' @32  a 'com/google/gson/internal/LinkedTreeMap$Node'{0x00000000c3289988} (c3289988)
 - 'prev' 'Lcom/google/gson/internal/LinkedTreeMap$Node;' @36  a 'com/google/gson/internal/LinkedTreeMap$Node'{0x00000000c3289b48} (c3289b48)
 - final 'key' 'Ljava/lang/Object;' @40  "readUInt32()~readFieldNumber(Schema<>)"{0x00000000c328fd10} (c328fd10)
 - 'value' 'Ljava/lang/Object;' @44  a 'java/lang/String'[][1] {0x00000000c328fd60} (c328fd60)
RBX=0x00000000c3289b60 is pointing into object: com.google.gson.internal.LinkedTreeMap$Node 
{0x00000000c3289b48} - klass: 'com/google/gson/internal/LinkedTreeMap$Node'
 - ---- fields (total size 6 words):
 - 'height' 'I' @12  1
 - final 'allowNullValue' 'Z' @16  true
 - 'parent' 'Lcom/google/gson/internal/LinkedTreeMap$Node;' @20  a 'com/google/gson/internal/LinkedTreeMap$Node'{0x00000000c32899b8} (c32899b8)
 - 'left' 'Lcom/google/gson/internal/LinkedTreeMap$Node;' @24  NULL (0)
 - 'right' 'Lcom/google/gson/internal/LinkedTreeMap$Node;' @28  NULL (0)
 - 'next' 'Lcom/google/gson/internal/LinkedTreeMap$Node;' @32  a 'com/google/gson/internal/LinkedTreeMap$Node'{0x00000000c32899b8} (c32899b8)
 - 'prev' 'Lcom/google/gson/internal/LinkedTreeMap$Node;' @36  a 'com/google/gson/internal/LinkedTreeMap$Node'{0x00000000c32899e8} (c32899e8)
 - final 'key' 'Ljava/lang/Object;' @40  "readFieldNumber(Schema<Object>)~readUInt32()"{0x00000000c3289b78} (c3289b78)
 - 'value' 'Ljava/lang/Object;' @44  a 'java/lang/String'[][1] {0x00000000c3289bd0} (c3289bd0)
RCX=0x00007ffd5bbe5300 jvm.dll
RDX=0x00000000c32899b8 is an oop: com.google.gson.internal.LinkedTreeMap$Node 
{0x00000000c32899b8} - klass: 'com/google/gson/internal/LinkedTreeMap$Node'
 - ---- fields (total size 6 words):
 - 'height' 'I' @12  2
 - final 'allowNullValue' 'Z' @16  true
 - 'parent' 'Lcom/google/gson/internal/LinkedTreeMap$Node;' @20  a 'com/google/gson/internal/LinkedTreeMap$Node'{0x00000000c32899e8} (c32899e8)
 - 'left' 'Lcom/google/gson/internal/LinkedTreeMap$Node;' @24  a 'com/google/gson/internal/LinkedTreeMap$Node'{0x00000000c3289b48} (c3289b48)
 - 'right' 'Lcom/google/gson/internal/LinkedTreeMap$Node;' @28  a 'com/google/gson/internal/LinkedTreeMap$Node'{0x00000000c3289988} (c3289988)
 - 'next' 'Lcom/google/gson/internal/LinkedTreeMap$Node;' @32  a 'com/google/gson/internal/LinkedTreeMap$Node'{0x00000000c3289988} (c3289988)
 - 'prev' 'Lcom/google/gson/internal/LinkedTreeMap$Node;' @36  a 'com/google/gson/internal/LinkedTreeMap$Node'{0x00000000c3289b48} (c3289b48)
 - final 'key' 'Ljava/lang/Object;' @40  "readUInt32()~readFieldNumber(Schema<>)"{0x00000000c328fd10} (c328fd10)
 - 'value' 'Ljava/lang/Object;' @44  a 'java/lang/String'[][1] {0x00000000c328fd60} (c328fd60)
RSP=0x00000092691ffa90 points into unknown readable memory: 0x00000000c3280000 | 00 00 28 c3 00 00 00 00
RBP=0x00000001004223d8 is pointing into metadata
RSI=0x00000000c3289b78 is an oop: java.lang.String 
{0x00000000c3289b78} - klass: 'java/lang/String'
 - string: "readFieldNumber(Schema<Object>)~readUInt32()"
RDI=0x00000000c32899b8 is an oop: com.google.gson.internal.LinkedTreeMap$Node 
{0x00000000c32899b8} - klass: 'com/google/gson/internal/LinkedTreeMap$Node'
 - ---- fields (total size 6 words):
 - 'height' 'I' @12  2
 - final 'allowNullValue' 'Z' @16  true
 - 'parent' 'Lcom/google/gson/internal/LinkedTreeMap$Node;' @20  a 'com/google/gson/internal/LinkedTreeMap$Node'{0x00000000c32899e8} (c32899e8)
 - 'left' 'Lcom/google/gson/internal/LinkedTreeMap$Node;' @24  a 'com/google/gson/internal/LinkedTreeMap$Node'{0x00000000c3289b48} (c3289b48)
 - 'right' 'Lcom/google/gson/internal/LinkedTreeMap$Node;' @28  a 'com/google/gson/internal/LinkedTreeMap$Node'{0x00000000c3289988} (c3289988)
 - 'next' 'Lcom/google/gson/internal/LinkedTreeMap$Node;' @32  a 'com/google/gson/internal/LinkedTreeMap$Node'{0x00000000c3289988} (c3289988)
 - 'prev' 'Lcom/google/gson/internal/LinkedTreeMap$Node;' @36  a 'com/google/gson/internal/LinkedTreeMap$Node'{0x00000000c3289b48} (c3289b48)
 - final 'key' 'Ljava/lang/Object;' @40  "readUInt32()~readFieldNumber(Schema<>)"{0x00000000c328fd10} (c328fd10)
 - 'value' 'Ljava/lang/Object;' @44  a 'java/lang/String'[][1] {0x00000000c328fd60} (c328fd60)
R8 =0x000001e5b94e4180 points into unknown readable memory: 0x000001e5a382fa10 | 10 fa 82 a3 e5 01 00 00
R9 =0x0000000000010000 is an unknown value
R10=0x000001e5b94e4180 points into unknown readable memory: 0x000001e5a382fa10 | 10 fa 82 a3 e5 01 00 00
R11=0x000001e5b94e4180 points into unknown readable memory: 0x000001e5a382fa10 | 10 fa 82 a3 e5 01 00 00
R12=0x00000000c3289b48 is an oop: com.google.gson.internal.LinkedTreeMap$Node 
{0x00000000c3289b48} - klass: 'com/google/gson/internal/LinkedTreeMap$Node'
 - ---- fields (total size 6 words):
 - 'height' 'I' @12  1
 - final 'allowNullValue' 'Z' @16  true
 - 'parent' 'Lcom/google/gson/internal/LinkedTreeMap$Node;' @20  a 'com/google/gson/internal/LinkedTreeMap$Node'{0x00000000c32899b8} (c32899b8)
 - 'left' 'Lcom/google/gson/internal/LinkedTreeMap$Node;' @24  NULL (0)
 - 'right' 'Lcom/google/gson/internal/LinkedTreeMap$Node;' @28  NULL (0)
 - 'next' 'Lcom/google/gson/internal/LinkedTreeMap$Node;' @32  a 'com/google/gson/internal/LinkedTreeMap$Node'{0x00000000c32899b8} (c32899b8)
 - 'prev' 'Lcom/google/gson/internal/LinkedTreeMap$Node;' @36  a 'com/google/gson/internal/LinkedTreeMap$Node'{0x00000000c32899e8} (c32899e8)
 - final 'key' 'Ljava/lang/Object;' @40  "readFieldNumber(Schema<Object>)~readUInt32()"{0x00000000c3289b78} (c3289b78)
 - 'value' 'Ljava/lang/Object;' @44  a 'java/lang/String'[][1] {0x00000000c3289bd0} (c3289bd0)
R13=0x0000000000bb0000 is an unknown value
R14=0x00000092691ffaf0 points into unknown readable memory: 0x00007ffd5ba100a8 | a8 00 a1 5b fd 7f 00 00
R15=0x00000001004223e0 is a pointer to class: 
com.google.gson.internal.bind.JsonTreeReader$1 {0x00000001004223e8}
 - instance size:     3
 - klass size:        85
 - access:            synchronized 
 - state:             fully_initialized
 - name:              'com/google/gson/internal/bind/JsonTreeReader$1'
 - super:             'java/io/Reader'
 - sub:               
 - arrays:            NULL
 - methods:           Array<T>(0x000001e5bc087270)
 - method ordering:   Array<T>(0x000001e5ba000018)
 - default_methods:   Array<T>(0x0000000000000000)
 - local interfaces:  Array<T>(0x000001e5ba000058)
 - trans. interfaces: Array<T>(0x000001e5ba5cdf90)
 - constants:         constant pool [31] {0x000001e5bc087100} for 'com/google/gson/internal/bind/JsonTreeReader$1' cache=0x000001e5bc087d90
 - class loader data:  loader data: 0x000001e5bfb07d00 for instance a 'org/eclipse/osgi/internal/loader/EquinoxClassLoader'{0x00000000c09e0318}
 - source file:       'JsonTreeReader.java'
 - class annotations:       Array<T>(0x0000000000000000)
 - class type annotations:  Array<T>(0x0000000000000000)
 - field annotations:       Array<T>(0x0000000000000000)
 - field type annotations:  Array<T>(0x0000000000000000)
 - inner classes:     Array<T>(0x000001e5bc0874a0)
 - nest members:     Array<T>(0x000001e5ba000028)
 - permitted subclasses:     Array<T>(0x000001e5ba000028)
 - java mirror:       a 'java/lang/Class'{0x00000000c0abb528} = 'com/google/gson/internal/bind/JsonTreeReader$1'
 - vtable length      16  (start addr: 0x00000001004225a8)
 - itable length      11 (start addr: 0x0000000100422628)
 - ---- static fields (0 words):
 - ---- non-static fields (2 words):
 - protected 'lock' 'Ljava/lang/Object;' @12 
 - private 'skipBuffer' '[C' @16 
 - non-static oop maps: 12-16 


Registers:
RAX=0x00000000c32899b8, RBX=0x00000000c3289b60, RCX=0x00007ffd5bbe5300, RDX=0x00000000c32899b8
RSP=0x00000092691ffa90, RBP=0x00000001004223d8, RSI=0x00000000c3289b78, RDI=0x00000000c32899b8
R8 =0x000001e5b94e4180, R9 =0x0000000000010000, R10=0x000001e5b94e4180, R11=0x000001e5b94e4180
R12=0x00000000c3289b48, R13=0x0000000000bb0000, R14=0x00000092691ffaf0, R15=0x00000001004223e0
RIP=0x00007ffd5b708253, EFLAGS=0x0000000000010297

Top of Stack: (sp=0x00000092691ffa90)
0x00000092691ffa90:   00000000c3280000 00007ffd5b7094bb
0x00000092691ffaa0:   000001e5b94e4180 000001e5b9130fc8
0x00000092691ffab0:   00000092691ffc00 00007ffd5bbe52c0
0x00000092691ffac0:   0000000000690000 00007ffd5b71382f
0x00000092691ffad0:   0000000000651369 0000000000690000
0x00000092691ffae0:   000000000065136e 0000000000bb0000
0x00000092691ffaf0:   00007ffd5ba100a8 0000000000000000
0x00000092691ffb00:   000001e5b94e4180 00007ffd5b708a7e
0x00000092691ffb10:   00000000c0f00000 00007ffd5b70f017
0x00000092691ffb20:   000001e5b94e4180 000001e5b91304b0
0x00000092691ffb30:   000001e5b94e4180 0000000000000000
0x00000092691ffb40:   00007ffd5bbe52c0 00007ffd5b6e14ee
0x00000092691ffb50:   00000000001e0000 000000000000001e
0x00000092691ffb60:   0000000000000019 0000000000000000
0x00000092691ffb70:   000001e5b94e4180 0000000000000000
0x00000092691ffb80:   00007ffd5bbe5120 00007ffd5bbe52c0 

Instructions: (pc=0x00007ffd5b708253)
0x00007ffd5b708153:   cc cc cc cc cc cc cc cc cc cc cc cc cc 80 3d 27
0x00007ffd5b708163:   34 4c 00 00 4c 8d 15 c2 06 00 00 49 8b c2 4c 8d
0x00007ffd5b708173:   0d 68 08 00 00 49 0f 45 c1 48 89 05 d5 c5 46 00
0x00007ffd5b708183:   49 3b c2 0f 84 a4 06 00 00 48 ff e0 cc 80 3d f7
0x00007ffd5b708193:   33 4c 00 00 4c 8d 15 52 07 00 00 49 8b c2 4c 8d
0x00007ffd5b7081a3:   0d 28 09 00 00 49 0f 45 c1 48 89 05 d5 c5 46 00
0x00007ffd5b7081b3:   49 3b c2 0f 84 34 07 00 00 48 ff e0 cc 80 3d c7
0x00007ffd5b7081c3:   33 4c 00 00 4c 8d 15 62 06 00 00 49 8b c2 4c 8d
0x00007ffd5b7081d3:   0d 08 08 00 00 49 0f 45 c1 48 89 05 5d c5 46 00
0x00007ffd5b7081e3:   49 3b c2 0f 84 44 06 00 00 48 ff e0 cc 80 3d 97
0x00007ffd5b7081f3:   33 4c 00 00 4c 8d 15 c2 09 00 00 49 8b c2 4c 8d
0x00007ffd5b708203:   0d 78 0a 00 00 49 0f 45 c1 48 89 05 5d c5 46 00
0x00007ffd5b708213:   49 3b c2 0f 84 a4 09 00 00 48 ff e0 cc 80 3d 67
0x00007ffd5b708223:   33 4c 00 00 4c 8d 15 12 0b 00 00 49 8b c2 4c 8d
0x00007ffd5b708233:   0d 28 0d 00 00 49 0f 45 c1 48 89 05 0d c5 46 00
0x00007ffd5b708243:   49 3b c2 0f 84 f4 0a 00 00 48 ff e0 cc 80 3d 37
0x00007ffd5b708253:   33 4c 00 00 4c 8d 15 e2 0b 00 00 49 8b c2 4c 8d
0x00007ffd5b708263:   0d 38 0e 00 00 49 0f 45 c1 48 89 05 0d c5 46 00
0x00007ffd5b708273:   49 3b c2 0f 84 c4 0b 00 00 48 ff e0 cc 80 3d 07
0x00007ffd5b708283:   33 4c 00 00 4c 8d 15 32 0f 00 00 4d 8b c8 49 8b
0x00007ffd5b708293:   c2 4c 8d 05 45 0f 00 00 49 0f 45 c0 48 89 05 a2
0x00007ffd5b7082a3:   c4 46 00 49 3b c2 75 0b 4c 8b c1 49 8b c9 e9 fa
0x00007ffd5b7082b3:   01 00 00 4d 8b c1 48 ff e0 cc cc cc cc 80 3d c7
0x00007ffd5b7082c3:   32 4c 00 00 4c 8d 15 02 0f 00 00 4d 8b c8 49 8b
0x00007ffd5b7082d3:   c2 4c 8d 05 05 10 00 00 49 0f 45 c0 48 89 05 92
0x00007ffd5b7082e3:   c4 46 00 49 3b c2 75 0b 4c 8b c1 49 8b c9 e9 8a
0x00007ffd5b7082f3:   03 00 00 4d 8b c1 48 ff e0 cc cc cc cc 80 3d 87
0x00007ffd5b708303:   32 4c 00 00 4c 8d 15 e2 0f 00 00 49 8b c2 4c 8d
0x00007ffd5b708313:   0d 28 11 00 00 49 0f 45 c1 48 89 05 45 c4 46 00
0x00007ffd5b708323:   49 3b c2 0f 84 c4 0f 00 00 48 ff e0 cc 80 3d 57
0x00007ffd5b708333:   32 4c 00 00 4c 8d 15 52 10 00 00 49 8b c2 4c 8d
0x00007ffd5b708343:   0d a8 11 00 00 49 0f 45 c1 48 89 05 45 c4 46 00 


Stack slot to memory mapping:
stack at sp + 0 slots: 0x00000000c3280000 is pointing into object: [B 
{0x00000000c327ffe8} - klass: {type array byte}
 - length: 34
stack at sp + 1 slots: 0x00007ffd5b7094bb jvm.dll
stack at sp + 2 slots: 0x000001e5b94e4180 points into unknown readable memory: 0x000001e5a382fa10 | 10 fa 82 a3 e5 01 00 00
stack at sp + 3 slots: 0x000001e5b9130fc8 points into unknown readable memory: 0x00000000c3280000 | 00 00 28 c3 00 00 00 00
stack at sp + 4 slots: 0x00000092691ffc00 points into unknown readable memory: 0x00007ffd5ba10088 | 88 00 a1 5b fd 7f 00 00
stack at sp + 5 slots: 0x00007ffd5bbe52c0 jvm.dll
stack at sp + 6 slots: 0x0000000000690000 is an unknown value
stack at sp + 7 slots: 0x00007ffd5b71382f jvm.dll


---------------  P R O C E S S  ---------------

Threads class SMR info:
_java_thread_list=0x000001e5c171d020, length=40, elements={
0x000001e5a3780060, 0x000001e5a3833a40, 0x000001e5a3836da0, 0x000001e5be7ec970,
0x000001e5be7ed230, 0x000001e5be7edcf0, 0x000001e5be7f15f0, 0x000001e5be7f67c0,
0x000001e5be7f9880, 0x000001e5be802950, 0x000001e5a383e390, 0x000001e5beaf51c0,
0x000001e5bfd15ba0, 0x000001e5bffd0a60, 0x000001e5bfd679e0, 0x000001e5bffcacd0,
0x000001e5c0115040, 0x000001e5bfc8b680, 0x000001e5bfc8dd00, 0x000001e5bfc8c020,
0x000001e5bfc8c4f0, 0x000001e5c296f8d0, 0x000001e5c2971f50, 0x000001e5c2973c30,
0x000001e5c296ea60, 0x000001e5bfaffcc0, 0x000001e5bfb00660, 0x000001e5bfb05d00,
0x000001e5bfaff7f0, 0x000001e5bfb01000, 0x000001e5bfb02810, 0x000001e5bfb02340,
0x000001e5bfafee50, 0x000001e5bfb019a0, 0x000001e5bfaff320, 0x000001e5bfb03680,
0x000001e5bfb03b50, 0x000001e5bfb01e70, 0x000001e5bfb00190, 0x000001e5bfb031b0
}

Java Threads: ( => current thread )
  0x000001e5a3780060 JavaThread "main" [_thread_blocked, id=29232, stack(0x0000009268000000,0x0000009268100000)]
  0x000001e5a3833a40 JavaThread "Reference Handler" daemon [_thread_blocked, id=2404, stack(0x0000009268300000,0x0000009268400000)]
  0x000001e5a3836da0 JavaThread "Finalizer" daemon [_thread_blocked, id=19896, stack(0x0000009268400000,0x0000009268500000)]
  0x000001e5be7ec970 JavaThread "Signal Dispatcher" daemon [_thread_blocked, id=16540, stack(0x0000009268500000,0x0000009268600000)]
  0x000001e5be7ed230 JavaThread "Attach Listener" daemon [_thread_blocked, id=28808, stack(0x0000009268600000,0x0000009268700000)]
  0x000001e5be7edcf0 JavaThread "Service Thread" daemon [_thread_blocked, id=15544, stack(0x0000009268700000,0x0000009268800000)]
  0x000001e5be7f15f0 JavaThread "Monitor Deflation Thread" daemon [_thread_blocked, id=10092, stack(0x0000009268800000,0x0000009268900000)]
  0x000001e5be7f67c0 JavaThread "C2 CompilerThread0" daemon [_thread_blocked, id=24260, stack(0x0000009268900000,0x0000009268a00000)]
  0x000001e5be7f9880 JavaThread "C1 CompilerThread0" daemon [_thread_blocked, id=13244, stack(0x0000009268a00000,0x0000009268b00000)]
  0x000001e5be802950 JavaThread "Sweeper thread" daemon [_thread_blocked, id=28772, stack(0x0000009268b00000,0x0000009268c00000)]
  0x000001e5a383e390 JavaThread "Common-Cleaner" daemon [_thread_blocked, id=24664, stack(0x0000009268c00000,0x0000009268d00000)]
  0x000001e5beaf51c0 JavaThread "Notification Thread" daemon [_thread_blocked, id=30296, stack(0x0000009268d00000,0x0000009268e00000)]
  0x000001e5bfd15ba0 JavaThread "Active Thread: Equinox Container: 3a32703d-7191-4a2a-8bee-1e502b001d02" [_thread_blocked, id=5448, stack(0x0000009269700000,0x0000009269800000)]
  0x000001e5bffd0a60 JavaThread "Framework Event Dispatcher: Equinox Container: 3a32703d-7191-4a2a-8bee-1e502b001d02" daemon [_thread_blocked, id=9896, stack(0x0000009268f00000,0x0000009269000000)]
  0x000001e5bfd679e0 JavaThread "Start Level: Equinox Container: 3a32703d-7191-4a2a-8bee-1e502b001d02" daemon [_thread_blocked, id=10452, stack(0x0000009269000000,0x0000009269100000)]
  0x000001e5bffcacd0 JavaThread "SCR Component Actor" daemon [_thread_blocked, id=30552, stack(0x0000009269800000,0x0000009269900000)]
  0x000001e5c0115040 JavaThread "Worker-JM" [_thread_blocked, id=1740, stack(0x0000009269b00000,0x0000009269c00000)]
  0x000001e5bfc8b680 JavaThread "Java indexing" daemon [_thread_blocked, id=8508, stack(0x000000926a000000,0x000000926a100000)]
  0x000001e5bfc8dd00 JavaThread "JNA Cleaner" daemon [_thread_blocked, id=20852, stack(0x000000926a100000,0x000000926a200000)]
  0x000001e5bfc8c020 JavaThread "pool-2-thread-1" [_thread_blocked, id=9824, stack(0x000000926a400000,0x000000926a500000)]
  0x000001e5bfc8c4f0 JavaThread "pool-1-thread-1" [_thread_blocked, id=19724, stack(0x000000926a500000,0x000000926a600000)]
  0x000001e5c296f8d0 JavaThread "Bundle File Closer" daemon [_thread_blocked, id=19300, stack(0x000000926ae00000,0x000000926af00000)]
  0x000001e5c2971f50 JavaThread "Java Debug Server" daemon [_thread_in_native, id=27352, stack(0x0000009269e00000,0x0000009269f00000)]
  0x000001e5c2973c30 JavaThread "RxSchedulerPurge-1" daemon [_thread_blocked, id=28544, stack(0x000000926a700000,0x000000926a800000)]
  0x000001e5c296ea60 JavaThread "RxCachedWorkerPoolEvictor-1" daemon [_thread_blocked, id=8972, stack(0x000000926a800000,0x000000926a900000)]
  0x000001e5bfaffcc0 JavaThread "Worker-34" [_thread_blocked, id=2364, stack(0x0000009267d00000,0x0000009267e00000)]
  0x000001e5bfb00660 JavaThread "Worker-39" [_thread_blocked, id=5968, stack(0x0000009267e00000,0x0000009267f00000)]
  0x000001e5bfb05d00 JavaThread "pool-5-thread-8" [_thread_in_native, id=30168, stack(0x000000926ad00000,0x000000926ae00000)]
  0x000001e5bfaff7f0 JavaThread "RxNewThreadScheduler-17" daemon [_thread_blocked, id=25220, stack(0x000000926af00000,0x000000926b000000)]
  0x000001e5bfb01000 JavaThread "process reaper (pid 31496)" daemon [_thread_in_native, id=30732, stack(0x00000092679a0000,0x00000092679c0000)]
  0x000001e5bfb02810 JavaThread "ForkJoinPool.commonPool-worker-26" daemon [_thread_blocked, id=28480, stack(0x0000009267f00000,0x0000009268000000)]
  0x000001e5bfb02340 JavaThread "ForkJoinPool.commonPool-worker-27" daemon [_thread_blocked, id=28952, stack(0x0000009269a00000,0x0000009269b00000)]
  0x000001e5bfafee50 JavaThread "ForkJoinPool.commonPool-worker-28" daemon [_thread_blocked, id=25364, stack(0x0000009269c00000,0x0000009269d00000)]
  0x000001e5bfb019a0 JavaThread "ForkJoinPool.commonPool-worker-29" daemon [_thread_blocked, id=30116, stack(0x0000009269d00000,0x0000009269e00000)]
  0x000001e5bfaff320 JavaThread "Worker-45" [_thread_blocked, id=28428, stack(0x0000009269f00000,0x000000926a000000)]
  0x000001e5bfb03680 JavaThread "ForkJoinPool.commonPool-worker-30" daemon [_thread_blocked, id=9428, stack(0x000000926a200000,0x000000926a300000)]
  0x000001e5bfb03b50 JavaThread "ForkJoinPool.commonPool-worker-31" daemon [_thread_blocked, id=8424, stack(0x000000926a300000,0x000000926a400000)]
  0x000001e5bfb01e70 JavaThread "ForkJoinPool.commonPool-worker-32" daemon [_thread_blocked, id=10296, stack(0x000000926a600000,0x000000926a700000)]
  0x000001e5bfb00190 JavaThread "Worker-46" [_thread_blocked, id=27164, stack(0x000000926a900000,0x000000926aa00000)]
  0x000001e5bfb031b0 JavaThread "Worker-47" [_thread_blocked, id=27668, stack(0x000000926aa00000,0x000000926ab00000)]

Other Threads:
  0x000001e5be790c20 VMThread "VM Thread" [stack: 0x0000009268200000,0x0000009268300000] [id=27884]
  0x000001e5beb6eb10 WatcherThread [stack: 0x0000009268e00000,0x0000009268f00000] [id=9972]
  0x000001e5a3796c30 GCTaskThread "GC Thread#0" [stack: 0x0000009268100000,0x0000009268200000] [id=21220]
=>0x000001e5bf985260 GCTaskThread "GC Thread#1" [stack: 0x0000009269100000,0x0000009269200000] [id=3780]
  0x000001e5bf985510 GCTaskThread "GC Thread#2" [stack: 0x0000009269200000,0x0000009269300000] [id=9836]
  0x000001e5bfb3b290 GCTaskThread "GC Thread#3" [stack: 0x0000009269300000,0x0000009269400000] [id=29832]
  0x000001e5bfb3b540 GCTaskThread "GC Thread#4" [stack: 0x0000009269400000,0x0000009269500000] [id=21040]
  0x000001e5bfaf61a0 GCTaskThread "GC Thread#5" [stack: 0x0000009269500000,0x0000009269600000] [id=26692]
  0x000001e5bfaf6450 GCTaskThread "GC Thread#6" [stack: 0x0000009269600000,0x0000009269700000] [id=9392]
  0x000001e5bff84860 GCTaskThread "GC Thread#7" [stack: 0x0000009269900000,0x0000009269a00000] [id=9236]

Threads with active compile tasks:
C2 CompilerThread0  4654775 20268   !   4       org.eclipse.jdt.internal.compiler.parser.Scanner::getNextToken0 (2562 bytes)

VM state: at safepoint (normal execution)

VM Mutex/Monitor currently owned by a thread:  ([mutex/lock_event])
[0x000001e5a377cba0] Threads_lock - owner thread: 0x000001e5be790c20
[0x000001e5a377cf00] Heap_lock - owner thread: 0x000001e5bfc8b680

Heap address: 0x00000000c0000000, size: 1024 MB, Compressed Oops mode: 32-bit

CDS archive(s) not mapped
Compressed class space mapped at: 0x0000000100000000-0x0000000140000000, reserved size: 1073741824
Narrow klass base: 0x0000000000000000, Narrow klass shift: 3, Narrow klass range: 0x140000000

GC Precious Log:
 CPUs: 8 total, 8 available
 Memory: 16297M
 Large Page Support: Disabled
 NUMA Support: Disabled
 Compressed Oops: Enabled (32-bit)
 Alignments: Space 512K, Generation 512K, Heap 2M
 Heap Min Capacity: 100M
 Heap Initial Capacity: 100M
 Heap Max Capacity: 1G
 Pre-touch: Disabled
 Parallel Workers: 8

Heap:
 PSYoungGen      total 1536K, used 672K [0x00000000eab00000, 0x00000000eb200000, 0x0000000100000000)
  eden space 512K, 0% used [0x00000000eab00000,0x00000000eab00000,0x00000000eab80000)
  from space 1024K, 65% used [0x00000000eab80000,0x00000000eac28000,0x00000000eac80000)
  to   space 2560K, 0% used [0x00000000eaf80000,0x00000000eaf80000,0x00000000eb200000)
 ParOldGen       total 121344K, used 119769K [0x00000000c0000000, 0x00000000c7680000, 0x00000000eab00000)
  object space 121344K, 98% used [0x00000000c0000000,0x00000000c74f64d8,0x00000000c7680000)
 Metaspace       used 88585K, committed 89920K, reserved 1179648K
  class space    used 9119K, committed 9728K, reserved 1048576K

Card table byte_map: [0x000001e5b6dc0000,0x000001e5b6fd0000] _byte_map_base: 0x000001e5b67c0000

Marking Bits: (ParMarkBitMap*) 0x00007ffd5bbe52c0
 Begin Bits: [0x000001e5b7130000, 0x000001e5b8130000)
 End Bits:   [0x000001e5b8130000, 0x000001e5b9130000)

Polling page: 0x000001e5a3840000

Metaspace:

Usage:
  Non-class:     77.60 MB used.
      Class:      8.91 MB used.
       Both:     86.51 MB used.

Virtual space:
  Non-class space:      128.00 MB reserved,      78.31 MB ( 61%) committed,  2 nodes.
      Class space:        1.00 GB reserved,       9.50 MB ( <1%) committed,  1 nodes.
             Both:        1.12 GB reserved,      87.81 MB (  8%) committed. 

Chunk freelists:
   Non-Class:  1.67 MB
       Class:  6.51 MB
        Both:  8.18 MB

MaxMetaspaceSize: unlimited
CompressedClassSpaceSize: 1.00 GB
Initial GC threshold: 21.00 MB
Current GC threshold: 146.06 MB
CDS: off
MetaspaceReclaimPolicy: balanced
 - commit_granule_bytes: 65536.
 - commit_granule_words: 8192.
 - virtual_space_node_default_size: 8388608.
 - enlarge_chunks_in_place: 1.
 - new_chunks_are_fully_committed: 0.
 - uncommit_free_chunks: 1.
 - use_allocation_guard: 0.
 - handle_deallocations: 1.


Internal statistics:

num_allocs_failed_limit: 9.
num_arena_births: 1182.
num_arena_deaths: 350.
num_vsnodes_births: 3.
num_vsnodes_deaths: 0.
num_space_committed: 1455.
num_space_uncommitted: 50.
num_chunks_returned_to_freelist: 939.
num_chunks_taken_from_freelist: 5366.
num_chunk_merges: 189.
num_chunk_splits: 3087.
num_chunks_enlarged: 1904.
num_inconsistent_stats: 0.

CodeHeap 'non-profiled nmethods': size=120000Kb used=20309Kb max_used=20309Kb free=99691Kb
 bounds [0x000001e5af6a0000, 0x000001e5b0a80000, 0x000001e5b6bd0000]
CodeHeap 'profiled nmethods': size=120000Kb used=32739Kb max_used=32739Kb free=87260Kb
 bounds [0x000001e5a7bd0000, 0x000001e5a9bd0000, 0x000001e5af100000]
CodeHeap 'non-nmethods': size=5760Kb used=1427Kb max_used=1523Kb free=4333Kb
 bounds [0x000001e5af100000, 0x000001e5af370000, 0x000001e5af6a0000]
 total_blobs=16603 nmethods=15815 adapters=700
 compilation: enabled
              stopped_count=0, restarted_count=0
 full_count=0

Compilation events (20 events):
Event: 4653.699 Thread 0x000001e5be7f9880 nmethod 20260 0x000001e5a9bc5c10 code [0x000001e5a9bc5de0, 0x000001e5a9bc6208]
Event: 4653.699 Thread 0x000001e5be7f9880 20261   !   3       org.eclipse.lsp4j.jsonrpc.RemoteEndpoint::lambda$handleRequest$3 (32 bytes)
Event: 4653.699 Thread 0x000001e5be7f9880 nmethod 20261 0x000001e5a9bc6410 code [0x000001e5a9bc65c0, 0x000001e5a9bc6888]
Event: 4653.723 Thread 0x000001e5be7f9880 20262       1       org.eclipse.core.internal.events.InternalBuilder::getInterestingProjects (5 bytes)
Event: 4653.723 Thread 0x000001e5be7f9880 nmethod 20262 0x000001e5b0a75110 code [0x000001e5b0a752a0, 0x000001e5b0a75378]
Event: 4654.478 Thread 0x000001e5be7f9880 20263       3       org.eclipse.jdt.internal.core.JavaModelManager::createCompilationUnitFrom (116 bytes)
Event: 4654.479 Thread 0x000001e5be7f9880 nmethod 20263 0x000001e5a9bc6a10 code [0x000001e5a9bc6dc0, 0x000001e5a9bc86d8]
Event: 4654.480 Thread 0x000001e5be7f9880 20264   !   3       org.eclipse.core.internal.resources.Workspace::getResourceInfo (108 bytes)
Event: 4654.480 Thread 0x000001e5be7f9880 nmethod 20264 0x000001e5a9bc9090 code [0x000001e5a9bc92e0, 0x000001e5a9bc9c38]
Event: 4654.646 Thread 0x000001e5be7f9880 20265       3       lombok.eclipse.agent.PatchDelegate$EclipseOnlyMethods::addGeneratedDelegateMethodsToChildren (43 bytes)
Event: 4654.646 Thread 0x000001e5be7f9880 nmethod 20265 0x000001e5a9bca090 code [0x000001e5a9bca280, 0x000001e5a9bcaa28]
Event: 4654.647 Thread 0x000001e5be7f9880 20266       3       org.eclipse.jdt.internal.compiler.parser.Parser::consumeMethodHeaderExtendedDims (131 bytes)
Event: 4654.647 Thread 0x000001e5be7f9880 nmethod 20266 0x000001e5a9bcac10 code [0x000001e5a9bcade0, 0x000001e5a9bcb3d8]
Event: 4654.647 Thread 0x000001e5be7f9880 20267       3       org.eclipse.jdt.internal.compiler.parser.Parser::consumeMethodHeader (179 bytes)
Event: 4654.647 Thread 0x000001e5be7f9880 nmethod 20267 0x000001e5a9bcb610 code [0x000001e5a9bcb800, 0x000001e5a9bcbf48]
Event: 4654.647 Thread 0x000001e5be7f67c0 20268   !   4       org.eclipse.jdt.internal.compiler.parser.Scanner::getNextToken0 (2562 bytes)
Event: 4654.648 Thread 0x000001e5be7f9880 20269       3       org.eclipse.jdt.ls.core.internal.handlers.ClasspathUpdateHandler::processDelta (110 bytes)
Event: 4654.648 Thread 0x000001e5be7f9880 nmethod 20269 0x000001e5a9bcc190 code [0x000001e5a9bcc440, 0x000001e5a9bcd258]
Event: 4654.648 Thread 0x000001e5be7f9880 20270       3       com.microsoft.java.test.plugin.handler.ClasspathUpdateHandler::processDelta (87 bytes)
Event: 4654.649 Thread 0x000001e5be7f9880 nmethod 20270 0x000001e5a9bcd790 code [0x000001e5a9bcd9c0, 0x000001e5a9bce428]

GC Heap History (20 events):
Event: 4654.546 GC heap after
{Heap after GC invocations=2857 (full 67):
 PSYoungGen      total 3584K, used 2112K [0x00000000eab00000, 0x00000000eb280000, 0x0000000100000000)
  eden space 1024K, 0% used [0x00000000eab00000,0x00000000eab00000,0x00000000eac00000)
  from space 2560K, 82% used [0x00000000eb000000,0x00000000eb210000,0x00000000eb280000)
  to   space 3072K, 0% used [0x00000000eac80000,0x00000000eac80000,0x00000000eaf80000)
 ParOldGen       total 121344K, used 104365K [0x00000000c0000000, 0x00000000c7680000, 0x00000000eab00000)
  object space 121344K, 86% used [0x00000000c0000000,0x00000000c65eb588,0x00000000c7680000)
 Metaspace       used 88581K, committed 89920K, reserved 1179648K
  class space    used 9119K, committed 9728K, reserved 1048576K
}
Event: 4654.550 GC heap before
{Heap before GC invocations=2858 (full 67):
 PSYoungGen      total 3584K, used 3136K [0x00000000eab00000, 0x00000000eb280000, 0x0000000100000000)
  eden space 1024K, 100% used [0x00000000eab00000,0x00000000eac00000,0x00000000eac00000)
  from space 2560K, 82% used [0x00000000eb000000,0x00000000eb210000,0x00000000eb280000)
  to   space 3072K, 0% used [0x00000000eac80000,0x00000000eac80000,0x00000000eaf80000)
 ParOldGen       total 121344K, used 104365K [0x00000000c0000000, 0x00000000c7680000, 0x00000000eab00000)
  object space 121344K, 86% used [0x00000000c0000000,0x00000000c65eb588,0x00000000c7680000)
 Metaspace       used 88581K, committed 89920K, reserved 1179648K
  class space    used 9119K, committed 9728K, reserved 1048576K
}
Event: 4654.553 GC heap after
{Heap after GC invocations=2858 (full 67):
 PSYoungGen      total 3584K, used 1600K [0x00000000eab00000, 0x00000000eb080000, 0x0000000100000000)
  eden space 1536K, 0% used [0x00000000eab00000,0x00000000eab00000,0x00000000eac80000)
  from space 2048K, 78% used [0x00000000eac80000,0x00000000eae10000,0x00000000eae80000)
  to   space 2048K, 0% used [0x00000000eae80000,0x00000000eae80000,0x00000000eb080000)
 ParOldGen       total 121344K, used 105909K [0x00000000c0000000, 0x00000000c7680000, 0x00000000eab00000)
  object space 121344K, 87% used [0x00000000c0000000,0x00000000c676d588,0x00000000c7680000)
 Metaspace       used 88581K, committed 89920K, reserved 1179648K
  class space    used 9119K, committed 9728K, reserved 1048576K
}
Event: 4654.557 GC heap before
{Heap before GC invocations=2859 (full 67):
 PSYoungGen      total 3584K, used 3135K [0x00000000eab00000, 0x00000000eb080000, 0x0000000100000000)
  eden space 1536K, 99% used [0x00000000eab00000,0x00000000eac7fff0,0x00000000eac80000)
  from space 2048K, 78% used [0x00000000eac80000,0x00000000eae10000,0x00000000eae80000)
  to   space 2048K, 0% used [0x00000000eae80000,0x00000000eae80000,0x00000000eb080000)
 ParOldGen       total 121344K, used 105909K [0x00000000c0000000, 0x00000000c7680000, 0x00000000eab00000)
  object space 121344K, 87% used [0x00000000c0000000,0x00000000c676d588,0x00000000c7680000)
 Metaspace       used 88581K, committed 89920K, reserved 1179648K
  class space    used 9119K, committed 9728K, reserved 1048576K
}
Event: 4654.559 GC heap after
{Heap after GC invocations=2859 (full 67):
 PSYoungGen      total 3584K, used 1600K [0x00000000eab00000, 0x00000000eb100000, 0x0000000100000000)
  eden space 1536K, 0% used [0x00000000eab00000,0x00000000eab00000,0x00000000eac80000)
  from space 2048K, 78% used [0x00000000eae80000,0x00000000eb010000,0x00000000eb080000)
  to   space 2048K, 0% used [0x00000000eac80000,0x00000000eac80000,0x00000000eae80000)
 ParOldGen       total 121344K, used 107413K [0x00000000c0000000, 0x00000000c7680000, 0x00000000eab00000)
  object space 121344K, 88% used [0x00000000c0000000,0x00000000c68e5588,0x00000000c7680000)
 Metaspace       used 88581K, committed 89920K, reserved 1179648K
  class space    used 9119K, committed 9728K, reserved 1048576K
}
Event: 4654.563 GC heap before
{Heap before GC invocations=2860 (full 67):
 PSYoungGen      total 3584K, used 3136K [0x00000000eab00000, 0x00000000eb100000, 0x0000000100000000)
  eden space 1536K, 100% used [0x00000000eab00000,0x00000000eac80000,0x00000000eac80000)
  from space 2048K, 78% used [0x00000000eae80000,0x00000000eb010000,0x00000000eb080000)
  to   space 2048K, 0% used [0x00000000eac80000,0x00000000eac80000,0x00000000eae80000)
 ParOldGen       total 121344K, used 107413K [0x00000000c0000000, 0x00000000c7680000, 0x00000000eab00000)
  object space 121344K, 88% used [0x00000000c0000000,0x00000000c68e5588,0x00000000c7680000)
 Metaspace       used 88581K, committed 89920K, reserved 1179648K
  class space    used 9119K, committed 9728K, reserved 1048576K
}
Event: 4654.565 GC heap after
{Heap after GC invocations=2860 (full 67):
 PSYoungGen      total 3584K, used 1600K [0x00000000eab00000, 0x00000000eb100000, 0x0000000100000000)
  eden space 1536K, 0% used [0x00000000eab00000,0x00000000eab00000,0x00000000eac80000)
  from space 2048K, 78% used [0x00000000eac80000,0x00000000eae10000,0x00000000eae80000)
  to   space 2048K, 0% used [0x00000000eaf00000,0x00000000eaf00000,0x00000000eb100000)
 ParOldGen       total 121344K, used 108949K [0x00000000c0000000, 0x00000000c7680000, 0x00000000eab00000)
  object space 121344K, 89% used [0x00000000c0000000,0x00000000c6a65588,0x00000000c7680000)
 Metaspace       used 88581K, committed 89920K, reserved 1179648K
  class space    used 9119K, committed 9728K, reserved 1048576K
}
Event: 4654.571 GC heap before
{Heap before GC invocations=2861 (full 67):
 PSYoungGen      total 3584K, used 3007K [0x00000000eab00000, 0x00000000eb100000, 0x0000000100000000)
  eden space 1536K, 91% used [0x00000000eab00000,0x00000000eac5fe10,0x00000000eac80000)
  from space 2048K, 78% used [0x00000000eac80000,0x00000000eae10000,0x00000000eae80000)
  to   space 2048K, 0% used [0x00000000eaf00000,0x00000000eaf00000,0x00000000eb100000)
 ParOldGen       total 121344K, used 108949K [0x00000000c0000000, 0x00000000c7680000, 0x00000000eab00000)
  object space 121344K, 89% used [0x00000000c0000000,0x00000000c6a65588,0x00000000c7680000)
 Metaspace       used 88581K, committed 89920K, reserved 1179648K
  class space    used 9119K, committed 9728K, reserved 1048576K
}
Event: 4654.572 GC heap after
{Heap after GC invocations=2861 (full 67):
 PSYoungGen      total 3584K, used 1284K [0x00000000eab00000, 0x00000000eb080000, 0x0000000100000000)
  eden space 2048K, 0% used [0x00000000eab00000,0x00000000eab00000,0x00000000ead00000)
  from space 1536K, 83% used [0x00000000eaf00000,0x00000000eb041000,0x00000000eb080000)
  to   space 1536K, 0% used [0x00000000ead80000,0x00000000ead80000,0x00000000eaf00000)
 ParOldGen       total 121344K, used 110485K [0x00000000c0000000, 0x00000000c7680000, 0x00000000eab00000)
  object space 121344K, 91% used [0x00000000c0000000,0x00000000c6be5588,0x00000000c7680000)
 Metaspace       used 88581K, committed 89920K, reserved 1179648K
  class space    used 9119K, committed 9728K, reserved 1048576K
}
Event: 4654.594 GC heap before
{Heap before GC invocations=2862 (full 67):
 PSYoungGen      total 3584K, used 3332K [0x00000000eab00000, 0x00000000eb080000, 0x0000000100000000)
  eden space 2048K, 100% used [0x00000000eab00000,0x00000000ead00000,0x00000000ead00000)
  from space 1536K, 83% used [0x00000000eaf00000,0x00000000eb041000,0x00000000eb080000)
  to   space 1536K, 0% used [0x00000000ead80000,0x00000000ead80000,0x00000000eaf00000)
 ParOldGen       total 121344K, used 110485K [0x00000000c0000000, 0x00000000c7680000, 0x00000000eab00000)
  object space 121344K, 91% used [0x00000000c0000000,0x00000000c6be5588,0x00000000c7680000)
 Metaspace       used 88581K, committed 89920K, reserved 1179648K
  class space    used 9119K, committed 9728K, reserved 1048576K
}
Event: 4654.596 GC heap after
{Heap after GC invocations=2862 (full 67):
 PSYoungGen      total 4096K, used 1520K [0x00000000eab00000, 0x00000000eb380000, 0x0000000100000000)
  eden space 2560K, 0% used [0x00000000eab00000,0x00000000eab00000,0x00000000ead80000)
  from space 1536K, 98% used [0x00000000ead80000,0x00000000eaefc000,0x00000000eaf00000)
  to   space 3072K, 0% used [0x00000000eb080000,0x00000000eb080000,0x00000000eb380000)
 ParOldGen       total 121344K, used 111605K [0x00000000c0000000, 0x00000000c7680000, 0x00000000eab00000)
  object space 121344K, 91% used [0x00000000c0000000,0x00000000c6cfd588,0x00000000c7680000)
 Metaspace       used 88581K, committed 89920K, reserved 1179648K
  class space    used 9119K, committed 9728K, reserved 1048576K
}
Event: 4654.637 GC heap before
{Heap before GC invocations=2863 (full 67):
 PSYoungGen      total 4096K, used 3782K [0x00000000eab00000, 0x00000000eb380000, 0x0000000100000000)
  eden space 2560K, 88% used [0x00000000eab00000,0x00000000ead35a38,0x00000000ead80000)
  from space 1536K, 98% used [0x00000000ead80000,0x00000000eaefc000,0x00000000eaf00000)
  to   space 3072K, 0% used [0x00000000eb080000,0x00000000eb080000,0x00000000eb380000)
 ParOldGen       total 121344K, used 111605K [0x00000000c0000000, 0x00000000c7680000, 0x00000000eab00000)
  object space 121344K, 91% used [0x00000000c0000000,0x00000000c6cfd588,0x00000000c7680000)
 Metaspace       used 88581K, committed 89920K, reserved 1179648K
  class space    used 9119K, committed 9728K, reserved 1048576K
}
Event: 4654.639 GC heap after
{Heap after GC invocations=2863 (full 67):
 PSYoungGen      total 5632K, used 2304K [0x00000000eab00000, 0x00000000eb300000, 0x0000000100000000)
  eden space 3072K, 0% used [0x00000000eab00000,0x00000000eab00000,0x00000000eae00000)
  from space 2560K, 90% used [0x00000000eb080000,0x00000000eb2c0000,0x00000000eb300000)
  to   space 2560K, 0% used [0x00000000eae00000,0x00000000eae00000,0x00000000eb080000)
 ParOldGen       total 121344K, used 112373K [0x00000000c0000000, 0x00000000c7680000, 0x00000000eab00000)
  object space 121344K, 92% used [0x00000000c0000000,0x00000000c6dbd588,0x00000000c7680000)
 Metaspace       used 88581K, committed 89920K, reserved 1179648K
  class space    used 9119K, committed 9728K, reserved 1048576K
}
Event: 4654.653 GC heap before
{Heap before GC invocations=2864 (full 67):
 PSYoungGen      total 5632K, used 5376K [0x00000000eab00000, 0x00000000eb300000, 0x0000000100000000)
  eden space 3072K, 100% used [0x00000000eab00000,0x00000000eae00000,0x00000000eae00000)
  from space 2560K, 90% used [0x00000000eb080000,0x00000000eb2c0000,0x00000000eb300000)
  to   space 2560K, 0% used [0x00000000eae00000,0x00000000eae00000,0x00000000eb080000)
 ParOldGen       total 121344K, used 112373K [0x00000000c0000000, 0x00000000c7680000, 0x00000000eab00000)
  object space 121344K, 92% used [0x00000000c0000000,0x00000000c6dbd588,0x00000000c7680000)
 Metaspace       used 88585K, committed 89920K, reserved 1179648K
  class space    used 9119K, committed 9728K, reserved 1048576K
}
Event: 4654.655 GC heap after
{Heap after GC invocations=2864 (full 67):
 PSYoungGen      total 5632K, used 2187K [0x00000000eab00000, 0x00000000eb400000, 0x0000000100000000)
  eden space 3072K, 0% used [0x00000000eab00000,0x00000000eab00000,0x00000000eae00000)
  from space 2560K, 85% used [0x00000000eae00000,0x00000000eb022f50,0x00000000eb080000)
  to   space 2560K, 0% used [0x00000000eb180000,0x00000000eb180000,0x00000000eb400000)
 ParOldGen       total 121344K, used 114597K [0x00000000c0000000, 0x00000000c7680000, 0x00000000eab00000)
  object space 121344K, 94% used [0x00000000c0000000,0x00000000c6fe9588,0x00000000c7680000)
 Metaspace       used 88585K, committed 89920K, reserved 1179648K
  class space    used 9119K, committed 9728K, reserved 1048576K
}
Event: 4654.664 GC heap before
{Heap before GC invocations=2865 (full 67):
 PSYoungGen      total 5632K, used 5259K [0x00000000eab00000, 0x00000000eb400000, 0x0000000100000000)
  eden space 3072K, 100% used [0x00000000eab00000,0x00000000eae00000,0x00000000eae00000)
  from space 2560K, 85% used [0x00000000eae00000,0x00000000eb022f50,0x00000000eb080000)
  to   space 2560K, 0% used [0x00000000eb180000,0x00000000eb180000,0x00000000eb400000)
 ParOldGen       total 121344K, used 114597K [0x00000000c0000000, 0x00000000c7680000, 0x00000000eab00000)
  object space 121344K, 94% used [0x00000000c0000000,0x00000000c6fe9588,0x00000000c7680000)
 Metaspace       used 88585K, committed 89920K, reserved 1179648K
  class space    used 9119K, committed 9728K, reserved 1048576K
}
Event: 4654.665 GC heap after
{Heap after GC invocations=2865 (full 67):
 PSYoungGen      total 3072K, used 2560K [0x00000000eab00000, 0x00000000ebb00000, 0x0000000100000000)
  eden space 512K, 0% used [0x00000000eab00000,0x00000000eab00000,0x00000000eab80000)
  from space 2560K, 100% used [0x00000000eb180000,0x00000000eb400000,0x00000000eb400000)
  to   space 6144K, 0% used [0x00000000eab80000,0x00000000eab80000,0x00000000eb180000)
 ParOldGen       total 121344K, used 117201K [0x00000000c0000000, 0x00000000c7680000, 0x00000000eab00000)
  object space 121344K, 96% used [0x00000000c0000000,0x00000000c72744d8,0x00000000c7680000)
 Metaspace       used 88585K, committed 89920K, reserved 1179648K
  class space    used 9119K, committed 9728K, reserved 1048576K
}
Event: 4654.667 GC heap before
{Heap before GC invocations=2866 (full 67):
 PSYoungGen      total 3072K, used 3072K [0x00000000eab00000, 0x00000000ebb00000, 0x0000000100000000)
  eden space 512K, 100% used [0x00000000eab00000,0x00000000eab80000,0x00000000eab80000)
  from space 2560K, 100% used [0x00000000eb180000,0x00000000eb400000,0x00000000eb400000)
  to   space 6144K, 0% used [0x00000000eab80000,0x00000000eab80000,0x00000000eb180000)
 ParOldGen       total 121344K, used 117201K [0x00000000c0000000, 0x00000000c7680000, 0x00000000eab00000)
  object space 121344K, 96% used [0x00000000c0000000,0x00000000c72744d8,0x00000000c7680000)
 Metaspace       used 88585K, committed 89920K, reserved 1179648K
  class space    used 9119K, committed 9728K, reserved 1048576K
}
Event: 4654.670 GC heap after
{Heap after GC invocations=2866 (full 67):
 PSYoungGen      total 1536K, used 672K [0x00000000eab00000, 0x00000000eb200000, 0x0000000100000000)
  eden space 512K, 0% used [0x00000000eab00000,0x00000000eab00000,0x00000000eab80000)
  from space 1024K, 65% used [0x00000000eab80000,0x00000000eac28000,0x00000000eac80000)
  to   space 2560K, 0% used [0x00000000eaf80000,0x00000000eaf80000,0x00000000eb200000)
 ParOldGen       total 121344K, used 119769K [0x00000000c0000000, 0x00000000c7680000, 0x00000000eab00000)
  object space 121344K, 98% used [0x00000000c0000000,0x00000000c74f64d8,0x00000000c7680000)
 Metaspace       used 88585K, committed 89920K, reserved 1179648K
  class space    used 9119K, committed 9728K, reserved 1048576K
}
Event: 4654.671 GC heap before
{Heap before GC invocations=2867 (full 68):
 PSYoungGen      total 1536K, used 672K [0x00000000eab00000, 0x00000000eb200000, 0x0000000100000000)
  eden space 512K, 0% used [0x00000000eab00000,0x00000000eab00000,0x00000000eab80000)
  from space 1024K, 65% used [0x00000000eab80000,0x00000000eac28000,0x00000000eac80000)
  to   space 2560K, 0% used [0x00000000eaf80000,0x00000000eaf80000,0x00000000eb200000)
 ParOldGen       total 121344K, used 119769K [0x00000000c0000000, 0x00000000c7680000, 0x00000000eab00000)
  object space 121344K, 98% used [0x00000000c0000000,0x00000000c74f64d8,0x00000000c7680000)
 Metaspace       used 88585K, committed 89920K, reserved 1179648K
  class space    used 9119K, committed 9728K, reserved 1048576K
}

Dll operation events (11 events):
Event: 0.048 Loaded shared library c:\Users\henry\.vscode\extensions\redhat.java-1.18.0-win32-x64\jre\17.0.7-win32-x86_64\bin\java.dll
Event: 0.146 Loaded shared library c:\Users\henry\.vscode\extensions\redhat.java-1.18.0-win32-x64\jre\17.0.7-win32-x86_64\bin\zip.dll
Event: 0.150 Loaded shared library C:\Users\henry\.vscode\extensions\redhat.java-1.18.0-win32-x64\jre\17.0.7-win32-x86_64\bin\instrument.dll
Event: 0.175 Loaded shared library C:\Users\henry\.vscode\extensions\redhat.java-1.18.0-win32-x64\jre\17.0.7-win32-x86_64\bin\net.dll
Event: 0.192 Loaded shared library C:\Users\henry\.vscode\extensions\redhat.java-1.18.0-win32-x64\jre\17.0.7-win32-x86_64\bin\nio.dll
Event: 0.196 Loaded shared library C:\Users\henry\.vscode\extensions\redhat.java-1.18.0-win32-x64\jre\17.0.7-win32-x86_64\bin\zip.dll
Event: 0.204 Loaded shared library C:\Users\henry\.vscode\extensions\redhat.java-1.18.0-win32-x64\jre\17.0.7-win32-x86_64\bin\jimage.dll
Event: 0.250 Loaded shared library c:\Users\henry\.vscode\extensions\redhat.java-1.18.0-win32-x64\jre\17.0.7-win32-x86_64\bin\verify.dll
Event: 3.134 Loaded shared library C:\Users\henry\AppData\Roaming\Code\User\globalStorage\redhat.java\1.18.0\config_win\org.eclipse.equinox.launcher\org.eclipse.equinox.launcher.win32.win32.x86_64_1.2.700.v20221108-1024\eclipse_11801.dll
Event: 6.474 Loaded shared library C:\Users\henry\AppData\Local\Temp\jna-99164440\jna10771993515541308256.dll
Event: 43.969 Loaded shared library C:\Users\henry\.vscode\extensions\redhat.java-1.18.0-win32-x64\jre\17.0.7-win32-x86_64\bin\sunmscapi.dll

Deoptimization events (20 events):
Event: 4649.156 Thread 0x000001e5bfaffcc0 DEOPT PACKING pc=0x000001e5a7d30818 sp=0x0000009267dfe150
Event: 4649.156 Thread 0x000001e5bfaffcc0 DEOPT UNPACKING pc=0x000001e5af156e43 sp=0x0000009267dfd600 mode 0
Event: 4650.585 Thread 0x000001e5bfc8b680 Uncommon trap: trap_request=0xffffff45 fr.pc=0x000001e5b061eefc relative=0x000000000000261c
Event: 4650.585 Thread 0x000001e5bfc8b680 Uncommon trap: reason=unstable_if action=reinterpret pc=0x000001e5b061eefc method=org.eclipse.jdt.internal.core.search.matching.TypeDeclarationPattern.createIndexKey(I[C[C[[CZ)[C @ 85 c2
Event: 4650.585 Thread 0x000001e5bfc8b680 DEOPT PACKING pc=0x000001e5b061eefc sp=0x000000926a0fe970
Event: 4650.585 Thread 0x000001e5bfc8b680 DEOPT UNPACKING pc=0x000001e5af1566a3 sp=0x000000926a0fe8c8 mode 2
Event: 4651.194 Thread 0x000001e5bfb03680 Uncommon trap: trap_request=0xffffff45 fr.pc=0x000001e5b09e313c relative=0x00000000000046dc
Event: 4651.194 Thread 0x000001e5bfb03680 Uncommon trap: reason=unstable_if action=reinterpret pc=0x000001e5b09e313c method=org.eclipse.jdt.internal.core.NameLookup.findSecondaryType(Ljava/lang/String;Ljava/lang/String;Lorg/eclipse/jdt/core/IJavaProject;ZLorg/eclipse/core/runtime/IProgressMonitor
Event: 4651.194 Thread 0x000001e5bfb03680 DEOPT PACKING pc=0x000001e5b09e313c sp=0x000000926a2fd570
Event: 4651.194 Thread 0x000001e5bfb03680 DEOPT UNPACKING pc=0x000001e5af1566a3 sp=0x000000926a2fd410 mode 2
Event: 4652.639 Thread 0x000001e5bfaffcc0 DEOPT PACKING pc=0x000001e5a8c2c097 sp=0x0000009267dfdeb0
Event: 4652.639 Thread 0x000001e5bfaffcc0 DEOPT UNPACKING pc=0x000001e5af156e43 sp=0x0000009267dfd340 mode 0
Event: 4652.880 Thread 0x000001e5bfc8b680 Uncommon trap: trap_request=0xffffff45 fr.pc=0x000001e5b0618510 relative=0x0000000000000550
Event: 4652.880 Thread 0x000001e5bfc8b680 Uncommon trap: reason=unstable_if action=reinterpret pc=0x000001e5b0618510 method=org.eclipse.jdt.internal.core.search.matching.TypeDeclarationPattern.createIndexKey(I[C[C[[CZ)[C @ 85 c2
Event: 4652.880 Thread 0x000001e5bfc8b680 DEOPT PACKING pc=0x000001e5b0618510 sp=0x000000926a0fe800
Event: 4652.880 Thread 0x000001e5bfc8b680 DEOPT UNPACKING pc=0x000001e5af1566a3 sp=0x000000926a0fe7a0 mode 2
Event: 4654.477 Thread 0x000001e5bfb03b50 Uncommon trap: trap_request=0xffffff45 fr.pc=0x000001e5b0385d8c relative=0x0000000000000cec
Event: 4654.477 Thread 0x000001e5bfb03b50 Uncommon trap: reason=unstable_if action=reinterpret pc=0x000001e5b0385d8c method=org.eclipse.core.internal.watson.ElementTree.getElementData(Lorg/eclipse/core/runtime/IPath;)Ljava/lang/Object; @ 17 c2
Event: 4654.477 Thread 0x000001e5bfb03b50 DEOPT PACKING pc=0x000001e5b0385d8c sp=0x000000926a3fe1a0
Event: 4654.477 Thread 0x000001e5bfb03b50 DEOPT UNPACKING pc=0x000001e5af1566a3 sp=0x000000926a3fe118 mode 2

Classes unloaded (20 events):
Event: 3982.630 Thread 0x000001e5be790c20 Unloading class 0x00000001009731e0 'org/apache/maven/shared/filtering/MavenReaderFilterRequest'
Event: 3982.630 Thread 0x000001e5be790c20 Unloading class 0x0000000100972ed0 'org/apache/maven/shared/filtering/MavenFileFilterRequest'
Event: 3982.630 Thread 0x000001e5be790c20 Unloading class 0x0000000100972cd8 'org/codehaus/plexus/interpolation/Interpolator'
Event: 3982.630 Thread 0x000001e5be790c20 Unloading class 0x0000000100972ae0 'org/codehaus/plexus/interpolation/BasicInterpolator'
Event: 3982.630 Thread 0x000001e5be790c20 Unloading class 0x00000001009728e8 'org/codehaus/plexus/interpolation/ValueSource'
Event: 3982.630 Thread 0x000001e5be790c20 Unloading class 0x0000000100972528 'org/apache/maven/shared/filtering/MavenResourcesExecution'
Event: 3982.630 Thread 0x000001e5be790c20 Unloading class 0x0000000100972258 'org/apache/maven/shared/filtering/AbstractMavenFilteringRequest'
Event: 3982.631 Thread 0x000001e5be790c20 Unloading class 0x0000000100972000 'org/apache/maven/shared/filtering/MavenFilteringException'
Event: 3982.631 Thread 0x000001e5be790c20 Unloading class 0x0000000100971d50 'org/apache/maven/shared/filtering/DefaultMavenResourcesFiltering'
Event: 3982.631 Thread 0x000001e5be790c20 Unloading class 0x0000000100971b58 'org/apache/maven/shared/filtering/MavenResourcesFiltering'
Event: 3982.631 Thread 0x000001e5be790c20 Unloading class 0x00000001009718d0 'org/apache/maven/shared/filtering/DefaultMavenReaderFilter'
Event: 3982.631 Thread 0x000001e5be790c20 Unloading class 0x00000001009716d8 'org/apache/maven/shared/filtering/MavenReaderFilter'
Event: 3982.631 Thread 0x000001e5be790c20 Unloading class 0x0000000100971440 'org/apache/maven/shared/filtering/DefaultMavenFileFilter'
Event: 3982.631 Thread 0x000001e5be790c20 Unloading class 0x00000001009711f8 'org/apache/maven/shared/filtering/BaseFilter'
Event: 3982.631 Thread 0x000001e5be790c20 Unloading class 0x0000000100971000 'org/apache/maven/shared/filtering/MavenFileFilter'
Event: 3982.631 Thread 0x000001e5be790c20 Unloading class 0x000000010029fd88 'org/apache/maven/shared/filtering/DefaultFilterInfo'
Event: 3982.631 Thread 0x000001e5be790c20 Unloading class 0x000000010029fa80 'org/apache/maven/plugins/resources/TestResourcesMojo'
Event: 3982.631 Thread 0x000001e5be790c20 Unloading class 0x000000010029f800 'org/apache/maven/plugins/maven_resources_plugin/HelpMojo'
Event: 3982.631 Thread 0x000001e5be790c20 Unloading class 0x00000001001a1b08 'org/apache/maven/plugins/resources/CopyResourcesMojo'
Event: 3982.631 Thread 0x000001e5be790c20 Unloading class 0x00000001001a1800 'org/apache/maven/plugins/resources/ResourcesMojo'

Classes redefined (0 events):
No events

Internal exceptions (20 events):
Event: 3984.410 Thread 0x000001e5bfc8b680 Exception <a 'sun/nio/fs/WindowsException'{0x00000000eabfceb0}> (0x00000000eabfceb0) 
thrown [s\src\hotspot\share\prims\jni.cpp, line 516]
Event: 3984.463 Thread 0x000001e5bfb019a0 Exception <a 'sun/nio/fs/WindowsException'{0x00000000eabf0128}> (0x00000000eabf0128) 
thrown [s\src\hotspot\share\prims\jni.cpp, line 516]
Event: 3984.467 Thread 0x000001e5bfb019a0 Exception <a 'sun/nio/fs/WindowsException'{0x00000000eac02b80}> (0x00000000eac02b80) 
thrown [s\src\hotspot\share\prims\jni.cpp, line 516]
Event: 3984.468 Thread 0x000001e5bfb019a0 Exception <a 'sun/nio/fs/WindowsException'{0x00000000eac0c140}> (0x00000000eac0c140) 
thrown [s\src\hotspot\share\prims\jni.cpp, line 516]
Event: 3984.470 Thread 0x000001e5bfb019a0 Exception <a 'sun/nio/fs/WindowsException'{0x00000000eac16f88}> (0x00000000eac16f88) 
thrown [s\src\hotspot\share\prims\jni.cpp, line 516]
Event: 3984.506 Thread 0x000001e5bfb019a0 Exception <a 'sun/nio/fs/WindowsException'{0x00000000eab4b208}> (0x00000000eab4b208) 
thrown [s\src\hotspot\share\prims\jni.cpp, line 516]
Event: 3985.475 Thread 0x000001e5bfc8b680 Exception <a 'sun/nio/fs/WindowsException'{0x00000000eadf0680}> (0x00000000eadf0680) 
thrown [s\src\hotspot\share\prims\jni.cpp, line 516]
Event: 4279.257 Thread 0x000001e5bfb02340 Exception <a 'java/io/IOException'{0x00000000eac16708}> (0x00000000eac16708) 
thrown [s\src\hotspot\share\prims\jni.cpp, line 516]
Event: 4645.306 Thread 0x000001e5bfc8b680 Exception <a 'sun/nio/fs/WindowsException'{0x00000000eab5e1c0}> (0x00000000eab5e1c0) 
thrown [s\src\hotspot\share\prims\jni.cpp, line 516]
Event: 4645.585 Thread 0x000001e5bfc8b680 Exception <a 'sun/nio/fs/WindowsException'{0x00000000eabd1b88}> (0x00000000eabd1b88) 
thrown [s\src\hotspot\share\prims\jni.cpp, line 516]
Event: 4647.903 Thread 0x000001e5bfaff320 Exception <a 'sun/nio/fs/WindowsException'{0x00000000ead3a808}> (0x00000000ead3a808) 
thrown [s\src\hotspot\share\prims\jni.cpp, line 516]
Event: 4648.692 Thread 0x000001e5bfb03b50 Implicit null exception at 0x000001e5b0771105 to 0x000001e5b077188c
Event: 4649.748 Thread 0x000001e5bfc8b680 Exception <a 'sun/nio/fs/WindowsException'{0x00000000eac048f0}> (0x00000000eac048f0) 
thrown [s\src\hotspot\share\prims\jni.cpp, line 516]
Event: 4650.081 Thread 0x000001e5bfc8b680 Exception <a 'sun/nio/fs/WindowsException'{0x00000000eab6c4a8}> (0x00000000eab6c4a8) 
thrown [s\src\hotspot\share\prims\jni.cpp, line 516]
Event: 4651.053 Thread 0x000001e5bfaff320 Exception <a 'sun/nio/fs/WindowsException'{0x00000000eab3c470}> (0x00000000eab3c470) 
thrown [s\src\hotspot\share\prims\jni.cpp, line 516]
Event: 4652.034 Thread 0x000001e5bfc8b680 Exception <a 'sun/nio/fs/WindowsException'{0x00000000eacdcfa8}> (0x00000000eacdcfa8) 
thrown [s\src\hotspot\share\prims\jni.cpp, line 516]
Event: 4652.307 Thread 0x000001e5bfc8b680 Exception <a 'sun/nio/fs/WindowsException'{0x00000000eac675e0}> (0x00000000eac675e0) 
thrown [s\src\hotspot\share\prims\jni.cpp, line 516]
Event: 4652.579 Thread 0x000001e5bfaffcc0 Exception <a 'sun/nio/fs/WindowsException'{0x00000000eaced450}> (0x00000000eaced450) 
thrown [s\src\hotspot\share\prims\jni.cpp, line 516]
Event: 4654.477 Thread 0x000001e5bfb03b50 Implicit null exception at 0x000001e5b03855f3 to 0x000001e5b0385d70
Event: 4654.510 Thread 0x000001e5bfc8b680 Exception <a 'sun/nio/fs/WindowsException'{0x00000000eac57528}> (0x00000000eac57528) 
thrown [s\src\hotspot\share\prims\jni.cpp, line 516]

VM Operations (20 events):
Event: 4654.543 Executing VM operation: ParallelGCFailedAllocation done
Event: 4654.544 Executing VM operation: ParallelGCFailedAllocation
Event: 4654.546 Executing VM operation: ParallelGCFailedAllocation done
Event: 4654.550 Executing VM operation: ParallelGCFailedAllocation
Event: 4654.553 Executing VM operation: ParallelGCFailedAllocation done
Event: 4654.557 Executing VM operation: ParallelGCFailedAllocation
Event: 4654.559 Executing VM operation: ParallelGCFailedAllocation done
Event: 4654.563 Executing VM operation: ParallelGCFailedAllocation
Event: 4654.565 Executing VM operation: ParallelGCFailedAllocation done
Event: 4654.571 Executing VM operation: ParallelGCFailedAllocation
Event: 4654.572 Executing VM operation: ParallelGCFailedAllocation done
Event: 4654.594 Executing VM operation: ParallelGCFailedAllocation
Event: 4654.596 Executing VM operation: ParallelGCFailedAllocation done
Event: 4654.637 Executing VM operation: ParallelGCFailedAllocation
Event: 4654.639 Executing VM operation: ParallelGCFailedAllocation done
Event: 4654.653 Executing VM operation: ParallelGCFailedAllocation
Event: 4654.655 Executing VM operation: ParallelGCFailedAllocation done
Event: 4654.664 Executing VM operation: ParallelGCFailedAllocation
Event: 4654.665 Executing VM operation: ParallelGCFailedAllocation done
Event: 4654.667 Executing VM operation: ParallelGCFailedAllocation

Events (20 events):
Event: 4645.493 Thread 0x000001e5bfb00190 Thread exited: 0x000001e5bfb00190
Event: 4645.603 Thread 0x000001e5bfb00190 Thread added: 0x000001e5bfb00190
Event: 4645.609 Thread 0x000001e5bfb00190 Thread exited: 0x000001e5bfb00190
Event: 4645.686 Thread 0x000001e5bfb03680 Thread added: 0x000001e5bfb03680
Event: 4647.170 Thread 0x000001e5bfb03b50 Thread added: 0x000001e5bfb03b50
Event: 4647.901 Thread 0x000001e5bfb00190 Thread added: 0x000001e5bfb00190
Event: 4647.902 Thread 0x000001e5bfb00190 Thread exited: 0x000001e5bfb00190
Event: 4647.965 Thread 0x000001e5bfb01e70 Thread added: 0x000001e5bfb01e70
Event: 4648.023 Thread 0x000001e5bfb01e70 Thread exited: 0x000001e5bfb01e70
Event: 4648.435 Thread 0x000001e5bfb01e70 Thread added: 0x000001e5bfb01e70
Event: 4650.186 Thread 0x000001e5bfb031b0 Thread added: 0x000001e5bfb031b0
Event: 4650.193 Thread 0x000001e5bfb031b0 Thread exited: 0x000001e5bfb031b0
Event: 4651.061 Thread 0x000001e5bfb00190 Thread added: 0x000001e5bfb00190
Event: 4652.575 Thread 0x000001e5bfb031b0 Thread added: 0x000001e5bfb031b0
Event: 4652.578 Thread 0x000001e5bfb031b0 Thread exited: 0x000001e5bfb031b0
Event: 4652.640 Thread 0x000001e5bfb031b0 Thread added: 0x000001e5bfb031b0
Event: 4652.644 Thread 0x000001e5bfb031b0 Thread exited: 0x000001e5bfb031b0
Event: 4652.666 Thread 0x000001e5bfb031b0 Thread added: 0x000001e5bfb031b0
Event: 4652.672 Thread 0x000001e5bfb031b0 Thread exited: 0x000001e5bfb031b0
Event: 4652.711 Thread 0x000001e5bfb031b0 Thread added: 0x000001e5bfb031b0


Dynamic libraries:
0x00007ff65fd70000 - 0x00007ff65fd7e000 	c:\Users\henry\.vscode\extensions\redhat.java-1.18.0-win32-x64\jre\17.0.7-win32-x86_64\bin\java.exe
0x00007ffddd250000 - 0x00007ffddd464000 	C:\WINDOWS\SYSTEM32\ntdll.dll
0x00007ffddb430000 - 0x00007ffddb4f2000 	C:\WINDOWS\System32\KERNEL32.DLL
0x00007ffdda830000 - 0x00007ffddabd3000 	C:\WINDOWS\System32\KERNELBASE.dll
0x00007ffddac10000 - 0x00007ffddad21000 	C:\WINDOWS\System32\ucrtbase.dll
0x00007ffdca810000 - 0x00007ffdca829000 	c:\Users\henry\.vscode\extensions\redhat.java-1.18.0-win32-x64\jre\17.0.7-win32-x86_64\bin\VCRUNTIME140.dll
0x00007ffdd5860000 - 0x00007ffdd5877000 	c:\Users\henry\.vscode\extensions\redhat.java-1.18.0-win32-x64\jre\17.0.7-win32-x86_64\bin\jli.dll
0x00007ffddc960000 - 0x00007ffddcb0b000 	C:\WINDOWS\System32\USER32.dll
0x00007ffddabe0000 - 0x00007ffddac06000 	C:\WINDOWS\System32\win32u.dll
0x00007ffddd1e0000 - 0x00007ffddd209000 	C:\WINDOWS\System32\GDI32.dll
0x00007ffdd9860000 - 0x00007ffdd9aee000 	C:\WINDOWS\WinSxS\amd64_microsoft.windows.common-controls_6595b64144ccf1df_6.0.22621.1635_none_270f70857386168e\COMCTL32.dll
0x00007ffdda710000 - 0x00007ffdda828000 	C:\WINDOWS\System32\gdi32full.dll
0x00007ffddc850000 - 0x00007ffddc8f7000 	C:\WINDOWS\System32\msvcrt.dll
0x00007ffdda670000 - 0x00007ffdda70a000 	C:\WINDOWS\System32\msvcp_win.dll
0x00007ffddc630000 - 0x00007ffddc661000 	C:\WINDOWS\System32\IMM32.DLL
0x00007ffdd4b30000 - 0x00007ffdd4b3c000 	c:\Users\henry\.vscode\extensions\redhat.java-1.18.0-win32-x64\jre\17.0.7-win32-x86_64\bin\vcruntime140_1.dll
0x00007ffdaf7c0000 - 0x00007ffdaf851000 	c:\Users\henry\.vscode\extensions\redhat.java-1.18.0-win32-x64\jre\17.0.7-win32-x86_64\bin\msvcp140.dll
0x00007ffd5b060000 - 0x00007ffd5bca8000 	c:\Users\henry\.vscode\extensions\redhat.java-1.18.0-win32-x64\jre\17.0.7-win32-x86_64\bin\server\jvm.dll
0x00007ffddc490000 - 0x00007ffddc53e000 	C:\WINDOWS\System32\ADVAPI32.dll
0x00007ffddb210000 - 0x00007ffddb2b4000 	C:\WINDOWS\System32\sechost.dll
0x00007ffddc670000 - 0x00007ffddc787000 	C:\WINDOWS\System32\RPCRT4.dll
0x00007ffdba2f0000 - 0x00007ffdba2f9000 	C:\WINDOWS\SYSTEM32\WSOCK32.dll
0x00007ffdd0d00000 - 0x00007ffdd0d34000 	C:\WINDOWS\SYSTEM32\WINMM.dll
0x00007ffddc7d0000 - 0x00007ffddc841000 	C:\WINDOWS\System32\WS2_32.dll
0x00007ffdd80c0000 - 0x00007ffdd80ca000 	C:\WINDOWS\SYSTEM32\VERSION.dll
0x00007ffdd8980000 - 0x00007ffdd8998000 	C:\WINDOWS\SYSTEM32\kernel.appcore.dll
0x00007ffdd3400000 - 0x00007ffdd340a000 	c:\Users\henry\.vscode\extensions\redhat.java-1.18.0-win32-x64\jre\17.0.7-win32-x86_64\bin\jimage.dll
0x00007ffdd9ff0000 - 0x00007ffdda21e000 	C:\WINDOWS\SYSTEM32\DBGHELP.DLL
0x00007ffddcc10000 - 0x00007ffddcf99000 	C:\WINDOWS\System32\combase.dll
0x00007ffddc550000 - 0x00007ffddc627000 	C:\WINDOWS\System32\OLEAUT32.dll
0x00007ffdd9e40000 - 0x00007ffdd9e72000 	C:\WINDOWS\SYSTEM32\dbgcore.DLL
0x00007ffddada0000 - 0x00007ffddae1b000 	C:\WINDOWS\System32\bcryptPrimitives.dll
0x00007ffdd33e0000 - 0x00007ffdd33ee000 	c:\Users\henry\.vscode\extensions\redhat.java-1.18.0-win32-x64\jre\17.0.7-win32-x86_64\bin\instrument.dll
0x00007ffdafc70000 - 0x00007ffdafc95000 	c:\Users\henry\.vscode\extensions\redhat.java-1.18.0-win32-x64\jre\17.0.7-win32-x86_64\bin\java.dll
0x00007ffdca760000 - 0x00007ffdca778000 	c:\Users\henry\.vscode\extensions\redhat.java-1.18.0-win32-x64\jre\17.0.7-win32-x86_64\bin\zip.dll
0x00007ffddb6a0000 - 0x00007ffddbe9a000 	C:\WINDOWS\System32\SHELL32.dll
0x00007ffdd7770000 - 0x00007ffdd803e000 	C:\WINDOWS\SYSTEM32\windows.storage.dll
0x00007ffdd7630000 - 0x00007ffdd776e000 	C:\WINDOWS\SYSTEM32\wintypes.dll
0x00007ffddd0c0000 - 0x00007ffddd1b1000 	C:\WINDOWS\System32\SHCORE.dll
0x00007ffddc320000 - 0x00007ffddc37e000 	C:\WINDOWS\System32\shlwapi.dll
0x00007ffdda5a0000 - 0x00007ffdda5c1000 	C:\WINDOWS\SYSTEM32\profapi.dll
0x00007ffdbc120000 - 0x00007ffdbc139000 	C:\Users\henry\.vscode\extensions\redhat.java-1.18.0-win32-x64\jre\17.0.7-win32-x86_64\bin\net.dll
0x00007ffdd1bd0000 - 0x00007ffdd1d07000 	C:\WINDOWS\SYSTEM32\WINHTTP.dll
0x00007ffdd94a0000 - 0x00007ffdd9509000 	C:\WINDOWS\system32\mswsock.dll
0x00007ffdbb640000 - 0x00007ffdbb655000 	C:\Users\henry\.vscode\extensions\redhat.java-1.18.0-win32-x64\jre\17.0.7-win32-x86_64\bin\nio.dll
0x00007ffdd0d40000 - 0x00007ffdd0d50000 	c:\Users\henry\.vscode\extensions\redhat.java-1.18.0-win32-x64\jre\17.0.7-win32-x86_64\bin\verify.dll
0x00007ffdaf5f0000 - 0x00007ffdaf62e000 	C:\Users\henry\AppData\Roaming\Code\User\globalStorage\redhat.java\1.18.0\config_win\org.eclipse.equinox.launcher\org.eclipse.equinox.launcher.win32.win32.x86_64_1.2.700.v20221108-1024\eclipse_11801.dll
0x00007ffddb500000 - 0x00007ffddb69c000 	C:\WINDOWS\System32\ole32.dll
0x00007ffdda310000 - 0x00007ffdda32b000 	C:\WINDOWS\SYSTEM32\CRYPTSP.dll
0x00007ffdd88f0000 - 0x00007ffdd8925000 	C:\WINDOWS\system32\rsaenh.dll
0x00007ffdd9730000 - 0x00007ffdd9758000 	C:\WINDOWS\SYSTEM32\USERENV.dll
0x00007ffdd9f10000 - 0x00007ffdd9f38000 	C:\WINDOWS\SYSTEM32\bcrypt.dll
0x00007ffdd9760000 - 0x00007ffdd976c000 	C:\WINDOWS\SYSTEM32\CRYPTBASE.dll
0x00007ffdd8370000 - 0x00007ffdd839d000 	C:\WINDOWS\SYSTEM32\IPHLPAPI.DLL
0x00007ffddc540000 - 0x00007ffddc549000 	C:\WINDOWS\System32\NSI.dll
0x00007ffdd1bb0000 - 0x00007ffdd1bc9000 	C:\WINDOWS\SYSTEM32\dhcpcsvc6.DLL
0x00007ffdd1b90000 - 0x00007ffdd1baf000 	C:\WINDOWS\SYSTEM32\dhcpcsvc.DLL
0x00007ffdd83e0000 - 0x00007ffdd84d3000 	C:\WINDOWS\SYSTEM32\DNSAPI.dll
0x00007ffdaf550000 - 0x00007ffdaf595000 	C:\Users\henry\AppData\Local\Temp\jna-99164440\jna10771993515541308256.dll
0x00007ffddb320000 - 0x00007ffddb328000 	C:\WINDOWS\System32\PSAPI.DLL
0x00007ffdafc60000 - 0x00007ffdafc6e000 	C:\Users\henry\.vscode\extensions\redhat.java-1.18.0-win32-x64\jre\17.0.7-win32-x86_64\bin\sunmscapi.dll
0x00007ffddaee0000 - 0x00007ffddb047000 	C:\WINDOWS\System32\CRYPT32.dll
0x00007ffdd9b30000 - 0x00007ffdd9b5e000 	C:\WINDOWS\SYSTEM32\ncrypt.dll
0x00007ffdd9af0000 - 0x00007ffdd9b27000 	C:\WINDOWS\SYSTEM32\NTASN1.dll
0x000000006b050000 - 0x000000006b076000 	C:\Program Files\Bonjour\mdnsNSP.dll
0x00007ffdd21a0000 - 0x00007ffdd21aa000 	C:\Windows\System32\rasadhlp.dll
0x00007ffdd0bf0000 - 0x00007ffdd0c74000 	C:\WINDOWS\System32\fwpuclnt.dll

dbghelp: loaded successfully - version: 4.0.5 - missing functions: none
symbol engine: initialized successfully - sym options: 0x614 - pdb path: .;c:\Users\henry\.vscode\extensions\redhat.java-1.18.0-win32-x64\jre\17.0.7-win32-x86_64\bin;C:\WINDOWS\SYSTEM32;C:\WINDOWS\WinSxS\amd64_microsoft.windows.common-controls_6595b64144ccf1df_6.0.22621.1635_none_270f70857386168e;c:\Users\henry\.vscode\extensions\redhat.java-1.18.0-win32-x64\jre\17.0.7-win32-x86_64\bin\server;C:\Users\henry\AppData\Roaming\Code\User\globalStorage\redhat.java\1.18.0\config_win\org.eclipse.equinox.launcher\org.eclipse.equinox.launcher.win32.win32.x86_64_1.2.700.v20221108-1024;C:\Users\henry\AppData\Local\Temp\jna-99164440;C:\Program Files\Bonjour

VM Arguments:
jvm_args: --add-modules=ALL-SYSTEM --add-opens=java.base/java.util=ALL-UNNAMED --add-opens=java.base/java.lang=ALL-UNNAMED --add-opens=java.base/sun.nio.fs=ALL-UNNAMED -Declipse.application=org.eclipse.jdt.ls.core.id1 -Dosgi.bundles.defaultStartLevel=4 -Declipse.product=org.eclipse.jdt.ls.core.product -Djava.import.generatesMetadataFilesAtProjectRoot=false -Dfile.encoding=utf8 -XX:+UseParallelGC -XX:GCTimeRatio=4 -XX:AdaptiveSizePolicyWeight=90 -Dsun.zip.disableMemoryMapping=true -Xmx1G -Xms100m -Xlog:disable -javaagent:c:\Users\henry\.vscode\extensions\redhat.java-1.18.0-win32-x64\lombok\lombok-1.18.27.jar -XX:+HeapDumpOnOutOfMemoryError -XX:HeapDumpPath=c:\Users\henry\AppData\Roaming\Code\User\workspaceStorage\fd237c70ca4fdf15d1bc8d7b1d32228d\redhat.java -Daether.dependencyCollector.impl=bf 
java_command: c:\Users\henry\.vscode\extensions\redhat.java-1.18.0-win32-x64\server\plugins\org.eclipse.equinox.launcher_1.6.400.v20210924-0641.jar -configuration c:\Users\henry\AppData\Roaming\Code\User\globalStorage\redhat.java\1.18.0\config_win -data c:\Users\henry\AppData\Roaming\Code\User\workspaceStorage\fd237c70ca4fdf15d1bc8d7b1d32228d\redhat.java\jdt_ws
java_class_path (initial): c:\Users\henry\.vscode\extensions\redhat.java-1.18.0-win32-x64\server\plugins\org.eclipse.equinox.launcher_1.6.400.v20210924-0641.jar
Launcher Type: SUN_STANDARD

[Global flags]
    uintx AdaptiveSizePolicyWeight                 = 90                                        {product} {command line}
     intx CICompilerCount                          = 4                                         {product} {ergonomic}
    uintx GCTimeRatio                              = 4                                         {product} {command line}
     bool HeapDumpOnOutOfMemoryError               = true                                   {manageable} {command line}
    ccstr HeapDumpPath                             = c:\Users\henry\AppData\Roaming\Code\User\workspaceStorage\fd237c70ca4fdf15d1bc8d7b1d32228d\redhat.java         {manageable} {command line}
   size_t InitialHeapSize                          = 104857600                                 {product} {command line}
   size_t MaxHeapSize                              = 1073741824                                {product} {command line}
   size_t MaxNewSize                               = 357564416                                 {product} {ergonomic}
   size_t MinHeapDeltaBytes                        = 524288                                    {product} {ergonomic}
   size_t MinHeapSize                              = 104857600                                 {product} {command line}
   size_t NewSize                                  = 34603008                                  {product} {ergonomic}
    uintx NonNMethodCodeHeapSize                   = 5839372                                {pd product} {ergonomic}
    uintx NonProfiledCodeHeapSize                  = 122909434                              {pd product} {ergonomic}
   size_t OldSize                                  = 70254592                                  {product} {ergonomic}
    uintx ProfiledCodeHeapSize                     = 122909434                              {pd product} {ergonomic}
    uintx ReservedCodeCacheSize                    = 251658240                              {pd product} {ergonomic}
     bool SegmentedCodeCache                       = true                                      {product} {ergonomic}
   size_t SoftMaxHeapSize                          = 1073741824                             {manageable} {ergonomic}
     bool UseCompressedClassPointers               = true                           {product lp64_product} {ergonomic}
     bool UseCompressedOops                        = true                           {product lp64_product} {ergonomic}
     bool UseLargePagesIndividualAllocation        = false                                  {pd product} {ergonomic}
     bool UseParallelGC                            = true                                      {product} {command line}

Logging:
Log output configuration:
 #0: stdout all=off uptime,level,tags
 #1: stderr all=off uptime,level,tags

Environment Variables:
PATH=D:\Oculus\Support\oculus-runtime;C:\Program Files\NVIDIA GPU Computing Toolkit\CUDA\v11.2\bin;C:\Program Files\NVIDIA GPU Computing Toolkit\CUDA\v11.2\libnvvp;C:\Program Files\Common Files\Oracle\Java\javapath;C:\Program Files (x86)\Common Files\Oracle\Java\javapath;C:\Program Files (x86)\Razer Chroma SDK\bin;C:\Program Files\Razer Chroma SDK\bin;C:\Program Files (x86)\Razer\ChromaBroadcast\bin;C:\Program Files\Razer\ChromaBroadcast\bin;C:\Windows\system32;C:\Windows;C:\Windows\System32\Wbem;C:\Windows\System32\WindowsPowerShell\v1.0\;C:\Windows\System32\OpenSSH\;C:\Windows\system32\config\systemprofile\AppData\Local\Microsoft\WindowsApps;C:\Program Files\nodejs\;C:\src\flutter\bin;C:\ProgramData\chocolatey\bin;C:\Program Files\Git\cmd;C:\Program Files\dotnet\;C:\ProgramData\Anaconda3;C:\ProgramData\Anaconda3\Scripts;C:\Program Files\NVIDIA Corporation\NVIDIA NvDLISR;C:\Program Files (x86)\NVIDIA Corporation\PhysX\Common;C:\Program Files (x86)\cloudflared\.;C:\WINDOWS\system32;C:\WINDOWS;C:\WINDOWS\System32\Wbem;C:\WINDOWS\System32\WindowsPowerShell\v1.0\;C:\WINDOWS\System32\OpenSSH\;C:\Program Files\Cloudflare\Cloudflare WARP\;C:\Program Files\CMake\bin;C:\Program Files\NVIDIA Corporation\Nsight Compute 2022.3.0\;G:\Users\Henry\Desktop\part1\part1\opencv\opencv\build\install\x64\vc17\bin;%PNPM_HOME%;C:\Users\henry\AppData\Local\Microsoft\WindowsApps;C:\Users\henry\AppData\Roaming\npm;D:\Program Files (x86)\Microsoft VS Code\bin;C:\tools\dart-sdk\bin;C:\Users\henry\AppData\Roaming\Pub\Cache\bin;C:\Program Files\heroku\bin;C:\Users\henry\.dotnet\tools;C:\mingw64\bin;C:\mingw64\GnuWin32\bin;C:\Users\henry\AppData\Local\pnpm;
USERNAME=henry
OS=Windows_NT
PROCESSOR_IDENTIFIER=Intel64 Family 6 Model 158 Stepping 13, GenuineIntel
TMP=C:\Users\henry\AppData\Local\Temp
TEMP=C:\Users\henry\AppData\Local\Temp



---------------  S Y S T E M  ---------------

OS:
 Windows 11 , 64 bit Build 22621 (10.0.22621.1635)
OS uptime: 0 days 2:04 hours

CPU: total 8 (initial active 8) (8 cores per cpu, 1 threads per core) family 6 model 158 stepping 13 microcode 0xde, cx8, cmov, fxsr, mmx, 3dnowpref, sse, sse2, sse3, ssse3, sse4.1, sse4.2, popcnt, lzcnt, tsc, tscinvbit, avx, avx2, aes, erms, clmul, bmi1, bmi2, adx, fma, vzeroupper, clflush, clflushopt

Memory: 4k page, system-wide physical 16297M (3324M free)
TotalPageFile size 31159M (AvailPageFile size 4030M)
current process WorkingSet (physical memory assigned to process): 404M, peak: 471M
current process commit charge ("private bytes"): 436M, peak: 514M

vm_info: OpenJDK 64-Bit Server VM (17.0.7+7) for windows-amd64 JRE (17.0.7+7), built on Apr 18 2023 22:10:42 by "temurin" with MS VC++ 16.7 (VS2019)

END.
