#
# A fatal error has been detected by the Java Runtime Environment:
#
#  EXCEPTION_ACCESS_VIOLATION (0xc0000005) at pc=0x00007ffd4f068253, pid=17084, tid=30964
#
# JRE version: OpenJDK Runtime Environment Temurin-17.0.7+7 (17.0.7+7) (build 17.0.7+7)
# Java VM: OpenJDK 64-Bit Server VM Temurin-17.0.7+7 (17.0.7+7, mixed mode, tiered, compressed oops, compressed class ptrs, parallel gc, windows-amd64)
# Problematic frame:
# V  [jvm.dll+0x6a8253]
#
# No core dump will be written. Minidumps are not enabled by default on client versions of Windows
#
# If you would like to submit a bug report, please visit:
#   https://github.com/adoptium/adoptium-support/issues
#

---------------  S U M M A R Y ------------

Command Line: --add-modules=ALL-SYSTEM --add-opens=java.base/java.util=ALL-UNNAMED --add-opens=java.base/java.lang=ALL-UNNAMED --add-opens=java.base/sun.nio.fs=ALL-UNNAMED -Declipse.application=org.eclipse.jdt.ls.core.id1 -Dosgi.bundles.defaultStartLevel=4 -Declipse.product=org.eclipse.jdt.ls.core.product -Djava.import.generatesMetadataFilesAtProjectRoot=false -Dfile.encoding=utf8 -XX:+UseParallelGC -XX:GCTimeRatio=4 -XX:AdaptiveSizePolicyWeight=90 -Dsun.zip.disableMemoryMapping=true -Xmx1G -Xms100m -Xlog:disable -javaagent:c:\Users\henry\.vscode\extensions\redhat.java-1.18.0-win32-x64\lombok\lombok-1.18.27.jar -XX:+HeapDumpOnOutOfMemoryError -XX:HeapDumpPath=c:\Users\henry\AppData\Roaming\Code\User\workspaceStorage\5d544f449393da9ed85312ca5a21f1ed\redhat.java -Daether.dependencyCollector.impl=bf c:\Users\henry\.vscode\extensions\redhat.java-1.18.0-win32-x64\server\plugins\org.eclipse.equinox.launcher_1.6.400.v20210924-0641.jar -configuration c:\Users\henry\AppData\Roaming\Code\User\globalStorage\redhat.java\1.18.0\config_win -data c:\Users\henry\AppData\Roaming\Code\User\workspaceStorage\5d544f449393da9ed85312ca5a21f1ed\redhat.java\jdt_ws

Host: Intel(R) Core(TM) i7-9700KF CPU @ 3.60GHz, 8 cores, 31G,  Windows 11 , 64 bit Build 22621 (10.0.22621.1635)
Time: Sun May 28 00:54:08 2023  Windows 11 , 64 bit Build 22621 (10.0.22621.1635) elapsed time: 10775.744096 seconds (0d 2h 59m 35s)

---------------  T H R E A D  ---------------

Current thread (0x000001c5ffe49290):  GCTaskThread "GC Thread#0" [stack: 0x00000046c3300000,0x00000046c3400000] [id=30964]

Stack: [0x00000046c3300000,0x00000046c3400000],  sp=0x00000046c33ff800,  free space=1022k
Native frames: (J=compiled Java code, j=interpreted, Vv=VM code, C=native code)
V  [jvm.dll+0x6a8253]


siginfo: EXCEPTION_ACCESS_VIOLATION (0xc0000005), reading address 0x000000018f0e5380


Register to memory mapping:

RIP=0x00007ffd4f068253 jvm.dll
RAX=0x00000000c78729c0 is an oop: [Lorg.eclipse.jdt.internal.compiler.classfmt.MethodInfo; 
{0x00000000c78729c0} - klass: 'org/eclipse/jdt/internal/compiler/classfmt/MethodInfo'[]
 - length: 24
RBX=0x00000000c78732b4 is pointing into object: org.eclipse.jdt.internal.compiler.classfmt.ClassFileReader 
{0x00000000c7873230} - klass: 'org/eclipse/jdt/internal/compiler/classfmt/ClassFileReader'
 - ---- fields (total size 22 words):
 - 'structOffset' 'I' @12  0
 - 'reference' '[B' @16  NULL (0)
 - 'constantPoolOffsets' '[I' @20  NULL (0)
 - private 'tagBits' 'J' @24  0 (0 0)
 - private 'version' 'J' @32  3997696 (3d0000 0)
 - private 'accessFlags' 'I' @40  32 (20)
 - private 'classNameIndex' 'I' @44  26 (1a)
 - private 'constantPoolCount' 'I' @48  692 (2b4)
 - private 'fieldsCount' 'I' @52  0
 - private 'interfacesCount' 'I' @56  1
 - private 'permittedSubtypesCount' 'I' @60  0
 - private 'methodsCount' 'I' @64  24 (18)
 - private 'enclosingNameAndTypeIndex' 'I' @68  0
 - private 'nestMembersCount' 'I' @72  4
 - private 'recordComponentsCount' 'I' @76  0
 - private 'isRecord' 'Z' @80  false
 - private 'classFileName' '[C' @84  [C{0x00000000c78732e0} (c78732e0)
 - private 'className' '[C' @88  [C{0x00000000c7873618} (c7873618)
 - private 'annotations' '[Lorg/eclipse/jdt/internal/compiler/classfmt/AnnotationInfo;' @92  a 'org/eclipse/jdt/internal/compiler/classfmt/AnnotationInfo'[1] {0x00000000c78736a8} (c78736a8)
 - private 'typeAnnotations' '[Lorg/eclipse/jdt/internal/compiler/classfmt/TypeAnnotationInfo;' @96  NULL (0)
 - private 'fields' '[Lorg/eclipse/jdt/internal/compiler/classfmt/FieldInfo;' @100  NULL (0)
 - private 'moduleDeclaration' 'Lorg/eclipse/jdt/internal/compiler/classfmt/ModuleInfo;' @104  NULL (0)
 - public 'moduleName' '[C' @108  NULL (0)
 - private 'innerInfo' 'Lorg/eclipse/jdt/internal/compiler/classfmt/InnerClassInfo;' @112  NULL (0)
 - private 'innerInfos' '[Lorg/eclipse/jdt/internal/compiler/classfmt/InnerClassInfo;' @116  a 'org/eclipse/jdt/internal/compiler/classfmt/InnerClassInfo'[10] {0x00000000c78736c0} (c78736c0)
 - private 'interfaceNames' '[[C' @120  a {type array char}[1] {0x00000000c7874710} (c7874710)
 - private 'permittedSubtypesNames' '[[C' @124  NULL (0)
 - private 'methods' '[Lorg/eclipse/jdt/internal/compiler/classfmt/MethodInfo;' @128  a 'org/eclipse/jdt/internal/compiler/classfmt/MethodInfo'[24] {0x00000000c78729c0} (c78729c0)
 - private 'signature' '[C' @132  NULL (0)
 - private 'sourceName' '[C' @136  NULL (0)
 - private 'sourceFileName' '[C' @140  [C{0x00000000c7875708} (c7875708)
 - private 'superclassName' '[C' @144  [C{0x00000000c7872910} (c7872910)
 - private 'enclosingTypeName' '[C' @148  NULL (0)
 - private 'missingTypeNames' '[[[C' @152  NULL (0)
 - private 'enclosingMethod' '[C' @156  NULL (0)
 - private 'nestHost' '[C' @160  NULL (0)
 - private 'nestMembers' '[[C' @164  a {type array char}[4] {0x00000000c7872628} (c7872628)
 - private 'recordComponents' '[Lorg/eclipse/jdt/internal/compiler/classfmt/RecordComponentInfo;' @168  NULL (0)
 - 'path' 'Ljava/net/URI;' @172  NULL (0)
RCX=0x00007ffd4f545300 jvm.dll
RDX=0x00000000c78729c0 is an oop: [Lorg.eclipse.jdt.internal.compiler.classfmt.MethodInfo; 
{0x00000000c78729c0} - klass: 'org/eclipse/jdt/internal/compiler/classfmt/MethodInfo'[]
 - length: 24
RSP=0x00000046c33ff800 points into unknown readable memory: 0x00000000c7800000 | 00 00 80 c7 00 00 00 00
RBP=0x00000001005b06f0 is pointing into metadata
RSI=0x00000000c78732e0 is an oop: [C 
{0x00000000c78732e0} - klass: {type array char}
 - length: 402
RDI=0x00000000c78729c0 is an oop: [Lorg.eclipse.jdt.internal.compiler.classfmt.MethodInfo; 
{0x00000000c78729c0} - klass: 'org/eclipse/jdt/internal/compiler/classfmt/MethodInfo'[]
 - length: 24
R8 =0x000001c593d6e8c0 points into unknown readable memory: 0x000001c5fdbc0150 | 50 01 bc fd c5 01 00 00
R9 =0x0000000000010000 is an unknown value
R10=0x000001c593d6e8c0 points into unknown readable memory: 0x000001c5fdbc0150 | 50 01 bc fd c5 01 00 00
R11=0x000001c593d6e8c0 points into unknown readable memory: 0x000001c5fdbc0150 | 50 01 bc fd c5 01 00 00
R12=0x00000000c7873230 is an oop: org.eclipse.jdt.internal.compiler.classfmt.ClassFileReader 
{0x00000000c7873230} - klass: 'org/eclipse/jdt/internal/compiler/classfmt/ClassFileReader'
 - ---- fields (total size 22 words):
 - 'structOffset' 'I' @12  0
 - 'reference' '[B' @16  NULL (0)
 - 'constantPoolOffsets' '[I' @20  NULL (0)
 - private 'tagBits' 'J' @24  0 (0 0)
 - private 'version' 'J' @32  3997696 (3d0000 0)
 - private 'accessFlags' 'I' @40  32 (20)
 - private 'classNameIndex' 'I' @44  26 (1a)
 - private 'constantPoolCount' 'I' @48  692 (2b4)
 - private 'fieldsCount' 'I' @52  0
 - private 'interfacesCount' 'I' @56  1
 - private 'permittedSubtypesCount' 'I' @60  0
 - private 'methodsCount' 'I' @64  24 (18)
 - private 'enclosingNameAndTypeIndex' 'I' @68  0
 - private 'nestMembersCount' 'I' @72  4
 - private 'recordComponentsCount' 'I' @76  0
 - private 'isRecord' 'Z' @80  false
 - private 'classFileName' '[C' @84  [C{0x00000000c78732e0} (c78732e0)
 - private 'className' '[C' @88  [C{0x00000000c7873618} (c7873618)
 - private 'annotations' '[Lorg/eclipse/jdt/internal/compiler/classfmt/AnnotationInfo;' @92  a 'org/eclipse/jdt/internal/compiler/classfmt/AnnotationInfo'[1] {0x00000000c78736a8} (c78736a8)
 - private 'typeAnnotations' '[Lorg/eclipse/jdt/internal/compiler/classfmt/TypeAnnotationInfo;' @96  NULL (0)
 - private 'fields' '[Lorg/eclipse/jdt/internal/compiler/classfmt/FieldInfo;' @100  NULL (0)
 - private 'moduleDeclaration' 'Lorg/eclipse/jdt/internal/compiler/classfmt/ModuleInfo;' @104  NULL (0)
 - public 'moduleName' '[C' @108  NULL (0)
 - private 'innerInfo' 'Lorg/eclipse/jdt/internal/compiler/classfmt/InnerClassInfo;' @112  NULL (0)
 - private 'innerInfos' '[Lorg/eclipse/jdt/internal/compiler/classfmt/InnerClassInfo;' @116  a 'org/eclipse/jdt/internal/compiler/classfmt/InnerClassInfo'[10] {0x00000000c78736c0} (c78736c0)
 - private 'interfaceNames' '[[C' @120  a {type array char}[1] {0x00000000c7874710} (c7874710)
 - private 'permittedSubtypesNames' '[[C' @124  NULL (0)
 - private 'methods' '[Lorg/eclipse/jdt/internal/compiler/classfmt/MethodInfo;' @128  a 'org/eclipse/jdt/internal/compiler/classfmt/MethodInfo'[24] {0x00000000c78729c0} (c78729c0)
 - private 'signature' '[C' @132  NULL (0)
 - private 'sourceName' '[C' @136  NULL (0)
 - private 'sourceFileName' '[C' @140  [C{0x00000000c7875708} (c7875708)
 - private 'superclassName' '[C' @144  [C{0x00000000c7872910} (c7872910)
 - private 'enclosingTypeName' '[C' @148  NULL (0)
 - private 'missingTypeNames' '[[[C' @152  NULL (0)
 - private 'enclosingMethod' '[C' @156  NULL (0)
 - private 'nestHost' '[C' @160  NULL (0)
 - private 'nestMembers' '[[C' @164  a {type array char}[4] {0x00000000c7872628} (c7872628)
 - private 'recordComponents' '[Lorg/eclipse/jdt/internal/compiler/classfmt/RecordComponentInfo;' @168  NULL (0)
 - 'path' 'Ljava/net/URI;' @172  NULL (0)
R13=0x0000000001070000 is an unknown value
R14=0x00000046c33ff860 points into unknown readable memory: 0x00007ffd4f3700a8 | a8 00 37 4f fd 7f 00 00
R15=0x00000001005b06f8 is a pointer to class: 
org.eclipse.jdt.internal.compiler.env.IGenericField {0x00000001005b0700}
 - instance size:     2
 - klass size:        63
 - access:            public interface abstract 
 - state:             linked
 - name:              'org/eclipse/jdt/internal/compiler/env/IGenericField'
 - super:             'java/lang/Object'
 - sub:               
 - nof implementors:  2
 - arrays:            'org/eclipse/jdt/internal/compiler/env/IGenericField'[]
 - methods:           Array<T>(0x000001c596adfac8)
 - method ordering:   Array<T>(0x000001c594000018)
 - default_methods:   Array<T>(0x0000000000000000)
 - local interfaces:  Array<T>(0x000001c594000058)
 - trans. interfaces: Array<T>(0x000001c594000058)
 - constants:         constant pool [9] {0x000001c596adfa18} for 'org/eclipse/jdt/internal/compiler/env/IGenericField' cache=0x000001c5974f3d78
 - class loader data:  loader data: 0x000001c59aec39b0 for instance a 'org/eclipse/osgi/internal/loader/EquinoxClassLoader'{0x00000000c0909750}
 - source file:       'IGenericField.java'
 - class annotations:       Array<T>(0x0000000000000000)
 - class type annotations:  Array<T>(0x0000000000000000)
 - field annotations:       Array<T>(0x0000000000000000)
 - field type annotations:  Array<T>(0x0000000000000000)
 - inner classes:     Array<T>(0x000001c594000028)
 - nest members:     Array<T>(0x000001c594000028)
 - permitted subclasses:     Array<T>(0x000001c594000028)
 - java mirror:       a 'java/lang/Class'{0x00000000c0d91c08} = 'org/eclipse/jdt/internal/compiler/env/IGenericField'
 - vtable length      5  (start addr: 0x00000001005b08c0)
 - itable length      0 (start addr: 0x00000001005b08e8)
 - ---- static fields (0 words):
 - ---- non-static fields (0 words):
 - non-static oop maps: 


Registers:
RAX=0x00000000c78729c0, RBX=0x00000000c78732b4, RCX=0x00007ffd4f545300, RDX=0x00000000c78729c0
RSP=0x00000046c33ff800, RBP=0x00000001005b06f0, RSI=0x00000000c78732e0, RDI=0x00000000c78729c0
R8 =0x000001c593d6e8c0, R9 =0x0000000000010000, R10=0x000001c593d6e8c0, R11=0x000001c593d6e8c0
R12=0x00000000c7873230, R13=0x0000000001070000, R14=0x00000046c33ff860, R15=0x00000001005b06f8
RIP=0x00007ffd4f068253, EFLAGS=0x0000000000010287

Top of Stack: (sp=0x00000046c33ff800)
0x00000046c33ff800:   00000000c7800000 000001c5ffb70230
0x00000046c33ff810:   000001c593d6e8c0 000001c5ffb72580
0x00000046c33ff820:   00000046c33ff970 00007ffd4f5452c0
0x00000046c33ff830:   0000000000f80000 00007ffd4f07382f
0x00000046c33ff840:   0000000000f0e646 0000000000f80000
0x00000046c33ff850:   0000000000f0e65b 0000000001070000
0x00000046c33ff860:   00007ffd4f3700a8 0000000000000000
0x00000046c33ff870:   000001c593d6e8c0 00000046c34ff058
0x00000046c33ff880:   00000046c34fedb8 00007ffd4f06f017
0x00000046c33ff890:   00000046c33ff910 00007ffd4f1b32f7
0x00000046c33ff8a0:   0000005af2559497 00007ffd4f03099f
0x00000046c33ff8b0:   00000046c33ff970 00007ffd4f0414ee
0x00000046c33ff8c0:   00000046c33ff970 00007ffd4f207998
0x00000046c33ff8d0:   000001c5ffe4ed50 00007ffd4ebb773b
0x00000046c33ff8e0:   000001c593d6e8c0 0000000000000000
0x00000046c33ff8f0:   00007ffd4f545120 00007ffd4f5452c0 

Instructions: (pc=0x00007ffd4f068253)
0x00007ffd4f068153:   cc cc cc cc cc cc cc cc cc cc cc cc cc 80 3d 27
0x00007ffd4f068163:   34 4c 00 00 4c 8d 15 c2 06 00 00 49 8b c2 4c 8d
0x00007ffd4f068173:   0d 68 08 00 00 49 0f 45 c1 48 89 05 d5 c5 46 00
0x00007ffd4f068183:   49 3b c2 0f 84 a4 06 00 00 48 ff e0 cc 80 3d f7
0x00007ffd4f068193:   33 4c 00 00 4c 8d 15 52 07 00 00 49 8b c2 4c 8d
0x00007ffd4f0681a3:   0d 28 09 00 00 49 0f 45 c1 48 89 05 d5 c5 46 00
0x00007ffd4f0681b3:   49 3b c2 0f 84 34 07 00 00 48 ff e0 cc 80 3d c7
0x00007ffd4f0681c3:   33 4c 00 00 4c 8d 15 62 06 00 00 49 8b c2 4c 8d
0x00007ffd4f0681d3:   0d 08 08 00 00 49 0f 45 c1 48 89 05 5d c5 46 00
0x00007ffd4f0681e3:   49 3b c2 0f 84 44 06 00 00 48 ff e0 cc 80 3d 97
0x00007ffd4f0681f3:   33 4c 00 00 4c 8d 15 c2 09 00 00 49 8b c2 4c 8d
0x00007ffd4f068203:   0d 78 0a 00 00 49 0f 45 c1 48 89 05 5d c5 46 00
0x00007ffd4f068213:   49 3b c2 0f 84 a4 09 00 00 48 ff e0 cc 80 3d 67
0x00007ffd4f068223:   33 4c 00 00 4c 8d 15 12 0b 00 00 49 8b c2 4c 8d
0x00007ffd4f068233:   0d 28 0d 00 00 49 0f 45 c1 48 89 05 0d c5 46 00
0x00007ffd4f068243:   49 3b c2 0f 84 f4 0a 00 00 48 ff e0 cc 80 3d 37
0x00007ffd4f068253:   33 4c 00 00 4c 8d 15 e2 0b 00 00 49 8b c2 4c 8d
0x00007ffd4f068263:   0d 38 0e 00 00 49 0f 45 c1 48 89 05 0d c5 46 00
0x00007ffd4f068273:   49 3b c2 0f 84 c4 0b 00 00 48 ff e0 cc 80 3d 07
0x00007ffd4f068283:   33 4c 00 00 4c 8d 15 32 0f 00 00 4d 8b c8 49 8b
0x00007ffd4f068293:   c2 4c 8d 05 45 0f 00 00 49 0f 45 c0 48 89 05 a2
0x00007ffd4f0682a3:   c4 46 00 49 3b c2 75 0b 4c 8b c1 49 8b c9 e9 fa
0x00007ffd4f0682b3:   01 00 00 4d 8b c1 48 ff e0 cc cc cc cc 80 3d c7
0x00007ffd4f0682c3:   32 4c 00 00 4c 8d 15 02 0f 00 00 4d 8b c8 49 8b
0x00007ffd4f0682d3:   c2 4c 8d 05 05 10 00 00 49 0f 45 c0 48 89 05 92
0x00007ffd4f0682e3:   c4 46 00 49 3b c2 75 0b 4c 8b c1 49 8b c9 e9 8a
0x00007ffd4f0682f3:   03 00 00 4d 8b c1 48 ff e0 cc cc cc cc 80 3d 87
0x00007ffd4f068303:   32 4c 00 00 4c 8d 15 e2 0f 00 00 49 8b c2 4c 8d
0x00007ffd4f068313:   0d 28 11 00 00 49 0f 45 c1 48 89 05 45 c4 46 00
0x00007ffd4f068323:   49 3b c2 0f 84 c4 0f 00 00 48 ff e0 cc 80 3d 57
0x00007ffd4f068333:   32 4c 00 00 4c 8d 15 52 10 00 00 49 8b c2 4c 8d
0x00007ffd4f068343:   0d a8 11 00 00 49 0f 45 c1 48 89 05 45 c4 46 00 


Stack slot to memory mapping:
stack at sp + 0 slots: 0x00000000c7800000 is pointing into object: org.eclipse.jdt.internal.core.util.WeakHashSet$HashableWeakReference 
{0x00000000c77ffff0} - klass: 'org/eclipse/jdt/internal/core/util/WeakHashSet$HashableWeakReference'
 - ---- fields (total size 4 words):
 - private 'referent' 'Ljava/lang/Object;' @12  "getDatabaseInitializationMode"{0x00000000c77fd310} (c77fd310)
 - volatile 'queue' 'Ljava/lang/ref/ReferenceQueue;' @16  a 'java/lang/ref/ReferenceQueue'{0x00000000c072b568} (c072b568)
 - volatile 'next' 'Ljava/lang/ref/Reference;' @20  NULL (0)
 - private transient 'discovered' 'Ljava/lang/ref/Reference;' @24  NULL (0)
 - public 'hashCode' 'I' @28  1529243444 (5b266734)
stack at sp + 1 slots: 0x000001c5ffb70230 points into unknown readable memory: 0x00000000c0700000 | 00 00 70 c0 00 00 00 00
stack at sp + 2 slots: 0x000001c593d6e8c0 points into unknown readable memory: 0x000001c5fdbc0150 | 50 01 bc fd c5 01 00 00
stack at sp + 3 slots: 0x000001c5ffb72580 points into unknown readable memory: 0x00000000c7800000 | 00 00 80 c7 00 00 00 00
stack at sp + 4 slots: 0x00000046c33ff970 points into unknown readable memory: 0x00007ffd4f370088 | 88 00 37 4f fd 7f 00 00
stack at sp + 5 slots: 0x00007ffd4f5452c0 jvm.dll
stack at sp + 6 slots: 0x0000000000f80000 is an unknown value
stack at sp + 7 slots: 0x00007ffd4f07382f jvm.dll


---------------  P R O C E S S  ---------------

Threads class SMR info:
_java_thread_list=0x000001c5a93b24d0, length=39, elements={
0x000001c5ffe2de20, 0x000001c593db9db0, 0x000001c593dbc340, 0x000001c5ffeee450,
0x000001c59907f010, 0x000001c59907f8d0, 0x000001c599080190, 0x000001c599080d80,
0x000001c5990e38f0, 0x000001c599069660, 0x000001c5991f4010, 0x000001c5992e8200,
0x000001c59a594ba0, 0x000001c59a811010, 0x000001c59a60a2f0, 0x000001c59aa58580,
0x000001c59aa840d0, 0x000001c59a2e03f0, 0x000001c59a2df580, 0x000001c59a2e1260,
0x000001c59a2debe0, 0x000001c59a5c8cb0, 0x000001c59d7d06b0, 0x000001c59d7cd1c0,
0x000001c59d7ce030, 0x000001c59a0cc820, 0x000001c59a0cdb60, 0x000001c59a0cfd10,
0x000001c59a0d0b80, 0x000001c59a5c6b00, 0x000001c59d1a91a0, 0x000001c59d1a5cb0,
0x000001c59d1a1e20, 0x000001c59d1a6180, 0x000001c59d1a6b20, 0x000001c59d1a1950,
0x000001c59a0d2860, 0x000001c59a0ceea0, 0x000001c59a0d19f0
}

Java Threads: ( => current thread )
  0x000001c5ffe2de20 JavaThread "main" [_thread_blocked, id=16316, stack(0x00000046c3200000,0x00000046c3300000)]
  0x000001c593db9db0 JavaThread "Reference Handler" daemon [_thread_blocked, id=30992, stack(0x00000046c3500000,0x00000046c3600000)]
  0x000001c593dbc340 JavaThread "Finalizer" daemon [_thread_blocked, id=31384, stack(0x00000046c3600000,0x00000046c3700000)]
  0x000001c5ffeee450 JavaThread "Signal Dispatcher" daemon [_thread_blocked, id=31400, stack(0x00000046c3700000,0x00000046c3800000)]
  0x000001c59907f010 JavaThread "Attach Listener" daemon [_thread_blocked, id=30948, stack(0x00000046c3800000,0x00000046c3900000)]
  0x000001c59907f8d0 JavaThread "Service Thread" daemon [_thread_blocked, id=31320, stack(0x00000046c3900000,0x00000046c3a00000)]
  0x000001c599080190 JavaThread "Monitor Deflation Thread" daemon [_thread_blocked, id=20684, stack(0x00000046c3a00000,0x00000046c3b00000)]
  0x000001c599080d80 JavaThread "C2 CompilerThread0" daemon [_thread_blocked, id=27924, stack(0x00000046c3b00000,0x00000046c3c00000)]
  0x000001c5990e38f0 JavaThread "C1 CompilerThread0" daemon [_thread_blocked, id=29916, stack(0x00000046c3c00000,0x00000046c3d00000)]
  0x000001c599069660 JavaThread "Sweeper thread" daemon [_thread_blocked, id=31184, stack(0x00000046c3d00000,0x00000046c3e00000)]
  0x000001c5991f4010 JavaThread "Common-Cleaner" daemon [_thread_blocked, id=17880, stack(0x00000046c3e00000,0x00000046c3f00000)]
  0x000001c5992e8200 JavaThread "Notification Thread" daemon [_thread_blocked, id=4796, stack(0x00000046c3f00000,0x00000046c4000000)]
  0x000001c59a594ba0 JavaThread "Active Thread: Equinox Container: e65c6019-da2b-4486-ad78-6e43206c6e7a" [_thread_blocked, id=30048, stack(0x00000046c4800000,0x00000046c4900000)]
  0x000001c59a811010 JavaThread "Framework Event Dispatcher: Equinox Container: e65c6019-da2b-4486-ad78-6e43206c6e7a" daemon [_thread_blocked, id=31768, stack(0x00000046c4900000,0x00000046c4a00000)]
  0x000001c59a60a2f0 JavaThread "Start Level: Equinox Container: e65c6019-da2b-4486-ad78-6e43206c6e7a" daemon [_thread_blocked, id=31772, stack(0x00000046c4a00000,0x00000046c4b00000)]
  0x000001c59aa58580 JavaThread "SCR Component Actor" daemon [_thread_blocked, id=31900, stack(0x00000046c4b00000,0x00000046c4c00000)]
  0x000001c59aa840d0 JavaThread "Worker-JM" [_thread_blocked, id=32332, stack(0x00000046c4100000,0x00000046c4200000)]
  0x000001c59a2e03f0 JavaThread "Java indexing" daemon [_thread_blocked, id=31784, stack(0x00000046c5200000,0x00000046c5300000)]
  0x000001c59a2df580 JavaThread "JNA Cleaner" daemon [_thread_blocked, id=31832, stack(0x00000046c5400000,0x00000046c5500000)]
  0x000001c59a2e1260 JavaThread "pool-2-thread-1" [_thread_blocked, id=32764, stack(0x00000046c5700000,0x00000046c5800000)]
  0x000001c59a2debe0 JavaThread "pool-1-thread-1" [_thread_blocked, id=32000, stack(0x00000046c5000000,0x00000046c5100000)]
  0x000001c59a5c8cb0 JavaThread "Bundle File Closer" daemon [_thread_blocked, id=31160, stack(0x00000046c5c00000,0x00000046c5d00000)]
  0x000001c59d7d06b0 JavaThread "Java Debug Server" daemon [_thread_in_native, id=24004, stack(0x00000046c4e00000,0x00000046c4f00000)]
  0x000001c59d7cd1c0 JavaThread "RxSchedulerPurge-1" daemon [_thread_blocked, id=13488, stack(0x00000046c5100000,0x00000046c5200000)]
  0x000001c59d7ce030 JavaThread "RxCachedWorkerPoolEvictor-1" daemon [_thread_blocked, id=16996, stack(0x00000046c5300000,0x00000046c5400000)]
  0x000001c59a0cc820 JavaThread "ForkJoinPool.commonPool-worker-44" daemon [_thread_blocked, id=35336, stack(0x00000046c3000000,0x00000046c3100000)]
  0x000001c59a0cdb60 JavaThread "ForkJoinPool.commonPool-worker-45" daemon [_thread_blocked, id=36824, stack(0x00000046c3100000,0x00000046c3200000)]
  0x000001c59a0cfd10 JavaThread "ForkJoinPool.commonPool-worker-46" daemon [_thread_blocked, id=33744, stack(0x00000046c4d00000,0x00000046c4e00000)]
  0x000001c59a0d0b80 JavaThread "ForkJoinPool.commonPool-worker-48" daemon [_thread_blocked, id=36016, stack(0x00000046c4f00000,0x00000046c5000000)]
  0x000001c59a5c6b00 JavaThread "ForkJoinPool.commonPool-worker-52" daemon [_thread_blocked, id=16628, stack(0x00000046c6000000,0x00000046c6100000)]
  0x000001c59d1a91a0 JavaThread "ForkJoinPool.commonPool-worker-54" daemon [_thread_blocked, id=26104, stack(0x00000046c5b00000,0x00000046c5c00000)]
  0x000001c59d1a5cb0 JavaThread "Worker-60" [_thread_blocked, id=25964, stack(0x00000046c5a00000,0x00000046c5b00000)]
  0x000001c59d1a1e20 JavaThread "ForkJoinPool.commonPool-worker-56" daemon [_thread_blocked, id=21168, stack(0x00000046c5d00000,0x00000046c5e00000)]
  0x000001c59d1a6180 JavaThread "ForkJoinPool.commonPool-worker-57" daemon [_thread_blocked, id=24544, stack(0x00000046c5600000,0x00000046c5700000)]
  0x000001c59d1a6b20 JavaThread "ForkJoinPool.commonPool-worker-58" daemon [_thread_blocked, id=37140, stack(0x00000046c5800000,0x00000046c5900000)]
  0x000001c59d1a1950 JavaThread "ForkJoinPool.commonPool-worker-59" daemon [_thread_blocked, id=35888, stack(0x00000046c6200000,0x00000046c6300000)]
  0x000001c59a0d2860 JavaThread "Worker-67" [_thread_blocked, id=25012, stack(0x00000046c5500000,0x00000046c5600000)]
  0x000001c59a0ceea0 JavaThread "Worker-70" [_thread_blocked, id=37392, stack(0x00000046c5900000,0x00000046c5a00000)]
  0x000001c59a0d19f0 JavaThread "Worker-71" [_thread_blocked, id=37620, stack(0x00000046c5e00000,0x00000046c5f00000)]

Other Threads:
  0x000001c5ffedf800 VMThread "VM Thread" [stack: 0x00000046c3400000,0x00000046c3500000] [id=8404]
  0x000001c5993b9030 WatcherThread [stack: 0x00000046c4000000,0x00000046c4100000] [id=31728]
=>0x000001c5ffe49290 GCTaskThread "GC Thread#0" [stack: 0x00000046c3300000,0x00000046c3400000] [id=30964]
  0x000001c59a8b4020 GCTaskThread "GC Thread#1" [stack: 0x00000046c4200000,0x00000046c4300000] [id=31644]
  0x000001c59a8b42d0 GCTaskThread "GC Thread#2" [stack: 0x00000046c4300000,0x00000046c4400000] [id=31468]
  0x000001c59a5c1020 GCTaskThread "GC Thread#3" [stack: 0x00000046c4400000,0x00000046c4500000] [id=30996]
  0x000001c59a5c12d0 GCTaskThread "GC Thread#4" [stack: 0x00000046c4500000,0x00000046c4600000] [id=31712]
  0x000001c59a5c1580 GCTaskThread "GC Thread#5" [stack: 0x00000046c4600000,0x00000046c4700000] [id=19800]
  0x000001c59a5c1830 GCTaskThread "GC Thread#6" [stack: 0x00000046c4700000,0x00000046c4800000] [id=8512]
  0x000001c59aa5b890 GCTaskThread "GC Thread#7" [stack: 0x00000046c4c00000,0x00000046c4d00000] [id=31980]

Threads with active compile tasks:

VM state: at safepoint (normal execution)

VM Mutex/Monitor currently owned by a thread:  ([mutex/lock_event])
[0x000001c5ffe2a840] Threads_lock - owner thread: 0x000001c5ffedf800
[0x000001c5ffe2b140] Heap_lock - owner thread: 0x000001c59a0cdb60

Heap address: 0x00000000c0000000, size: 1024 MB, Compressed Oops mode: 32-bit

CDS archive(s) not mapped
Compressed class space mapped at: 0x0000000100000000-0x0000000140000000, reserved size: 1073741824
Narrow klass base: 0x0000000000000000, Narrow klass shift: 3, Narrow klass range: 0x140000000

GC Precious Log:
 CPUs: 8 total, 8 available
 Memory: 32681M
 Large Page Support: Disabled
 NUMA Support: Disabled
 Compressed Oops: Enabled (32-bit)
 Alignments: Space 512K, Generation 512K, Heap 2M
 Heap Min Capacity: 100M
 Heap Initial Capacity: 100M
 Heap Max Capacity: 1G
 Pre-touch: Disabled
 Parallel Workers: 8

Heap:
 PSYoungGen      total 3584K, used 994K [0x00000000eab00000, 0x00000000eb780000, 0x0000000100000000)
  eden space 2560K, 0% used [0x00000000eab00000,0x00000000eab00000,0x00000000ead80000)
  from space 1024K, 97% used [0x00000000eb100000,0x00000000eb1f8890,0x00000000eb200000)
  to   space 3584K, 0% used [0x00000000ead80000,0x00000000ead80000,0x00000000eb100000)
 ParOldGen       total 176640K, used 175393K [0x00000000c0000000, 0x00000000cac80000, 0x00000000eab00000)
  object space 176640K, 99% used [0x00000000c0000000,0x00000000cab48708,0x00000000cac80000)
 Metaspace       used 103793K, committed 105152K, reserved 1179648K
  class space    used 10224K, committed 10816K, reserved 1048576K

Card table byte_map: [0x000001c5ff800000,0x000001c5ffa10000] _byte_map_base: 0x000001c5ff200000

Marking Bits: (ParMarkBitMap*) 0x00007ffd4f5452c0
 Begin Bits: [0x000001c591bc0000, 0x000001c592bc0000)
 End Bits:   [0x000001c592bc0000, 0x000001c593bc0000)

Polling page: 0x000001c5ff5f0000

Metaspace:

Usage:
  Non-class:     91.38 MB used.
      Class:      9.99 MB used.
       Both:    101.36 MB used.

Virtual space:
  Non-class space:      128.00 MB reserved,      92.12 MB ( 72%) committed,  2 nodes.
      Class space:        1.00 GB reserved,      10.56 MB (  1%) committed,  1 nodes.
             Both:        1.12 GB reserved,     102.69 MB (  9%) committed. 

Chunk freelists:
   Non-Class:  3.03 MB
       Class:  5.40 MB
        Both:  8.43 MB

MaxMetaspaceSize: unlimited
CompressedClassSpaceSize: 1.00 GB
Initial GC threshold: 21.00 MB
Current GC threshold: 170.94 MB
CDS: off
MetaspaceReclaimPolicy: balanced
 - commit_granule_bytes: 65536.
 - commit_granule_words: 8192.
 - virtual_space_node_default_size: 8388608.
 - enlarge_chunks_in_place: 1.
 - new_chunks_are_fully_committed: 0.
 - uncommit_free_chunks: 1.
 - use_allocation_guard: 0.
 - handle_deallocations: 1.


Internal statistics:

num_allocs_failed_limit: 11.
num_arena_births: 1464.
num_arena_deaths: 520.
num_vsnodes_births: 3.
num_vsnodes_deaths: 0.
num_space_committed: 1652.
num_space_uncommitted: 9.
num_chunks_returned_to_freelist: 761.
num_chunks_taken_from_freelist: 6428.
num_chunk_merges: 216.
num_chunk_splits: 3596.
num_chunks_enlarged: 1919.
num_inconsistent_stats: 0.

CodeHeap 'non-profiled nmethods': size=120000Kb used=31999Kb max_used=32502Kb free=88000Kb
 bounds [0x000001c58a690000, 0x000001c58c670000, 0x000001c591bc0000]
CodeHeap 'profiled nmethods': size=120000Kb used=47589Kb max_used=48401Kb free=72410Kb
 bounds [0x000001c582bc0000, 0x000001c585b10000, 0x000001c58a0f0000]
CodeHeap 'non-nmethods': size=5760Kb used=1463Kb max_used=1575Kb free=4296Kb
 bounds [0x000001c58a0f0000, 0x000001c58a360000, 0x000001c58a690000]
 total_blobs=23525 nmethods=22704 adapters=729
 compilation: enabled
              stopped_count=0, restarted_count=0
 full_count=0

Compilation events (20 events):
Event: 10775.307 Thread 0x000001c599080d80 31860       4       org.eclipse.jdt.internal.compiler.flow.UnconditionalFlowInfo::initsWhenTrue (2 bytes)
Event: 10775.307 Thread 0x000001c599080d80 nmethod 31860 0x000001c58c215490 code [0x000001c58c215600, 0x000001c58c215678]
Event: 10775.345 Thread 0x000001c599080d80 31861       4       org.eclipse.core.internal.runtime.PlatformLogWriter::isLoggable (19 bytes)
Event: 10775.346 Thread 0x000001c599080d80 nmethod 31861 0x000001c58c214e90 code [0x000001c58c215020, 0x000001c58c215378]
Event: 10775.459 Thread 0x000001c5990e38f0 31862       3       org.eclipse.jdt.internal.formatter.TokenManager::firstTokenIn (11 bytes)
Event: 10775.459 Thread 0x000001c5990e38f0 nmethod 31862 0x000001c58512c410 code [0x000001c58512c5e0, 0x000001c58512c938]
Event: 10775.459 Thread 0x000001c599080d80 31863       4       org.eclipse.jdt.internal.formatter.Token::<init> (49 bytes)
Event: 10775.459 Thread 0x000001c5990e38f0 31864       3       org.eclipse.jdt.internal.formatter.Token::breakBefore (6 bytes)
Event: 10775.460 Thread 0x000001c5990e38f0 nmethod 31864 0x000001c583c64e10 code [0x000001c583c64fc0, 0x000001c583c651d8]
Event: 10775.460 Thread 0x000001c5990e38f0 31865       3       org.eclipse.jdt.internal.formatter.linewrap.WrapPreparator::visit (7 bytes)
Event: 10775.460 Thread 0x000001c5990e38f0 nmethod 31865 0x000001c584d25390 code [0x000001c584d25520, 0x000001c584d25668]
Event: 10775.460 Thread 0x000001c5990e38f0 31866       3       org.eclipse.jdt.internal.formatter.linewrap.WrapPreparator::visit (144 bytes)
Event: 10775.460 Thread 0x000001c599080d80 nmethod 31863 0x000001c58c214b90 code [0x000001c58c214d00, 0x000001c58c214d98]
Event: 10775.460 Thread 0x000001c599080d80 31868       4       org.eclipse.jdt.internal.formatter.TextEditsBuilder::bufferAlign (344 bytes)
Event: 10775.460 Thread 0x000001c5990e38f0 nmethod 31866 0x000001c584872c10 code [0x000001c584872ee0, 0x000001c584874028]
Event: 10775.460 Thread 0x000001c5990e38f0 31867       3       org.eclipse.jdt.internal.formatter.TokenManager::firstIndexBefore (13 bytes)
Event: 10775.460 Thread 0x000001c5990e38f0 nmethod 31867 0x000001c584c9c310 code [0x000001c584c9c4c0, 0x000001c584c9c628]
Event: 10775.462 Thread 0x000001c599080d80 nmethod 31868 0x000001c58c214310 code [0x000001c58c2144e0, 0x000001c58c214800]
Event: 10775.640 Thread 0x000001c5990e38f0 31869       3       org.eclipse.jdt.internal.formatter.linewrap.WrapPreparator::handleVariableDeclarations (63 bytes)
Event: 10775.641 Thread 0x000001c5990e38f0 nmethod 31869 0x000001c5832c6790 code [0x000001c5832c69a0, 0x000001c5832c6ff8]

GC Heap History (20 events):
Event: 10775.343 GC heap after
{Heap after GC invocations=14978 (full 349):
 PSYoungGen      total 6656K, used 548K [0x00000000eab00000, 0x00000000eb280000, 0x0000000100000000)
  eden space 5632K, 0% used [0x00000000eab00000,0x00000000eab00000,0x00000000eb080000)
  from space 1024K, 53% used [0x00000000eb080000,0x00000000eb109210,0x00000000eb180000)
  to   space 1024K, 0% used [0x00000000eb180000,0x00000000eb180000,0x00000000eb280000)
 ParOldGen       total 176640K, used 169319K [0x00000000c0000000, 0x00000000cac80000, 0x00000000eab00000)
  object space 176640K, 95% used [0x00000000c0000000,0x00000000ca559c30,0x00000000cac80000)
 Metaspace       used 103789K, committed 105152K, reserved 1179648K
  class space    used 10224K, committed 10816K, reserved 1048576K
}
Event: 10775.350 GC heap before
{Heap before GC invocations=14979 (full 349):
 PSYoungGen      total 6656K, used 6180K [0x00000000eab00000, 0x00000000eb280000, 0x0000000100000000)
  eden space 5632K, 100% used [0x00000000eab00000,0x00000000eb080000,0x00000000eb080000)
  from space 1024K, 53% used [0x00000000eb080000,0x00000000eb109210,0x00000000eb180000)
  to   space 1024K, 0% used [0x00000000eb180000,0x00000000eb180000,0x00000000eb280000)
 ParOldGen       total 176640K, used 169319K [0x00000000c0000000, 0x00000000cac80000, 0x00000000eab00000)
  object space 176640K, 95% used [0x00000000c0000000,0x00000000ca559c30,0x00000000cac80000)
 Metaspace       used 103789K, committed 105152K, reserved 1179648K
  class space    used 10224K, committed 10816K, reserved 1048576K
}
Event: 10775.351 GC heap after
{Heap after GC invocations=14979 (full 349):
 PSYoungGen      total 6144K, used 410K [0x00000000eab00000, 0x00000000eb200000, 0x0000000100000000)
  eden space 5632K, 0% used [0x00000000eab00000,0x00000000eab00000,0x00000000eb080000)
  from space 512K, 80% used [0x00000000eb180000,0x00000000eb1e6900,0x00000000eb200000)
  to   space 512K, 0% used [0x00000000eb100000,0x00000000eb100000,0x00000000eb180000)
 ParOldGen       total 176640K, used 169755K [0x00000000c0000000, 0x00000000cac80000, 0x00000000eab00000)
  object space 176640K, 96% used [0x00000000c0000000,0x00000000ca5c6e50,0x00000000cac80000)
 Metaspace       used 103789K, committed 105152K, reserved 1179648K
  class space    used 10224K, committed 10816K, reserved 1048576K
}
Event: 10775.627 GC heap before
{Heap before GC invocations=14980 (full 349):
 PSYoungGen      total 6144K, used 6042K [0x00000000eab00000, 0x00000000eb200000, 0x0000000100000000)
  eden space 5632K, 100% used [0x00000000eab00000,0x00000000eb080000,0x00000000eb080000)
  from space 512K, 80% used [0x00000000eb180000,0x00000000eb1e6900,0x00000000eb200000)
  to   space 512K, 0% used [0x00000000eb100000,0x00000000eb100000,0x00000000eb180000)
 ParOldGen       total 176640K, used 169755K [0x00000000c0000000, 0x00000000cac80000, 0x00000000eab00000)
  object space 176640K, 96% used [0x00000000c0000000,0x00000000ca5c6e50,0x00000000cac80000)
 Metaspace       used 103793K, committed 105152K, reserved 1179648K
  class space    used 10224K, committed 10816K, reserved 1048576K
}
Event: 10775.628 GC heap after
{Heap after GC invocations=14980 (full 349):
 PSYoungGen      total 6144K, used 506K [0x00000000eab00000, 0x00000000eb280000, 0x0000000100000000)
  eden space 5632K, 0% used [0x00000000eab00000,0x00000000eab00000,0x00000000eb080000)
  from space 512K, 98% used [0x00000000eb100000,0x00000000eb17e900,0x00000000eb180000)
  to   space 1024K, 0% used [0x00000000eb180000,0x00000000eb180000,0x00000000eb280000)
 ParOldGen       total 176640K, used 170011K [0x00000000c0000000, 0x00000000cac80000, 0x00000000eab00000)
  object space 176640K, 96% used [0x00000000c0000000,0x00000000ca606e70,0x00000000cac80000)
 Metaspace       used 103793K, committed 105152K, reserved 1179648K
  class space    used 10224K, committed 10816K, reserved 1048576K
}
Event: 10775.631 GC heap before
{Heap before GC invocations=14981 (full 349):
 PSYoungGen      total 6144K, used 6138K [0x00000000eab00000, 0x00000000eb280000, 0x0000000100000000)
  eden space 5632K, 100% used [0x00000000eab00000,0x00000000eb080000,0x00000000eb080000)
  from space 512K, 98% used [0x00000000eb100000,0x00000000eb17e900,0x00000000eb180000)
  to   space 1024K, 0% used [0x00000000eb180000,0x00000000eb180000,0x00000000eb280000)
 ParOldGen       total 176640K, used 170011K [0x00000000c0000000, 0x00000000cac80000, 0x00000000eab00000)
  object space 176640K, 96% used [0x00000000c0000000,0x00000000ca606e70,0x00000000cac80000)
 Metaspace       used 103793K, committed 105152K, reserved 1179648K
  class space    used 10224K, committed 10816K, reserved 1048576K
}
Event: 10775.631 GC heap after
{Heap after GC invocations=14981 (full 349):
 PSYoungGen      total 6656K, used 820K [0x00000000eab00000, 0x00000000eb280000, 0x0000000100000000)
  eden space 5632K, 0% used [0x00000000eab00000,0x00000000eab00000,0x00000000eb080000)
  from space 1024K, 80% used [0x00000000eb180000,0x00000000eb24d200,0x00000000eb280000)
  to   space 1024K, 0% used [0x00000000eb080000,0x00000000eb080000,0x00000000eb180000)
 ParOldGen       total 176640K, used 170456K [0x00000000c0000000, 0x00000000cac80000, 0x00000000eab00000)
  object space 176640K, 96% used [0x00000000c0000000,0x00000000ca676090,0x00000000cac80000)
 Metaspace       used 103793K, committed 105152K, reserved 1179648K
  class space    used 10224K, committed 10816K, reserved 1048576K
}
Event: 10775.635 GC heap before
{Heap before GC invocations=14982 (full 349):
 PSYoungGen      total 6656K, used 6452K [0x00000000eab00000, 0x00000000eb280000, 0x0000000100000000)
  eden space 5632K, 100% used [0x00000000eab00000,0x00000000eb080000,0x00000000eb080000)
  from space 1024K, 80% used [0x00000000eb180000,0x00000000eb24d200,0x00000000eb280000)
  to   space 1024K, 0% used [0x00000000eb080000,0x00000000eb080000,0x00000000eb180000)
 ParOldGen       total 176640K, used 170456K [0x00000000c0000000, 0x00000000cac80000, 0x00000000eab00000)
  object space 176640K, 96% used [0x00000000c0000000,0x00000000ca676090,0x00000000cac80000)
 Metaspace       used 103793K, committed 105152K, reserved 1179648K
  class space    used 10224K, committed 10816K, reserved 1048576K
}
Event: 10775.635 GC heap after
{Heap after GC invocations=14982 (full 349):
 PSYoungGen      total 6656K, used 736K [0x00000000eab00000, 0x00000000eb280000, 0x0000000100000000)
  eden space 5632K, 0% used [0x00000000eab00000,0x00000000eab00000,0x00000000eb080000)
  from space 1024K, 71% used [0x00000000eb080000,0x00000000eb138000,0x00000000eb180000)
  to   space 1024K, 0% used [0x00000000eb180000,0x00000000eb180000,0x00000000eb280000)
 ParOldGen       total 176640K, used 171148K [0x00000000c0000000, 0x00000000cac80000, 0x00000000eab00000)
  object space 176640K, 96% used [0x00000000c0000000,0x00000000ca723290,0x00000000cac80000)
 Metaspace       used 103793K, committed 105152K, reserved 1179648K
  class space    used 10224K, committed 10816K, reserved 1048576K
}
Event: 10775.640 GC heap before
{Heap before GC invocations=14983 (full 349):
 PSYoungGen      total 6656K, used 6368K [0x00000000eab00000, 0x00000000eb280000, 0x0000000100000000)
  eden space 5632K, 100% used [0x00000000eab00000,0x00000000eb080000,0x00000000eb080000)
  from space 1024K, 71% used [0x00000000eb080000,0x00000000eb138000,0x00000000eb180000)
  to   space 1024K, 0% used [0x00000000eb180000,0x00000000eb180000,0x00000000eb280000)
 ParOldGen       total 176640K, used 171148K [0x00000000c0000000, 0x00000000cac80000, 0x00000000eab00000)
  object space 176640K, 96% used [0x00000000c0000000,0x00000000ca723290,0x00000000cac80000)
 Metaspace       used 103793K, committed 105152K, reserved 1179648K
  class space    used 10224K, committed 10816K, reserved 1048576K
}
Event: 10775.641 GC heap after
{Heap after GC invocations=14983 (full 349):
 PSYoungGen      total 4096K, used 994K [0x00000000eab00000, 0x00000000eb880000, 0x0000000100000000)
  eden space 3072K, 0% used [0x00000000eab00000,0x00000000eab00000,0x00000000eae00000)
  from space 1024K, 97% used [0x00000000eb180000,0x00000000eb278890,0x00000000eb280000)
  to   space 3584K, 0% used [0x00000000eae00000,0x00000000eae00000,0x00000000eb180000)
 ParOldGen       total 176640K, used 173175K [0x00000000c0000000, 0x00000000cac80000, 0x00000000eab00000)
  object space 176640K, 98% used [0x00000000c0000000,0x00000000ca91dcf0,0x00000000cac80000)
 Metaspace       used 103793K, committed 105152K, reserved 1179648K
  class space    used 10224K, committed 10816K, reserved 1048576K
}
Event: 10775.646 GC heap before
{Heap before GC invocations=14984 (full 349):
 PSYoungGen      total 4096K, used 4066K [0x00000000eab00000, 0x00000000eb880000, 0x0000000100000000)
  eden space 3072K, 100% used [0x00000000eab00000,0x00000000eae00000,0x00000000eae00000)
  from space 1024K, 97% used [0x00000000eb180000,0x00000000eb278890,0x00000000eb280000)
  to   space 3584K, 0% used [0x00000000eae00000,0x00000000eae00000,0x00000000eb180000)
 ParOldGen       total 176640K, used 173175K [0x00000000c0000000, 0x00000000cac80000, 0x00000000eab00000)
  object space 176640K, 98% used [0x00000000c0000000,0x00000000ca91dcf0,0x00000000cac80000)
 Metaspace       used 103793K, committed 105152K, reserved 1179648K
  class space    used 10224K, committed 10816K, reserved 1048576K
}
Event: 10775.647 GC heap after
{Heap after GC invocations=14984 (full 349):
 PSYoungGen      total 4096K, used 898K [0x00000000eab00000, 0x00000000eb300000, 0x0000000100000000)
  eden space 3072K, 0% used [0x00000000eab00000,0x00000000eab00000,0x00000000eae00000)
  from space 1024K, 87% used [0x00000000eae00000,0x00000000eaee0890,0x00000000eaf00000)
  to   space 2048K, 0% used [0x00000000eb100000,0x00000000eb100000,0x00000000eb300000)
 ParOldGen       total 176640K, used 173429K [0x00000000c0000000, 0x00000000cac80000, 0x00000000eab00000)
  object space 176640K, 98% used [0x00000000c0000000,0x00000000ca95d508,0x00000000cac80000)
 Metaspace       used 103793K, committed 105152K, reserved 1179648K
  class space    used 10224K, committed 10816K, reserved 1048576K
}
Event: 10775.651 GC heap before
{Heap before GC invocations=14985 (full 349):
 PSYoungGen      total 4096K, used 3970K [0x00000000eab00000, 0x00000000eb300000, 0x0000000100000000)
  eden space 3072K, 100% used [0x00000000eab00000,0x00000000eae00000,0x00000000eae00000)
  from space 1024K, 87% used [0x00000000eae00000,0x00000000eaee0890,0x00000000eaf00000)
  to   space 2048K, 0% used [0x00000000eb100000,0x00000000eb100000,0x00000000eb300000)
 ParOldGen       total 176640K, used 173429K [0x00000000c0000000, 0x00000000cac80000, 0x00000000eab00000)
  object space 176640K, 98% used [0x00000000c0000000,0x00000000ca95d508,0x00000000cac80000)
 Metaspace       used 103793K, committed 105152K, reserved 1179648K
  class space    used 10224K, committed 10816K, reserved 1048576K
}
Event: 10775.652 GC heap after
{Heap after GC invocations=14985 (full 349):
 PSYoungGen      total 4608K, used 256K [0x00000000eab00000, 0x00000000eb180000, 0x0000000100000000)
  eden space 4096K, 0% used [0x00000000eab00000,0x00000000eab00000,0x00000000eaf00000)
  from space 512K, 50% used [0x00000000eb100000,0x00000000eb140000,0x00000000eb180000)
  to   space 1024K, 0% used [0x00000000eaf80000,0x00000000eaf80000,0x00000000eb080000)
 ParOldGen       total 176640K, used 173469K [0x00000000c0000000, 0x00000000cac80000, 0x00000000eab00000)
  object space 176640K, 98% used [0x00000000c0000000,0x00000000ca967508,0x00000000cac80000)
 Metaspace       used 103793K, committed 105152K, reserved 1179648K
  class space    used 10224K, committed 10816K, reserved 1048576K
}
Event: 10775.655 GC heap before
{Heap before GC invocations=14986 (full 349):
 PSYoungGen      total 4608K, used 4352K [0x00000000eab00000, 0x00000000eb180000, 0x0000000100000000)
  eden space 4096K, 100% used [0x00000000eab00000,0x00000000eaf00000,0x00000000eaf00000)
  from space 512K, 50% used [0x00000000eb100000,0x00000000eb140000,0x00000000eb180000)
  to   space 1024K, 0% used [0x00000000eaf80000,0x00000000eaf80000,0x00000000eb080000)
 ParOldGen       total 176640K, used 173469K [0x00000000c0000000, 0x00000000cac80000, 0x00000000eab00000)
  object space 176640K, 98% used [0x00000000c0000000,0x00000000ca967508,0x00000000cac80000)
 Metaspace       used 103793K, committed 105152K, reserved 1179648K
  class space    used 10224K, committed 10816K, reserved 1048576K
}
Event: 10775.656 GC heap after
{Heap after GC invocations=14986 (full 349):
 PSYoungGen      total 5632K, used 512K [0x00000000eab00000, 0x00000000eb200000, 0x0000000100000000)
  eden space 4608K, 0% used [0x00000000eab00000,0x00000000eab00000,0x00000000eaf80000)
  from space 1024K, 50% used [0x00000000eaf80000,0x00000000eb000000,0x00000000eb080000)
  to   space 1024K, 0% used [0x00000000eb100000,0x00000000eb100000,0x00000000eb200000)
 ParOldGen       total 176640K, used 173585K [0x00000000c0000000, 0x00000000cac80000, 0x00000000eab00000)
  object space 176640K, 98% used [0x00000000c0000000,0x00000000ca984708,0x00000000cac80000)
 Metaspace       used 103793K, committed 105152K, reserved 1179648K
  class space    used 10224K, committed 10816K, reserved 1048576K
}
Event: 10775.662 GC heap before
{Heap before GC invocations=14987 (full 349):
 PSYoungGen      total 5632K, used 5120K [0x00000000eab00000, 0x00000000eb200000, 0x0000000100000000)
  eden space 4608K, 100% used [0x00000000eab00000,0x00000000eaf80000,0x00000000eaf80000)
  from space 1024K, 50% used [0x00000000eaf80000,0x00000000eb000000,0x00000000eb080000)
  to   space 1024K, 0% used [0x00000000eb100000,0x00000000eb100000,0x00000000eb200000)
 ParOldGen       total 176640K, used 173585K [0x00000000c0000000, 0x00000000cac80000, 0x00000000eab00000)
  object space 176640K, 98% used [0x00000000c0000000,0x00000000ca984708,0x00000000cac80000)
 Metaspace       used 103793K, committed 105152K, reserved 1179648K
  class space    used 10224K, committed 10816K, reserved 1048576K
}
Event: 10775.663 GC heap after
{Heap after GC invocations=14987 (full 349):
 PSYoungGen      total 3584K, used 994K [0x00000000eab00000, 0x00000000eb780000, 0x0000000100000000)
  eden space 2560K, 0% used [0x00000000eab00000,0x00000000eab00000,0x00000000ead80000)
  from space 1024K, 97% used [0x00000000eb100000,0x00000000eb1f8890,0x00000000eb200000)
  to   space 3584K, 0% used [0x00000000ead80000,0x00000000ead80000,0x00000000eb100000)
 ParOldGen       total 176640K, used 175393K [0x00000000c0000000, 0x00000000cac80000, 0x00000000eab00000)
  object space 176640K, 99% used [0x00000000c0000000,0x00000000cab48708,0x00000000cac80000)
 Metaspace       used 103793K, committed 105152K, reserved 1179648K
  class space    used 10224K, committed 10816K, reserved 1048576K
}
Event: 10775.663 GC heap before
{Heap before GC invocations=14988 (full 350):
 PSYoungGen      total 3584K, used 994K [0x00000000eab00000, 0x00000000eb780000, 0x0000000100000000)
  eden space 2560K, 0% used [0x00000000eab00000,0x00000000eab00000,0x00000000ead80000)
  from space 1024K, 97% used [0x00000000eb100000,0x00000000eb1f8890,0x00000000eb200000)
  to   space 3584K, 0% used [0x00000000ead80000,0x00000000ead80000,0x00000000eb100000)
 ParOldGen       total 176640K, used 175393K [0x00000000c0000000, 0x00000000cac80000, 0x00000000eab00000)
  object space 176640K, 99% used [0x00000000c0000000,0x00000000cab48708,0x00000000cac80000)
 Metaspace       used 103793K, committed 105152K, reserved 1179648K
  class space    used 10224K, committed 10816K, reserved 1048576K
}

Dll operation events (11 events):
Event: 0.010 Loaded shared library c:\Users\henry\.vscode\extensions\redhat.java-1.18.0-win32-x64\jre\17.0.7-win32-x86_64\bin\java.dll
Event: 0.203 Loaded shared library c:\Users\henry\.vscode\extensions\redhat.java-1.18.0-win32-x64\jre\17.0.7-win32-x86_64\bin\zip.dll
Event: 0.211 Loaded shared library C:\Users\henry\.vscode\extensions\redhat.java-1.18.0-win32-x64\jre\17.0.7-win32-x86_64\bin\instrument.dll
Event: 0.238 Loaded shared library C:\Users\henry\.vscode\extensions\redhat.java-1.18.0-win32-x64\jre\17.0.7-win32-x86_64\bin\net.dll
Event: 0.239 Loaded shared library C:\Users\henry\.vscode\extensions\redhat.java-1.18.0-win32-x64\jre\17.0.7-win32-x86_64\bin\nio.dll
Event: 0.254 Loaded shared library C:\Users\henry\.vscode\extensions\redhat.java-1.18.0-win32-x64\jre\17.0.7-win32-x86_64\bin\zip.dll
Event: 0.324 Loaded shared library C:\Users\henry\.vscode\extensions\redhat.java-1.18.0-win32-x64\jre\17.0.7-win32-x86_64\bin\jimage.dll
Event: 0.407 Loaded shared library c:\Users\henry\.vscode\extensions\redhat.java-1.18.0-win32-x64\jre\17.0.7-win32-x86_64\bin\verify.dll
Event: 4.833 Loaded shared library C:\Users\henry\AppData\Roaming\Code\User\globalStorage\redhat.java\1.18.0\config_win\org.eclipse.equinox.launcher\org.eclipse.equinox.launcher.win32.win32.x86_64_1.2.700.v20221108-1024\eclipse_11801.dll
Event: 9.846 Loaded shared library C:\Users\henry\AppData\Local\Temp\jna-99164440\jna11346705863504032764.dll
Event: 21.740 Loaded shared library C:\Users\henry\.vscode\extensions\redhat.java-1.18.0-win32-x64\jre\17.0.7-win32-x86_64\bin\sunmscapi.dll

Deoptimization events (20 events):
Event: 10759.894 Thread 0x000001c59d1a1e20 Uncommon trap: trap_request=0xffffffde fr.pc=0x000001c58be56c20 relative=0x0000000000000a00
Event: 10759.894 Thread 0x000001c59d1a1e20 Uncommon trap: reason=class_check action=maybe_recompile pc=0x000001c58be56c20 method=org.eclipse.jdt.internal.compiler.lookup.ParameterizedTypeBinding.getExactMethod([C[Lorg/eclipse/jdt/internal/compiler/lookup/TypeBinding;Lorg/eclipse/jdt/internal/compi
Event: 10759.894 Thread 0x000001c59d1a1e20 DEOPT PACKING pc=0x000001c58be56c20 sp=0x00000046c5dfcbb0
Event: 10759.894 Thread 0x000001c59d1a1e20 DEOPT UNPACKING pc=0x000001c58a1466a3 sp=0x00000046c5dfcb18 mode 2
Event: 10760.197 Thread 0x000001c59a0d2860 Uncommon trap: trap_request=0xffffffde fr.pc=0x000001c58be56c20 relative=0x0000000000000a00
Event: 10760.197 Thread 0x000001c59a0d2860 Uncommon trap: reason=class_check action=maybe_recompile pc=0x000001c58be56c20 method=org.eclipse.jdt.internal.compiler.lookup.ParameterizedTypeBinding.getExactMethod([C[Lorg/eclipse/jdt/internal/compiler/lookup/TypeBinding;Lorg/eclipse/jdt/internal/compi
Event: 10760.197 Thread 0x000001c59a0d2860 DEOPT PACKING pc=0x000001c58be56c20 sp=0x00000046c55fd6d0
Event: 10760.197 Thread 0x000001c59a0d2860 DEOPT UNPACKING pc=0x000001c58a1466a3 sp=0x00000046c55fd638 mode 2
Event: 10760.207 Thread 0x000001c59a0d2860 Uncommon trap: trap_request=0xffffffde fr.pc=0x000001c58be56c20 relative=0x0000000000000a00
Event: 10760.207 Thread 0x000001c59a0d2860 Uncommon trap: reason=class_check action=maybe_recompile pc=0x000001c58be56c20 method=org.eclipse.jdt.internal.compiler.lookup.ParameterizedTypeBinding.getExactMethod([C[Lorg/eclipse/jdt/internal/compiler/lookup/TypeBinding;Lorg/eclipse/jdt/internal/compi
Event: 10760.207 Thread 0x000001c59a0d2860 DEOPT PACKING pc=0x000001c58be56c20 sp=0x00000046c55fd6d0
Event: 10760.207 Thread 0x000001c59a0d2860 DEOPT UNPACKING pc=0x000001c58a1466a3 sp=0x00000046c55fd638 mode 2
Event: 10766.443 Thread 0x000001c59a2debe0 Uncommon trap: trap_request=0xffffff45 fr.pc=0x000001c58c24b2ec relative=0x0000000000002f2c
Event: 10766.443 Thread 0x000001c59a2debe0 Uncommon trap: reason=unstable_if action=reinterpret pc=0x000001c58c24b2ec method=org.eclipse.jdt.internal.compiler.util.CharDeduplication.optimizedCurrentTokenSource3([CI)[C @ 80 c2
Event: 10766.443 Thread 0x000001c59a2debe0 DEOPT PACKING pc=0x000001c58c24b2ec sp=0x00000046c50fe1e0
Event: 10766.443 Thread 0x000001c59a2debe0 DEOPT UNPACKING pc=0x000001c58a1466a3 sp=0x00000046c50fe0f0 mode 2
Event: 10766.666 Thread 0x000001c59d1a5cb0 DEOPT PACKING pc=0x000001c58427ca6c sp=0x00000046c5afca40
Event: 10766.666 Thread 0x000001c59d1a5cb0 DEOPT UNPACKING pc=0x000001c58a146e43 sp=0x00000046c5afbed8 mode 0
Event: 10767.283 Thread 0x000001c59a0ceea0 DEOPT PACKING pc=0x000001c58591f593 sp=0x00000046c59fe760
Event: 10767.283 Thread 0x000001c59a0ceea0 DEOPT UNPACKING pc=0x000001c58a146e43 sp=0x00000046c59fdc88 mode 0

Classes unloaded (20 events):
Event: 8215.515 Thread 0x000001c5ffedf800 Unloading class 0x0000000100299c00 'jdk/internal/reflect/GeneratedSerializationConstructorAccessor53'
Event: 8215.515 Thread 0x000001c5ffedf800 Unloading class 0x000000010029bc00 'jdk/internal/reflect/GeneratedSerializationConstructorAccessor52'
Event: 8215.515 Thread 0x000001c5ffedf800 Unloading class 0x000000010029c000 'jdk/internal/reflect/GeneratedSerializationConstructorAccessor51'
Event: 8215.515 Thread 0x000001c5ffedf800 Unloading class 0x000000010029d000 'jdk/internal/reflect/GeneratedSerializationConstructorAccessor50'
Event: 8215.515 Thread 0x000001c5ffedf800 Unloading class 0x00000001002a0000 'jdk/internal/reflect/GeneratedSerializationConstructorAccessor49'
Event: 8215.515 Thread 0x000001c5ffedf800 Unloading class 0x00000001002a5400 'jdk/internal/reflect/GeneratedSerializationConstructorAccessor48'
Event: 8215.515 Thread 0x000001c5ffedf800 Unloading class 0x0000000100711000 'jdk/internal/reflect/GeneratedMethodAccessor96'
Event: 8215.515 Thread 0x000001c5ffedf800 Unloading class 0x00000001008d5800 'jdk/internal/reflect/GeneratedMethodAccessor95'
Event: 8215.515 Thread 0x000001c5ffedf800 Unloading class 0x0000000100900000 'jdk/internal/reflect/GeneratedSerializationConstructorAccessor47'
Event: 8215.515 Thread 0x000001c5ffedf800 Unloading class 0x0000000100508800 'jdk/internal/reflect/GeneratedSerializationConstructorAccessor46'
Event: 8215.515 Thread 0x000001c5ffedf800 Unloading class 0x0000000100940800 'jdk/internal/reflect/GeneratedSerializationConstructorAccessor45'
Event: 8215.515 Thread 0x000001c5ffedf800 Unloading class 0x0000000100948c00 'jdk/internal/reflect/GeneratedSerializationConstructorAccessor44'
Event: 8215.515 Thread 0x000001c5ffedf800 Unloading class 0x000000010094a800 'jdk/internal/reflect/GeneratedSerializationConstructorAccessor43'
Event: 8215.515 Thread 0x000001c5ffedf800 Unloading class 0x0000000100949c00 'jdk/internal/reflect/GeneratedSerializationConstructorAccessor42'
Event: 8215.515 Thread 0x000001c5ffedf800 Unloading class 0x000000010094b400 'jdk/internal/reflect/GeneratedSerializationConstructorAccessor41'
Event: 8215.515 Thread 0x000001c5ffedf800 Unloading class 0x000000010094b800 'jdk/internal/reflect/GeneratedSerializationConstructorAccessor40'
Event: 8215.515 Thread 0x000001c5ffedf800 Unloading class 0x000000010094c800 'jdk/internal/reflect/GeneratedSerializationConstructorAccessor39'
Event: 8215.515 Thread 0x000001c5ffedf800 Unloading class 0x0000000100950400 'jdk/internal/reflect/GeneratedSerializationConstructorAccessor38'
Event: 8215.515 Thread 0x000001c5ffedf800 Unloading class 0x0000000100952000 'jdk/internal/reflect/GeneratedSerializationConstructorAccessor37'
Event: 8215.515 Thread 0x000001c5ffedf800 Unloading class 0x0000000100a68000 'jdk/internal/reflect/GeneratedSerializationConstructorAccessor36'

Classes redefined (0 events):
No events

Internal exceptions (20 events):
Event: 10366.606 Thread 0x000001c59a2e03f0 Exception <a 'sun/nio/fs/WindowsException'{0x00000000eac1ee88}> (0x00000000eac1ee88) 
thrown [s\src\hotspot\share\prims\jni.cpp, line 516]
Event: 10366.839 Thread 0x000001c59a2e03f0 Exception <a 'sun/nio/fs/WindowsException'{0x00000000eab3a9c0}> (0x00000000eab3a9c0) 
thrown [s\src\hotspot\share\prims\jni.cpp, line 516]
Event: 10369.467 Thread 0x000001c59a2e03f0 Exception <a 'sun/nio/fs/WindowsException'{0x00000000eac95530}> (0x00000000eac95530) 
thrown [s\src\hotspot\share\prims\jni.cpp, line 516]
Event: 10369.632 Thread 0x000001c59a2e03f0 Exception <a 'sun/nio/fs/WindowsException'{0x00000000eab97320}> (0x00000000eab97320) 
thrown [s\src\hotspot\share\prims\jni.cpp, line 516]
Event: 10418.384 Thread 0x000001c59a2e03f0 Exception <a 'sun/nio/fs/WindowsException'{0x00000000ead950f8}> (0x00000000ead950f8) 
thrown [s\src\hotspot\share\prims\jni.cpp, line 516]
Event: 10418.748 Thread 0x000001c59a2e03f0 Exception <a 'sun/nio/fs/WindowsException'{0x00000000eace5898}> (0x00000000eace5898) 
thrown [s\src\hotspot\share\prims\jni.cpp, line 516]
Event: 10647.405 Thread 0x000001c59a5c6b00 Exception <a 'java/lang/ArrayIndexOutOfBoundsException'{0x00000000eabbfda0}: Index 567 out of bounds for length 567> (0x00000000eabbfda0) 
thrown [s\src\hotspot\share\interpreter\interpreterRuntime.cpp, line 428]
Event: 10647.553 Thread 0x000001c59a0cc820 Exception <a 'java/lang/ArrayIndexOutOfBoundsException'{0x00000000eac8b268}: Index 567 out of bounds for length 567> (0x00000000eac8b268) 
thrown [s\src\hotspot\share\interpreter\interpreterRuntime.cpp, line 428]
Event: 10655.533 Thread 0x000001c59a5c6b00 Exception <a 'java/lang/ClassNotFoundException'{0x00000000eab80b10}: sun/net/www/protocol/jdt/Handler> (0x00000000eab80b10) 
thrown [s\src\hotspot\share\classfile\systemDictionary.cpp, line 256]
Event: 10655.533 Thread 0x000001c59a5c6b00 Exception <a 'java/lang/ClassNotFoundException'{0x00000000eab83368}: sun/net/www/protocol/jdt/Handler> (0x00000000eab83368) 
thrown [s\src\hotspot\share\classfile\systemDictionary.cpp, line 256]
Event: 10655.533 Thread 0x000001c59a5c6b00 Exception <a 'java/lang/ClassNotFoundException'{0x00000000eab85b80}: sun/net/www/protocol/jdt/Handler> (0x00000000eab85b80) 
thrown [s\src\hotspot\share\classfile\systemDictionary.cpp, line 256]
Event: 10655.533 Thread 0x000001c59a5c6b00 Exception <a 'java/lang/ClassNotFoundException'{0x00000000eab883c0}: sun/net/www/protocol/jdt/Handler> (0x00000000eab883c0) 
thrown [s\src\hotspot\share\classfile\systemDictionary.cpp, line 256]
Event: 10656.883 Thread 0x000001c59a5c6b00 Exception <a 'java/lang/ClassNotFoundException'{0x00000000eb11eec8}: sun/net/www/protocol/jdt/Handler> (0x00000000eb11eec8) 
thrown [s\src\hotspot\share\classfile\systemDictionary.cpp, line 256]
Event: 10656.883 Thread 0x000001c59a5c6b00 Exception <a 'java/lang/ClassNotFoundException'{0x00000000eb121720}: sun/net/www/protocol/jdt/Handler> (0x00000000eb121720) 
thrown [s\src\hotspot\share\classfile\systemDictionary.cpp, line 256]
Event: 10656.883 Thread 0x000001c59a5c6b00 Exception <a 'java/lang/ClassNotFoundException'{0x00000000eb123f38}: sun/net/www/protocol/jdt/Handler> (0x00000000eb123f38) 
thrown [s\src\hotspot\share\classfile\systemDictionary.cpp, line 256]
Event: 10656.883 Thread 0x000001c59a5c6b00 Exception <a 'java/lang/ClassNotFoundException'{0x00000000eb126778}: sun/net/www/protocol/jdt/Handler> (0x00000000eb126778) 
thrown [s\src\hotspot\share\classfile\systemDictionary.cpp, line 256]
Event: 10662.627 Thread 0x000001c59a2e03f0 Exception <a 'sun/nio/fs/WindowsException'{0x00000000eaf261f0}> (0x00000000eaf261f0) 
thrown [s\src\hotspot\share\prims\jni.cpp, line 516]
Event: 10662.835 Thread 0x000001c59a2e03f0 Exception <a 'sun/nio/fs/WindowsException'{0x00000000eadf5eb8}> (0x00000000eadf5eb8) 
thrown [s\src\hotspot\share\prims\jni.cpp, line 516]
Event: 10766.449 Thread 0x000001c59a2e03f0 Exception <a 'sun/nio/fs/WindowsException'{0x00000000eac01c88}> (0x00000000eac01c88) 
thrown [s\src\hotspot\share\prims\jni.cpp, line 516]
Event: 10766.829 Thread 0x000001c59a2e03f0 Exception <a 'sun/nio/fs/WindowsException'{0x00000000eab1fa70}> (0x00000000eab1fa70) 
thrown [s\src\hotspot\share\prims\jni.cpp, line 516]

VM Operations (20 events):
Event: 10775.336 Executing VM operation: ParallelGCFailedAllocation done
Event: 10775.342 Executing VM operation: ParallelGCFailedAllocation
Event: 10775.343 Executing VM operation: ParallelGCFailedAllocation done
Event: 10775.350 Executing VM operation: ParallelGCFailedAllocation
Event: 10775.351 Executing VM operation: ParallelGCFailedAllocation done
Event: 10775.627 Executing VM operation: ParallelGCFailedAllocation
Event: 10775.628 Executing VM operation: ParallelGCFailedAllocation done
Event: 10775.631 Executing VM operation: ParallelGCFailedAllocation
Event: 10775.631 Executing VM operation: ParallelGCFailedAllocation done
Event: 10775.635 Executing VM operation: ParallelGCFailedAllocation
Event: 10775.635 Executing VM operation: ParallelGCFailedAllocation done
Event: 10775.640 Executing VM operation: ParallelGCFailedAllocation
Event: 10775.641 Executing VM operation: ParallelGCFailedAllocation done
Event: 10775.646 Executing VM operation: ParallelGCFailedAllocation
Event: 10775.647 Executing VM operation: ParallelGCFailedAllocation done
Event: 10775.651 Executing VM operation: ParallelGCFailedAllocation
Event: 10775.652 Executing VM operation: ParallelGCFailedAllocation done
Event: 10775.655 Executing VM operation: ParallelGCFailedAllocation
Event: 10775.656 Executing VM operation: ParallelGCFailedAllocation done
Event: 10775.662 Executing VM operation: ParallelGCFailedAllocation

Events (20 events):
Event: 10644.398 Thread 0x000001c599069660 flushing nmethod 0x000001c585809690
Event: 10644.398 Thread 0x000001c599069660 flushing nmethod 0x000001c585813310
Event: 10644.398 Thread 0x000001c599069660 flushing nmethod 0x000001c585847f10
Event: 10644.399 Thread 0x000001c599069660 flushing nmethod 0x000001c585a37a90
Event: 10644.399 Thread 0x000001c599069660 flushing nmethod 0x000001c585abfa10
Event: 10647.194 Thread 0x000001c59d1a6ff0 Thread exited: 0x000001c59d1a6ff0
Event: 10647.651 Thread 0x000001c59a0ceea0 Thread added: 0x000001c59a0ceea0
Event: 10663.530 Thread 0x000001c59a0d19f0 Thread added: 0x000001c59a0d19f0
Event: 10723.538 Thread 0x000001c59a0d19f0 Thread exited: 0x000001c59a0d19f0
Event: 10723.539 Thread 0x000001c59a0ceea0 Thread exited: 0x000001c59a0ceea0
Event: 10737.806 Thread 0x000001c59dd8b700 Thread added: 0x000001c59dd8b700
Event: 10737.806 Thread 0x000001c59dd8da70 Thread added: 0x000001c59dd8da70
Event: 10738.108 Thread 0x000001c59dd8da70 Thread exited: 0x000001c59dd8da70
Event: 10739.695 Thread 0x000001c59dd8b700 Thread exited: 0x000001c59dd8b700
Event: 10763.795 Thread 0x000001c59a0ceea0 Thread added: 0x000001c59a0ceea0
Event: 10766.617 loading class jdk/internal/module/IllegalAccessLogger
Event: 10766.617 loading class jdk/internal/module/IllegalAccessLogger done
Event: 10766.618 Thread 0x000001c59a0cb4e0 Thread added: 0x000001c59a0cb4e0
Event: 10766.624 Thread 0x000001c59a0cb4e0 Thread exited: 0x000001c59a0cb4e0
Event: 10766.814 Thread 0x000001c59a0d19f0 Thread added: 0x000001c59a0d19f0


Dynamic libraries:
0x00007ff682c50000 - 0x00007ff682c5e000 	c:\Users\henry\.vscode\extensions\redhat.java-1.18.0-win32-x64\jre\17.0.7-win32-x86_64\bin\java.exe
0x00007ffe117f0000 - 0x00007ffe11a04000 	C:\WINDOWS\SYSTEM32\ntdll.dll
0x00007ffe108b0000 - 0x00007ffe10972000 	C:\WINDOWS\System32\KERNEL32.DLL
0x00007ffe0ec10000 - 0x00007ffe0efb3000 	C:\WINDOWS\System32\KERNELBASE.dll
0x00007ffe0eff0000 - 0x00007ffe0f101000 	C:\WINDOWS\System32\ucrtbase.dll
0x00007ffdda600000 - 0x00007ffdda617000 	c:\Users\henry\.vscode\extensions\redhat.java-1.18.0-win32-x64\jre\17.0.7-win32-x86_64\bin\jli.dll
0x00007ffe10b70000 - 0x00007ffe10d1b000 	C:\WINDOWS\System32\USER32.dll
0x00007ffe0efc0000 - 0x00007ffe0efe6000 	C:\WINDOWS\System32\win32u.dll
0x00007ffe11370000 - 0x00007ffe11399000 	C:\WINDOWS\System32\GDI32.dll
0x00007ffe0f200000 - 0x00007ffe0f318000 	C:\WINDOWS\System32\gdi32full.dll
0x00007ffe0f320000 - 0x00007ffe0f3ba000 	C:\WINDOWS\System32\msvcp_win.dll
0x00007ffdd6fd0000 - 0x00007ffdd6fe9000 	c:\Users\henry\.vscode\extensions\redhat.java-1.18.0-win32-x64\jre\17.0.7-win32-x86_64\bin\VCRUNTIME140.dll
0x00007ffdfa240000 - 0x00007ffdfa4ce000 	C:\WINDOWS\WinSxS\amd64_microsoft.windows.common-controls_6595b64144ccf1df_6.0.22621.1635_none_270f70857386168e\COMCTL32.dll
0x00007ffe107c0000 - 0x00007ffe10867000 	C:\WINDOWS\System32\msvcrt.dll
0x00007ffe10870000 - 0x00007ffe108a1000 	C:\WINDOWS\System32\IMM32.DLL
0x00007ffdfa6f0000 - 0x00007ffdfa6fc000 	c:\Users\henry\.vscode\extensions\redhat.java-1.18.0-win32-x64\jre\17.0.7-win32-x86_64\bin\vcruntime140_1.dll
0x00007ffd4f610000 - 0x00007ffd4f6a1000 	c:\Users\henry\.vscode\extensions\redhat.java-1.18.0-win32-x64\jre\17.0.7-win32-x86_64\bin\msvcp140.dll
0x00007ffd4e9c0000 - 0x00007ffd4f608000 	c:\Users\henry\.vscode\extensions\redhat.java-1.18.0-win32-x64\jre\17.0.7-win32-x86_64\bin\server\jvm.dll
0x00007ffe0fda0000 - 0x00007ffe0fe4e000 	C:\WINDOWS\System32\ADVAPI32.dll
0x00007ffe116a0000 - 0x00007ffe11744000 	C:\WINDOWS\System32\sechost.dll
0x00007ffe10d20000 - 0x00007ffe10e37000 	C:\WINDOWS\System32\RPCRT4.dll
0x00007ffdee2f0000 - 0x00007ffdee2f9000 	C:\WINDOWS\SYSTEM32\WSOCK32.dll
0x00007ffe11400000 - 0x00007ffe11471000 	C:\WINDOWS\System32\WS2_32.dll
0x00007ffe05d50000 - 0x00007ffe05d84000 	C:\WINDOWS\SYSTEM32\WINMM.dll
0x00007ffe058c0000 - 0x00007ffe058ca000 	C:\WINDOWS\SYSTEM32\VERSION.dll
0x00007ffe0dd50000 - 0x00007ffe0dd68000 	C:\WINDOWS\SYSTEM32\kernel.appcore.dll
0x00007ffdf1fc0000 - 0x00007ffdf1fca000 	c:\Users\henry\.vscode\extensions\redhat.java-1.18.0-win32-x64\jre\17.0.7-win32-x86_64\bin\jimage.dll
0x00007ffe0c210000 - 0x00007ffe0c43e000 	C:\WINDOWS\SYSTEM32\DBGHELP.DLL
0x00007ffe10e40000 - 0x00007ffe111c9000 	C:\WINDOWS\System32\combase.dll
0x00007ffe10a00000 - 0x00007ffe10ad7000 	C:\WINDOWS\System32\OLEAUT32.dll
0x00007ffdeeb40000 - 0x00007ffdeeb72000 	C:\WINDOWS\SYSTEM32\dbgcore.DLL
0x00007ffe0f110000 - 0x00007ffe0f18b000 	C:\WINDOWS\System32\bcryptPrimitives.dll
0x00007ffdf1190000 - 0x00007ffdf119e000 	c:\Users\henry\.vscode\extensions\redhat.java-1.18.0-win32-x64\jre\17.0.7-win32-x86_64\bin\instrument.dll
0x00007ffdc77d0000 - 0x00007ffdc77f5000 	c:\Users\henry\.vscode\extensions\redhat.java-1.18.0-win32-x64\jre\17.0.7-win32-x86_64\bin\java.dll
0x00007ffdcca10000 - 0x00007ffdcca28000 	c:\Users\henry\.vscode\extensions\redhat.java-1.18.0-win32-x64\jre\17.0.7-win32-x86_64\bin\zip.dll
0x00007ffe0ff50000 - 0x00007ffe1074a000 	C:\WINDOWS\System32\SHELL32.dll
0x00007ffe0cc20000 - 0x00007ffe0d4ee000 	C:\WINDOWS\SYSTEM32\windows.storage.dll
0x00007ffe0cae0000 - 0x00007ffe0cc1e000 	C:\WINDOWS\SYSTEM32\wintypes.dll
0x00007ffe0fe50000 - 0x00007ffe0ff41000 	C:\WINDOWS\System32\SHCORE.dll
0x00007ffe10760000 - 0x00007ffe107be000 	C:\WINDOWS\System32\shlwapi.dll
0x00007ffe0eb40000 - 0x00007ffe0eb61000 	C:\WINDOWS\SYSTEM32\profapi.dll
0x00007ffdcbd90000 - 0x00007ffdcbda9000 	C:\Users\henry\.vscode\extensions\redhat.java-1.18.0-win32-x64\jre\17.0.7-win32-x86_64\bin\net.dll
0x00007ffe07350000 - 0x00007ffe07487000 	C:\WINDOWS\SYSTEM32\WINHTTP.dll
0x00007ffe0e1c0000 - 0x00007ffe0e229000 	C:\WINDOWS\system32\mswsock.dll
0x00007ffdc99f0000 - 0x00007ffdc9a05000 	C:\Users\henry\.vscode\extensions\redhat.java-1.18.0-win32-x64\jre\17.0.7-win32-x86_64\bin\nio.dll
0x00007ffdf1010000 - 0x00007ffdf1020000 	c:\Users\henry\.vscode\extensions\redhat.java-1.18.0-win32-x64\jre\17.0.7-win32-x86_64\bin\verify.dll
0x00007ffd4a900000 - 0x00007ffd4a93e000 	C:\Users\henry\AppData\Roaming\Code\User\globalStorage\redhat.java\1.18.0\config_win\org.eclipse.equinox.launcher\org.eclipse.equinox.launcher.win32.win32.x86_64_1.2.700.v20221108-1024\eclipse_11801.dll
0x00007ffe111d0000 - 0x00007ffe1136c000 	C:\WINDOWS\System32\ole32.dll
0x00007ffe0e420000 - 0x00007ffe0e43b000 	C:\WINDOWS\SYSTEM32\CRYPTSP.dll
0x00007ffe0dcc0000 - 0x00007ffe0dcf5000 	C:\WINDOWS\system32\rsaenh.dll
0x00007ffe0e2c0000 - 0x00007ffe0e2e8000 	C:\WINDOWS\SYSTEM32\USERENV.dll
0x00007ffe0e5c0000 - 0x00007ffe0e5e8000 	C:\WINDOWS\SYSTEM32\bcrypt.dll
0x00007ffe0e440000 - 0x00007ffe0e44c000 	C:\WINDOWS\SYSTEM32\CRYPTBASE.dll
0x00007ffe0d7c0000 - 0x00007ffe0d7ed000 	C:\WINDOWS\SYSTEM32\IPHLPAPI.DLL
0x00007ffe0fc60000 - 0x00007ffe0fc69000 	C:\WINDOWS\System32\NSI.dll
0x00007ffe07510000 - 0x00007ffe07529000 	C:\WINDOWS\SYSTEM32\dhcpcsvc6.DLL
0x00007ffe070a0000 - 0x00007ffe070bf000 	C:\WINDOWS\SYSTEM32\dhcpcsvc.DLL
0x00007ffe0d830000 - 0x00007ffe0d923000 	C:\WINDOWS\SYSTEM32\DNSAPI.dll
0x00007ffd4fa10000 - 0x00007ffd4fa55000 	C:\Users\henry\AppData\Local\Temp\jna-99164440\jna11346705863504032764.dll
0x00007ffe0fd40000 - 0x00007ffe0fd48000 	C:\WINDOWS\System32\PSAPI.DLL
0x00007ffd9e340000 - 0x00007ffd9e34e000 	C:\Users\henry\.vscode\extensions\redhat.java-1.18.0-win32-x64\jre\17.0.7-win32-x86_64\bin\sunmscapi.dll
0x00007ffe0f480000 - 0x00007ffe0f5e7000 	C:\WINDOWS\System32\CRYPT32.dll
0x00007ffe0e590000 - 0x00007ffe0e5be000 	C:\WINDOWS\SYSTEM32\ncrypt.dll
0x00007ffe0e550000 - 0x00007ffe0e587000 	C:\WINDOWS\SYSTEM32\NTASN1.dll
0x00000000694f0000 - 0x0000000069516000 	C:\Program Files\Bonjour\mdnsNSP.dll
0x00007ffe05a30000 - 0x00007ffe05a3a000 	C:\Windows\System32\rasadhlp.dll
0x00007ffe05f80000 - 0x00007ffe06004000 	C:\WINDOWS\System32\fwpuclnt.dll

dbghelp: loaded successfully - version: 4.0.5 - missing functions: none
symbol engine: initialized successfully - sym options: 0x614 - pdb path: .;c:\Users\henry\.vscode\extensions\redhat.java-1.18.0-win32-x64\jre\17.0.7-win32-x86_64\bin;C:\WINDOWS\SYSTEM32;C:\WINDOWS\WinSxS\amd64_microsoft.windows.common-controls_6595b64144ccf1df_6.0.22621.1635_none_270f70857386168e;c:\Users\henry\.vscode\extensions\redhat.java-1.18.0-win32-x64\jre\17.0.7-win32-x86_64\bin\server;C:\Users\henry\AppData\Roaming\Code\User\globalStorage\redhat.java\1.18.0\config_win\org.eclipse.equinox.launcher\org.eclipse.equinox.launcher.win32.win32.x86_64_1.2.700.v20221108-1024;C:\Users\henry\AppData\Local\Temp\jna-99164440;C:\Program Files\Bonjour

VM Arguments:
jvm_args: --add-modules=ALL-SYSTEM --add-opens=java.base/java.util=ALL-UNNAMED --add-opens=java.base/java.lang=ALL-UNNAMED --add-opens=java.base/sun.nio.fs=ALL-UNNAMED -Declipse.application=org.eclipse.jdt.ls.core.id1 -Dosgi.bundles.defaultStartLevel=4 -Declipse.product=org.eclipse.jdt.ls.core.product -Djava.import.generatesMetadataFilesAtProjectRoot=false -Dfile.encoding=utf8 -XX:+UseParallelGC -XX:GCTimeRatio=4 -XX:AdaptiveSizePolicyWeight=90 -Dsun.zip.disableMemoryMapping=true -Xmx1G -Xms100m -Xlog:disable -javaagent:c:\Users\henry\.vscode\extensions\redhat.java-1.18.0-win32-x64\lombok\lombok-1.18.27.jar -XX:+HeapDumpOnOutOfMemoryError -XX:HeapDumpPath=c:\Users\henry\AppData\Roaming\Code\User\workspaceStorage\5d544f449393da9ed85312ca5a21f1ed\redhat.java -Daether.dependencyCollector.impl=bf 
java_command: c:\Users\henry\.vscode\extensions\redhat.java-1.18.0-win32-x64\server\plugins\org.eclipse.equinox.launcher_1.6.400.v20210924-0641.jar -configuration c:\Users\henry\AppData\Roaming\Code\User\globalStorage\redhat.java\1.18.0\config_win -data c:\Users\henry\AppData\Roaming\Code\User\workspaceStorage\5d544f449393da9ed85312ca5a21f1ed\redhat.java\jdt_ws
java_class_path (initial): c:\Users\henry\.vscode\extensions\redhat.java-1.18.0-win32-x64\server\plugins\org.eclipse.equinox.launcher_1.6.400.v20210924-0641.jar
Launcher Type: SUN_STANDARD

[Global flags]
    uintx AdaptiveSizePolicyWeight                 = 90                                        {product} {command line}
     intx CICompilerCount                          = 4                                         {product} {ergonomic}
    uintx GCTimeRatio                              = 4                                         {product} {command line}
     bool HeapDumpOnOutOfMemoryError               = true                                   {manageable} {command line}
    ccstr HeapDumpPath                             = c:\Users\henry\AppData\Roaming\Code\User\workspaceStorage\5d544f449393da9ed85312ca5a21f1ed\redhat.java         {manageable} {command line}
   size_t InitialHeapSize                          = 104857600                                 {product} {command line}
   size_t MaxHeapSize                              = 1073741824                                {product} {command line}
   size_t MaxNewSize                               = 357564416                                 {product} {ergonomic}
   size_t MinHeapDeltaBytes                        = 524288                                    {product} {ergonomic}
   size_t MinHeapSize                              = 104857600                                 {product} {command line}
   size_t NewSize                                  = 34603008                                  {product} {ergonomic}
    uintx NonNMethodCodeHeapSize                   = 5839372                                {pd product} {ergonomic}
    uintx NonProfiledCodeHeapSize                  = 122909434                              {pd product} {ergonomic}
   size_t OldSize                                  = 70254592                                  {product} {ergonomic}
    uintx ProfiledCodeHeapSize                     = 122909434                              {pd product} {ergonomic}
    uintx ReservedCodeCacheSize                    = 251658240                              {pd product} {ergonomic}
     bool SegmentedCodeCache                       = true                                      {product} {ergonomic}
   size_t SoftMaxHeapSize                          = 1073741824                             {manageable} {ergonomic}
     bool UseCompressedClassPointers               = true                           {product lp64_product} {ergonomic}
     bool UseCompressedOops                        = true                           {product lp64_product} {ergonomic}
     bool UseLargePagesIndividualAllocation        = false                                  {pd product} {ergonomic}
     bool UseParallelGC                            = true                                      {product} {command line}

Logging:
Log output configuration:
 #0: stdout all=off uptime,level,tags
 #1: stderr all=off uptime,level,tags

Environment Variables:
PATH=D:\Oculus\Support\oculus-runtime;C:\Program Files\NVIDIA GPU Computing Toolkit\CUDA\v11.2\bin;C:\Program Files\NVIDIA GPU Computing Toolkit\CUDA\v11.2\libnvvp;C:\Program Files\Common Files\Oracle\Java\javapath;C:\Program Files (x86)\Common Files\Oracle\Java\javapath;C:\Program Files (x86)\Razer Chroma SDK\bin;C:\Program Files\Razer Chroma SDK\bin;C:\Program Files (x86)\Razer\ChromaBroadcast\bin;C:\Program Files\Razer\ChromaBroadcast\bin;C:\Windows\system32;C:\Windows;C:\Windows\System32\Wbem;C:\Windows\System32\WindowsPowerShell\v1.0\;C:\Windows\System32\OpenSSH\;C:\Windows\system32\config\systemprofile\AppData\Local\Microsoft\WindowsApps;C:\Program Files\nodejs\;C:\src\flutter\bin;C:\ProgramData\chocolatey\bin;C:\Program Files\Git\cmd;C:\Program Files\dotnet\;C:\ProgramData\Anaconda3;C:\ProgramData\Anaconda3\Scripts;C:\Program Files\NVIDIA Corporation\NVIDIA NvDLISR;C:\Program Files (x86)\NVIDIA Corporation\PhysX\Common;C:\Program Files (x86)\cloudflared\.;C:\WINDOWS\system32;C:\WINDOWS;C:\WINDOWS\System32\Wbem;C:\WINDOWS\System32\WindowsPowerShell\v1.0\;C:\WINDOWS\System32\OpenSSH\;C:\Program Files\Cloudflare\Cloudflare WARP\;C:\Program Files\CMake\bin;C:\Program Files\NVIDIA Corporation\Nsight Compute 2022.3.0\;G:\Users\Henry\Desktop\part1\part1\opencv\opencv\build\install\x64\vc17\bin;%PNPM_HOME%;C:\Users\henry\AppData\Local\Microsoft\WindowsApps;C:\Users\henry\AppData\Roaming\npm;D:\Program Files (x86)\Microsoft VS Code\bin;C:\tools\dart-sdk\bin;C:\Users\henry\AppData\Roaming\Pub\Cache\bin;C:\Program Files\heroku\bin;C:\Users\henry\.dotnet\tools;C:\mingw64\bin;C:\mingw64\GnuWin32\bin;C:\Users\henry\AppData\Local\pnpm;
USERNAME=henry
OS=Windows_NT
PROCESSOR_IDENTIFIER=Intel64 Family 6 Model 158 Stepping 13, GenuineIntel
TMP=C:\Users\henry\AppData\Local\Temp
TEMP=C:\Users\henry\AppData\Local\Temp



---------------  S Y S T E M  ---------------

OS:
 Windows 11 , 64 bit Build 22621 (10.0.22621.1635)
OS uptime: 0 days 10:51 hours

CPU: total 8 (initial active 8) (8 cores per cpu, 1 threads per core) family 6 model 158 stepping 13 microcode 0xde, cx8, cmov, fxsr, mmx, 3dnowpref, sse, sse2, sse3, ssse3, sse4.1, sse4.2, popcnt, lzcnt, tsc, tscinvbit, avx, avx2, aes, erms, clmul, bmi1, bmi2, adx, fma, vzeroupper, clflush, clflushopt

Memory: 4k page, system-wide physical 32681M (7845M free)
TotalPageFile size 48051M (AvailPageFile size 5914M)
current process WorkingSet (physical memory assigned to process): 494M, peak: 590M
current process commit charge ("private bytes"): 552M, peak: 659M

vm_info: OpenJDK 64-Bit Server VM (17.0.7+7) for windows-amd64 JRE (17.0.7+7), built on Apr 18 2023 22:10:42 by "temurin" with MS VC++ 16.7 (VS2019)

END.
