#
# A fatal error has been detected by the Java Runtime Environment:
#
#  EXCEPTION_ACCESS_VIOLATION (0xc0000005) at pc=0x00007ffd98908253, pid=37160, tid=37600
#
# JRE version: OpenJDK Runtime Environment Temurin-17.0.7+7 (17.0.7+7) (build 17.0.7+7)
# Java VM: OpenJDK 64-Bit Server VM Temurin-17.0.7+7 (17.0.7+7, mixed mode, tiered, compressed oops, compressed class ptrs, parallel gc, windows-amd64)
# Problematic frame:
# V  [jvm.dll+0x6a8253]
#
# No core dump will be written. Minidumps are not enabled by default on client versions of Windows
#
# If you would like to submit a bug report, please visit:
#   https://github.com/adoptium/adoptium-support/issues
#

---------------  S U M M A R Y ------------

Command Line: --add-modules=ALL-SYSTEM --add-opens=java.base/java.util=ALL-UNNAMED --add-opens=java.base/java.lang=ALL-UNNAMED --add-opens=java.base/sun.nio.fs=ALL-UNNAMED -Declipse.application=org.eclipse.jdt.ls.core.id1 -Dosgi.bundles.defaultStartLevel=4 -Declipse.product=org.eclipse.jdt.ls.core.product -Djava.import.generatesMetadataFilesAtProjectRoot=false -Dfile.encoding=utf8 -XX:+UseParallelGC -XX:GCTimeRatio=4 -XX:AdaptiveSizePolicyWeight=90 -Dsun.zip.disableMemoryMapping=true -Xmx1G -Xms100m -Xlog:disable -javaagent:c:\Users\henry\.vscode\extensions\redhat.java-1.18.0-win32-x64\lombok\lombok-1.18.27.jar -XX:+HeapDumpOnOutOfMemoryError -XX:HeapDumpPath=c:\Users\henry\AppData\Roaming\Code\User\workspaceStorage\5d544f449393da9ed85312ca5a21f1ed\redhat.java -Daether.dependencyCollector.impl=bf c:\Users\henry\.vscode\extensions\redhat.java-1.18.0-win32-x64\server\plugins\org.eclipse.equinox.launcher_1.6.400.v20210924-0641.jar -configuration c:\Users\henry\AppData\Roaming\Code\User\globalStorage\redhat.java\1.18.0\config_win -data c:\Users\henry\AppData\Roaming\Code\User\workspaceStorage\5d544f449393da9ed85312ca5a21f1ed\redhat.java\jdt_ws

Host: Intel(R) Core(TM) i7-9700KF CPU @ 3.60GHz, 8 cores, 31G,  Windows 11 , 64 bit Build 22621 (10.0.22621.1635)
Time: Thu May 25 23:54:15 2023  Windows 11 , 64 bit Build 22621 (10.0.22621.1635) elapsed time: 4575.211977 seconds (0d 1h 16m 15s)

---------------  T H R E A D  ---------------

Current thread (0x000002613e460010):  GCTaskThread "GC Thread#7" [stack: 0x0000008e73e00000,0x0000008e73f00000] [id=37600]

Stack: [0x0000008e73e00000,0x0000008e73f00000],  sp=0x0000008e73effa90,  free space=1022k
Native frames: (J=compiled Java code, j=interpreted, Vv=VM code, C=native code)
V  [jvm.dll+0x6a8253]


siginfo: EXCEPTION_ACCESS_VIOLATION (0xc0000005), reading address 0x000000018365d660


Register to memory mapping:

RIP=0x00007ffd98908253 jvm.dll
RAX=0x00000000c1b2eb30 is an oop: java.lang.String 
{0x00000000c1b2eb30} - klass: 'java/lang/String'
 - string: "jar"
RBX=0x00000000c1b2eaf8 is pointing into object: java.net.URI 
{0x00000000c1b2eae0} - klass: 'java/net/URI'
 - ---- fields (total size 10 words):
 - private transient 'port' 'I' @12  -1 (ffffffff)
 - private transient 'hash' 'I' @16  0
 - private transient 'scheme' 'Ljava/lang/String;' @20  "jar"{0x00000000c1b2eb30} (c1b2eb30)
 - private transient 'fragment' 'Ljava/lang/String;' @24  NULL (0)
 - private transient 'authority' 'Ljava/lang/String;' @28  NULL (0)
 - private transient 'userInfo' 'Ljava/lang/String;' @32  NULL (0)
 - private transient 'host' 'Ljava/lang/String;' @36  NULL (0)
 - private transient 'path' 'Ljava/lang/String;' @40  NULL (0)
 - private transient 'query' 'Ljava/lang/String;' @44  NULL (0)
 - private transient 'schemeSpecificPart' 'Ljava/lang/String;' @48  "file:///C:/Users/henry/.m2/repository/org/springframework/security/spring-security-config/6.0.3/spring-security-config-6.0.3.jar!/org/springframework/security/config/annotation/web/builders/HttpSecurity.class"{0x00000000c1b2eb60} (c1b2eb60)
 - private transient 'decodedUserInfo' 'Ljava/lang/String;' @52  NULL (0)
 - private transient 'decodedAuthority' 'Ljava/lang/String;' @56  NULL (0)
 - private transient 'decodedPath' 'Ljava/lang/String;' @60  NULL (0)
 - private transient 'decodedQuery' 'Ljava/lang/String;' @64  NULL (0)
 - private transient 'decodedFragment' 'Ljava/lang/String;' @68  NULL (0)
 - private transient 'decodedSchemeSpecificPart' 'Ljava/lang/String;' @72  NULL (0)
 - private volatile 'string' 'Ljava/lang/String;' @76  "jar:file:///C:/Users/henry/.m2/repository/org/springframework/security/spring-security-config/6.0.3/spring-security-config-6.0.3.jar!/org/springframework/security/config/annotation/web/builders/HttpSecurity.class"{0x00000000c1b2ec58} (c1b2ec58)
RCX=0x00007ffd98de5300 jvm.dll
RDX=0x00000000c1b2eb30 is an oop: java.lang.String 
{0x00000000c1b2eb30} - klass: 'java/lang/String'
 - string: "jar"
RSP=0x0000008e73effa90 points into unknown readable memory: 0x00000000c1b00000 | 00 00 b0 c1 00 00 00 00
RBP=0x0000000100076380 is pointing into metadata
RSI=0x00000000c1b2eb30 is an oop: java.lang.String 
{0x00000000c1b2eb30} - klass: 'java/lang/String'
 - string: "jar"
RDI=0x00000000c1b2eb30 is an oop: java.lang.String 
{0x00000000c1b2eb30} - klass: 'java/lang/String'
 - string: "jar"
R8 =0x00000261376da100 points into unknown readable memory: 0x000002612398bad0 | d0 ba 98 23 61 02 00 00
R9 =0x0000000000010000 is an unknown value
R10=0x00000261376da100 points into unknown readable memory: 0x000002612398bad0 | d0 ba 98 23 61 02 00 00
R11=0x00000261376da100 points into unknown readable memory: 0x000002612398bad0 | d0 ba 98 23 61 02 00 00
R12=0x00000000c1b2eae0 is an oop: java.net.URI 
{0x00000000c1b2eae0} - klass: 'java/net/URI'
 - ---- fields (total size 10 words):
 - private transient 'port' 'I' @12  -1 (ffffffff)
 - private transient 'hash' 'I' @16  0
 - private transient 'scheme' 'Ljava/lang/String;' @20  "jar"{0x00000000c1b2eb30} (c1b2eb30)
 - private transient 'fragment' 'Ljava/lang/String;' @24  NULL (0)
 - private transient 'authority' 'Ljava/lang/String;' @28  NULL (0)
 - private transient 'userInfo' 'Ljava/lang/String;' @32  NULL (0)
 - private transient 'host' 'Ljava/lang/String;' @36  NULL (0)
 - private transient 'path' 'Ljava/lang/String;' @40  NULL (0)
 - private transient 'query' 'Ljava/lang/String;' @44  NULL (0)
 - private transient 'schemeSpecificPart' 'Ljava/lang/String;' @48  "file:///C:/Users/henry/.m2/repository/org/springframework/security/spring-security-config/6.0.3/spring-security-config-6.0.3.jar!/org/springframework/security/config/annotation/web/builders/HttpSecurity.class"{0x00000000c1b2eb60} (c1b2eb60)
 - private transient 'decodedUserInfo' 'Ljava/lang/String;' @52  NULL (0)
 - private transient 'decodedAuthority' 'Ljava/lang/String;' @56  NULL (0)
 - private transient 'decodedPath' 'Ljava/lang/String;' @60  NULL (0)
 - private transient 'decodedQuery' 'Ljava/lang/String;' @64  NULL (0)
 - private transient 'decodedFragment' 'Ljava/lang/String;' @68  NULL (0)
 - private transient 'decodedSchemeSpecificPart' 'Ljava/lang/String;' @72  NULL (0)
 - private volatile 'string' 'Ljava/lang/String;' @76  "jar:file:///C:/Users/henry/.m2/repository/org/springframework/security/spring-security-config/6.0.3/spring-security-config-6.0.3.jar!/org/springframework/security/config/annotation/web/builders/HttpSecurity.class"{0x00000000c1b2ec58} (c1b2ec58)
R13=0x00000000009e0000 is an unknown value
R14=0x0000008e73effaf0 points into unknown readable memory: 0x00007ffd98c100a8 | a8 00 c1 98 fd 7f 00 00
R15=0x0000000100076388 is a pointer to class: 
jdk.internal.access.JavaNetUriAccess {0x0000000100076390}
 - instance size:     2
 - klass size:        63
 - access:            public interface abstract 
 - state:             linked
 - name:              'jdk/internal/access/JavaNetUriAccess'
 - super:             'java/lang/Object'
 - sub:               
 - nof implementors:  1
 - implementor:    
   'java/net/URI$1'
 - arrays:            NULL
 - methods:           Array<T>(0x0000026138242310)
 - method ordering:   Array<T>(0x0000026138000018)
 - default_methods:   Array<T>(0x0000000000000000)
 - local interfaces:  Array<T>(0x0000026138000058)
 - trans. interfaces: Array<T>(0x0000026138000058)
 - constants:         constant pool [7] {0x0000026138242270} for 'jdk/internal/access/JavaNetUriAccess' cache=0x0000026138242510
 - class loader data:  loader data: 0x00000261238ee5f0 of 'bootstrap'
 - class annotations:       Array<T>(0x0000000000000000)
 - class type annotations:  Array<T>(0x0000000000000000)
 - field annotations:       Array<T>(0x0000000000000000)
 - field type annotations:  Array<T>(0x0000000000000000)
 - inner classes:     Array<T>(0x0000026138000028)
 - nest members:     Array<T>(0x0000026138000028)
 - permitted subclasses:     Array<T>(0x0000026138000028)
 - java mirror:       a 'java/lang/Class'{0x00000000c01b8558} = 'jdk/internal/access/JavaNetUriAccess'
 - vtable length      5  (start addr: 0x0000000100076550)
 - itable length      0 (start addr: 0x0000000100076578)
 - ---- static fields (0 words):
 - ---- non-static fields (0 words):
 - non-static oop maps: 


Registers:
RAX=0x00000000c1b2eb30, RBX=0x00000000c1b2eaf8, RCX=0x00007ffd98de5300, RDX=0x00000000c1b2eb30
RSP=0x0000008e73effa90, RBP=0x0000000100076380, RSI=0x00000000c1b2eb30, RDI=0x00000000c1b2eb30
R8 =0x00000261376da100, R9 =0x0000000000010000, R10=0x00000261376da100, R11=0x00000261376da100
R12=0x00000000c1b2eae0, R13=0x00000000009e0000, R14=0x0000008e73effaf0, R15=0x0000000100076388
RIP=0x00007ffd98908253, EFLAGS=0x0000000000010283

Top of Stack: (sp=0x0000008e73effa90)
0x0000008e73effa90:   00000000c1b00000 00007ffd989094bb
0x0000008e73effaa0:   00000261376da100 0000026121820870
0x0000008e73effab0:   0000008e73effc00 00007ffd98de52c0
0x0000008e73effac0:   0000000000380000 00007ffd9891382f
0x0000008e73effad0:   0000000000365d5c 0000000000380000
0x0000008e73effae0:   0000000000365d65 00000000009e0000
0x0000008e73effaf0:   00007ffd98c100a8 0000000000000000
0x0000008e73effb00:   00000261376da100 0000008e727feb28
0x0000008e73effb10:   0000008e727fe888 00007ffd9890f017
0x0000008e73effb20:   0000008e73effba0 00007ffd98a532f7
0x0000008e73effb30:   0000006d5d696c98 00007ffd988d099f
0x0000008e73effb40:   0000008e73effc00 00007ffd988e14ee
0x0000008e73effb50:   0000008e73effc00 00007ffd98aa7998
0x0000008e73effb60:   00000261238ee5f0 00007ffd9845773b
0x0000008e73effb70:   00000261376da100 0000000000000000
0x0000008e73effb80:   00007ffd98de5120 00007ffd98de52c0 

Instructions: (pc=0x00007ffd98908253)
0x00007ffd98908153:   cc cc cc cc cc cc cc cc cc cc cc cc cc 80 3d 27
0x00007ffd98908163:   34 4c 00 00 4c 8d 15 c2 06 00 00 49 8b c2 4c 8d
0x00007ffd98908173:   0d 68 08 00 00 49 0f 45 c1 48 89 05 d5 c5 46 00
0x00007ffd98908183:   49 3b c2 0f 84 a4 06 00 00 48 ff e0 cc 80 3d f7
0x00007ffd98908193:   33 4c 00 00 4c 8d 15 52 07 00 00 49 8b c2 4c 8d
0x00007ffd989081a3:   0d 28 09 00 00 49 0f 45 c1 48 89 05 d5 c5 46 00
0x00007ffd989081b3:   49 3b c2 0f 84 34 07 00 00 48 ff e0 cc 80 3d c7
0x00007ffd989081c3:   33 4c 00 00 4c 8d 15 62 06 00 00 49 8b c2 4c 8d
0x00007ffd989081d3:   0d 08 08 00 00 49 0f 45 c1 48 89 05 5d c5 46 00
0x00007ffd989081e3:   49 3b c2 0f 84 44 06 00 00 48 ff e0 cc 80 3d 97
0x00007ffd989081f3:   33 4c 00 00 4c 8d 15 c2 09 00 00 49 8b c2 4c 8d
0x00007ffd98908203:   0d 78 0a 00 00 49 0f 45 c1 48 89 05 5d c5 46 00
0x00007ffd98908213:   49 3b c2 0f 84 a4 09 00 00 48 ff e0 cc 80 3d 67
0x00007ffd98908223:   33 4c 00 00 4c 8d 15 12 0b 00 00 49 8b c2 4c 8d
0x00007ffd98908233:   0d 28 0d 00 00 49 0f 45 c1 48 89 05 0d c5 46 00
0x00007ffd98908243:   49 3b c2 0f 84 f4 0a 00 00 48 ff e0 cc 80 3d 37
0x00007ffd98908253:   33 4c 00 00 4c 8d 15 e2 0b 00 00 49 8b c2 4c 8d
0x00007ffd98908263:   0d 38 0e 00 00 49 0f 45 c1 48 89 05 0d c5 46 00
0x00007ffd98908273:   49 3b c2 0f 84 c4 0b 00 00 48 ff e0 cc 80 3d 07
0x00007ffd98908283:   33 4c 00 00 4c 8d 15 32 0f 00 00 4d 8b c8 49 8b
0x00007ffd98908293:   c2 4c 8d 05 45 0f 00 00 49 0f 45 c0 48 89 05 a2
0x00007ffd989082a3:   c4 46 00 49 3b c2 75 0b 4c 8b c1 49 8b c9 e9 fa
0x00007ffd989082b3:   01 00 00 4d 8b c1 48 ff e0 cc cc cc cc 80 3d c7
0x00007ffd989082c3:   32 4c 00 00 4c 8d 15 02 0f 00 00 4d 8b c8 49 8b
0x00007ffd989082d3:   c2 4c 8d 05 05 10 00 00 49 0f 45 c0 48 89 05 92
0x00007ffd989082e3:   c4 46 00 49 3b c2 75 0b 4c 8b c1 49 8b c9 e9 8a
0x00007ffd989082f3:   03 00 00 4d 8b c1 48 ff e0 cc cc cc cc 80 3d 87
0x00007ffd98908303:   32 4c 00 00 4c 8d 15 e2 0f 00 00 49 8b c2 4c 8d
0x00007ffd98908313:   0d 28 11 00 00 49 0f 45 c1 48 89 05 45 c4 46 00
0x00007ffd98908323:   49 3b c2 0f 84 c4 0f 00 00 48 ff e0 cc 80 3d 57
0x00007ffd98908333:   32 4c 00 00 4c 8d 15 52 10 00 00 49 8b c2 4c 8d
0x00007ffd98908343:   0d a8 11 00 00 49 0f 45 c1 48 89 05 45 c4 46 00 


Stack slot to memory mapping:
stack at sp + 0 slots: 0x00000000c1b00000 is pointing into object: [Lorg.eclipse.jdt.internal.compiler.lookup.MethodBinding; 
{0x00000000c1afffe8} - klass: 'org/eclipse/jdt/internal/compiler/lookup/MethodBinding'[]
 - length: 3
stack at sp + 1 slots: 0x00007ffd989094bb jvm.dll
stack at sp + 2 slots: 0x00000261376da100 points into unknown readable memory: 0x000002612398bad0 | d0 ba 98 23 61 02 00 00
stack at sp + 3 slots: 0x0000026121820870 points into unknown readable memory: 0x00000000c1b00000 | 00 00 b0 c1 00 00 00 00
stack at sp + 4 slots: 0x0000008e73effc00 points into unknown readable memory: 0x00007ffd98c10088 | 88 00 c1 98 fd 7f 00 00
stack at sp + 5 slots: 0x00007ffd98de52c0 jvm.dll
stack at sp + 6 slots: 0x0000000000380000 is an unknown value
stack at sp + 7 slots: 0x00007ffd9891382f jvm.dll


---------------  P R O C E S S  ---------------

Threads class SMR info:
_java_thread_list=0x000002613ed32440, length=43, elements={
0x00000261238ce6e0, 0x000002612398e6e0, 0x0000026137744a40, 0x000002613c9f71b0,
0x000002613c9f7680, 0x000002613c9f8140, 0x000002613c9f8a00, 0x000002613ca1f190,
0x000002613ca1fa90, 0x000002613ca20390, 0x000002613cb0c220, 0x000002613ccbe540,
0x000002613e00aa30, 0x0000026123933200, 0x000002613deac6e0, 0x000002613e281b10,
0x000002613e4e5570, 0x000002613d9e4ea0, 0x000002613d9e61e0, 0x000002613d9e66b0,
0x000002613d9e7050, 0x000002613f33e9a0, 0x00000261411eb680, 0x00000261411ea810,
0x00000261411edd00, 0x00000261411f11f0, 0x000002614bd471c0, 0x000002613f33afe0,
0x000002613f33ccc0, 0x000002613d9e5370, 0x000002613f340680, 0x000002613ea6b3f0,
0x000002613ea6aa50, 0x000002613ea6af20, 0x000002613ea66220, 0x000002613ea69710,
0x000002613ea66bc0, 0x000002613ea6a0b0, 0x000002613ea67560, 0x000002613ea6a580,
0x000002613ea64ee0, 0x000002613ea64540, 0x000002613ea65d50
}

Java Threads: ( => current thread )
  0x00000261238ce6e0 JavaThread "main" [_thread_blocked, id=38504, stack(0x0000008e72500000,0x0000008e72600000)]
  0x000002612398e6e0 JavaThread "Reference Handler" daemon [_thread_blocked, id=38552, stack(0x0000008e72800000,0x0000008e72900000)]
  0x0000026137744a40 JavaThread "Finalizer" daemon [_thread_blocked, id=38404, stack(0x0000008e72900000,0x0000008e72a00000)]
  0x000002613c9f71b0 JavaThread "Signal Dispatcher" daemon [_thread_blocked, id=34896, stack(0x0000008e72a00000,0x0000008e72b00000)]
  0x000002613c9f7680 JavaThread "Attach Listener" daemon [_thread_blocked, id=37552, stack(0x0000008e72b00000,0x0000008e72c00000)]
  0x000002613c9f8140 JavaThread "Service Thread" daemon [_thread_blocked, id=36944, stack(0x0000008e72c00000,0x0000008e72d00000)]
  0x000002613c9f8a00 JavaThread "Monitor Deflation Thread" daemon [_thread_blocked, id=38380, stack(0x0000008e72d00000,0x0000008e72e00000)]
  0x000002613ca1f190 JavaThread "C2 CompilerThread0" daemon [_thread_blocked, id=14168, stack(0x0000008e72e00000,0x0000008e72f00000)]
  0x000002613ca1fa90 JavaThread "C1 CompilerThread0" daemon [_thread_blocked, id=36412, stack(0x0000008e72f00000,0x0000008e73000000)]
  0x000002613ca20390 JavaThread "Sweeper thread" daemon [_thread_blocked, id=38792, stack(0x0000008e73000000,0x0000008e73100000)]
  0x000002613cb0c220 JavaThread "Common-Cleaner" daemon [_thread_blocked, id=37024, stack(0x0000008e73100000,0x0000008e73200000)]
  0x000002613ccbe540 JavaThread "Notification Thread" daemon [_thread_blocked, id=38136, stack(0x0000008e73300000,0x0000008e73400000)]
  0x000002613e00aa30 JavaThread "Active Thread: Equinox Container: ba2d59b9-c011-4ffe-b4f3-37b9493f9cd0" [_thread_blocked, id=26464, stack(0x0000008e73c00000,0x0000008e73d00000)]
  0x0000026123933200 JavaThread "Framework Event Dispatcher: Equinox Container: ba2d59b9-c011-4ffe-b4f3-37b9493f9cd0" daemon [_thread_blocked, id=36492, stack(0x0000008e73200000,0x0000008e73300000)]
  0x000002613deac6e0 JavaThread "Start Level: Equinox Container: ba2d59b9-c011-4ffe-b4f3-37b9493f9cd0" daemon [_thread_blocked, id=38700, stack(0x0000008e73500000,0x0000008e73600000)]
  0x000002613e281b10 JavaThread "SCR Component Actor" daemon [_thread_blocked, id=38548, stack(0x0000008e73d00000,0x0000008e73e00000)]
  0x000002613e4e5570 JavaThread "Worker-JM" [_thread_blocked, id=9460, stack(0x0000008e74000000,0x0000008e74100000)]
  0x000002613d9e4ea0 JavaThread "Java indexing" daemon [_thread_blocked, id=36584, stack(0x0000008e74600000,0x0000008e74700000)]
  0x000002613d9e61e0 JavaThread "JNA Cleaner" daemon [_thread_blocked, id=33748, stack(0x0000008e74700000,0x0000008e74800000)]
  0x000002613d9e66b0 JavaThread "pool-2-thread-1" [_thread_blocked, id=1316, stack(0x0000008e74a00000,0x0000008e74b00000)]
  0x000002613d9e7050 JavaThread "pool-1-thread-1" [_thread_blocked, id=34124, stack(0x0000008e74b00000,0x0000008e74c00000)]
  0x000002613f33e9a0 JavaThread "Bundle File Closer" daemon [_thread_blocked, id=17312, stack(0x0000008e75200000,0x0000008e75300000)]
  0x00000261411eb680 JavaThread "Java Debug Server" daemon [_thread_in_native, id=8932, stack(0x0000008e74500000,0x0000008e74600000)]
  0x00000261411ea810 JavaThread "pool-5-thread-1" [_thread_in_native, id=15624, stack(0x0000008e75600000,0x0000008e75700000)]
  0x00000261411edd00 JavaThread "RxSchedulerPurge-1" daemon [_thread_blocked, id=9356, stack(0x0000008e75700000,0x0000008e75800000)]
  0x00000261411f11f0 JavaThread "RxCachedWorkerPoolEvictor-1" daemon [_thread_blocked, id=34800, stack(0x0000008e75800000,0x0000008e75900000)]
  0x000002614bd471c0 JavaThread "ForkJoinPool.commonPool-worker-22" daemon [_thread_blocked, id=36848, stack(0x0000008e74200000,0x0000008e74300000)]
  0x000002613f33afe0 JavaThread "ForkJoinPool.commonPool-worker-27" daemon [_thread_blocked, id=30632, stack(0x0000008e74d00000,0x0000008e74e00000)]
  0x000002613f33ccc0 JavaThread "ForkJoinPool.commonPool-worker-28" daemon [_thread_blocked, id=36132, stack(0x0000008e74e00000,0x0000008e74f00000)]
  0x000002613d9e5370 JavaThread "Worker-14" [_thread_blocked, id=21412, stack(0x0000008e74c00000,0x0000008e74d00000)]
  0x000002613f340680 JavaThread "Worker-15" [_thread_blocked, id=22444, stack(0x0000008e75300000,0x0000008e75400000)]
  0x000002613ea6b3f0 JavaThread "RxNewThreadScheduler-25" daemon [_thread_blocked, id=39720, stack(0x0000008e72400000,0x0000008e72500000)]
  0x000002613ea6aa50 JavaThread "Packet Receive Manager" daemon [_thread_in_native, id=35828, stack(0x0000008e74100000,0x0000008e74200000)]
  0x000002613ea6af20 JavaThread "Packet Send Manager" daemon [_thread_blocked, id=38932, stack(0x0000008e74900000,0x0000008e74a00000)]
  0x000002613ea66220 JavaThread "Event Hub" daemon [_thread_blocked, id=1272, stack(0x0000008e74800000,0x0000008e74900000)]
  0x000002613ea69710 JavaThread "ForkJoinPool.commonPool-worker-35" daemon [_thread_blocked, id=7388, stack(0x0000008e73f00000,0x0000008e74000000)]
  0x000002613ea66bc0 JavaThread "ForkJoinPool.commonPool-worker-36" daemon [_thread_blocked, id=33460, stack(0x0000008e74f00000,0x0000008e75000000)]
  0x000002613ea6a0b0 JavaThread "ForkJoinPool.commonPool-worker-37" daemon [_thread_blocked, id=3756, stack(0x0000008e72300000,0x0000008e72400000)]
  0x000002613ea67560 JavaThread "ForkJoinPool.commonPool-worker-38" daemon [_thread_blocked, id=34616, stack(0x0000008e74300000,0x0000008e74400000)]
  0x000002613ea6a580 JavaThread "ForkJoinPool.commonPool-worker-39" daemon [_thread_blocked, id=24280, stack(0x0000008e75000000,0x0000008e75100000)]
  0x000002613ea64ee0 JavaThread "ForkJoinPool.commonPool-worker-40" daemon [_thread_blocked, id=38420, stack(0x0000008e74400000,0x0000008e74500000)]
  0x000002613ea64540 JavaThread "ForkJoinPool.commonPool-worker-41" daemon [_thread_blocked, id=5884, stack(0x0000008e75100000,0x0000008e75200000)]
  0x000002613ea65d50 JavaThread "Worker-18" [_thread_blocked, id=38976, stack(0x0000008e75400000,0x0000008e75500000)]

Other Threads:
  0x000002613773f050 VMThread "VM Thread" [stack: 0x0000008e72700000,0x0000008e72800000] [id=33004]
  0x000002613cd29290 WatcherThread [stack: 0x0000008e73400000,0x0000008e73500000] [id=38308]
  0x00000261238e88d0 GCTaskThread "GC Thread#0" [stack: 0x0000008e72600000,0x0000008e72700000] [id=37140]
  0x000002613da54730 GCTaskThread "GC Thread#1" [stack: 0x0000008e73600000,0x0000008e73700000] [id=11448]
  0x000002613df69670 GCTaskThread "GC Thread#2" [stack: 0x0000008e73700000,0x0000008e73800000] [id=32276]
  0x000002613df69920 GCTaskThread "GC Thread#3" [stack: 0x0000008e73800000,0x0000008e73900000] [id=36648]
  0x000002613df69bd0 GCTaskThread "GC Thread#4" [stack: 0x0000008e73900000,0x0000008e73a00000] [id=34768]
  0x000002613df69e80 GCTaskThread "GC Thread#5" [stack: 0x0000008e73a00000,0x0000008e73b00000] [id=24896]
  0x000002613df6a130 GCTaskThread "GC Thread#6" [stack: 0x0000008e73b00000,0x0000008e73c00000] [id=35096]
=>0x000002613e460010 GCTaskThread "GC Thread#7" [stack: 0x0000008e73e00000,0x0000008e73f00000] [id=37600]

Threads with active compile tasks:

VM state: at safepoint (normal execution)

VM Mutex/Monitor currently owned by a thread:  ([mutex/lock_event])
[0x00000261238caec0] Threads_lock - owner thread: 0x000002613773f050
[0x00000261238ca800] Heap_lock - owner thread: 0x000002613ea69710

Heap address: 0x00000000c0000000, size: 1024 MB, Compressed Oops mode: 32-bit

CDS archive(s) not mapped
Compressed class space mapped at: 0x0000000100000000-0x0000000140000000, reserved size: 1073741824
Narrow klass base: 0x0000000000000000, Narrow klass shift: 3, Narrow klass range: 0x140000000

GC Precious Log:
 CPUs: 8 total, 8 available
 Memory: 32681M
 Large Page Support: Disabled
 NUMA Support: Disabled
 Compressed Oops: Enabled (32-bit)
 Alignments: Space 512K, Generation 512K, Heap 2M
 Heap Min Capacity: 100M
 Heap Initial Capacity: 100M
 Heap Max Capacity: 1G
 Pre-touch: Disabled
 Parallel Workers: 8

Heap:
 PSYoungGen      total 3584K, used 672K [0x00000000eab00000, 0x00000000eaf80000, 0x0000000100000000)
  eden space 2048K, 0% used [0x00000000eab00000,0x00000000eab00000,0x00000000ead00000)
  from space 1536K, 43% used [0x00000000ead00000,0x00000000eada8000,0x00000000eae80000)
  to   space 1024K, 0% used [0x00000000eae80000,0x00000000eae80000,0x00000000eaf80000)
 ParOldGen       total 102912K, used 101589K [0x00000000c0000000, 0x00000000c6480000, 0x00000000eab00000)
  object space 102912K, 98% used [0x00000000c0000000,0x00000000c63354b0,0x00000000c6480000)
 Metaspace       used 96341K, committed 97664K, reserved 1179648K
  class space    used 9745K, committed 10304K, reserved 1048576K

Card table byte_map: [0x0000026123270000,0x0000026123480000] _byte_map_base: 0x0000026122c70000

Marking Bits: (ParMarkBitMap*) 0x00007ffd98de52c0
 Begin Bits: [0x0000026135550000, 0x0000026136550000)
 End Bits:   [0x0000026136550000, 0x0000026137550000)

Polling page: 0x00000261217f0000

Metaspace:

Usage:
  Non-class:     84.57 MB used.
      Class:      9.52 MB used.
       Both:     94.08 MB used.

Virtual space:
  Non-class space:      128.00 MB reserved,      85.31 MB ( 67%) committed,  2 nodes.
      Class space:        1.00 GB reserved,      10.06 MB ( <1%) committed,  1 nodes.
             Both:        1.12 GB reserved,      95.38 MB (  8%) committed. 

Chunk freelists:
   Non-Class:  10.59 MB
       Class:  5.95 MB
        Both:  16.55 MB

MaxMetaspaceSize: unlimited
CompressedClassSpaceSize: 1.00 GB
Initial GC threshold: 21.00 MB
Current GC threshold: 158.88 MB
CDS: off
MetaspaceReclaimPolicy: balanced
 - commit_granule_bytes: 65536.
 - commit_granule_words: 8192.
 - virtual_space_node_default_size: 8388608.
 - enlarge_chunks_in_place: 1.
 - new_chunks_are_fully_committed: 0.
 - uncommit_free_chunks: 1.
 - use_allocation_guard: 0.
 - handle_deallocations: 1.


Internal statistics:

num_allocs_failed_limit: 9.
num_arena_births: 1160.
num_arena_deaths: 318.
num_vsnodes_births: 3.
num_vsnodes_deaths: 0.
num_space_committed: 1526.
num_space_uncommitted: 0.
num_chunks_returned_to_freelist: 424.
num_chunks_taken_from_freelist: 5689.
num_chunk_merges: 145.
num_chunk_splits: 3220.
num_chunks_enlarged: 1543.
num_inconsistent_stats: 0.

CodeHeap 'non-profiled nmethods': size=120000Kb used=23777Kb max_used=24173Kb free=96222Kb
 bounds [0x000002612e020000, 0x000002612f7c0000, 0x0000026135550000]
CodeHeap 'profiled nmethods': size=120000Kb used=39483Kb max_used=39483Kb free=80516Kb
 bounds [0x0000026126550000, 0x0000026128c20000, 0x000002612da80000]
CodeHeap 'non-nmethods': size=5760Kb used=1449Kb max_used=1549Kb free=4310Kb
 bounds [0x000002612da80000, 0x000002612dcf0000, 0x000002612e020000]
 total_blobs=19778 nmethods=18976 adapters=711
 compilation: enabled
              stopped_count=0, restarted_count=0
 full_count=0

Compilation events (20 events):
Event: 4574.746 Thread 0x000002613ca1fa90 27553       3       java.util.HashMap$Values::spliterator (16 bytes)
Event: 4574.747 Thread 0x000002613ca1fa90 nmethod 27553 0x00000261284b4a90 code [0x00000261284b4c40, 0x00000261284b4e08]
Event: 4574.747 Thread 0x000002613ca1fa90 27554       3       java.util.HashMap$ValueSpliterator::<init> (12 bytes)
Event: 4574.747 Thread 0x000002613ca1fa90 nmethod 27554 0x0000026127510d90 code [0x0000026127510f40, 0x0000026127511138]
Event: 4574.747 Thread 0x000002613ca1fa90 27555       3       org.eclipse.jdt.ls.core.internal.handlers.WorkspaceExecuteCommandHandler$$Lambda$434/0x00000001006cf3a0::<init> (10 bytes)
Event: 4574.747 Thread 0x000002613ca1fa90 nmethod 27555 0x0000026127980c90 code [0x0000026127980e20, 0x0000026127980f98]
Event: 4574.747 Thread 0x000002613ca1fa90 27556       3       org.eclipse.jdt.ls.core.internal.corrections.RefactorProcessor::getProposals (238 bytes)
Event: 4574.747 Thread 0x000002613ca1fa90 nmethod 27556 0x0000026128acb610 code [0x0000026128acb940, 0x0000026128acc8a8]
Event: 4574.751 Thread 0x000002613ca1fa90 27557       3       org.eclipse.jdt.internal.core.dom.rewrite.TokenScanner::isComment (25 bytes)
Event: 4574.751 Thread 0x000002613ca1fa90 nmethod 27557 0x0000026127d17410 code [0x0000026127d175a0, 0x0000026127d17778]
Event: 4574.845 Thread 0x000002613ca1f190 27558       4       java.util.Collections$SingletonList::iterator (8 bytes)
Event: 4574.846 Thread 0x000002613ca1f190 nmethod 27558 0x000002612e38c010 code [0x000002612e38c1a0, 0x000002612e38c278]
Event: 4575.021 Thread 0x000002613ca1f190 27559   !   4       org.eclipse.core.internal.jobs.JobManager::sleepHint (67 bytes)
Event: 4575.023 Thread 0x000002613ca1f190 nmethod 27559 0x000002612f3ed910 code [0x000002612f3edaa0, 0x000002612f3ee018]
Event: 4575.117 Thread 0x000002613ca1f190 27560       4       org.eclipse.jdt.ls.core.internal.handlers.WorkspaceExecuteCommandHandler$$Lambda$434/0x00000001006cf3a0::test (12 bytes)
Event: 4575.118 Thread 0x000002613ca1f190 nmethod 27560 0x000002612f23db90 code [0x000002612f23dd20, 0x000002612f23de48]
Event: 4575.119 Thread 0x000002613ca1fa90 27561       3       org.eclipse.jdt.ls.core.internal.corext.refactoring.code.ExtractMethodRefactoring::createVisitor (31 bytes)
Event: 4575.120 Thread 0x000002613ca1fa90 nmethod 27561 0x00000261280e7e90 code [0x00000261280e8060, 0x00000261280e8378]
Event: 4575.121 Thread 0x000002613ca1fa90 27562       3       org.eclipse.jdt.internal.core.dom.rewrite.RewriteEventStore::validateIsListProperty (41 bytes)
Event: 4575.122 Thread 0x000002613ca1fa90 nmethod 27562 0x0000026128aca890 code [0x0000026128acaae0, 0x0000026128acb308]

GC Heap History (20 events):
Event: 4575.123 GC heap after
{Heap after GC invocations=8158 (full 264):
 PSYoungGen      total 3072K, used 500K [0x00000000eab00000, 0x00000000eaf80000, 0x0000000100000000)
  eden space 2560K, 0% used [0x00000000eab00000,0x00000000eab00000,0x00000000ead80000)
  from space 512K, 97% used [0x00000000eae80000,0x00000000eaefd200,0x00000000eaf00000)
  to   space 1024K, 0% used [0x00000000ead80000,0x00000000ead80000,0x00000000eae80000)
 ParOldGen       total 102912K, used 93082K [0x00000000c0000000, 0x00000000c6480000, 0x00000000eab00000)
  object space 102912K, 90% used [0x00000000c0000000,0x00000000c5ae6930,0x00000000c6480000)
 Metaspace       used 96341K, committed 97664K, reserved 1179648K
  class space    used 9745K, committed 10304K, reserved 1048576K
}
Event: 4575.126 GC heap before
{Heap before GC invocations=8159 (full 264):
 PSYoungGen      total 3072K, used 3060K [0x00000000eab00000, 0x00000000eaf80000, 0x0000000100000000)
  eden space 2560K, 100% used [0x00000000eab00000,0x00000000ead80000,0x00000000ead80000)
  from space 512K, 97% used [0x00000000eae80000,0x00000000eaefd200,0x00000000eaf00000)
  to   space 1024K, 0% used [0x00000000ead80000,0x00000000ead80000,0x00000000eae80000)
 ParOldGen       total 102912K, used 93082K [0x00000000c0000000, 0x00000000c6480000, 0x00000000eab00000)
  object space 102912K, 90% used [0x00000000c0000000,0x00000000c5ae6930,0x00000000c6480000)
 Metaspace       used 96341K, committed 97664K, reserved 1179648K
  class space    used 9745K, committed 10304K, reserved 1048576K
}
Event: 4575.126 GC heap after
{Heap after GC invocations=8159 (full 264):
 PSYoungGen      total 3584K, used 592K [0x00000000eab00000, 0x00000000eaf80000, 0x0000000100000000)
  eden space 2560K, 0% used [0x00000000eab00000,0x00000000eab00000,0x00000000ead80000)
  from space 1024K, 57% used [0x00000000ead80000,0x00000000eae14010,0x00000000eae80000)
  to   space 1024K, 0% used [0x00000000eae80000,0x00000000eae80000,0x00000000eaf80000)
 ParOldGen       total 102912K, used 93554K [0x00000000c0000000, 0x00000000c6480000, 0x00000000eab00000)
  object space 102912K, 90% used [0x00000000c0000000,0x00000000c5b5cb40,0x00000000c6480000)
 Metaspace       used 96341K, committed 97664K, reserved 1179648K
  class space    used 9745K, committed 10304K, reserved 1048576K
}
Event: 4575.130 GC heap before
{Heap before GC invocations=8160 (full 264):
 PSYoungGen      total 3584K, used 3152K [0x00000000eab00000, 0x00000000eaf80000, 0x0000000100000000)
  eden space 2560K, 100% used [0x00000000eab00000,0x00000000ead80000,0x00000000ead80000)
  from space 1024K, 57% used [0x00000000ead80000,0x00000000eae14010,0x00000000eae80000)
  to   space 1024K, 0% used [0x00000000eae80000,0x00000000eae80000,0x00000000eaf80000)
 ParOldGen       total 102912K, used 93554K [0x00000000c0000000, 0x00000000c6480000, 0x00000000eab00000)
  object space 102912K, 90% used [0x00000000c0000000,0x00000000c5b5cb40,0x00000000c6480000)
 Metaspace       used 96341K, committed 97664K, reserved 1179648K
  class space    used 9745K, committed 10304K, reserved 1048576K
}
Event: 4575.131 GC heap after
{Heap after GC invocations=8160 (full 264):
 PSYoungGen      total 3584K, used 480K [0x00000000eab00000, 0x00000000eaf80000, 0x0000000100000000)
  eden space 2560K, 0% used [0x00000000eab00000,0x00000000eab00000,0x00000000ead80000)
  from space 1024K, 46% used [0x00000000eae80000,0x00000000eaef8000,0x00000000eaf80000)
  to   space 1024K, 0% used [0x00000000ead80000,0x00000000ead80000,0x00000000eae80000)
 ParOldGen       total 102912K, used 94034K [0x00000000c0000000, 0x00000000c6480000, 0x00000000eab00000)
  object space 102912K, 91% used [0x00000000c0000000,0x00000000c5bd4b60,0x00000000c6480000)
 Metaspace       used 96341K, committed 97664K, reserved 1179648K
  class space    used 9745K, committed 10304K, reserved 1048576K
}
Event: 4575.134 GC heap before
{Heap before GC invocations=8161 (full 264):
 PSYoungGen      total 3584K, used 3040K [0x00000000eab00000, 0x00000000eaf80000, 0x0000000100000000)
  eden space 2560K, 100% used [0x00000000eab00000,0x00000000ead80000,0x00000000ead80000)
  from space 1024K, 46% used [0x00000000eae80000,0x00000000eaef8000,0x00000000eaf80000)
  to   space 1024K, 0% used [0x00000000ead80000,0x00000000ead80000,0x00000000eae80000)
 ParOldGen       total 102912K, used 94034K [0x00000000c0000000, 0x00000000c6480000, 0x00000000eab00000)
  object space 102912K, 91% used [0x00000000c0000000,0x00000000c5bd4b60,0x00000000c6480000)
 Metaspace       used 96341K, committed 97664K, reserved 1179648K
  class space    used 9745K, committed 10304K, reserved 1048576K
}
Event: 4575.135 GC heap after
{Heap after GC invocations=8161 (full 264):
 PSYoungGen      total 3584K, used 1019K [0x00000000eab00000, 0x00000000eb180000, 0x0000000100000000)
  eden space 2560K, 0% used [0x00000000eab00000,0x00000000eab00000,0x00000000ead80000)
  from space 1024K, 99% used [0x00000000ead80000,0x00000000eae7ee50,0x00000000eae80000)
  to   space 2048K, 0% used [0x00000000eaf80000,0x00000000eaf80000,0x00000000eb180000)
 ParOldGen       total 102912K, used 94554K [0x00000000c0000000, 0x00000000c6480000, 0x00000000eab00000)
  object space 102912K, 91% used [0x00000000c0000000,0x00000000c5c56b60,0x00000000c6480000)
 Metaspace       used 96341K, committed 97664K, reserved 1179648K
  class space    used 9745K, committed 10304K, reserved 1048576K
}
Event: 4575.139 GC heap before
{Heap before GC invocations=8162 (full 264):
 PSYoungGen      total 3584K, used 3579K [0x00000000eab00000, 0x00000000eb180000, 0x0000000100000000)
  eden space 2560K, 100% used [0x00000000eab00000,0x00000000ead80000,0x00000000ead80000)
  from space 1024K, 99% used [0x00000000ead80000,0x00000000eae7ee50,0x00000000eae80000)
  to   space 2048K, 0% used [0x00000000eaf80000,0x00000000eaf80000,0x00000000eb180000)
 ParOldGen       total 102912K, used 94554K [0x00000000c0000000, 0x00000000c6480000, 0x00000000eab00000)
  object space 102912K, 91% used [0x00000000c0000000,0x00000000c5c56b60,0x00000000c6480000)
 Metaspace       used 96341K, committed 97664K, reserved 1179648K
  class space    used 9745K, committed 10304K, reserved 1048576K
}
Event: 4575.140 GC heap after
{Heap after GC invocations=8162 (full 264):
 PSYoungGen      total 2560K, used 2048K [0x00000000eab00000, 0x00000000eb600000, 0x0000000100000000)
  eden space 512K, 0% used [0x00000000eab00000,0x00000000eab00000,0x00000000eab80000)
  from space 2048K, 100% used [0x00000000eaf80000,0x00000000eb180000,0x00000000eb180000)
  to   space 4096K, 0% used [0x00000000eab80000,0x00000000eab80000,0x00000000eaf80000)
 ParOldGen       total 102912K, used 96104K [0x00000000c0000000, 0x00000000c6480000, 0x00000000eab00000)
  object space 102912K, 93% used [0x00000000c0000000,0x00000000c5dda2b0,0x00000000c6480000)
 Metaspace       used 96341K, committed 97664K, reserved 1179648K
  class space    used 9745K, committed 10304K, reserved 1048576K
}
Event: 4575.141 GC heap before
{Heap before GC invocations=8163 (full 264):
 PSYoungGen      total 2560K, used 2560K [0x00000000eab00000, 0x00000000eb600000, 0x0000000100000000)
  eden space 512K, 100% used [0x00000000eab00000,0x00000000eab80000,0x00000000eab80000)
  from space 2048K, 100% used [0x00000000eaf80000,0x00000000eb180000,0x00000000eb180000)
  to   space 4096K, 0% used [0x00000000eab80000,0x00000000eab80000,0x00000000eaf80000)
 ParOldGen       total 102912K, used 96104K [0x00000000c0000000, 0x00000000c6480000, 0x00000000eab00000)
  object space 102912K, 93% used [0x00000000c0000000,0x00000000c5dda2b0,0x00000000c6480000)
 Metaspace       used 96341K, committed 97664K, reserved 1179648K
  class space    used 9745K, committed 10304K, reserved 1048576K
}
Event: 4575.144 GC heap after
{Heap after GC invocations=8163 (full 264):
 PSYoungGen      total 1536K, used 608K [0x00000000eab00000, 0x00000000eb000000, 0x0000000100000000)
  eden space 512K, 0% used [0x00000000eab00000,0x00000000eab00000,0x00000000eab80000)
  from space 1024K, 59% used [0x00000000eab80000,0x00000000eac18000,0x00000000eac80000)
  to   space 2048K, 0% used [0x00000000eae00000,0x00000000eae00000,0x00000000eb000000)
 ParOldGen       total 102912K, used 98192K [0x00000000c0000000, 0x00000000c6480000, 0x00000000eab00000)
  object space 102912K, 95% used [0x00000000c0000000,0x00000000c5fe42b0,0x00000000c6480000)
 Metaspace       used 96341K, committed 97664K, reserved 1179648K
  class space    used 9745K, committed 10304K, reserved 1048576K
}
Event: 4575.145 GC heap before
{Heap before GC invocations=8164 (full 264):
 PSYoungGen      total 1536K, used 1119K [0x00000000eab00000, 0x00000000eb000000, 0x0000000100000000)
  eden space 512K, 99% used [0x00000000eab00000,0x00000000eab7fff0,0x00000000eab80000)
  from space 1024K, 59% used [0x00000000eab80000,0x00000000eac18000,0x00000000eac80000)
  to   space 2048K, 0% used [0x00000000eae00000,0x00000000eae00000,0x00000000eb000000)
 ParOldGen       total 102912K, used 98192K [0x00000000c0000000, 0x00000000c6480000, 0x00000000eab00000)
  object space 102912K, 95% used [0x00000000c0000000,0x00000000c5fe42b0,0x00000000c6480000)
 Metaspace       used 96341K, committed 97664K, reserved 1179648K
  class space    used 9745K, committed 10304K, reserved 1048576K
}
Event: 4575.146 GC heap after
{Heap after GC invocations=8164 (full 264):
 PSYoungGen      total 2048K, used 576K [0x00000000eab00000, 0x00000000eaf00000, 0x0000000100000000)
  eden space 1024K, 0% used [0x00000000eab00000,0x00000000eab00000,0x00000000eac00000)
  from space 1024K, 56% used [0x00000000eae00000,0x00000000eae90000,0x00000000eaf00000)
  to   space 1024K, 0% used [0x00000000ead00000,0x00000000ead00000,0x00000000eae00000)
 ParOldGen       total 102912K, used 98720K [0x00000000c0000000, 0x00000000c6480000, 0x00000000eab00000)
  object space 102912K, 95% used [0x00000000c0000000,0x00000000c60682b0,0x00000000c6480000)
 Metaspace       used 96341K, committed 97664K, reserved 1179648K
  class space    used 9745K, committed 10304K, reserved 1048576K
}
Event: 4575.148 GC heap before
{Heap before GC invocations=8165 (full 264):
 PSYoungGen      total 2048K, used 1600K [0x00000000eab00000, 0x00000000eaf00000, 0x0000000100000000)
  eden space 1024K, 100% used [0x00000000eab00000,0x00000000eac00000,0x00000000eac00000)
  from space 1024K, 56% used [0x00000000eae00000,0x00000000eae90000,0x00000000eaf00000)
  to   space 1024K, 0% used [0x00000000ead00000,0x00000000ead00000,0x00000000eae00000)
 ParOldGen       total 102912K, used 98720K [0x00000000c0000000, 0x00000000c6480000, 0x00000000eab00000)
  object space 102912K, 95% used [0x00000000c0000000,0x00000000c60682b0,0x00000000c6480000)
 Metaspace       used 96341K, committed 97664K, reserved 1179648K
  class space    used 9745K, committed 10304K, reserved 1048576K
}
Event: 4575.150 GC heap after
{Heap after GC invocations=8165 (full 264):
 PSYoungGen      total 2560K, used 1024K [0x00000000eab00000, 0x00000000eb080000, 0x0000000100000000)
  eden space 1536K, 0% used [0x00000000eab00000,0x00000000eab00000,0x00000000eac80000)
  from space 1024K, 100% used [0x00000000ead00000,0x00000000eae00000,0x00000000eae00000)
  to   space 2048K, 0% used [0x00000000eae80000,0x00000000eae80000,0x00000000eb080000)
 ParOldGen       total 102912K, used 99264K [0x00000000c0000000, 0x00000000c6480000, 0x00000000eab00000)
  object space 102912K, 96% used [0x00000000c0000000,0x00000000c60f02b0,0x00000000c6480000)
 Metaspace       used 96341K, committed 97664K, reserved 1179648K
  class space    used 9745K, committed 10304K, reserved 1048576K
}
Event: 4575.153 GC heap before
{Heap before GC invocations=8166 (full 264):
 PSYoungGen      total 2560K, used 2560K [0x00000000eab00000, 0x00000000eb080000, 0x0000000100000000)
  eden space 1536K, 100% used [0x00000000eab00000,0x00000000eac80000,0x00000000eac80000)
  from space 1024K, 100% used [0x00000000ead00000,0x00000000eae00000,0x00000000eae00000)
  to   space 2048K, 0% used [0x00000000eae80000,0x00000000eae80000,0x00000000eb080000)
 ParOldGen       total 102912K, used 99264K [0x00000000c0000000, 0x00000000c6480000, 0x00000000eab00000)
  object space 102912K, 96% used [0x00000000c0000000,0x00000000c60f02b0,0x00000000c6480000)
 Metaspace       used 96341K, committed 97664K, reserved 1179648K
  class space    used 9745K, committed 10304K, reserved 1048576K
}
Event: 4575.155 GC heap after
{Heap after GC invocations=8166 (full 264):
 PSYoungGen      total 3584K, used 1492K [0x00000000eab00000, 0x00000000eb000000, 0x0000000100000000)
  eden space 2048K, 0% used [0x00000000eab00000,0x00000000eab00000,0x00000000ead00000)
  from space 1536K, 97% used [0x00000000eae80000,0x00000000eaff5200,0x00000000eb000000)
  to   space 1536K, 0% used [0x00000000ead00000,0x00000000ead00000,0x00000000eae80000)
 ParOldGen       total 102912K, used 100280K [0x00000000c0000000, 0x00000000c6480000, 0x00000000eab00000)
  object space 102912K, 97% used [0x00000000c0000000,0x00000000c61ee2b0,0x00000000c6480000)
 Metaspace       used 96341K, committed 97664K, reserved 1179648K
  class space    used 9745K, committed 10304K, reserved 1048576K
}
Event: 4575.158 GC heap before
{Heap before GC invocations=8167 (full 264):
 PSYoungGen      total 3584K, used 3540K [0x00000000eab00000, 0x00000000eb000000, 0x0000000100000000)
  eden space 2048K, 100% used [0x00000000eab00000,0x00000000ead00000,0x00000000ead00000)
  from space 1536K, 97% used [0x00000000eae80000,0x00000000eaff5200,0x00000000eb000000)
  to   space 1536K, 0% used [0x00000000ead00000,0x00000000ead00000,0x00000000eae80000)
 ParOldGen       total 102912K, used 100280K [0x00000000c0000000, 0x00000000c6480000, 0x00000000eab00000)
  object space 102912K, 97% used [0x00000000c0000000,0x00000000c61ee2b0,0x00000000c6480000)
 Metaspace       used 96341K, committed 97664K, reserved 1179648K
  class space    used 9745K, committed 10304K, reserved 1048576K
}
Event: 4575.159 GC heap after
{Heap after GC invocations=8167 (full 264):
 PSYoungGen      total 3584K, used 672K [0x00000000eab00000, 0x00000000eaf80000, 0x0000000100000000)
  eden space 2048K, 0% used [0x00000000eab00000,0x00000000eab00000,0x00000000ead00000)
  from space 1536K, 43% used [0x00000000ead00000,0x00000000eada8000,0x00000000eae80000)
  to   space 1024K, 0% used [0x00000000eae80000,0x00000000eae80000,0x00000000eaf80000)
 ParOldGen       total 102912K, used 101589K [0x00000000c0000000, 0x00000000c6480000, 0x00000000eab00000)
  object space 102912K, 98% used [0x00000000c0000000,0x00000000c63354b0,0x00000000c6480000)
 Metaspace       used 96341K, committed 97664K, reserved 1179648K
  class space    used 9745K, committed 10304K, reserved 1048576K
}
Event: 4575.159 GC heap before
{Heap before GC invocations=8168 (full 265):
 PSYoungGen      total 3584K, used 672K [0x00000000eab00000, 0x00000000eaf80000, 0x0000000100000000)
  eden space 2048K, 0% used [0x00000000eab00000,0x00000000eab00000,0x00000000ead00000)
  from space 1536K, 43% used [0x00000000ead00000,0x00000000eada8000,0x00000000eae80000)
  to   space 1024K, 0% used [0x00000000eae80000,0x00000000eae80000,0x00000000eaf80000)
 ParOldGen       total 102912K, used 101589K [0x00000000c0000000, 0x00000000c6480000, 0x00000000eab00000)
  object space 102912K, 98% used [0x00000000c0000000,0x00000000c63354b0,0x00000000c6480000)
 Metaspace       used 96341K, committed 97664K, reserved 1179648K
  class space    used 9745K, committed 10304K, reserved 1048576K
}

Dll operation events (11 events):
Event: 0.007 Loaded shared library c:\Users\henry\.vscode\extensions\redhat.java-1.18.0-win32-x64\jre\17.0.7-win32-x86_64\bin\java.dll
Event: 0.084 Loaded shared library c:\Users\henry\.vscode\extensions\redhat.java-1.18.0-win32-x64\jre\17.0.7-win32-x86_64\bin\zip.dll
Event: 0.087 Loaded shared library C:\Users\henry\.vscode\extensions\redhat.java-1.18.0-win32-x64\jre\17.0.7-win32-x86_64\bin\instrument.dll
Event: 0.095 Loaded shared library C:\Users\henry\.vscode\extensions\redhat.java-1.18.0-win32-x64\jre\17.0.7-win32-x86_64\bin\net.dll
Event: 0.096 Loaded shared library C:\Users\henry\.vscode\extensions\redhat.java-1.18.0-win32-x64\jre\17.0.7-win32-x86_64\bin\nio.dll
Event: 0.099 Loaded shared library C:\Users\henry\.vscode\extensions\redhat.java-1.18.0-win32-x64\jre\17.0.7-win32-x86_64\bin\zip.dll
Event: 0.106 Loaded shared library C:\Users\henry\.vscode\extensions\redhat.java-1.18.0-win32-x64\jre\17.0.7-win32-x86_64\bin\jimage.dll
Event: 0.130 Loaded shared library c:\Users\henry\.vscode\extensions\redhat.java-1.18.0-win32-x64\jre\17.0.7-win32-x86_64\bin\verify.dll
Event: 2.322 Loaded shared library C:\Users\henry\AppData\Roaming\Code\User\globalStorage\redhat.java\1.18.0\config_win\org.eclipse.equinox.launcher\org.eclipse.equinox.launcher.win32.win32.x86_64_1.2.700.v20221108-1024\eclipse_11801.dll
Event: 3.557 Loaded shared library C:\Users\henry\AppData\Local\Temp\jna-99164440\jna8719717049519038297.dll
Event: 2894.190 Loaded shared library C:\Users\henry\.vscode\extensions\redhat.java-1.18.0-win32-x64\jre\17.0.7-win32-x86_64\bin\sunmscapi.dll

Deoptimization events (20 events):
Event: 4572.044 Thread 0x000002613d9e7050 Uncommon trap: trap_request=0xffffff45 fr.pc=0x000002612e12659c relative=0x000000000000163c
Event: 4572.044 Thread 0x000002613d9e7050 Uncommon trap: reason=unstable_if action=reinterpret pc=0x000002612e12659c method=org.eclipse.jdt.internal.compiler.parser.Scanner.jumpOverMethodBody()V @ 72 c2
Event: 4572.044 Thread 0x000002613d9e7050 DEOPT PACKING pc=0x000002612e12659c sp=0x0000008e74bfe880
Event: 4572.044 Thread 0x000002613d9e7050 DEOPT UNPACKING pc=0x000002612dad66a3 sp=0x0000008e74bfe830 mode 2
Event: 4572.730 Thread 0x000002613d9e5370 DEOPT PACKING pc=0x0000026127ddca37 sp=0x0000008e74cfdfe0
Event: 4572.730 Thread 0x000002613d9e5370 DEOPT UNPACKING pc=0x000002612dad6e43 sp=0x0000008e74cfd4d8 mode 0
Event: 4573.090 Thread 0x000002613ea69710 DEOPT PACKING pc=0x0000026127ddca37 sp=0x0000008e73ffdde0
Event: 4573.090 Thread 0x000002613ea69710 DEOPT UNPACKING pc=0x000002612dad6e43 sp=0x0000008e73ffd2d8 mode 0
Event: 4574.025 Thread 0x000002613d9e7050 Uncommon trap: trap_request=0xffffffc6 fr.pc=0x000002612f302f9c relative=0x0000000000000a5c
Event: 4574.025 Thread 0x000002613d9e7050 Uncommon trap: reason=bimorphic_or_optimized_type_check action=maybe_recompile pc=0x000002612f302f9c method=org.eclipse.jdt.internal.compiler.parser.Parser.consumeLocalVariableDeclarationStatement()V @ 29 c2
Event: 4574.026 Thread 0x000002613d9e7050 DEOPT PACKING pc=0x000002612f302f9c sp=0x0000008e74bfe930
Event: 4574.026 Thread 0x000002613d9e7050 DEOPT UNPACKING pc=0x000002612dad66a3 sp=0x0000008e74bfe898 mode 2
Event: 4574.064 Thread 0x000002613ea69710 DEOPT PACKING pc=0x0000026127ddca6b sp=0x0000008e73ffdf70
Event: 4574.064 Thread 0x000002613ea69710 DEOPT UNPACKING pc=0x000002612dad6e43 sp=0x0000008e73ffd468 mode 0
Event: 4574.319 Thread 0x000002613d9e7050 Uncommon trap: trap_request=0xffffffc6 fr.pc=0x000002612f302f9c relative=0x0000000000000a5c
Event: 4574.319 Thread 0x000002613d9e7050 Uncommon trap: reason=bimorphic_or_optimized_type_check action=maybe_recompile pc=0x000002612f302f9c method=org.eclipse.jdt.internal.compiler.parser.Parser.consumeLocalVariableDeclarationStatement()V @ 29 c2
Event: 4574.319 Thread 0x000002613d9e7050 DEOPT PACKING pc=0x000002612f302f9c sp=0x0000008e74bfe930
Event: 4574.319 Thread 0x000002613d9e7050 DEOPT UNPACKING pc=0x000002612dad66a3 sp=0x0000008e74bfe898 mode 2
Event: 4575.129 Thread 0x000002613ea69710 DEOPT PACKING pc=0x0000026127ddca37 sp=0x0000008e73ffcfa0
Event: 4575.130 Thread 0x000002613ea69710 DEOPT UNPACKING pc=0x000002612dad6e43 sp=0x0000008e73ffc498 mode 0

Classes unloaded (20 events):
Event: 2542.304 Thread 0x000002613773f050 Unloading class 0x000000010029b800 'jdk/internal/reflect/GeneratedMethodAccessor7'
Event: 2542.304 Thread 0x000002613773f050 Unloading class 0x000000010029b400 'jdk/internal/reflect/GeneratedMethodAccessor6'
Event: 2542.304 Thread 0x000002613773f050 Unloading class 0x000000010029b000 'jdk/internal/reflect/GeneratedSerializationConstructorAccessor11'
Event: 2542.304 Thread 0x000002613773f050 Unloading class 0x000000010029ac00 'java/lang/invoke/LambdaForm$MH+0x000000010029ac00'
Event: 2542.304 Thread 0x000002613773f050 Unloading class 0x000000010029a800 'jdk/internal/reflect/GeneratedSerializationConstructorAccessor10'
Event: 2542.304 Thread 0x000002613773f050 Unloading class 0x000000010029a400 'jdk/internal/reflect/GeneratedSerializationConstructorAccessor9'
Event: 2542.304 Thread 0x000002613773f050 Unloading class 0x0000000100292800 'java/lang/invoke/LambdaForm$MH+0x0000000100292800'
Event: 2542.304 Thread 0x000002613773f050 Unloading class 0x0000000100292000 'java/lang/invoke/LambdaForm$MH+0x0000000100292000'
Event: 2542.304 Thread 0x000002613773f050 Unloading class 0x000000010028e000 'jdk/internal/reflect/GeneratedSerializationConstructorAccessor8'
Event: 2542.304 Thread 0x000002613773f050 Unloading class 0x000000010028dc00 'jdk/internal/reflect/GeneratedSerializationConstructorAccessor7'
Event: 2542.304 Thread 0x000002613773f050 Unloading class 0x000000010028d800 'jdk/internal/reflect/GeneratedSerializationConstructorAccessor6'
Event: 2542.304 Thread 0x000002613773f050 Unloading class 0x000000010028d400 'jdk/internal/reflect/GeneratedSerializationConstructorAccessor5'
Event: 2542.304 Thread 0x000002613773f050 Unloading class 0x000000010028d000 'jdk/internal/reflect/GeneratedSerializationConstructorAccessor4'
Event: 2542.304 Thread 0x000002613773f050 Unloading class 0x000000010028cc00 'jdk/internal/reflect/GeneratedSerializationConstructorAccessor3'
Event: 2542.304 Thread 0x000002613773f050 Unloading class 0x000000010028c800 'jdk/internal/reflect/GeneratedSerializationConstructorAccessor2'
Event: 2542.304 Thread 0x000002613773f050 Unloading class 0x000000010028c400 'jdk/internal/reflect/GeneratedSerializationConstructorAccessor1'
Event: 3829.761 Thread 0x000002613773f050 Unloading class 0x000000010028fc00 'jdk/internal/reflect/GeneratedConstructorAccessor59'
Event: 3829.761 Thread 0x000002613773f050 Unloading class 0x0000000100290800 'jdk/internal/reflect/GeneratedConstructorAccessor58'
Event: 3829.761 Thread 0x000002613773f050 Unloading class 0x0000000100291800 'jdk/internal/reflect/GeneratedConstructorAccessor57'
Event: 3829.761 Thread 0x000002613773f050 Unloading class 0x0000000100296000 'jdk/internal/reflect/GeneratedConstructorAccessor56'

Classes redefined (0 events):
No events

Internal exceptions (20 events):
Event: 4511.196 Thread 0x000002613f33afe0 Exception <a 'java/lang/NoSuchMethodError'{0x00000000eabf9550}: 'java.lang.Object java.lang.invoke.DirectMethodHandle$Holder.newInvokeSpecial(java.lang.Object, int, java.lang.Object, java.lang.Object, java.lang.Object)'> (0x00000000eabf9550) 
thrown [s\src\hotspot\share\interpreter\linkResolver.cpp, line 759]
Event: 4520.439 Thread 0x000002613ea6a0b0 Implicit null exception at 0x000002612ee1b280 to 0x000002612ee1b9f7
Event: 4520.445 Thread 0x000002613ea6a0b0 Implicit null exception at 0x000002612e35eac0 to 0x000002612e35ec8c
Event: 4530.852 Thread 0x000002613ea6a0b0 Implicit null exception at 0x000002612e421b95 to 0x000002612e421d2c
Event: 4537.970 Thread 0x000002613ea69710 Exception <a 'java/lang/ClassNotFoundException'{0x00000000eb090018}: sun/net/www/protocol/jdt/Handler> (0x00000000eb090018) 
thrown [s\src\hotspot\share\classfile\systemDictionary.cpp, line 256]
Event: 4537.970 Thread 0x000002613ea69710 Exception <a 'java/lang/ClassNotFoundException'{0x00000000eb092d40}: sun/net/www/protocol/jdt/Handler> (0x00000000eb092d40) 
thrown [s\src\hotspot\share\classfile\systemDictionary.cpp, line 256]
Event: 4537.970 Thread 0x000002613ea69710 Exception <a 'java/lang/ClassNotFoundException'{0x00000000eb097d18}: sun/net/www/protocol/jdt/Handler> (0x00000000eb097d18) 
thrown [s\src\hotspot\share\classfile\systemDictionary.cpp, line 256]
Event: 4537.970 Thread 0x000002613ea69710 Exception <a 'java/lang/ClassNotFoundException'{0x00000000eb09c4b0}: sun/net/www/protocol/jdt/Handler> (0x00000000eb09c4b0) 
thrown [s\src\hotspot\share\classfile\systemDictionary.cpp, line 256]
Event: 4537.970 Thread 0x000002613ea69710 Exception <a 'java/lang/ClassNotFoundException'{0x00000000eb09ece8}: sun/net/www/protocol/jdt/Handler> (0x00000000eb09ece8) 
thrown [s\src\hotspot\share\classfile\systemDictionary.cpp, line 256]
Event: 4537.970 Thread 0x000002613ea69710 Exception <a 'java/lang/ClassNotFoundException'{0x00000000eb0a1540}: sun/net/www/protocol/jdt/Handler> (0x00000000eb0a1540) 
thrown [s\src\hotspot\share\classfile\systemDictionary.cpp, line 256]
Event: 4537.971 Thread 0x000002613ea69710 Exception <a 'java/lang/ClassNotFoundException'{0x00000000eb0a3de0}: sun/net/www/protocol/jdt/Handler> (0x00000000eb0a3de0) 
thrown [s\src\hotspot\share\classfile\systemDictionary.cpp, line 256]
Event: 4538.440 Thread 0x000002613ea69710 Exception <a 'java/lang/ClassNotFoundException'{0x00000000eaea14f0}: sun/net/www/protocol/jdt/Handler> (0x00000000eaea14f0) 
thrown [s\src\hotspot\share\classfile\systemDictionary.cpp, line 256]
Event: 4538.440 Thread 0x000002613ea69710 Exception <a 'java/lang/ClassNotFoundException'{0x00000000eaea4218}: sun/net/www/protocol/jdt/Handler> (0x00000000eaea4218) 
thrown [s\src\hotspot\share\classfile\systemDictionary.cpp, line 256]
Event: 4538.441 Thread 0x000002613ea69710 Exception <a 'java/lang/ClassNotFoundException'{0x00000000eaea91f0}: sun/net/www/protocol/jdt/Handler> (0x00000000eaea91f0) 
thrown [s\src\hotspot\share\classfile\systemDictionary.cpp, line 256]
Event: 4538.441 Thread 0x000002613ea69710 Exception <a 'java/lang/ClassNotFoundException'{0x00000000eaead988}: sun/net/www/protocol/jdt/Handler> (0x00000000eaead988) 
thrown [s\src\hotspot\share\classfile\systemDictionary.cpp, line 256]
Event: 4538.441 Thread 0x000002613ea69710 Exception <a 'java/lang/ClassNotFoundException'{0x00000000eaeb01c0}: sun/net/www/protocol/jdt/Handler> (0x00000000eaeb01c0) 
thrown [s\src\hotspot\share\classfile\systemDictionary.cpp, line 256]
Event: 4538.441 Thread 0x000002613ea69710 Exception <a 'java/lang/ClassNotFoundException'{0x00000000eaeb2ca0}: sun/net/www/protocol/jdt/Handler> (0x00000000eaeb2ca0) 
thrown [s\src\hotspot\share\classfile\systemDictionary.cpp, line 256]
Event: 4538.441 Thread 0x000002613ea69710 Exception <a 'java/lang/ClassNotFoundException'{0x00000000eaeb5540}: sun/net/www/protocol/jdt/Handler> (0x00000000eaeb5540) 
thrown [s\src\hotspot\share\classfile\systemDictionary.cpp, line 256]
Event: 4548.521 Thread 0x000002613ea69710 Implicit null exception at 0x000002612ecfe2a0 to 0x000002612ecfe715
Event: 4548.523 Thread 0x000002613ea69710 Implicit null exception at 0x000002612f4ba8d2 to 0x000002612f4babdc

VM Operations (20 events):
Event: 4575.114 Executing VM operation: ParallelGCFailedAllocation done
Event: 4575.122 Executing VM operation: ParallelGCFailedAllocation
Event: 4575.123 Executing VM operation: ParallelGCFailedAllocation done
Event: 4575.126 Executing VM operation: ParallelGCFailedAllocation
Event: 4575.126 Executing VM operation: ParallelGCFailedAllocation done
Event: 4575.130 Executing VM operation: ParallelGCFailedAllocation
Event: 4575.131 Executing VM operation: ParallelGCFailedAllocation done
Event: 4575.134 Executing VM operation: ParallelGCFailedAllocation
Event: 4575.135 Executing VM operation: ParallelGCFailedAllocation done
Event: 4575.139 Executing VM operation: ParallelGCFailedAllocation
Event: 4575.140 Executing VM operation: ParallelGCFailedAllocation done
Event: 4575.141 Executing VM operation: ParallelGCFailedAllocation
Event: 4575.144 Executing VM operation: ParallelGCFailedAllocation done
Event: 4575.145 Executing VM operation: ParallelGCFailedAllocation
Event: 4575.146 Executing VM operation: ParallelGCFailedAllocation done
Event: 4575.148 Executing VM operation: ParallelGCFailedAllocation
Event: 4575.150 Executing VM operation: ParallelGCFailedAllocation done
Event: 4575.153 Executing VM operation: ParallelGCFailedAllocation
Event: 4575.155 Executing VM operation: ParallelGCFailedAllocation done
Event: 4575.158 Executing VM operation: ParallelGCFailedAllocation

Events (20 events):
Event: 4548.632 Thread 0x000002613ca20390 flushing nmethod 0x0000026127fead90
Event: 4548.632 Thread 0x000002613ca20390 flushing nmethod 0x000002612806eb10
Event: 4548.632 Thread 0x000002613ca20390 flushing nmethod 0x0000026128071710
Event: 4548.633 Thread 0x000002613ca20390 flushing nmethod 0x0000026128170990
Event: 4548.633 Thread 0x000002613ca20390 flushing nmethod 0x0000026128171190
Event: 4548.633 Thread 0x000002613ca20390 flushing nmethod 0x0000026128171610
Event: 4548.633 Thread 0x000002613ca20390 flushing nmethod 0x00000261281a3a90
Event: 4548.633 Thread 0x000002613ca20390 flushing nmethod 0x00000261281aaf10
Event: 4548.634 Thread 0x000002613ca20390 flushing nmethod 0x000002612855b990
Event: 4548.634 Thread 0x000002613ca20390 flushing nmethod 0x00000261286a9610
Event: 4548.635 Thread 0x000002613ca20390 flushing nmethod 0x0000026128702290
Event: 4548.635 Thread 0x000002613ca20390 flushing nmethod 0x0000026128769e90
Event: 4548.638 Thread 0x000002613ca20390 flushing nmethod 0x0000026128aa9390
Event: 4548.638 Thread 0x000002613ca20390 flushing nmethod 0x0000026128ab5390
Event: 4548.638 Thread 0x000002613ca20390 flushing nmethod 0x0000026128b8a910
Event: 4548.638 Thread 0x000002613ca20390 flushing nmethod 0x0000026128b8b690
Event: 4548.638 Thread 0x000002613ca20390 flushing nmethod 0x0000026128bb4190
Event: 4548.638 Thread 0x000002613ca20390 flushing nmethod 0x0000026128bb5510
Event: 4548.638 Thread 0x000002613ca20390 flushing nmethod 0x0000026128bdf690
Event: 4572.651 Thread 0x000002613ea65d50 Thread added: 0x000002613ea65d50


Dynamic libraries:
0x00007ff64c4e0000 - 0x00007ff64c4ee000 	c:\Users\henry\.vscode\extensions\redhat.java-1.18.0-win32-x64\jre\17.0.7-win32-x86_64\bin\java.exe
0x00007ffe07a90000 - 0x00007ffe07ca4000 	C:\WINDOWS\SYSTEM32\ntdll.dll
0x00007ffe05890000 - 0x00007ffe05952000 	C:\WINDOWS\System32\KERNEL32.DLL
0x00007ffe054e0000 - 0x00007ffe05883000 	C:\WINDOWS\System32\KERNELBASE.dll
0x00007ffe05340000 - 0x00007ffe05451000 	C:\WINDOWS\System32\ucrtbase.dll
0x00007ffdd4560000 - 0x00007ffdd4577000 	c:\Users\henry\.vscode\extensions\redhat.java-1.18.0-win32-x64\jre\17.0.7-win32-x86_64\bin\jli.dll
0x00007ffe05e60000 - 0x00007ffe0600b000 	C:\WINDOWS\System32\USER32.dll
0x00007ffe04eb0000 - 0x00007ffe04ed6000 	C:\WINDOWS\System32\win32u.dll
0x00007ffe06fe0000 - 0x00007ffe07009000 	C:\WINDOWS\System32\GDI32.dll
0x00007ffe04f80000 - 0x00007ffe05098000 	C:\WINDOWS\System32\gdi32full.dll
0x00007ffe04ee0000 - 0x00007ffe04f7a000 	C:\WINDOWS\System32\msvcp_win.dll
0x00007ffdd1a40000 - 0x00007ffdd1a59000 	c:\Users\henry\.vscode\extensions\redhat.java-1.18.0-win32-x64\jre\17.0.7-win32-x86_64\bin\VCRUNTIME140.dll
0x00007ffdf0470000 - 0x00007ffdf06fe000 	C:\WINDOWS\WinSxS\amd64_microsoft.windows.common-controls_6595b64144ccf1df_6.0.22621.1635_none_270f70857386168e\COMCTL32.dll
0x00007ffe07190000 - 0x00007ffe07237000 	C:\WINDOWS\System32\msvcrt.dll
0x00007ffe06fa0000 - 0x00007ffe06fd1000 	C:\WINDOWS\System32\IMM32.DLL
0x00007ffdfcab0000 - 0x00007ffdfcabc000 	c:\Users\henry\.vscode\extensions\redhat.java-1.18.0-win32-x64\jre\17.0.7-win32-x86_64\bin\vcruntime140_1.dll
0x00007ffda5820000 - 0x00007ffda58b1000 	c:\Users\henry\.vscode\extensions\redhat.java-1.18.0-win32-x64\jre\17.0.7-win32-x86_64\bin\msvcp140.dll
0x00007ffd98260000 - 0x00007ffd98ea8000 	c:\Users\henry\.vscode\extensions\redhat.java-1.18.0-win32-x64\jre\17.0.7-win32-x86_64\bin\server\jvm.dll
0x00007ffe06ee0000 - 0x00007ffe06f8e000 	C:\WINDOWS\System32\ADVAPI32.dll
0x00007ffe05ce0000 - 0x00007ffe05d84000 	C:\WINDOWS\System32\sechost.dll
0x00007ffe06350000 - 0x00007ffe06467000 	C:\WINDOWS\System32\RPCRT4.dll
0x00007ffde5550000 - 0x00007ffde5559000 	C:\WINDOWS\SYSTEM32\WSOCK32.dll
0x00007ffe05960000 - 0x00007ffe059d1000 	C:\WINDOWS\System32\WS2_32.dll
0x00007ffdfe790000 - 0x00007ffdfe7c4000 	C:\WINDOWS\SYSTEM32\WINMM.dll
0x00007ffdfce90000 - 0x00007ffdfce9a000 	C:\WINDOWS\SYSTEM32\VERSION.dll
0x00007ffe03ff0000 - 0x00007ffe04008000 	C:\WINDOWS\SYSTEM32\kernel.appcore.dll
0x00007ffdf4d40000 - 0x00007ffdf4d4a000 	c:\Users\henry\.vscode\extensions\redhat.java-1.18.0-win32-x64\jre\17.0.7-win32-x86_64\bin\jimage.dll
0x00007ffe02370000 - 0x00007ffe0259e000 	C:\WINDOWS\SYSTEM32\DBGHELP.DLL
0x00007ffe065a0000 - 0x00007ffe06929000 	C:\WINDOWS\System32\combase.dll
0x00007ffe06930000 - 0x00007ffe06a07000 	C:\WINDOWS\System32\OLEAUT32.dll
0x00007ffde5440000 - 0x00007ffde5472000 	C:\WINDOWS\SYSTEM32\dbgcore.DLL
0x00007ffe05460000 - 0x00007ffe054db000 	C:\WINDOWS\System32\bcryptPrimitives.dll
0x00007ffded930000 - 0x00007ffded93e000 	c:\Users\henry\.vscode\extensions\redhat.java-1.18.0-win32-x64\jre\17.0.7-win32-x86_64\bin\instrument.dll
0x00007ffdce520000 - 0x00007ffdce545000 	c:\Users\henry\.vscode\extensions\redhat.java-1.18.0-win32-x64\jre\17.0.7-win32-x86_64\bin\java.dll
0x00007ffddaf90000 - 0x00007ffddafa8000 	c:\Users\henry\.vscode\extensions\redhat.java-1.18.0-win32-x64\jre\17.0.7-win32-x86_64\bin\zip.dll
0x00007ffe07240000 - 0x00007ffe07a3a000 	C:\WINDOWS\System32\SHELL32.dll
0x00007ffe02ec0000 - 0x00007ffe0378e000 	C:\WINDOWS\SYSTEM32\windows.storage.dll
0x00007ffe02d80000 - 0x00007ffe02ebe000 	C:\WINDOWS\SYSTEM32\wintypes.dll
0x00007ffe07090000 - 0x00007ffe07181000 	C:\WINDOWS\System32\SHCORE.dll
0x00007ffe05e00000 - 0x00007ffe05e5e000 	C:\WINDOWS\System32\shlwapi.dll
0x00007ffe04de0000 - 0x00007ffe04e01000 	C:\WINDOWS\SYSTEM32\profapi.dll
0x00007ffdcde50000 - 0x00007ffdcde69000 	C:\Users\henry\.vscode\extensions\redhat.java-1.18.0-win32-x64\jre\17.0.7-win32-x86_64\bin\net.dll
0x00007ffdfeea0000 - 0x00007ffdfefd7000 	C:\WINDOWS\SYSTEM32\WINHTTP.dll
0x00007ffe04460000 - 0x00007ffe044c9000 	C:\WINDOWS\system32\mswsock.dll
0x00007ffdcbe90000 - 0x00007ffdcbea5000 	C:\Users\henry\.vscode\extensions\redhat.java-1.18.0-win32-x64\jre\17.0.7-win32-x86_64\bin\nio.dll
0x00007ffde2b60000 - 0x00007ffde2b70000 	c:\Users\henry\.vscode\extensions\redhat.java-1.18.0-win32-x64\jre\17.0.7-win32-x86_64\bin\verify.dll
0x00007ffdae730000 - 0x00007ffdae76e000 	C:\Users\henry\AppData\Roaming\Code\User\globalStorage\redhat.java\1.18.0\config_win\org.eclipse.equinox.launcher\org.eclipse.equinox.launcher.win32.win32.x86_64_1.2.700.v20221108-1024\eclipse_11801.dll
0x00007ffe060c0000 - 0x00007ffe0625c000 	C:\WINDOWS\System32\ole32.dll
0x00007ffe046c0000 - 0x00007ffe046db000 	C:\WINDOWS\SYSTEM32\CRYPTSP.dll
0x00007ffe03f60000 - 0x00007ffe03f95000 	C:\WINDOWS\system32\rsaenh.dll
0x00007ffe04560000 - 0x00007ffe04588000 	C:\WINDOWS\SYSTEM32\USERENV.dll
0x00007ffe04860000 - 0x00007ffe04888000 	C:\WINDOWS\SYSTEM32\bcrypt.dll
0x00007ffe046e0000 - 0x00007ffe046ec000 	C:\WINDOWS\SYSTEM32\CRYPTBASE.dll
0x00007ffe03a60000 - 0x00007ffe03a8d000 	C:\WINDOWS\SYSTEM32\IPHLPAPI.DLL
0x00007ffe06490000 - 0x00007ffe06499000 	C:\WINDOWS\System32\NSI.dll
0x00007ffdfee80000 - 0x00007ffdfee99000 	C:\WINDOWS\SYSTEM32\dhcpcsvc6.DLL
0x00007ffdfee60000 - 0x00007ffdfee7f000 	C:\WINDOWS\SYSTEM32\dhcpcsvc.DLL
0x00007ffe03ad0000 - 0x00007ffe03bc3000 	C:\WINDOWS\SYSTEM32\DNSAPI.dll
0x00007ffdb8fd0000 - 0x00007ffdb9015000 	C:\Users\henry\AppData\Local\Temp\jna-99164440\jna8719717049519038297.dll
0x00007ffe07a40000 - 0x00007ffe07a48000 	C:\WINDOWS\System32\PSAPI.DLL
0x00007ffded8d0000 - 0x00007ffded8de000 	C:\Users\henry\.vscode\extensions\redhat.java-1.18.0-win32-x64\jre\17.0.7-win32-x86_64\bin\sunmscapi.dll
0x00007ffe050a0000 - 0x00007ffe05207000 	C:\WINDOWS\System32\CRYPT32.dll
0x00007ffe04830000 - 0x00007ffe0485e000 	C:\WINDOWS\SYSTEM32\ncrypt.dll
0x00007ffe047f0000 - 0x00007ffe04827000 	C:\WINDOWS\SYSTEM32\NTASN1.dll
0x0000000050380000 - 0x00000000503a6000 	C:\Program Files\Bonjour\mdnsNSP.dll
0x00007ffdfe120000 - 0x00007ffdfe12a000 	C:\Windows\System32\rasadhlp.dll
0x00007ffdfe9c0000 - 0x00007ffdfea44000 	C:\WINDOWS\System32\fwpuclnt.dll

dbghelp: loaded successfully - version: 4.0.5 - missing functions: none
symbol engine: initialized successfully - sym options: 0x614 - pdb path: .;c:\Users\henry\.vscode\extensions\redhat.java-1.18.0-win32-x64\jre\17.0.7-win32-x86_64\bin;C:\WINDOWS\SYSTEM32;C:\WINDOWS\WinSxS\amd64_microsoft.windows.common-controls_6595b64144ccf1df_6.0.22621.1635_none_270f70857386168e;c:\Users\henry\.vscode\extensions\redhat.java-1.18.0-win32-x64\jre\17.0.7-win32-x86_64\bin\server;C:\Users\henry\AppData\Roaming\Code\User\globalStorage\redhat.java\1.18.0\config_win\org.eclipse.equinox.launcher\org.eclipse.equinox.launcher.win32.win32.x86_64_1.2.700.v20221108-1024;C:\Users\henry\AppData\Local\Temp\jna-99164440;C:\Program Files\Bonjour

VM Arguments:
jvm_args: --add-modules=ALL-SYSTEM --add-opens=java.base/java.util=ALL-UNNAMED --add-opens=java.base/java.lang=ALL-UNNAMED --add-opens=java.base/sun.nio.fs=ALL-UNNAMED -Declipse.application=org.eclipse.jdt.ls.core.id1 -Dosgi.bundles.defaultStartLevel=4 -Declipse.product=org.eclipse.jdt.ls.core.product -Djava.import.generatesMetadataFilesAtProjectRoot=false -Dfile.encoding=utf8 -XX:+UseParallelGC -XX:GCTimeRatio=4 -XX:AdaptiveSizePolicyWeight=90 -Dsun.zip.disableMemoryMapping=true -Xmx1G -Xms100m -Xlog:disable -javaagent:c:\Users\henry\.vscode\extensions\redhat.java-1.18.0-win32-x64\lombok\lombok-1.18.27.jar -XX:+HeapDumpOnOutOfMemoryError -XX:HeapDumpPath=c:\Users\henry\AppData\Roaming\Code\User\workspaceStorage\5d544f449393da9ed85312ca5a21f1ed\redhat.java -Daether.dependencyCollector.impl=bf 
java_command: c:\Users\henry\.vscode\extensions\redhat.java-1.18.0-win32-x64\server\plugins\org.eclipse.equinox.launcher_1.6.400.v20210924-0641.jar -configuration c:\Users\henry\AppData\Roaming\Code\User\globalStorage\redhat.java\1.18.0\config_win -data c:\Users\henry\AppData\Roaming\Code\User\workspaceStorage\5d544f449393da9ed85312ca5a21f1ed\redhat.java\jdt_ws
java_class_path (initial): c:\Users\henry\.vscode\extensions\redhat.java-1.18.0-win32-x64\server\plugins\org.eclipse.equinox.launcher_1.6.400.v20210924-0641.jar
Launcher Type: SUN_STANDARD

[Global flags]
    uintx AdaptiveSizePolicyWeight                 = 90                                        {product} {command line}
     intx CICompilerCount                          = 4                                         {product} {ergonomic}
    uintx GCTimeRatio                              = 4                                         {product} {command line}
     bool HeapDumpOnOutOfMemoryError               = true                                   {manageable} {command line}
    ccstr HeapDumpPath                             = c:\Users\henry\AppData\Roaming\Code\User\workspaceStorage\5d544f449393da9ed85312ca5a21f1ed\redhat.java         {manageable} {command line}
   size_t InitialHeapSize                          = 104857600                                 {product} {command line}
   size_t MaxHeapSize                              = 1073741824                                {product} {command line}
   size_t MaxNewSize                               = 357564416                                 {product} {ergonomic}
   size_t MinHeapDeltaBytes                        = 524288                                    {product} {ergonomic}
   size_t MinHeapSize                              = 104857600                                 {product} {command line}
   size_t NewSize                                  = 34603008                                  {product} {ergonomic}
    uintx NonNMethodCodeHeapSize                   = 5839372                                {pd product} {ergonomic}
    uintx NonProfiledCodeHeapSize                  = 122909434                              {pd product} {ergonomic}
   size_t OldSize                                  = 70254592                                  {product} {ergonomic}
    uintx ProfiledCodeHeapSize                     = 122909434                              {pd product} {ergonomic}
    uintx ReservedCodeCacheSize                    = 251658240                              {pd product} {ergonomic}
     bool SegmentedCodeCache                       = true                                      {product} {ergonomic}
   size_t SoftMaxHeapSize                          = 1073741824                             {manageable} {ergonomic}
     bool UseCompressedClassPointers               = true                           {product lp64_product} {ergonomic}
     bool UseCompressedOops                        = true                           {product lp64_product} {ergonomic}
     bool UseLargePagesIndividualAllocation        = false                                  {pd product} {ergonomic}
     bool UseParallelGC                            = true                                      {product} {command line}

Logging:
Log output configuration:
 #0: stdout all=off uptime,level,tags
 #1: stderr all=off uptime,level,tags

Environment Variables:
PATH=D:\Oculus\Support\oculus-runtime;C:\Program Files\NVIDIA GPU Computing Toolkit\CUDA\v11.2\bin;C:\Program Files\NVIDIA GPU Computing Toolkit\CUDA\v11.2\libnvvp;C:\Program Files\Common Files\Oracle\Java\javapath;C:\Program Files (x86)\Common Files\Oracle\Java\javapath;C:\Program Files (x86)\Razer Chroma SDK\bin;C:\Program Files\Razer Chroma SDK\bin;C:\Program Files (x86)\Razer\ChromaBroadcast\bin;C:\Program Files\Razer\ChromaBroadcast\bin;C:\Windows\system32;C:\Windows;C:\Windows\System32\Wbem;C:\Windows\System32\WindowsPowerShell\v1.0\;C:\Windows\System32\OpenSSH\;C:\Windows\system32\config\systemprofile\AppData\Local\Microsoft\WindowsApps;C:\Program Files\nodejs\;C:\src\flutter\bin;C:\ProgramData\chocolatey\bin;C:\Program Files\Git\cmd;C:\Program Files\dotnet\;C:\ProgramData\Anaconda3;C:\ProgramData\Anaconda3\Scripts;C:\Program Files\NVIDIA Corporation\NVIDIA NvDLISR;C:\Program Files (x86)\NVIDIA Corporation\PhysX\Common;C:\Program Files (x86)\cloudflared\.;C:\WINDOWS\system32;C:\WINDOWS;C:\WINDOWS\System32\Wbem;C:\WINDOWS\System32\WindowsPowerShell\v1.0\;C:\WINDOWS\System32\OpenSSH\;C:\Program Files\Cloudflare\Cloudflare WARP\;C:\Program Files\CMake\bin;C:\Program Files\NVIDIA Corporation\Nsight Compute 2022.3.0\;G:\Users\Henry\Desktop\part1\part1\opencv\opencv\build\install\x64\vc17\bin;%PNPM_HOME%;C:\Users\henry\AppData\Local\Microsoft\WindowsApps;C:\Users\henry\AppData\Roaming\npm;D:\Program Files (x86)\Microsoft VS Code\bin;C:\tools\dart-sdk\bin;C:\Users\henry\AppData\Roaming\Pub\Cache\bin;C:\Program Files\heroku\bin;C:\Users\henry\.dotnet\tools;C:\mingw64\bin;C:\mingw64\GnuWin32\bin;C:\Users\henry\AppData\Local\pnpm;
USERNAME=henry
OS=Windows_NT
PROCESSOR_IDENTIFIER=Intel64 Family 6 Model 158 Stepping 13, GenuineIntel
TMP=C:\Users\henry\AppData\Local\Temp
TEMP=C:\Users\henry\AppData\Local\Temp



---------------  S Y S T E M  ---------------

OS:
 Windows 11 , 64 bit Build 22621 (10.0.22621.1635)
OS uptime: 0 days 13:02 hours

CPU: total 8 (initial active 8) (8 cores per cpu, 1 threads per core) family 6 model 158 stepping 13 microcode 0xde, cx8, cmov, fxsr, mmx, 3dnowpref, sse, sse2, sse3, ssse3, sse4.1, sse4.2, popcnt, lzcnt, tsc, tscinvbit, avx, avx2, aes, erms, clmul, bmi1, bmi2, adx, fma, vzeroupper, clflush, clflushopt

Memory: 4k page, system-wide physical 32681M (13741M free)
TotalPageFile size 48041M (AvailPageFile size 13766M)
current process WorkingSet (physical memory assigned to process): 420M, peak: 472M
current process commit charge ("private bytes"): 447M, peak: 504M

vm_info: OpenJDK 64-Bit Server VM (17.0.7+7) for windows-amd64 JRE (17.0.7+7), built on Apr 18 2023 22:10:42 by "temurin" with MS VC++ 16.7 (VS2019)

END.
