#
# A fatal error has been detected by the Java Runtime Environment:
#
#  EXCEPTION_ACCESS_VIOLATION (0xc0000005) at pc=0x00007ffd98908253, pid=21088, tid=16400
#
# JRE version: OpenJDK Runtime Environment Temurin-17.0.7+7 (17.0.7+7) (build 17.0.7+7)
# Java VM: OpenJDK 64-Bit Server VM Temurin-17.0.7+7 (17.0.7+7, mixed mode, tiered, compressed oops, compressed class ptrs, parallel gc, windows-amd64)
# Problematic frame:
# V  [jvm.dll+0x6a8253]
#
# No core dump will be written. Minidumps are not enabled by default on client versions of Windows
#
# If you would like to submit a bug report, please visit:
#   https://github.com/adoptium/adoptium-support/issues
#

---------------  S U M M A R Y ------------

Command Line: --add-modules=ALL-SYSTEM --add-opens=java.base/java.util=ALL-UNNAMED --add-opens=java.base/java.lang=ALL-UNNAMED --add-opens=java.base/sun.nio.fs=ALL-UNNAMED -Declipse.application=org.eclipse.jdt.ls.core.id1 -Dosgi.bundles.defaultStartLevel=4 -Declipse.product=org.eclipse.jdt.ls.core.product -Djava.import.generatesMetadataFilesAtProjectRoot=false -Dfile.encoding=utf8 -XX:+UseParallelGC -XX:GCTimeRatio=4 -XX:AdaptiveSizePolicyWeight=90 -Dsun.zip.disableMemoryMapping=true -Xmx1G -Xms100m -Xlog:disable -javaagent:c:\Users\henry\.vscode\extensions\redhat.java-1.18.0-win32-x64\lombok\lombok-1.18.27.jar -XX:+HeapDumpOnOutOfMemoryError -XX:HeapDumpPath=c:\Users\henry\AppData\Roaming\Code\User\workspaceStorage\5d544f449393da9ed85312ca5a21f1ed\redhat.java -Daether.dependencyCollector.impl=bf c:\Users\henry\.vscode\extensions\redhat.java-1.18.0-win32-x64\server\plugins\org.eclipse.equinox.launcher_1.6.400.v20210924-0641.jar -configuration c:\Users\henry\AppData\Roaming\Code\User\globalStorage\redhat.java\1.18.0\config_win -data c:\Users\henry\AppData\Roaming\Code\User\workspaceStorage\5d544f449393da9ed85312ca5a21f1ed\redhat.java\jdt_ws

Host: Intel(R) Core(TM) i7-9700KF CPU @ 3.60GHz, 8 cores, 31G,  Windows 11 , 64 bit Build 22621 (10.0.22621.1635)
Time: Thu May 25 22:38:00 2023  Windows 11 , 64 bit Build 22621 (10.0.22621.1635) elapsed time: 8471.472825 seconds (0d 2h 21m 11s)

---------------  T H R E A D  ---------------

Current thread (0x000002157b2aa100):  GCTaskThread "GC Thread#1" [stack: 0x000000ea2f900000,0x000000ea2fa00000] [id=16400]

Stack: [0x000000ea2f900000,0x000000ea2fa00000],  sp=0x000000ea2f9ff920,  free space=1022k
Native frames: (J=compiled Java code, j=interpreted, Vv=VM code, C=native code)
V  [jvm.dll+0x6a8253]


siginfo: EXCEPTION_ACCESS_VIOLATION (0xc0000005), reading address 0x000000018731c4e0


Register to memory mapping:

RIP=0x00007ffd98908253 jvm.dll
RAX=0x00000000c398e270 is an oop: com.google.gson.internal.LinkedTreeMap$Node 
{0x00000000c398e270} - klass: 'com/google/gson/internal/LinkedTreeMap$Node'
 - ---- fields (total size 6 words):
 - 'height' 'I' @12  2
 - final 'allowNullValue' 'Z' @16  true
 - 'parent' 'Lcom/google/gson/internal/LinkedTreeMap$Node;' @20  a 'com/google/gson/internal/LinkedTreeMap$Node'{0x00000000c398e240} (c398e240)
 - 'left' 'Lcom/google/gson/internal/LinkedTreeMap$Node;' @24  a 'com/google/gson/internal/LinkedTreeMap$Node'{0x00000000c398e2a0} (c398e2a0)
 - 'right' 'Lcom/google/gson/internal/LinkedTreeMap$Node;' @28  a 'com/google/gson/internal/LinkedTreeMap$Node'{0x00000000c398e738} (c398e738)
 - 'next' 'Lcom/google/gson/internal/LinkedTreeMap$Node;' @32  a 'com/google/gson/internal/LinkedTreeMap$Node'{0x00000000c398e738} (c398e738)
 - 'prev' 'Lcom/google/gson/internal/LinkedTreeMap$Node;' @36  a 'com/google/gson/internal/LinkedTreeMap$Node'{0x00000000c398e2a0} (c398e2a0)
 - final 'key' 'Ljava/lang/Object;' @40  "N~all()"{0x00000000c398e840} (c398e840)
 - 'value' 'Ljava/lang/Object;' @44  a 'java/lang/String'[][1] {0x00000000c398e870} (c398e870)
RBX=0x00000000c398e750 is pointing into object: com.google.gson.internal.LinkedTreeMap$Node 
{0x00000000c398e738} - klass: 'com/google/gson/internal/LinkedTreeMap$Node'
 - ---- fields (total size 6 words):
 - 'height' 'I' @12  1
 - final 'allowNullValue' 'Z' @16  true
 - 'parent' 'Lcom/google/gson/internal/LinkedTreeMap$Node;' @20  a 'com/google/gson/internal/LinkedTreeMap$Node'{0x00000000c398e270} (c398e270)
 - 'left' 'Lcom/google/gson/internal/LinkedTreeMap$Node;' @24  NULL (0)
 - 'right' 'Lcom/google/gson/internal/LinkedTreeMap$Node;' @28  NULL (0)
 - 'next' 'Lcom/google/gson/internal/LinkedTreeMap$Node;' @32  a 'com/google/gson/internal/LinkedTreeMap$Node'{0x00000000c398e240} (c398e240)
 - 'prev' 'Lcom/google/gson/internal/LinkedTreeMap$Node;' @36  a 'com/google/gson/internal/LinkedTreeMap$Node'{0x00000000c398e270} (c398e270)
 - final 'key' 'Ljava/lang/Object;' @40  "N~getBlipId()"{0x00000000c398e768} (c398e768)
 - 'value' 'Ljava/lang/Object;' @44  a 'java/lang/String'[][1] {0x00000000c398e7a0} (c398e7a0)
RCX=0x00007ffd98de5300 jvm.dll
RDX=0x00000000c398e270 is an oop: com.google.gson.internal.LinkedTreeMap$Node 
{0x00000000c398e270} - klass: 'com/google/gson/internal/LinkedTreeMap$Node'
 - ---- fields (total size 6 words):
 - 'height' 'I' @12  2
 - final 'allowNullValue' 'Z' @16  true
 - 'parent' 'Lcom/google/gson/internal/LinkedTreeMap$Node;' @20  a 'com/google/gson/internal/LinkedTreeMap$Node'{0x00000000c398e240} (c398e240)
 - 'left' 'Lcom/google/gson/internal/LinkedTreeMap$Node;' @24  a 'com/google/gson/internal/LinkedTreeMap$Node'{0x00000000c398e2a0} (c398e2a0)
 - 'right' 'Lcom/google/gson/internal/LinkedTreeMap$Node;' @28  a 'com/google/gson/internal/LinkedTreeMap$Node'{0x00000000c398e738} (c398e738)
 - 'next' 'Lcom/google/gson/internal/LinkedTreeMap$Node;' @32  a 'com/google/gson/internal/LinkedTreeMap$Node'{0x00000000c398e738} (c398e738)
 - 'prev' 'Lcom/google/gson/internal/LinkedTreeMap$Node;' @36  a 'com/google/gson/internal/LinkedTreeMap$Node'{0x00000000c398e2a0} (c398e2a0)
 - final 'key' 'Ljava/lang/Object;' @40  "N~all()"{0x00000000c398e840} (c398e840)
 - 'value' 'Ljava/lang/Object;' @44  a 'java/lang/String'[][1] {0x00000000c398e870} (c398e870)
RSP=0x000000ea2f9ff920 points into unknown readable memory: 0x00000000c3980000 | 00 00 98 c3 00 00 00 00
RBP=0x0000000100421d68 is pointing into metadata
RSI=0x00000000c398e768 is an oop: java.lang.String 
{0x00000000c398e768} - klass: 'java/lang/String'
 - string: "N~getBlipId()"
RDI=0x00000000c398e270 is an oop: com.google.gson.internal.LinkedTreeMap$Node 
{0x00000000c398e270} - klass: 'com/google/gson/internal/LinkedTreeMap$Node'
 - ---- fields (total size 6 words):
 - 'height' 'I' @12  2
 - final 'allowNullValue' 'Z' @16  true
 - 'parent' 'Lcom/google/gson/internal/LinkedTreeMap$Node;' @20  a 'com/google/gson/internal/LinkedTreeMap$Node'{0x00000000c398e240} (c398e240)
 - 'left' 'Lcom/google/gson/internal/LinkedTreeMap$Node;' @24  a 'com/google/gson/internal/LinkedTreeMap$Node'{0x00000000c398e2a0} (c398e2a0)
 - 'right' 'Lcom/google/gson/internal/LinkedTreeMap$Node;' @28  a 'com/google/gson/internal/LinkedTreeMap$Node'{0x00000000c398e738} (c398e738)
 - 'next' 'Lcom/google/gson/internal/LinkedTreeMap$Node;' @32  a 'com/google/gson/internal/LinkedTreeMap$Node'{0x00000000c398e738} (c398e738)
 - 'prev' 'Lcom/google/gson/internal/LinkedTreeMap$Node;' @36  a 'com/google/gson/internal/LinkedTreeMap$Node'{0x00000000c398e2a0} (c398e2a0)
 - final 'key' 'Ljava/lang/Object;' @40  "N~all()"{0x00000000c398e840} (c398e840)
 - 'value' 'Ljava/lang/Object;' @44  a 'java/lang/String'[][1] {0x00000000c398e870} (c398e870)
R8 =0x0000021560996650 points into unknown readable memory: 0x000002157464cee0 | e0 ce 64 74 15 02 00 00
R9 =0x0000000000010000 is an unknown value
R10=0x0000021560996650 points into unknown readable memory: 0x000002157464cee0 | e0 ce 64 74 15 02 00 00
R11=0x0000021560996650 points into unknown readable memory: 0x000002157464cee0 | e0 ce 64 74 15 02 00 00
R12=0x00000000c398e738 is an oop: com.google.gson.internal.LinkedTreeMap$Node 
{0x00000000c398e738} - klass: 'com/google/gson/internal/LinkedTreeMap$Node'
 - ---- fields (total size 6 words):
 - 'height' 'I' @12  1
 - final 'allowNullValue' 'Z' @16  true
 - 'parent' 'Lcom/google/gson/internal/LinkedTreeMap$Node;' @20  a 'com/google/gson/internal/LinkedTreeMap$Node'{0x00000000c398e270} (c398e270)
 - 'left' 'Lcom/google/gson/internal/LinkedTreeMap$Node;' @24  NULL (0)
 - 'right' 'Lcom/google/gson/internal/LinkedTreeMap$Node;' @28  NULL (0)
 - 'next' 'Lcom/google/gson/internal/LinkedTreeMap$Node;' @32  a 'com/google/gson/internal/LinkedTreeMap$Node'{0x00000000c398e240} (c398e240)
 - 'prev' 'Lcom/google/gson/internal/LinkedTreeMap$Node;' @36  a 'com/google/gson/internal/LinkedTreeMap$Node'{0x00000000c398e270} (c398e270)
 - final 'key' 'Ljava/lang/Object;' @40  "N~getBlipId()"{0x00000000c398e768} (c398e768)
 - 'value' 'Ljava/lang/Object;' @44  a 'java/lang/String'[][1] {0x00000000c398e7a0} (c398e7a0)
R13=0x0000000000ce0000 is an unknown value
R14=0x000000ea2f9ff980 points into unknown readable memory: 0x00007ffd98c100a8 | a8 00 c1 98 fd 7f 00 00
R15=0x0000000100421d70 is a pointer to class: 
com.google.gson.internal.bind.JsonTreeReader$1 {0x0000000100421d78}
 - instance size:     3
 - klass size:        85
 - access:            synchronized 
 - state:             fully_initialized
 - name:              'com/google/gson/internal/bind/JsonTreeReader$1'
 - super:             'java/io/Reader'
 - sub:               
 - arrays:            NULL
 - methods:           Array<T>(0x00000215770eb3c0)
 - method ordering:   Array<T>(0x0000021575000018)
 - default_methods:   Array<T>(0x0000000000000000)
 - local interfaces:  Array<T>(0x0000021575000058)
 - trans. interfaces: Array<T>(0x00000215755cdb00)
 - constants:         constant pool [31] {0x00000215770eb250} for 'com/google/gson/internal/bind/JsonTreeReader$1' cache=0x00000215770ebee0
 - class loader data:  loader data: 0x000002157c1c0900 for instance a 'org/eclipse/osgi/internal/loader/EquinoxClassLoader'{0x00000000c079a048}
 - source file:       'JsonTreeReader.java'
 - class annotations:       Array<T>(0x0000000000000000)
 - class type annotations:  Array<T>(0x0000000000000000)
 - field annotations:       Array<T>(0x0000000000000000)
 - field type annotations:  Array<T>(0x0000000000000000)
 - inner classes:     Array<T>(0x00000215770eb5f0)
 - nest members:     Array<T>(0x0000021575000028)
 - permitted subclasses:     Array<T>(0x0000021575000028)
 - java mirror:       a 'java/lang/Class'{0x00000000c0b1f9c8} = 'com/google/gson/internal/bind/JsonTreeReader$1'
 - vtable length      16  (start addr: 0x0000000100421f38)
 - itable length      11 (start addr: 0x0000000100421fb8)
 - ---- static fields (0 words):
 - ---- non-static fields (2 words):
 - protected 'lock' 'Ljava/lang/Object;' @12 
 - private 'skipBuffer' '[C' @16 
 - non-static oop maps: 12-16 


Registers:
RAX=0x00000000c398e270, RBX=0x00000000c398e750, RCX=0x00007ffd98de5300, RDX=0x00000000c398e270
RSP=0x000000ea2f9ff920, RBP=0x0000000100421d68, RSI=0x00000000c398e768, RDI=0x00000000c398e270
R8 =0x0000021560996650, R9 =0x0000000000010000, R10=0x0000021560996650, R11=0x0000021560996650
R12=0x00000000c398e738, R13=0x0000000000ce0000, R14=0x000000ea2f9ff980, R15=0x0000000100421d70
RIP=0x00007ffd98908253, EFLAGS=0x0000000000010297

Top of Stack: (sp=0x000000ea2f9ff920)
0x000000ea2f9ff920:   00000000c3980000 00007ffd989094bb
0x000000ea2f9ff930:   0000021560996650 000002155e8a11f8
0x000000ea2f9ff940:   000000ea2f9ffa90 00007ffd98de52c0
0x000000ea2f9ff950:   0000000000780000 00007ffd9891382f
0x000000ea2f9ff960:   0000000000731ce7 0000000000780000
0x000000ea2f9ff970:   0000000000731cec 0000000000ce0000
0x000000ea2f9ff980:   00007ffd98c100a8 0000000000000000
0x000000ea2f9ff990:   0000021560996650 00007ffd98908a7e
0x000000ea2f9ff9a0:   00000000c0300000 00007ffd9890f017
0x000000ea2f9ff9b0:   0000021560996650 000002155e8a00f0
0x000000ea2f9ff9c0:   0000021560996650 0000000000000000
0x000000ea2f9ff9d0:   00007ffd98de52c0 00007ffd988e14ee
0x000000ea2f9ff9e0:   0000000000060000 0000000000000006
0x000000ea2f9ff9f0:   0000000000000000 0000000000000000
0x000000ea2f9ffa00:   0000021560996650 0000000000000000
0x000000ea2f9ffa10:   00007ffd98de5120 00007ffd98de52c0 

Instructions: (pc=0x00007ffd98908253)
0x00007ffd98908153:   cc cc cc cc cc cc cc cc cc cc cc cc cc 80 3d 27
0x00007ffd98908163:   34 4c 00 00 4c 8d 15 c2 06 00 00 49 8b c2 4c 8d
0x00007ffd98908173:   0d 68 08 00 00 49 0f 45 c1 48 89 05 d5 c5 46 00
0x00007ffd98908183:   49 3b c2 0f 84 a4 06 00 00 48 ff e0 cc 80 3d f7
0x00007ffd98908193:   33 4c 00 00 4c 8d 15 52 07 00 00 49 8b c2 4c 8d
0x00007ffd989081a3:   0d 28 09 00 00 49 0f 45 c1 48 89 05 d5 c5 46 00
0x00007ffd989081b3:   49 3b c2 0f 84 34 07 00 00 48 ff e0 cc 80 3d c7
0x00007ffd989081c3:   33 4c 00 00 4c 8d 15 62 06 00 00 49 8b c2 4c 8d
0x00007ffd989081d3:   0d 08 08 00 00 49 0f 45 c1 48 89 05 5d c5 46 00
0x00007ffd989081e3:   49 3b c2 0f 84 44 06 00 00 48 ff e0 cc 80 3d 97
0x00007ffd989081f3:   33 4c 00 00 4c 8d 15 c2 09 00 00 49 8b c2 4c 8d
0x00007ffd98908203:   0d 78 0a 00 00 49 0f 45 c1 48 89 05 5d c5 46 00
0x00007ffd98908213:   49 3b c2 0f 84 a4 09 00 00 48 ff e0 cc 80 3d 67
0x00007ffd98908223:   33 4c 00 00 4c 8d 15 12 0b 00 00 49 8b c2 4c 8d
0x00007ffd98908233:   0d 28 0d 00 00 49 0f 45 c1 48 89 05 0d c5 46 00
0x00007ffd98908243:   49 3b c2 0f 84 f4 0a 00 00 48 ff e0 cc 80 3d 37
0x00007ffd98908253:   33 4c 00 00 4c 8d 15 e2 0b 00 00 49 8b c2 4c 8d
0x00007ffd98908263:   0d 38 0e 00 00 49 0f 45 c1 48 89 05 0d c5 46 00
0x00007ffd98908273:   49 3b c2 0f 84 c4 0b 00 00 48 ff e0 cc 80 3d 07
0x00007ffd98908283:   33 4c 00 00 4c 8d 15 32 0f 00 00 4d 8b c8 49 8b
0x00007ffd98908293:   c2 4c 8d 05 45 0f 00 00 49 0f 45 c0 48 89 05 a2
0x00007ffd989082a3:   c4 46 00 49 3b c2 75 0b 4c 8b c1 49 8b c9 e9 fa
0x00007ffd989082b3:   01 00 00 4d 8b c1 48 ff e0 cc cc cc cc 80 3d c7
0x00007ffd989082c3:   32 4c 00 00 4c 8d 15 02 0f 00 00 4d 8b c8 49 8b
0x00007ffd989082d3:   c2 4c 8d 05 05 10 00 00 49 0f 45 c0 48 89 05 92
0x00007ffd989082e3:   c4 46 00 49 3b c2 75 0b 4c 8b c1 49 8b c9 e9 8a
0x00007ffd989082f3:   03 00 00 4d 8b c1 48 ff e0 cc cc cc cc 80 3d 87
0x00007ffd98908303:   32 4c 00 00 4c 8d 15 e2 0f 00 00 49 8b c2 4c 8d
0x00007ffd98908313:   0d 28 11 00 00 49 0f 45 c1 48 89 05 45 c4 46 00
0x00007ffd98908323:   49 3b c2 0f 84 c4 0f 00 00 48 ff e0 cc 80 3d 57
0x00007ffd98908333:   32 4c 00 00 4c 8d 15 52 10 00 00 49 8b c2 4c 8d
0x00007ffd98908343:   0d a8 11 00 00 49 0f 45 c1 48 89 05 45 c4 46 00 


Stack slot to memory mapping:
stack at sp + 0 slots: 0x00000000c3980000 is pointing into object: java.lang.String 
{0x00000000c397fff0} - klass: 'java/lang/String'
 - string: "com.questdb.common.Record"
stack at sp + 1 slots: 0x00007ffd989094bb jvm.dll
stack at sp + 2 slots: 0x0000021560996650 points into unknown readable memory: 0x000002157464cee0 | e0 ce 64 74 15 02 00 00
stack at sp + 3 slots: 0x000002155e8a11f8 points into unknown readable memory: 0x00000000c3980000 | 00 00 98 c3 00 00 00 00
stack at sp + 4 slots: 0x000000ea2f9ffa90 points into unknown readable memory: 0x00007ffd98c10088 | 88 00 c1 98 fd 7f 00 00
stack at sp + 5 slots: 0x00007ffd98de52c0 jvm.dll
stack at sp + 6 slots: 0x0000000000780000 is an unknown value
stack at sp + 7 slots: 0x00007ffd9891382f jvm.dll


---------------  P R O C E S S  ---------------

Threads class SMR info:
_java_thread_list=0x000002157cd1d810, length=44, elements={
0x00000215608de6e0, 0x0000021574759dc0, 0x000002157475b6c0, 0x00000215799e4a20,
0x0000021579a06ff0, 0x0000021579a078b0, 0x0000021579a08170, 0x0000021579a237b0,
0x0000021560999340, 0x000002156099e010, 0x00000215609436c0, 0x0000021579d0d5b0,
0x000002157b080410, 0x000002157b086020, 0x000002157b3a9ad0, 0x000002157b3d58e0,
0x000002157b555a60, 0x000002157b65e9b0, 0x000002157b65ee80, 0x000002157b65b990,
0x000002157b65be60, 0x000002157dc31bb0, 0x000002157d0eb410, 0x000002157d0e7a50,
0x000002157d0e88c0, 0x000002157dc30d40, 0x000002157dc34700, 0x000002157dc31210,
0x000002157dc33890, 0x000002157dc32ef0, 0x000002150003ecf0, 0x0000021500039ff0,
0x0000021500039b20, 0x0000021500038cb0, 0x0000021500037970, 0x0000021500039180,
0x000002150003cb40, 0x000002150003d9b0, 0x000002150003a4c0, 0x00000215000374a0,
0x000002150003ae60, 0x000002157e342530, 0x000002157e343d40, 0x000002157e344210
}

Java Threads: ( => current thread )
  0x00000215608de6e0 JavaThread "main" [_thread_blocked, id=23508, stack(0x000000ea2e800000,0x000000ea2e900000)]
  0x0000021574759dc0 JavaThread "Reference Handler" daemon [_thread_blocked, id=22244, stack(0x000000ea2eb00000,0x000000ea2ec00000)]
  0x000002157475b6c0 JavaThread "Finalizer" daemon [_thread_blocked, id=23412, stack(0x000000ea2ec00000,0x000000ea2ed00000)]
  0x00000215799e4a20 JavaThread "Signal Dispatcher" daemon [_thread_blocked, id=16592, stack(0x000000ea2ed00000,0x000000ea2ee00000)]
  0x0000021579a06ff0 JavaThread "Attach Listener" daemon [_thread_blocked, id=26072, stack(0x000000ea2ee00000,0x000000ea2ef00000)]
  0x0000021579a078b0 JavaThread "Service Thread" daemon [_thread_blocked, id=5748, stack(0x000000ea2ef00000,0x000000ea2f000000)]
  0x0000021579a08170 JavaThread "Monitor Deflation Thread" daemon [_thread_blocked, id=8032, stack(0x000000ea2f000000,0x000000ea2f100000)]
  0x0000021579a237b0 JavaThread "C2 CompilerThread0" daemon [_thread_blocked, id=28880, stack(0x000000ea2f100000,0x000000ea2f200000)]
  0x0000021560999340 JavaThread "C1 CompilerThread0" daemon [_thread_blocked, id=12280, stack(0x000000ea2f200000,0x000000ea2f300000)]
  0x000002156099e010 JavaThread "Sweeper thread" daemon [_thread_blocked, id=13888, stack(0x000000ea2f300000,0x000000ea2f400000)]
  0x00000215609436c0 JavaThread "Common-Cleaner" daemon [_thread_blocked, id=2556, stack(0x000000ea2f400000,0x000000ea2f500000)]
  0x0000021579d0d5b0 JavaThread "Notification Thread" daemon [_thread_blocked, id=33200, stack(0x000000ea2f500000,0x000000ea2f600000)]
  0x000002157b080410 JavaThread "Active Thread: Equinox Container: ef82e5d8-c209-4e16-8a52-e9ea220112e4" [_thread_blocked, id=11200, stack(0x000000ea2ff00000,0x000000ea30000000)]
  0x000002157b086020 JavaThread "Framework Event Dispatcher: Equinox Container: ef82e5d8-c209-4e16-8a52-e9ea220112e4" daemon [_thread_blocked, id=5404, stack(0x000000ea2f800000,0x000000ea2f900000)]
  0x000002157b3a9ad0 JavaThread "Start Level: Equinox Container: ef82e5d8-c209-4e16-8a52-e9ea220112e4" daemon [_thread_blocked, id=32008, stack(0x000000ea30000000,0x000000ea30100000)]
  0x000002157b3d58e0 JavaThread "SCR Component Actor" daemon [_thread_blocked, id=8408, stack(0x000000ea30100000,0x000000ea30200000)]
  0x000002157b555a60 JavaThread "Worker-JM" [_thread_blocked, id=23488, stack(0x000000ea30400000,0x000000ea30500000)]
  0x000002157b65e9b0 JavaThread "Java indexing" daemon [_thread_blocked, id=2212, stack(0x000000ea30800000,0x000000ea30900000)]
  0x000002157b65ee80 JavaThread "JNA Cleaner" daemon [_thread_blocked, id=1816, stack(0x000000ea30900000,0x000000ea30a00000)]
  0x000002157b65b990 JavaThread "pool-2-thread-1" [_thread_blocked, id=34304, stack(0x000000ea30c00000,0x000000ea30d00000)]
  0x000002157b65be60 JavaThread "pool-1-thread-1" [_thread_blocked, id=26660, stack(0x000000ea30d00000,0x000000ea30e00000)]
  0x000002157dc31bb0 JavaThread "Bundle File Closer" daemon [_thread_blocked, id=14232, stack(0x000000ea30300000,0x000000ea30400000)]
  0x000002157d0eb410 JavaThread "Java Debug Server" daemon [_thread_in_native, id=13792, stack(0x000000ea30500000,0x000000ea30600000)]
  0x000002157d0e7a50 JavaThread "pool-5-thread-1" [_thread_in_native, id=14076, stack(0x000000ea30600000,0x000000ea30700000)]
  0x000002157d0e88c0 JavaThread "RxSchedulerPurge-1" daemon [_thread_blocked, id=1804, stack(0x000000ea30700000,0x000000ea30800000)]
  0x000002157dc30d40 JavaThread "RxCachedWorkerPoolEvictor-1" daemon [_thread_blocked, id=10592, stack(0x000000ea30a00000,0x000000ea30b00000)]
  0x000002157dc34700 JavaThread "RxNewThreadScheduler-1" daemon [_thread_blocked, id=11728, stack(0x000000ea30b00000,0x000000ea30c00000)]
  0x000002157dc31210 JavaThread "Packet Receive Manager" daemon [_thread_in_native, id=29796, stack(0x000000ea31100000,0x000000ea31200000)]
  0x000002157dc33890 JavaThread "Packet Send Manager" daemon [_thread_blocked, id=31940, stack(0x000000ea31200000,0x000000ea31300000)]
  0x000002157dc32ef0 JavaThread "Event Hub" daemon [_thread_blocked, id=22228, stack(0x000000ea31300000,0x000000ea31400000)]
  0x000002150003ecf0 JavaThread "Worker-49" [_thread_blocked, id=35200, stack(0x000000ea30e00000,0x000000ea30f00000)]
  0x0000021500039ff0 JavaThread "Worker-53" [_thread_blocked, id=28812, stack(0x000000ea31b00000,0x000000ea31c00000)]
  0x0000021500039b20 JavaThread "ForkJoinPool.commonPool-worker-27" daemon [_thread_blocked, id=38880, stack(0x000000ea2e600000,0x000000ea2e700000)]
  0x0000021500038cb0 JavaThread "ForkJoinPool.commonPool-worker-28" daemon [_thread_blocked, id=36456, stack(0x000000ea2e700000,0x000000ea2e800000)]
  0x0000021500037970 JavaThread "ForkJoinPool.commonPool-worker-29" daemon [_thread_blocked, id=37944, stack(0x000000ea2f700000,0x000000ea2f800000)]
  0x0000021500039180 JavaThread "ForkJoinPool.commonPool-worker-30" daemon [_thread_blocked, id=30612, stack(0x000000ea30f00000,0x000000ea31000000)]
  0x000002150003cb40 JavaThread "ForkJoinPool.commonPool-worker-32" daemon [_thread_blocked, id=30956, stack(0x000000ea31000000,0x000000ea31100000)]
  0x000002150003d9b0 JavaThread "ForkJoinPool.commonPool-worker-31" daemon [_thread_blocked, id=32352, stack(0x000000ea31400000,0x000000ea31500000)]
  0x000002150003a4c0 JavaThread "ForkJoinPool.commonPool-worker-33" daemon [_thread_blocked, id=32836, stack(0x000000ea31500000,0x000000ea31600000)]
  0x00000215000374a0 JavaThread "ForkJoinPool.commonPool-worker-34" daemon [_thread_blocked, id=36716, stack(0x000000ea31600000,0x000000ea31700000)]
  0x000002150003ae60 JavaThread "pool-1-thread-14" [_thread_blocked, id=37760, stack(0x000000ea31700000,0x000000ea31800000)]
  0x000002157e342530 JavaThread "Worker-54" [_thread_blocked, id=19960, stack(0x000000ea31800000,0x000000ea31900000)]
  0x000002157e343d40 JavaThread "Worker-55" [_thread_blocked, id=24988, stack(0x000000ea31900000,0x000000ea31a00000)]
  0x000002157e344210 JavaThread "Worker-56" [_thread_blocked, id=37436, stack(0x000000ea31a00000,0x000000ea31b00000)]

Other Threads:
  0x00000215609919b0 VMThread "VM Thread" [stack: 0x000000ea2ea00000,0x000000ea2eb00000] [id=13960]
  0x0000021579d0da80 WatcherThread [stack: 0x000000ea2f600000,0x000000ea2f700000] [id=29024]
  0x00000215608f88d0 GCTaskThread "GC Thread#0" [stack: 0x000000ea2e900000,0x000000ea2ea00000] [id=24420]
=>0x000002157b2aa100 GCTaskThread "GC Thread#1" [stack: 0x000000ea2f900000,0x000000ea2fa00000] [id=16400]
  0x000002157adb73c0 GCTaskThread "GC Thread#2" [stack: 0x000000ea2fa00000,0x000000ea2fb00000] [id=30276]
  0x000002157adb7880 GCTaskThread "GC Thread#3" [stack: 0x000000ea2fb00000,0x000000ea2fc00000] [id=25616]
  0x000002157adb7b30 GCTaskThread "GC Thread#4" [stack: 0x000000ea2fc00000,0x000000ea2fd00000] [id=10232]
  0x000002157adb7de0 GCTaskThread "GC Thread#5" [stack: 0x000000ea2fd00000,0x000000ea2fe00000] [id=27460]
  0x000002157ad3d000 GCTaskThread "GC Thread#6" [stack: 0x000000ea2fe00000,0x000000ea2ff00000] [id=31748]
  0x000002155e69c100 GCTaskThread "GC Thread#7" [stack: 0x000000ea30200000,0x000000ea30300000] [id=24652]

Threads with active compile tasks:

VM state: at safepoint (normal execution)

VM Mutex/Monitor currently owned by a thread:  ([mutex/lock_event])
[0x00000215608db3d0] Threads_lock - owner thread: 0x00000215609919b0
[0x00000215608dba00] Heap_lock - owner thread: 0x0000021500037970

Heap address: 0x00000000c0000000, size: 1024 MB, Compressed Oops mode: 32-bit

CDS archive(s) not mapped
Compressed class space mapped at: 0x0000000100000000-0x0000000140000000, reserved size: 1073741824
Narrow klass base: 0x0000000000000000, Narrow klass shift: 3, Narrow klass range: 0x140000000

GC Precious Log:
 CPUs: 8 total, 8 available
 Memory: 32681M
 Large Page Support: Disabled
 NUMA Support: Disabled
 Compressed Oops: Enabled (32-bit)
 Alignments: Space 512K, Generation 512K, Heap 2M
 Heap Min Capacity: 100M
 Heap Initial Capacity: 100M
 Heap Max Capacity: 1G
 Pre-touch: Disabled
 Parallel Workers: 8

Heap:
 PSYoungGen      total 2048K, used 1504K [0x00000000eab00000, 0x00000000ec080000, 0x0000000100000000)
  eden space 512K, 0% used [0x00000000eab00000,0x00000000eab00000,0x00000000eab80000)
  from space 1536K, 97% used [0x00000000eb200000,0x00000000eb3782a8,0x00000000eb380000)
  to   space 6656K, 0% used [0x00000000eab80000,0x00000000eab80000,0x00000000eb200000)
 ParOldGen       total 141312K, used 140833K [0x00000000c0000000, 0x00000000c8a00000, 0x00000000eab00000)
  object space 141312K, 99% used [0x00000000c0000000,0x00000000c89885a8,0x00000000c8a00000)
 Metaspace       used 99804K, committed 101184K, reserved 1179648K
  class space    used 9866K, committed 10496K, reserved 1048576K

Card table byte_map: [0x0000021560280000,0x0000021560490000] _byte_map_base: 0x000002155fc80000

Marking Bits: (ParMarkBitMap*) 0x00007ffd98de52c0
 Begin Bits: [0x0000021572560000, 0x0000021573560000)
 End Bits:   [0x0000021573560000, 0x0000021574560000)

Polling page: 0x000002155e870000

Metaspace:

Usage:
  Non-class:     87.83 MB used.
      Class:      9.64 MB used.
       Both:     97.47 MB used.

Virtual space:
  Non-class space:      128.00 MB reserved,      88.56 MB ( 69%) committed,  2 nodes.
      Class space:        1.00 GB reserved,      10.25 MB (  1%) committed,  1 nodes.
             Both:        1.12 GB reserved,      98.81 MB (  9%) committed. 

Chunk freelists:
   Non-Class:  7.17 MB
       Class:  5.60 MB
        Both:  12.77 MB

MaxMetaspaceSize: unlimited
CompressedClassSpaceSize: 1.00 GB
Initial GC threshold: 21.00 MB
Current GC threshold: 164.62 MB
CDS: off
MetaspaceReclaimPolicy: balanced
 - commit_granule_bytes: 65536.
 - commit_granule_words: 8192.
 - virtual_space_node_default_size: 8388608.
 - enlarge_chunks_in_place: 1.
 - new_chunks_are_fully_committed: 0.
 - uncommit_free_chunks: 1.
 - use_allocation_guard: 0.
 - handle_deallocations: 1.


Internal statistics:

num_allocs_failed_limit: 9.
num_arena_births: 1198.
num_arena_deaths: 318.
num_vsnodes_births: 3.
num_vsnodes_deaths: 0.
num_space_committed: 1581.
num_space_uncommitted: 0.
num_chunks_returned_to_freelist: 423.
num_chunks_taken_from_freelist: 5764.
num_chunk_merges: 152.
num_chunk_splits: 3368.
num_chunks_enlarged: 1808.
num_inconsistent_stats: 0.

CodeHeap 'non-profiled nmethods': size=120000Kb used=33010Kb max_used=33039Kb free=86989Kb
 bounds [0x000002156b030000, 0x000002156d080000, 0x0000021572560000]
CodeHeap 'profiled nmethods': size=120000Kb used=41640Kb max_used=43178Kb free=78359Kb
 bounds [0x0000021563560000, 0x0000021565fa0000, 0x000002156aa90000]
CodeHeap 'non-nmethods': size=5760Kb used=1456Kb max_used=1658Kb free=4303Kb
 bounds [0x000002156aa90000, 0x000002156ad00000, 0x000002156b030000]
 total_blobs=22503 nmethods=21694 adapters=719
 compilation: enabled
              stopped_count=0, restarted_count=0
 full_count=0

Compilation events (20 events):
Event: 8469.764 Thread 0x0000021560999340 nmethod 31876 0x000002156b74fe10 code [0x000002156b74ffa0, 0x000002156b750078]
Event: 8469.764 Thread 0x0000021560999340 31877       1       java.lang.StackStreamFactory$StackFrameTraverser::characteristics (4 bytes)
Event: 8469.764 Thread 0x0000021560999340 nmethod 31877 0x000002156c9dac10 code [0x000002156c9dada0, 0x000002156c9dae78]
Event: 8469.764 Thread 0x0000021560999340 31878       1       java.lang.StackStreamFactory$FrameBuffer::startIndex (2 bytes)
Event: 8469.764 Thread 0x0000021560999340 nmethod 31878 0x000002156b6e7490 code [0x000002156b6e7620, 0x000002156b6e76f8]
Event: 8469.764 Thread 0x0000021560999340 31879       1       java.lang.StackStreamFactory$StackFrameTraverser$StackFrameBuffer::frames (5 bytes)
Event: 8469.764 Thread 0x0000021560999340 nmethod 31879 0x000002156b6e7190 code [0x000002156b6e7320, 0x000002156b6e73f8]
Event: 8469.765 Thread 0x0000021560999340 31880       3       com.google.gson.internal.bind.ReflectiveTypeAdapterFactory::create (143 bytes)
Event: 8469.765 Thread 0x0000021560999340 nmethod 31880 0x0000021564dee390 code [0x0000021564dee760, 0x0000021564defe48]
Event: 8469.765 Thread 0x0000021560999340 31882       3       com.google.gson.internal.bind.ReflectiveTypeAdapterFactory::getBoundFields (530 bytes)
Event: 8469.770 Thread 0x0000021560999340 nmethod 31882 0x0000021565e02910 code [0x0000021565e03460, 0x0000021565e09b68]
Event: 8469.770 Thread 0x0000021560999340 31881       3       com.google.gson.internal.reflect.ReflectionHelper::isRecord (8 bytes)
Event: 8469.770 Thread 0x0000021560999340 nmethod 31881 0x000002156503d990 code [0x000002156503dbc0, 0x000002156503e448]
Event: 8469.774 Thread 0x0000021579a237b0 nmethod 31873 0x000002156b930610 code [0x000002156b9307a0, 0x000002156b9311f8]
Event: 8469.774 Thread 0x0000021579a237b0 31875       4       sun.nio.cs.UTF_8$Encoder::encodeArrayLoopSlow (377 bytes)
Event: 8469.777 Thread 0x0000021579a237b0 nmethod 31875 0x000002156c370690 code [0x000002156c370840, 0x000002156c370d98]
Event: 8470.850 Thread 0x0000021560999340 31883       3       org.eclipse.jdt.internal.compiler.ast.UnaryExpression::generateOptimizedBoolean (78 bytes)
Event: 8470.851 Thread 0x0000021560999340 nmethod 31883 0x0000021564f1d810 code [0x0000021564f1da00, 0x0000021564f1de78]
Event: 8471.382 Thread 0x0000021579a237b0 31884       4       org.eclipse.jdt.internal.compiler.flow.UnconditionalFlowInfo::addNullInfoFrom (7 bytes)
Event: 8471.383 Thread 0x0000021579a237b0 nmethod 31884 0x000002156bf19c10 code [0x000002156bf19da0, 0x000002156bf19e48]

GC Heap History (20 events):
Event: 8471.144 GC heap after
{Heap after GC invocations=23140 (full 682):
 PSYoungGen      total 7680K, used 1194K [0x00000000eab00000, 0x00000000eb500000, 0x0000000100000000)
  eden space 6144K, 0% used [0x00000000eab00000,0x00000000eab00000,0x00000000eb100000)
  from space 1536K, 77% used [0x00000000eb100000,0x00000000eb22a910,0x00000000eb280000)
  to   space 2048K, 0% used [0x00000000eb300000,0x00000000eb300000,0x00000000eb500000)
 ParOldGen       total 138240K, used 129019K [0x00000000c0000000, 0x00000000c8700000, 0x00000000eab00000)
  object space 138240K, 93% used [0x00000000c0000000,0x00000000c7dfec18,0x00000000c8700000)
 Metaspace       used 99804K, committed 101184K, reserved 1179648K
  class space    used 9866K, committed 10496K, reserved 1048576K
}
Event: 8471.152 GC heap before
{Heap before GC invocations=23141 (full 682):
 PSYoungGen      total 7680K, used 7338K [0x00000000eab00000, 0x00000000eb500000, 0x0000000100000000)
  eden space 6144K, 100% used [0x00000000eab00000,0x00000000eb100000,0x00000000eb100000)
  from space 1536K, 77% used [0x00000000eb100000,0x00000000eb22a910,0x00000000eb280000)
  to   space 2048K, 0% used [0x00000000eb300000,0x00000000eb300000,0x00000000eb500000)
 ParOldGen       total 138240K, used 129019K [0x00000000c0000000, 0x00000000c8700000, 0x00000000eab00000)
  object space 138240K, 93% used [0x00000000c0000000,0x00000000c7dfec18,0x00000000c8700000)
 Metaspace       used 99804K, committed 101184K, reserved 1179648K
  class space    used 9866K, committed 10496K, reserved 1048576K
}
Event: 8471.153 GC heap after
{Heap after GC invocations=23141 (full 682):
 PSYoungGen      total 7168K, used 1018K [0x00000000eab00000, 0x00000000eb400000, 0x0000000100000000)
  eden space 6144K, 0% used [0x00000000eab00000,0x00000000eab00000,0x00000000eb100000)
  from space 1024K, 99% used [0x00000000eb300000,0x00000000eb3fe900,0x00000000eb400000)
  to   space 1536K, 0% used [0x00000000eb100000,0x00000000eb100000,0x00000000eb280000)
 ParOldGen       total 138240K, used 130101K [0x00000000c0000000, 0x00000000c8700000, 0x00000000eab00000)
  object space 138240K, 94% used [0x00000000c0000000,0x00000000c7f0d5b8,0x00000000c8700000)
 Metaspace       used 99804K, committed 101184K, reserved 1179648K
  class space    used 9866K, committed 10496K, reserved 1048576K
}
Event: 8471.163 GC heap before
{Heap before GC invocations=23142 (full 682):
 PSYoungGen      total 7168K, used 7162K [0x00000000eab00000, 0x00000000eb400000, 0x0000000100000000)
  eden space 6144K, 100% used [0x00000000eab00000,0x00000000eb100000,0x00000000eb100000)
  from space 1024K, 99% used [0x00000000eb300000,0x00000000eb3fe900,0x00000000eb400000)
  to   space 1536K, 0% used [0x00000000eb100000,0x00000000eb100000,0x00000000eb280000)
 ParOldGen       total 138240K, used 130101K [0x00000000c0000000, 0x00000000c8700000, 0x00000000eab00000)
  object space 138240K, 94% used [0x00000000c0000000,0x00000000c7f0d5b8,0x00000000c8700000)
 Metaspace       used 99804K, committed 101184K, reserved 1179648K
  class space    used 9866K, committed 10496K, reserved 1048576K
}
Event: 8471.164 GC heap after
{Heap after GC invocations=23142 (full 682):
 PSYoungGen      total 7680K, used 474K [0x00000000eab00000, 0x00000000eb380000, 0x0000000100000000)
  eden space 6144K, 0% used [0x00000000eab00000,0x00000000eab00000,0x00000000eb100000)
  from space 1536K, 30% used [0x00000000eb100000,0x00000000eb176900,0x00000000eb280000)
  to   space 1024K, 0% used [0x00000000eb280000,0x00000000eb280000,0x00000000eb380000)
 ParOldGen       total 138240K, used 131049K [0x00000000c0000000, 0x00000000c8700000, 0x00000000eab00000)
  object space 138240K, 94% used [0x00000000c0000000,0x00000000c7ffa7d8,0x00000000c8700000)
 Metaspace       used 99804K, committed 101184K, reserved 1179648K
  class space    used 9866K, committed 10496K, reserved 1048576K
}
Event: 8471.171 GC heap before
{Heap before GC invocations=23143 (full 682):
 PSYoungGen      total 7680K, used 6618K [0x00000000eab00000, 0x00000000eb380000, 0x0000000100000000)
  eden space 6144K, 100% used [0x00000000eab00000,0x00000000eb100000,0x00000000eb100000)
  from space 1536K, 30% used [0x00000000eb100000,0x00000000eb176900,0x00000000eb280000)
  to   space 1024K, 0% used [0x00000000eb280000,0x00000000eb280000,0x00000000eb380000)
 ParOldGen       total 138240K, used 131049K [0x00000000c0000000, 0x00000000c8700000, 0x00000000eab00000)
  object space 138240K, 94% used [0x00000000c0000000,0x00000000c7ffa7d8,0x00000000c8700000)
 Metaspace       used 99804K, committed 101184K, reserved 1179648K
  class space    used 9866K, committed 10496K, reserved 1048576K
}
Event: 8471.171 GC heap after
{Heap after GC invocations=23143 (full 682):
 PSYoungGen      total 6656K, used 996K [0x00000000eab00000, 0x00000000eb500000, 0x0000000100000000)
  eden space 5632K, 0% used [0x00000000eab00000,0x00000000eab00000,0x00000000eb080000)
  from space 1024K, 97% used [0x00000000eb280000,0x00000000eb379210,0x00000000eb380000)
  to   space 2048K, 0% used [0x00000000eb080000,0x00000000eb080000,0x00000000eb280000)
 ParOldGen       total 138240K, used 131526K [0x00000000c0000000, 0x00000000c8700000, 0x00000000eab00000)
  object space 138240K, 95% used [0x00000000c0000000,0x00000000c80719f8,0x00000000c8700000)
 Metaspace       used 99804K, committed 101184K, reserved 1179648K
  class space    used 9866K, committed 10496K, reserved 1048576K
}
Event: 8471.179 GC heap before
{Heap before GC invocations=23144 (full 682):
 PSYoungGen      total 6656K, used 6628K [0x00000000eab00000, 0x00000000eb500000, 0x0000000100000000)
  eden space 5632K, 100% used [0x00000000eab00000,0x00000000eb080000,0x00000000eb080000)
  from space 1024K, 97% used [0x00000000eb280000,0x00000000eb379210,0x00000000eb380000)
  to   space 2048K, 0% used [0x00000000eb080000,0x00000000eb080000,0x00000000eb280000)
 ParOldGen       total 138240K, used 131526K [0x00000000c0000000, 0x00000000c8700000, 0x00000000eab00000)
  object space 138240K, 95% used [0x00000000c0000000,0x00000000c80719f8,0x00000000c8700000)
 Metaspace       used 99804K, committed 101184K, reserved 1179648K
  class space    used 9866K, committed 10496K, reserved 1048576K
}
Event: 8471.179 GC heap after
{Heap after GC invocations=23144 (full 682):
 PSYoungGen      total 6144K, used 442K [0x00000000eab00000, 0x00000000eb300000, 0x0000000100000000)
  eden space 5632K, 0% used [0x00000000eab00000,0x00000000eab00000,0x00000000eb080000)
  from space 512K, 86% used [0x00000000eb080000,0x00000000eb0ee900,0x00000000eb100000)
  to   space 1024K, 0% used [0x00000000eb200000,0x00000000eb200000,0x00000000eb300000)
 ParOldGen       total 138240K, used 132547K [0x00000000c0000000, 0x00000000c8700000, 0x00000000eab00000)
  object space 138240K, 95% used [0x00000000c0000000,0x00000000c8170c18,0x00000000c8700000)
 Metaspace       used 99804K, committed 101184K, reserved 1179648K
  class space    used 9866K, committed 10496K, reserved 1048576K
}
Event: 8471.186 GC heap before
{Heap before GC invocations=23145 (full 682):
 PSYoungGen      total 6144K, used 6074K [0x00000000eab00000, 0x00000000eb300000, 0x0000000100000000)
  eden space 5632K, 100% used [0x00000000eab00000,0x00000000eb080000,0x00000000eb080000)
  from space 512K, 86% used [0x00000000eb080000,0x00000000eb0ee900,0x00000000eb100000)
  to   space 1024K, 0% used [0x00000000eb200000,0x00000000eb200000,0x00000000eb300000)
 ParOldGen       total 138240K, used 132547K [0x00000000c0000000, 0x00000000c8700000, 0x00000000eab00000)
  object space 138240K, 95% used [0x00000000c0000000,0x00000000c8170c18,0x00000000c8700000)
 Metaspace       used 99804K, committed 101184K, reserved 1179648K
  class space    used 9866K, committed 10496K, reserved 1048576K
}
Event: 8471.187 GC heap after
{Heap after GC invocations=23145 (full 682):
 PSYoungGen      total 6656K, used 928K [0x00000000eab00000, 0x00000000eb300000, 0x0000000100000000)
  eden space 5632K, 0% used [0x00000000eab00000,0x00000000eab00000,0x00000000eb080000)
  from space 1024K, 90% used [0x00000000eb200000,0x00000000eb2e8000,0x00000000eb300000)
  to   space 1024K, 0% used [0x00000000eb100000,0x00000000eb100000,0x00000000eb200000)
 ParOldGen       total 138240K, used 132831K [0x00000000c0000000, 0x00000000c8700000, 0x00000000eab00000)
  object space 138240K, 96% used [0x00000000c0000000,0x00000000c81b7e18,0x00000000c8700000)
 Metaspace       used 99804K, committed 101184K, reserved 1179648K
  class space    used 9866K, committed 10496K, reserved 1048576K
}
Event: 8471.193 GC heap before
{Heap before GC invocations=23146 (full 682):
 PSYoungGen      total 6656K, used 6560K [0x00000000eab00000, 0x00000000eb300000, 0x0000000100000000)
  eden space 5632K, 100% used [0x00000000eab00000,0x00000000eb080000,0x00000000eb080000)
  from space 1024K, 90% used [0x00000000eb200000,0x00000000eb2e8000,0x00000000eb300000)
  to   space 1024K, 0% used [0x00000000eb100000,0x00000000eb100000,0x00000000eb200000)
 ParOldGen       total 138240K, used 132831K [0x00000000c0000000, 0x00000000c8700000, 0x00000000eab00000)
  object space 138240K, 96% used [0x00000000c0000000,0x00000000c81b7e18,0x00000000c8700000)
 Metaspace       used 99804K, committed 101184K, reserved 1179648K
  class space    used 9866K, committed 10496K, reserved 1048576K
}
Event: 8471.194 GC heap after
{Heap after GC invocations=23146 (full 682):
 PSYoungGen      total 6656K, used 1002K [0x00000000eab00000, 0x00000000eb380000, 0x0000000100000000)
  eden space 5632K, 0% used [0x00000000eab00000,0x00000000eab00000,0x00000000eb080000)
  from space 1024K, 97% used [0x00000000eb100000,0x00000000eb1fa910,0x00000000eb200000)
  to   space 1536K, 0% used [0x00000000eb200000,0x00000000eb200000,0x00000000eb380000)
 ParOldGen       total 138240K, used 133670K [0x00000000c0000000, 0x00000000c8700000, 0x00000000eab00000)
  object space 138240K, 96% used [0x00000000c0000000,0x00000000c8289870,0x00000000c8700000)
 Metaspace       used 99804K, committed 101184K, reserved 1179648K
  class space    used 9866K, committed 10496K, reserved 1048576K
}
Event: 8471.374 GC heap before
{Heap before GC invocations=23147 (full 682):
 PSYoungGen      total 6656K, used 6634K [0x00000000eab00000, 0x00000000eb380000, 0x0000000100000000)
  eden space 5632K, 100% used [0x00000000eab00000,0x00000000eb080000,0x00000000eb080000)
  from space 1024K, 97% used [0x00000000eb100000,0x00000000eb1fa910,0x00000000eb200000)
  to   space 1536K, 0% used [0x00000000eb200000,0x00000000eb200000,0x00000000eb380000)
 ParOldGen       total 138240K, used 133670K [0x00000000c0000000, 0x00000000c8700000, 0x00000000eab00000)
  object space 138240K, 96% used [0x00000000c0000000,0x00000000c8289870,0x00000000c8700000)
 Metaspace       used 99804K, committed 101184K, reserved 1179648K
  class space    used 9866K, committed 10496K, reserved 1048576K
}
Event: 8471.374 GC heap after
{Heap after GC invocations=23147 (full 682):
 PSYoungGen      total 7168K, used 1204K [0x00000000eab00000, 0x00000000eb380000, 0x0000000100000000)
  eden space 5632K, 0% used [0x00000000eab00000,0x00000000eab00000,0x00000000eb080000)
  from space 1536K, 78% used [0x00000000eb200000,0x00000000eb32d200,0x00000000eb380000)
  to   space 1536K, 0% used [0x00000000eb080000,0x00000000eb080000,0x00000000eb200000)
 ParOldGen       total 138240K, used 134562K [0x00000000c0000000, 0x00000000c8700000, 0x00000000eab00000)
  object space 138240K, 97% used [0x00000000c0000000,0x00000000c8368a90,0x00000000c8700000)
 Metaspace       used 99804K, committed 101184K, reserved 1179648K
  class space    used 9866K, committed 10496K, reserved 1048576K
}
Event: 8471.392 GC heap before
{Heap before GC invocations=23148 (full 682):
 PSYoungGen      total 7168K, used 6669K [0x00000000eab00000, 0x00000000eb380000, 0x0000000100000000)
  eden space 5632K, 97% used [0x00000000eab00000,0x00000000eb0562b8,0x00000000eb080000)
  from space 1536K, 78% used [0x00000000eb200000,0x00000000eb32d200,0x00000000eb380000)
  to   space 1536K, 0% used [0x00000000eb080000,0x00000000eb080000,0x00000000eb200000)
 ParOldGen       total 138240K, used 134562K [0x00000000c0000000, 0x00000000c8700000, 0x00000000eab00000)
  object space 138240K, 97% used [0x00000000c0000000,0x00000000c8368a90,0x00000000c8700000)
 Metaspace       used 99804K, committed 101184K, reserved 1179648K
  class space    used 9866K, committed 10496K, reserved 1048576K
}
Event: 8471.392 GC heap after
{Heap after GC invocations=23148 (full 682):
 PSYoungGen      total 7168K, used 1146K [0x00000000eab00000, 0x00000000eb380000, 0x0000000100000000)
  eden space 5632K, 0% used [0x00000000eab00000,0x00000000eab00000,0x00000000eb080000)
  from space 1536K, 74% used [0x00000000eb080000,0x00000000eb19eba8,0x00000000eb200000)
  to   space 1536K, 0% used [0x00000000eb200000,0x00000000eb200000,0x00000000eb380000)
 ParOldGen       total 138240K, used 135589K [0x00000000c0000000, 0x00000000c8700000, 0x00000000eab00000)
  object space 138240K, 98% used [0x00000000c0000000,0x00000000c84695e0,0x00000000c8700000)
 Metaspace       used 99804K, committed 101184K, reserved 1179648K
  class space    used 9866K, committed 10496K, reserved 1048576K
}
Event: 8471.400 GC heap before
{Heap before GC invocations=23149 (full 682):
 PSYoungGen      total 7168K, used 6778K [0x00000000eab00000, 0x00000000eb380000, 0x0000000100000000)
  eden space 5632K, 100% used [0x00000000eab00000,0x00000000eb080000,0x00000000eb080000)
  from space 1536K, 74% used [0x00000000eb080000,0x00000000eb19eba8,0x00000000eb200000)
  to   space 1536K, 0% used [0x00000000eb200000,0x00000000eb200000,0x00000000eb380000)
 ParOldGen       total 138240K, used 135589K [0x00000000c0000000, 0x00000000c8700000, 0x00000000eab00000)
  object space 138240K, 98% used [0x00000000c0000000,0x00000000c84695e0,0x00000000c8700000)
 Metaspace       used 99804K, committed 101184K, reserved 1179648K
  class space    used 9866K, committed 10496K, reserved 1048576K
}
Event: 8471.402 GC heap after
{Heap after GC invocations=23149 (full 682):
 PSYoungGen      total 2048K, used 1504K [0x00000000eab00000, 0x00000000ec080000, 0x0000000100000000)
  eden space 512K, 0% used [0x00000000eab00000,0x00000000eab00000,0x00000000eab80000)
  from space 1536K, 97% used [0x00000000eb200000,0x00000000eb3782a8,0x00000000eb380000)
  to   space 6656K, 0% used [0x00000000eab80000,0x00000000eab80000,0x00000000eb200000)
 ParOldGen       total 141312K, used 140833K [0x00000000c0000000, 0x00000000c8a00000, 0x00000000eab00000)
  object space 141312K, 99% used [0x00000000c0000000,0x00000000c89885a8,0x00000000c8a00000)
 Metaspace       used 99804K, committed 101184K, reserved 1179648K
  class space    used 9866K, committed 10496K, reserved 1048576K
}
Event: 8471.402 GC heap before
{Heap before GC invocations=23150 (full 683):
 PSYoungGen      total 2048K, used 1504K [0x00000000eab00000, 0x00000000ec080000, 0x0000000100000000)
  eden space 512K, 0% used [0x00000000eab00000,0x00000000eab00000,0x00000000eab80000)
  from space 1536K, 97% used [0x00000000eb200000,0x00000000eb3782a8,0x00000000eb380000)
  to   space 6656K, 0% used [0x00000000eab80000,0x00000000eab80000,0x00000000eb200000)
 ParOldGen       total 141312K, used 140833K [0x00000000c0000000, 0x00000000c8a00000, 0x00000000eab00000)
  object space 141312K, 99% used [0x00000000c0000000,0x00000000c89885a8,0x00000000c8a00000)
 Metaspace       used 99804K, committed 101184K, reserved 1179648K
  class space    used 9866K, committed 10496K, reserved 1048576K
}

Dll operation events (11 events):
Event: 0.050 Loaded shared library c:\Users\henry\.vscode\extensions\redhat.java-1.18.0-win32-x64\jre\17.0.7-win32-x86_64\bin\java.dll
Event: 0.241 Loaded shared library c:\Users\henry\.vscode\extensions\redhat.java-1.18.0-win32-x64\jre\17.0.7-win32-x86_64\bin\zip.dll
Event: 0.245 Loaded shared library C:\Users\henry\.vscode\extensions\redhat.java-1.18.0-win32-x64\jre\17.0.7-win32-x86_64\bin\instrument.dll
Event: 0.254 Loaded shared library C:\Users\henry\.vscode\extensions\redhat.java-1.18.0-win32-x64\jre\17.0.7-win32-x86_64\bin\net.dll
Event: 0.256 Loaded shared library C:\Users\henry\.vscode\extensions\redhat.java-1.18.0-win32-x64\jre\17.0.7-win32-x86_64\bin\nio.dll
Event: 0.261 Loaded shared library C:\Users\henry\.vscode\extensions\redhat.java-1.18.0-win32-x64\jre\17.0.7-win32-x86_64\bin\zip.dll
Event: 0.270 Loaded shared library C:\Users\henry\.vscode\extensions\redhat.java-1.18.0-win32-x64\jre\17.0.7-win32-x86_64\bin\jimage.dll
Event: 0.301 Loaded shared library c:\Users\henry\.vscode\extensions\redhat.java-1.18.0-win32-x64\jre\17.0.7-win32-x86_64\bin\verify.dll
Event: 3.253 Loaded shared library C:\Users\henry\AppData\Roaming\Code\User\globalStorage\redhat.java\1.18.0\config_win\org.eclipse.equinox.launcher\org.eclipse.equinox.launcher.win32.win32.x86_64_1.2.700.v20221108-1024\eclipse_11801.dll
Event: 6.808 Loaded shared library C:\Users\henry\AppData\Local\Temp\jna-99164440\jna18208849160393390427.dll
Event: 8.814 Loaded shared library C:\Users\henry\.vscode\extensions\redhat.java-1.18.0-win32-x64\jre\17.0.7-win32-x86_64\bin\sunmscapi.dll

Deoptimization events (20 events):
Event: 8468.398 Thread 0x0000021500037970 DEOPT PACKING pc=0x0000021564a00d1c sp=0x000000ea2f7feba0
Event: 8468.398 Thread 0x0000021500037970 DEOPT UNPACKING pc=0x000002156aae6e43 sp=0x000000ea2f7fe120 mode 0
Event: 8469.760 Thread 0x000002157dc34700 Uncommon trap: trap_request=0xffffff45 fr.pc=0x000002156c0915a4 relative=0x0000000000000564
Event: 8469.760 Thread 0x000002157dc34700 Uncommon trap: reason=unstable_if action=reinterpret pc=0x000002156c0915a4 method=java.util.HashMap.getOrDefault(Ljava/lang/Object;Ljava/lang/Object;)Ljava/lang/Object; @ 7 c2
Event: 8469.760 Thread 0x000002157dc34700 DEOPT PACKING pc=0x000002156c0915a4 sp=0x000000ea30bfea20
Event: 8469.760 Thread 0x000002157dc34700 DEOPT UNPACKING pc=0x000002156aae66a3 sp=0x000000ea30bfe9c8 mode 2
Event: 8469.762 Thread 0x000002157dc31210 Uncommon trap: trap_request=0xffffff45 fr.pc=0x000002156c31b5bc relative=0x00000000000014dc
Event: 8469.762 Thread 0x000002157dc31210 Uncommon trap: reason=unstable_if action=reinterpret pc=0x000002156c31b5bc method=org.eclipse.jdi.internal.jdwp.JdwpPacket.build([B)Lorg/eclipse/jdi/internal/jdwp/JdwpPacket; @ 181 c2
Event: 8469.762 Thread 0x000002157dc31210 DEOPT PACKING pc=0x000002156c31b5bc sp=0x000000ea311fef90
Event: 8469.762 Thread 0x000002157dc31210 DEOPT UNPACKING pc=0x000002156aae66a3 sp=0x000000ea311feee8 mode 2
Event: 8469.762 Thread 0x000002157dc34700 Uncommon trap: trap_request=0xffffffde fr.pc=0x000002156cc05c14 relative=0x0000000000000494
Event: 8469.762 Thread 0x000002157dc34700 Uncommon trap: reason=class_check action=maybe_recompile pc=0x000002156cc05c14 method=java.util.concurrent.CompletableFuture.uniExceptionally(Ljava/lang/Object;Ljava/util/function/Function;Ljava/util/concurrent/CompletableFuture$UniExceptionally;)Z @ 44 c
Event: 8469.762 Thread 0x000002157dc34700 DEOPT PACKING pc=0x000002156cc05c14 sp=0x000000ea30bfe960
Event: 8469.762 Thread 0x000002157dc34700 DEOPT UNPACKING pc=0x000002156aae66a3 sp=0x000000ea30bfe910 mode 2
Event: 8469.763 Thread 0x000002157dc34700 Uncommon trap: trap_request=0xffffffde fr.pc=0x000002156cb643e8 relative=0x0000000000002968
Event: 8469.763 Thread 0x000002157dc34700 Uncommon trap: reason=class_check action=maybe_recompile pc=0x000002156cb643e8 method=org.eclipse.jdt.ls.core.internal.handlers.LogHandler.processLogMessage(Lorg/eclipse/core/runtime/IStatus;)V @ 87 c2
Event: 8469.763 Thread 0x000002157dc34700 DEOPT PACKING pc=0x000002156cb643e8 sp=0x000000ea30bfe130
Event: 8469.763 Thread 0x000002157dc34700 DEOPT UNPACKING pc=0x000002156aae66a3 sp=0x000000ea30bfdfd0 mode 2
Event: 8469.764 Thread 0x000002157dc34700 DEOPT PACKING pc=0x00000215641fb95b sp=0x000000ea30bfe170
Event: 8469.764 Thread 0x000002157dc34700 DEOPT UNPACKING pc=0x000002156aae6e43 sp=0x000000ea30bfd670 mode 0

Classes unloaded (20 events):
Event: 3272.363 Thread 0x00000215609919b0 Unloading class 0x000000010028d000 'jdk/internal/reflect/GeneratedSerializationConstructorAccessor4'
Event: 3272.363 Thread 0x00000215609919b0 Unloading class 0x000000010028cc00 'jdk/internal/reflect/GeneratedSerializationConstructorAccessor3'
Event: 3272.363 Thread 0x00000215609919b0 Unloading class 0x000000010028c800 'jdk/internal/reflect/GeneratedSerializationConstructorAccessor2'
Event: 3272.363 Thread 0x00000215609919b0 Unloading class 0x000000010028c400 'jdk/internal/reflect/GeneratedSerializationConstructorAccessor1'
Event: 3272.363 Thread 0x00000215609919b0 Unloading class 0x0000000100213800 'java/lang/invoke/LambdaForm$MH+0x0000000100213800'
Event: 3272.363 Thread 0x00000215609919b0 Unloading class 0x00000001001d1000 'jdk/internal/reflect/GeneratedConstructorAccessor4'
Event: 3272.363 Thread 0x00000215609919b0 Unloading class 0x00000001001a2800 'java/lang/invoke/LambdaForm$MH+0x00000001001a2800'
Event: 3272.363 Thread 0x00000215609919b0 Unloading class 0x00000001001a2000 'java/lang/invoke/LambdaForm$MH+0x00000001001a2000'
Event: 3272.363 Thread 0x00000215609919b0 Unloading class 0x00000001001a1c00 'java/lang/invoke/LambdaForm$MH+0x00000001001a1c00'
Event: 3272.363 Thread 0x00000215609919b0 Unloading class 0x00000001001a1800 'java/lang/invoke/LambdaForm$MH+0x00000001001a1800'
Event: 3272.363 Thread 0x00000215609919b0 Unloading class 0x00000001001a1000 'java/lang/invoke/LambdaForm$MH+0x00000001001a1000'
Event: 3272.363 Thread 0x00000215609919b0 Unloading class 0x00000001001a0c00 'java/lang/invoke/LambdaForm$MH+0x00000001001a0c00'
Event: 3272.363 Thread 0x00000215609919b0 Unloading class 0x00000001001a0800 'java/lang/invoke/LambdaForm$MH+0x00000001001a0800'
Event: 3272.363 Thread 0x00000215609919b0 Unloading class 0x00000001001a0000 'java/lang/invoke/LambdaForm$MH+0x00000001001a0000'
Event: 3272.363 Thread 0x00000215609919b0 Unloading class 0x0000000100129000 'jdk/internal/reflect/GeneratedMethodAccessor5'
Event: 3272.364 Thread 0x00000215609919b0 Unloading class 0x0000000100128c00 'jdk/internal/reflect/GeneratedMethodAccessor4'
Event: 3272.364 Thread 0x00000215609919b0 Unloading class 0x0000000100128800 'jdk/internal/reflect/GeneratedMethodAccessor3'
Event: 3272.364 Thread 0x00000215609919b0 Unloading class 0x0000000100128400 'jdk/internal/reflect/GeneratedMethodAccessor2'
Event: 3272.364 Thread 0x00000215609919b0 Unloading class 0x0000000100128000 'jdk/internal/reflect/GeneratedMethodAccessor1'
Event: 8131.858 Thread 0x00000215609919b0 Unloading class 0x0000000100a49800 'jdk/internal/reflect/GeneratedConstructorAccessor77'

Classes redefined (0 events):
No events

Internal exceptions (20 events):
Event: 8443.017 Thread 0x000002150003ae60 Exception <a 'java/lang/ClassNotFoundException'{0x00000000eb7c0f70}: sun/net/www/protocol/jdt/Handler> (0x00000000eb7c0f70) 
thrown [s\src\hotspot\share\classfile\systemDictionary.cpp, line 256]
Event: 8443.017 Thread 0x000002150003ae60 Exception <a 'java/lang/ClassNotFoundException'{0x00000000eb7c3230}: sun/net/www/protocol/jdt/Handler> (0x00000000eb7c3230) 
thrown [s\src\hotspot\share\classfile\systemDictionary.cpp, line 256]
Event: 8443.017 Thread 0x000002150003ae60 Exception <a 'java/lang/ClassNotFoundException'{0x00000000eb7c5528}: sun/net/www/protocol/jdt/Handler> (0x00000000eb7c5528) 
thrown [s\src\hotspot\share\classfile\systemDictionary.cpp, line 256]
Event: 8443.017 Thread 0x000002150003ae60 Exception <a 'java/lang/ClassNotFoundException'{0x00000000eb7c77e8}: sun/net/www/protocol/jdt/Handler> (0x00000000eb7c77e8) 
thrown [s\src\hotspot\share\classfile\systemDictionary.cpp, line 256]
Event: 8443.017 Thread 0x000002150003ae60 Exception <a 'java/lang/ClassNotFoundException'{0x00000000eb7c9aa8}: sun/net/www/protocol/jdt/Handler> (0x00000000eb7c9aa8) 
thrown [s\src\hotspot\share\classfile\systemDictionary.cpp, line 256]
Event: 8443.017 Thread 0x000002150003ae60 Exception <a 'java/lang/ClassNotFoundException'{0x00000000eb7cbdb0}: sun/net/www/protocol/jdt/Handler> (0x00000000eb7cbdb0) 
thrown [s\src\hotspot\share\classfile\systemDictionary.cpp, line 256]
Event: 8443.017 Thread 0x000002150003ae60 Exception <a 'java/lang/ClassNotFoundException'{0x00000000eb7ce070}: sun/net/www/protocol/jdt/Handler> (0x00000000eb7ce070) 
thrown [s\src\hotspot\share\classfile\systemDictionary.cpp, line 256]
Event: 8443.017 Thread 0x000002150003ae60 Exception <a 'java/lang/ClassNotFoundException'{0x00000000eb7d0330}: sun/net/www/protocol/jdt/Handler> (0x00000000eb7d0330) 
thrown [s\src\hotspot\share\classfile\systemDictionary.cpp, line 256]
Event: 8446.194 Thread 0x000002157b65e9b0 Exception <a 'sun/nio/fs/WindowsException'{0x00000000eb1be0c0}> (0x00000000eb1be0c0) 
thrown [s\src\hotspot\share\prims\jni.cpp, line 516]
Event: 8446.462 Thread 0x000002157b65e9b0 Exception <a 'sun/nio/fs/WindowsException'{0x00000000eab7e3f8}> (0x00000000eab7e3f8) 
thrown [s\src\hotspot\share\prims\jni.cpp, line 516]
Event: 8464.288 Thread 0x00000215000374a0 Exception <a 'java/lang/ClassNotFoundException'{0x00000000eb0e3f68}: sun/net/www/protocol/jdt/Handler> (0x00000000eb0e3f68) 
thrown [s\src\hotspot\share\classfile\systemDictionary.cpp, line 256]
Event: 8464.288 Thread 0x00000215000374a0 Exception <a 'java/lang/ClassNotFoundException'{0x00000000eb0e8678}: sun/net/www/protocol/jdt/Handler> (0x00000000eb0e8678) 
thrown [s\src\hotspot\share\classfile\systemDictionary.cpp, line 256]
Event: 8464.288 Thread 0x00000215000374a0 Exception <a 'java/lang/ClassNotFoundException'{0x00000000eb0eae68}: sun/net/www/protocol/jdt/Handler> (0x00000000eb0eae68) 
thrown [s\src\hotspot\share\classfile\systemDictionary.cpp, line 256]
Event: 8465.195 Thread 0x00000215000374a0 Exception <a 'java/lang/ClassNotFoundException'{0x00000000eaf081f0}: sun/net/www/protocol/jdt/Handler> (0x00000000eaf081f0) 
thrown [s\src\hotspot\share\classfile\systemDictionary.cpp, line 256]
Event: 8465.195 Thread 0x00000215000374a0 Exception <a 'java/lang/ClassNotFoundException'{0x00000000eaf0c900}: sun/net/www/protocol/jdt/Handler> (0x00000000eaf0c900) 
thrown [s\src\hotspot\share\classfile\systemDictionary.cpp, line 256]
Event: 8465.195 Thread 0x00000215000374a0 Exception <a 'java/lang/ClassNotFoundException'{0x00000000eaf0f0f0}: sun/net/www/protocol/jdt/Handler> (0x00000000eaf0f0f0) 
thrown [s\src\hotspot\share\classfile\systemDictionary.cpp, line 256]
Event: 8466.324 Thread 0x00000215000374a0 Exception <a 'java/lang/ClassNotFoundException'{0x00000000eb0e3e70}: sun/net/www/protocol/jdt/Handler> (0x00000000eb0e3e70) 
thrown [s\src\hotspot\share\classfile\systemDictionary.cpp, line 256]
Event: 8466.324 Thread 0x00000215000374a0 Exception <a 'java/lang/ClassNotFoundException'{0x00000000eb0e8338}: sun/net/www/protocol/jdt/Handler> (0x00000000eb0e8338) 
thrown [s\src\hotspot\share\classfile\systemDictionary.cpp, line 256]
Event: 8466.324 Thread 0x00000215000374a0 Exception <a 'java/lang/ClassNotFoundException'{0x00000000eb0eab28}: sun/net/www/protocol/jdt/Handler> (0x00000000eb0eab28) 
thrown [s\src\hotspot\share\classfile\systemDictionary.cpp, line 256]
Event: 8469.764 Thread 0x000002157dc34700 Exception <a 'java/lang/ClassNotFoundException'{0x00000000eac76b40}: sun/util/logging/resources/spi/loggingProvider> (0x00000000eac76b40) 
thrown [s\src\hotspot\share\classfile\systemDictionary.cpp, line 256]

VM Operations (20 events):
Event: 8471.133 Executing VM operation: ParallelGCFailedAllocation done
Event: 8471.143 Executing VM operation: ParallelGCFailedAllocation
Event: 8471.144 Executing VM operation: ParallelGCFailedAllocation done
Event: 8471.152 Executing VM operation: ParallelGCFailedAllocation
Event: 8471.153 Executing VM operation: ParallelGCFailedAllocation done
Event: 8471.163 Executing VM operation: ParallelGCFailedAllocation
Event: 8471.164 Executing VM operation: ParallelGCFailedAllocation done
Event: 8471.171 Executing VM operation: ParallelGCFailedAllocation
Event: 8471.171 Executing VM operation: ParallelGCFailedAllocation done
Event: 8471.178 Executing VM operation: ParallelGCFailedAllocation
Event: 8471.179 Executing VM operation: ParallelGCFailedAllocation done
Event: 8471.186 Executing VM operation: ParallelGCFailedAllocation
Event: 8471.187 Executing VM operation: ParallelGCFailedAllocation done
Event: 8471.193 Executing VM operation: ParallelGCFailedAllocation
Event: 8471.194 Executing VM operation: ParallelGCFailedAllocation done
Event: 8471.374 Executing VM operation: ParallelGCFailedAllocation
Event: 8471.374 Executing VM operation: ParallelGCFailedAllocation done
Event: 8471.392 Executing VM operation: ParallelGCFailedAllocation
Event: 8471.392 Executing VM operation: ParallelGCFailedAllocation done
Event: 8471.400 Executing VM operation: ParallelGCFailedAllocation

Events (20 events):
Event: 8468.419 Thread 0x000002156099e010 flushing nmethod 0x0000021565813990
Event: 8468.419 Thread 0x000002156099e010 flushing nmethod 0x0000021565815510
Event: 8468.419 Thread 0x000002156099e010 flushing nmethod 0x0000021565826910
Event: 8468.420 Thread 0x000002156099e010 flushing nmethod 0x0000021565853790
Event: 8468.420 Thread 0x000002156099e010 flushing nmethod 0x0000021565860710
Event: 8468.420 Thread 0x000002156099e010 flushing nmethod 0x0000021565861510
Event: 8468.420 Thread 0x000002156099e010 flushing nmethod 0x000002156586d610
Event: 8468.420 Thread 0x000002156099e010 flushing nmethod 0x0000021565881910
Event: 8468.420 Thread 0x000002156099e010 flushing nmethod 0x000002156591e210
Event: 8468.420 Thread 0x000002156099e010 flushing nmethod 0x0000021565925590
Event: 8468.420 Thread 0x000002156099e010 flushing nmethod 0x0000021565a85290
Event: 8468.420 Thread 0x000002156099e010 flushing nmethod 0x0000021565a8e210
Event: 8468.421 Thread 0x000002156099e010 flushing nmethod 0x0000021565b61410
Event: 8468.421 Thread 0x000002156099e010 flushing nmethod 0x0000021565c7a790
Event: 8468.421 Thread 0x000002156099e010 flushing nmethod 0x0000021565ce2c10
Event: 8468.421 Thread 0x000002156099e010 flushing nmethod 0x0000021565d86190
Event: 8468.421 Thread 0x000002156099e010 flushing nmethod 0x0000021565e01f10
Event: 8468.421 Thread 0x000002156099e010 flushing nmethod 0x0000021565e31b10
Event: 8469.763 loading class jdk/internal/reflect/UnsafeByteFieldAccessorImpl
Event: 8469.763 loading class jdk/internal/reflect/UnsafeByteFieldAccessorImpl done


Dynamic libraries:
0x00007ff64c4e0000 - 0x00007ff64c4ee000 	c:\Users\henry\.vscode\extensions\redhat.java-1.18.0-win32-x64\jre\17.0.7-win32-x86_64\bin\java.exe
0x00007ffe07a90000 - 0x00007ffe07ca4000 	C:\WINDOWS\SYSTEM32\ntdll.dll
0x00007ffe05890000 - 0x00007ffe05952000 	C:\WINDOWS\System32\KERNEL32.DLL
0x00007ffe054e0000 - 0x00007ffe05883000 	C:\WINDOWS\System32\KERNELBASE.dll
0x00007ffe05340000 - 0x00007ffe05451000 	C:\WINDOWS\System32\ucrtbase.dll
0x00007ffdd4560000 - 0x00007ffdd4577000 	c:\Users\henry\.vscode\extensions\redhat.java-1.18.0-win32-x64\jre\17.0.7-win32-x86_64\bin\jli.dll
0x00007ffe05e60000 - 0x00007ffe0600b000 	C:\WINDOWS\System32\USER32.dll
0x00007ffe04eb0000 - 0x00007ffe04ed6000 	C:\WINDOWS\System32\win32u.dll
0x00007ffe06fe0000 - 0x00007ffe07009000 	C:\WINDOWS\System32\GDI32.dll
0x00007ffe04f80000 - 0x00007ffe05098000 	C:\WINDOWS\System32\gdi32full.dll
0x00007ffe04ee0000 - 0x00007ffe04f7a000 	C:\WINDOWS\System32\msvcp_win.dll
0x00007ffdd1a40000 - 0x00007ffdd1a59000 	c:\Users\henry\.vscode\extensions\redhat.java-1.18.0-win32-x64\jre\17.0.7-win32-x86_64\bin\VCRUNTIME140.dll
0x00007ffdf0470000 - 0x00007ffdf06fe000 	C:\WINDOWS\WinSxS\amd64_microsoft.windows.common-controls_6595b64144ccf1df_6.0.22621.1635_none_270f70857386168e\COMCTL32.dll
0x00007ffe07190000 - 0x00007ffe07237000 	C:\WINDOWS\System32\msvcrt.dll
0x00007ffe06fa0000 - 0x00007ffe06fd1000 	C:\WINDOWS\System32\IMM32.DLL
0x00007ffdfcab0000 - 0x00007ffdfcabc000 	c:\Users\henry\.vscode\extensions\redhat.java-1.18.0-win32-x64\jre\17.0.7-win32-x86_64\bin\vcruntime140_1.dll
0x00007ffda5820000 - 0x00007ffda58b1000 	c:\Users\henry\.vscode\extensions\redhat.java-1.18.0-win32-x64\jre\17.0.7-win32-x86_64\bin\msvcp140.dll
0x00007ffd98260000 - 0x00007ffd98ea8000 	c:\Users\henry\.vscode\extensions\redhat.java-1.18.0-win32-x64\jre\17.0.7-win32-x86_64\bin\server\jvm.dll
0x00007ffe06ee0000 - 0x00007ffe06f8e000 	C:\WINDOWS\System32\ADVAPI32.dll
0x00007ffe05ce0000 - 0x00007ffe05d84000 	C:\WINDOWS\System32\sechost.dll
0x00007ffe06350000 - 0x00007ffe06467000 	C:\WINDOWS\System32\RPCRT4.dll
0x00007ffde5550000 - 0x00007ffde5559000 	C:\WINDOWS\SYSTEM32\WSOCK32.dll
0x00007ffe05960000 - 0x00007ffe059d1000 	C:\WINDOWS\System32\WS2_32.dll
0x00007ffdfe790000 - 0x00007ffdfe7c4000 	C:\WINDOWS\SYSTEM32\WINMM.dll
0x00007ffdfce90000 - 0x00007ffdfce9a000 	C:\WINDOWS\SYSTEM32\VERSION.dll
0x00007ffe03ff0000 - 0x00007ffe04008000 	C:\WINDOWS\SYSTEM32\kernel.appcore.dll
0x00007ffdf4d40000 - 0x00007ffdf4d4a000 	c:\Users\henry\.vscode\extensions\redhat.java-1.18.0-win32-x64\jre\17.0.7-win32-x86_64\bin\jimage.dll
0x00007ffe02370000 - 0x00007ffe0259e000 	C:\WINDOWS\SYSTEM32\DBGHELP.DLL
0x00007ffe065a0000 - 0x00007ffe06929000 	C:\WINDOWS\System32\combase.dll
0x00007ffe06930000 - 0x00007ffe06a07000 	C:\WINDOWS\System32\OLEAUT32.dll
0x00007ffde5440000 - 0x00007ffde5472000 	C:\WINDOWS\SYSTEM32\dbgcore.DLL
0x00007ffe05460000 - 0x00007ffe054db000 	C:\WINDOWS\System32\bcryptPrimitives.dll
0x00007ffded930000 - 0x00007ffded93e000 	c:\Users\henry\.vscode\extensions\redhat.java-1.18.0-win32-x64\jre\17.0.7-win32-x86_64\bin\instrument.dll
0x00007ffdce520000 - 0x00007ffdce545000 	c:\Users\henry\.vscode\extensions\redhat.java-1.18.0-win32-x64\jre\17.0.7-win32-x86_64\bin\java.dll
0x00007ffddaf90000 - 0x00007ffddafa8000 	c:\Users\henry\.vscode\extensions\redhat.java-1.18.0-win32-x64\jre\17.0.7-win32-x86_64\bin\zip.dll
0x00007ffe07240000 - 0x00007ffe07a3a000 	C:\WINDOWS\System32\SHELL32.dll
0x00007ffe02ec0000 - 0x00007ffe0378e000 	C:\WINDOWS\SYSTEM32\windows.storage.dll
0x00007ffe02d80000 - 0x00007ffe02ebe000 	C:\WINDOWS\SYSTEM32\wintypes.dll
0x00007ffe07090000 - 0x00007ffe07181000 	C:\WINDOWS\System32\SHCORE.dll
0x00007ffe05e00000 - 0x00007ffe05e5e000 	C:\WINDOWS\System32\shlwapi.dll
0x00007ffe04de0000 - 0x00007ffe04e01000 	C:\WINDOWS\SYSTEM32\profapi.dll
0x00007ffdcde50000 - 0x00007ffdcde69000 	C:\Users\henry\.vscode\extensions\redhat.java-1.18.0-win32-x64\jre\17.0.7-win32-x86_64\bin\net.dll
0x00007ffdfeea0000 - 0x00007ffdfefd7000 	C:\WINDOWS\SYSTEM32\WINHTTP.dll
0x00007ffe04460000 - 0x00007ffe044c9000 	C:\WINDOWS\system32\mswsock.dll
0x00007ffdcbe90000 - 0x00007ffdcbea5000 	C:\Users\henry\.vscode\extensions\redhat.java-1.18.0-win32-x64\jre\17.0.7-win32-x86_64\bin\nio.dll
0x00007ffde2b60000 - 0x00007ffde2b70000 	c:\Users\henry\.vscode\extensions\redhat.java-1.18.0-win32-x64\jre\17.0.7-win32-x86_64\bin\verify.dll
0x00007ffdae730000 - 0x00007ffdae76e000 	C:\Users\henry\AppData\Roaming\Code\User\globalStorage\redhat.java\1.18.0\config_win\org.eclipse.equinox.launcher\org.eclipse.equinox.launcher.win32.win32.x86_64_1.2.700.v20221108-1024\eclipse_11801.dll
0x00007ffe060c0000 - 0x00007ffe0625c000 	C:\WINDOWS\System32\ole32.dll
0x00007ffe046c0000 - 0x00007ffe046db000 	C:\WINDOWS\SYSTEM32\CRYPTSP.dll
0x00007ffe03f60000 - 0x00007ffe03f95000 	C:\WINDOWS\system32\rsaenh.dll
0x00007ffe04560000 - 0x00007ffe04588000 	C:\WINDOWS\SYSTEM32\USERENV.dll
0x00007ffe04860000 - 0x00007ffe04888000 	C:\WINDOWS\SYSTEM32\bcrypt.dll
0x00007ffe046e0000 - 0x00007ffe046ec000 	C:\WINDOWS\SYSTEM32\CRYPTBASE.dll
0x00007ffe03a60000 - 0x00007ffe03a8d000 	C:\WINDOWS\SYSTEM32\IPHLPAPI.DLL
0x00007ffe06490000 - 0x00007ffe06499000 	C:\WINDOWS\System32\NSI.dll
0x00007ffdfee80000 - 0x00007ffdfee99000 	C:\WINDOWS\SYSTEM32\dhcpcsvc6.DLL
0x00007ffdfee60000 - 0x00007ffdfee7f000 	C:\WINDOWS\SYSTEM32\dhcpcsvc.DLL
0x00007ffe03ad0000 - 0x00007ffe03bc3000 	C:\WINDOWS\SYSTEM32\DNSAPI.dll
0x00007ffdb8fd0000 - 0x00007ffdb9015000 	C:\Users\henry\AppData\Local\Temp\jna-99164440\jna18208849160393390427.dll
0x00007ffe07a40000 - 0x00007ffe07a48000 	C:\WINDOWS\System32\PSAPI.DLL
0x00007ffded8d0000 - 0x00007ffded8de000 	C:\Users\henry\.vscode\extensions\redhat.java-1.18.0-win32-x64\jre\17.0.7-win32-x86_64\bin\sunmscapi.dll
0x00007ffe050a0000 - 0x00007ffe05207000 	C:\WINDOWS\System32\CRYPT32.dll
0x00007ffe04830000 - 0x00007ffe0485e000 	C:\WINDOWS\SYSTEM32\ncrypt.dll
0x00007ffe047f0000 - 0x00007ffe04827000 	C:\WINDOWS\SYSTEM32\NTASN1.dll
0x0000000050380000 - 0x00000000503a6000 	C:\Program Files\Bonjour\mdnsNSP.dll
0x00007ffdfe120000 - 0x00007ffdfe12a000 	C:\Windows\System32\rasadhlp.dll
0x00007ffdfe9c0000 - 0x00007ffdfea44000 	C:\WINDOWS\System32\fwpuclnt.dll

dbghelp: loaded successfully - version: 4.0.5 - missing functions: none
symbol engine: initialized successfully - sym options: 0x614 - pdb path: .;c:\Users\henry\.vscode\extensions\redhat.java-1.18.0-win32-x64\jre\17.0.7-win32-x86_64\bin;C:\WINDOWS\SYSTEM32;C:\WINDOWS\WinSxS\amd64_microsoft.windows.common-controls_6595b64144ccf1df_6.0.22621.1635_none_270f70857386168e;c:\Users\henry\.vscode\extensions\redhat.java-1.18.0-win32-x64\jre\17.0.7-win32-x86_64\bin\server;C:\Users\henry\AppData\Roaming\Code\User\globalStorage\redhat.java\1.18.0\config_win\org.eclipse.equinox.launcher\org.eclipse.equinox.launcher.win32.win32.x86_64_1.2.700.v20221108-1024;C:\Users\henry\AppData\Local\Temp\jna-99164440;C:\Program Files\Bonjour

VM Arguments:
jvm_args: --add-modules=ALL-SYSTEM --add-opens=java.base/java.util=ALL-UNNAMED --add-opens=java.base/java.lang=ALL-UNNAMED --add-opens=java.base/sun.nio.fs=ALL-UNNAMED -Declipse.application=org.eclipse.jdt.ls.core.id1 -Dosgi.bundles.defaultStartLevel=4 -Declipse.product=org.eclipse.jdt.ls.core.product -Djava.import.generatesMetadataFilesAtProjectRoot=false -Dfile.encoding=utf8 -XX:+UseParallelGC -XX:GCTimeRatio=4 -XX:AdaptiveSizePolicyWeight=90 -Dsun.zip.disableMemoryMapping=true -Xmx1G -Xms100m -Xlog:disable -javaagent:c:\Users\henry\.vscode\extensions\redhat.java-1.18.0-win32-x64\lombok\lombok-1.18.27.jar -XX:+HeapDumpOnOutOfMemoryError -XX:HeapDumpPath=c:\Users\henry\AppData\Roaming\Code\User\workspaceStorage\5d544f449393da9ed85312ca5a21f1ed\redhat.java -Daether.dependencyCollector.impl=bf 
java_command: c:\Users\henry\.vscode\extensions\redhat.java-1.18.0-win32-x64\server\plugins\org.eclipse.equinox.launcher_1.6.400.v20210924-0641.jar -configuration c:\Users\henry\AppData\Roaming\Code\User\globalStorage\redhat.java\1.18.0\config_win -data c:\Users\henry\AppData\Roaming\Code\User\workspaceStorage\5d544f449393da9ed85312ca5a21f1ed\redhat.java\jdt_ws
java_class_path (initial): c:\Users\henry\.vscode\extensions\redhat.java-1.18.0-win32-x64\server\plugins\org.eclipse.equinox.launcher_1.6.400.v20210924-0641.jar
Launcher Type: SUN_STANDARD

[Global flags]
    uintx AdaptiveSizePolicyWeight                 = 90                                        {product} {command line}
     intx CICompilerCount                          = 4                                         {product} {ergonomic}
    uintx GCTimeRatio                              = 4                                         {product} {command line}
     bool HeapDumpOnOutOfMemoryError               = true                                   {manageable} {command line}
    ccstr HeapDumpPath                             = c:\Users\henry\AppData\Roaming\Code\User\workspaceStorage\5d544f449393da9ed85312ca5a21f1ed\redhat.java         {manageable} {command line}
   size_t InitialHeapSize                          = 104857600                                 {product} {command line}
   size_t MaxHeapSize                              = 1073741824                                {product} {command line}
   size_t MaxNewSize                               = 357564416                                 {product} {ergonomic}
   size_t MinHeapDeltaBytes                        = 524288                                    {product} {ergonomic}
   size_t MinHeapSize                              = 104857600                                 {product} {command line}
   size_t NewSize                                  = 34603008                                  {product} {ergonomic}
    uintx NonNMethodCodeHeapSize                   = 5839372                                {pd product} {ergonomic}
    uintx NonProfiledCodeHeapSize                  = 122909434                              {pd product} {ergonomic}
   size_t OldSize                                  = 70254592                                  {product} {ergonomic}
    uintx ProfiledCodeHeapSize                     = 122909434                              {pd product} {ergonomic}
    uintx ReservedCodeCacheSize                    = 251658240                              {pd product} {ergonomic}
     bool SegmentedCodeCache                       = true                                      {product} {ergonomic}
   size_t SoftMaxHeapSize                          = 1073741824                             {manageable} {ergonomic}
     bool UseCompressedClassPointers               = true                           {product lp64_product} {ergonomic}
     bool UseCompressedOops                        = true                           {product lp64_product} {ergonomic}
     bool UseLargePagesIndividualAllocation        = false                                  {pd product} {ergonomic}
     bool UseParallelGC                            = true                                      {product} {command line}

Logging:
Log output configuration:
 #0: stdout all=off uptime,level,tags
 #1: stderr all=off uptime,level,tags

Environment Variables:
PATH=D:\Oculus\Support\oculus-runtime;C:\Program Files\NVIDIA GPU Computing Toolkit\CUDA\v11.2\bin;C:\Program Files\NVIDIA GPU Computing Toolkit\CUDA\v11.2\libnvvp;C:\Program Files\Common Files\Oracle\Java\javapath;C:\Program Files (x86)\Common Files\Oracle\Java\javapath;C:\Program Files (x86)\Razer Chroma SDK\bin;C:\Program Files\Razer Chroma SDK\bin;C:\Program Files (x86)\Razer\ChromaBroadcast\bin;C:\Program Files\Razer\ChromaBroadcast\bin;C:\Windows\system32;C:\Windows;C:\Windows\System32\Wbem;C:\Windows\System32\WindowsPowerShell\v1.0\;C:\Windows\System32\OpenSSH\;C:\Windows\system32\config\systemprofile\AppData\Local\Microsoft\WindowsApps;C:\Program Files\nodejs\;C:\src\flutter\bin;C:\ProgramData\chocolatey\bin;C:\Program Files\Git\cmd;C:\Program Files\dotnet\;C:\ProgramData\Anaconda3;C:\ProgramData\Anaconda3\Scripts;C:\Program Files\NVIDIA Corporation\NVIDIA NvDLISR;C:\Program Files (x86)\NVIDIA Corporation\PhysX\Common;C:\Program Files (x86)\cloudflared\.;C:\WINDOWS\system32;C:\WINDOWS;C:\WINDOWS\System32\Wbem;C:\WINDOWS\System32\WindowsPowerShell\v1.0\;C:\WINDOWS\System32\OpenSSH\;C:\Program Files\Cloudflare\Cloudflare WARP\;C:\Program Files\CMake\bin;C:\Program Files\NVIDIA Corporation\Nsight Compute 2022.3.0\;G:\Users\Henry\Desktop\part1\part1\opencv\opencv\build\install\x64\vc17\bin;%PNPM_HOME%;C:\Users\henry\AppData\Local\Microsoft\WindowsApps;C:\Users\henry\AppData\Roaming\npm;D:\Program Files (x86)\Microsoft VS Code\bin;C:\tools\dart-sdk\bin;C:\Users\henry\AppData\Roaming\Pub\Cache\bin;C:\Program Files\heroku\bin;C:\Users\henry\.dotnet\tools;C:\mingw64\bin;C:\mingw64\GnuWin32\bin;C:\Users\henry\AppData\Local\pnpm;
USERNAME=henry
OS=Windows_NT
PROCESSOR_IDENTIFIER=Intel64 Family 6 Model 158 Stepping 13, GenuineIntel
TMP=C:\Users\henry\AppData\Local\Temp
TEMP=C:\Users\henry\AppData\Local\Temp



---------------  S Y S T E M  ---------------

OS:
 Windows 11 , 64 bit Build 22621 (10.0.22621.1635)
OS uptime: 0 days 11:46 hours

CPU: total 8 (initial active 8) (8 cores per cpu, 1 threads per core) family 6 model 158 stepping 13 microcode 0xde, cx8, cmov, fxsr, mmx, 3dnowpref, sse, sse2, sse3, ssse3, sse4.1, sse4.2, popcnt, lzcnt, tsc, tscinvbit, avx, avx2, aes, erms, clmul, bmi1, bmi2, adx, fma, vzeroupper, clflush, clflushopt

Memory: 4k page, system-wide physical 32681M (12763M free)
TotalPageFile size 48041M (AvailPageFile size 12944M)
current process WorkingSet (physical memory assigned to process): 465M, peak: 563M
current process commit charge ("private bytes"): 507M, peak: 617M

vm_info: OpenJDK 64-Bit Server VM (17.0.7+7) for windows-amd64 JRE (17.0.7+7), built on Apr 18 2023 22:10:42 by "temurin" with MS VC++ 16.7 (VS2019)

END.
