#
# A fatal error has been detected by the Java Runtime Environment:
#
#  EXCEPTION_ACCESS_VIOLATION (0xc0000005) at pc=0x00007fff2e308253, pid=15616, tid=9056
#
# JRE version: OpenJDK Runtime Environment Temurin-17.0.7+7 (17.0.7+7) (build 17.0.7+7)
# Java VM: OpenJDK 64-Bit Server VM Temurin-17.0.7+7 (17.0.7+7, mixed mode, tiered, compressed oops, compressed class ptrs, parallel gc, windows-amd64)
# Problematic frame:
# V  [jvm.dll+0x6a8253]
#
# No core dump will be written. Minidumps are not enabled by default on client versions of Windows
#
# If you would like to submit a bug report, please visit:
#   https://github.com/adoptium/adoptium-support/issues
#

---------------  S U M M A R Y ------------

Command Line: --add-modules=ALL-SYSTEM --add-opens=java.base/java.util=ALL-UNNAMED --add-opens=java.base/java.lang=ALL-UNNAMED --add-opens=java.base/sun.nio.fs=ALL-UNNAMED -Declipse.application=org.eclipse.jdt.ls.core.id1 -Dosgi.bundles.defaultStartLevel=4 -Declipse.product=org.eclipse.jdt.ls.core.product -Djava.import.generatesMetadataFilesAtProjectRoot=false -Dfile.encoding=utf8 -XX:+UseParallelGC -XX:GCTimeRatio=4 -XX:AdaptiveSizePolicyWeight=90 -Dsun.zip.disableMemoryMapping=true -Xmx1G -Xms100m -Xlog:disable -javaagent:c:\Users\henry\.vscode\extensions\redhat.java-1.18.0-win32-x64\lombok\lombok-1.18.27.jar -XX:+HeapDumpOnOutOfMemoryError -XX:HeapDumpPath=c:\Users\henry\AppData\Roaming\Code\User\workspaceStorage\5d544f449393da9ed85312ca5a21f1ed\redhat.java -Daether.dependencyCollector.impl=bf c:\Users\henry\.vscode\extensions\redhat.java-1.18.0-win32-x64\server\plugins\org.eclipse.equinox.launcher_1.6.400.v20210924-0641.jar -configuration c:\Users\henry\AppData\Roaming\Code\User\globalStorage\redhat.java\1.18.0\config_win -data c:\Users\henry\AppData\Roaming\Code\User\workspaceStorage\5d544f449393da9ed85312ca5a21f1ed\redhat.java\jdt_ws

Host: Intel(R) Core(TM) i7-9700KF CPU @ 3.60GHz, 8 cores, 15G,  Windows 11 , 64 bit Build 22621 (10.0.22621.1635)
Time: Fri May 19 00:55:00 2023  Windows 11 , 64 bit Build 22621 (10.0.22621.1635) elapsed time: 2208.727128 seconds (0d 0h 36m 48s)

---------------  T H R E A D  ---------------

Current thread (0x00000264af1de9d0):  GCTaskThread "GC Thread#0" [stack: 0x0000006ef9300000,0x0000006ef9400000] [id=9056]

Stack: [0x0000006ef9300000,0x0000006ef9400000],  sp=0x0000006ef93ff4c0,  free space=1021k
Native frames: (J=compiled Java code, j=interpreted, Vv=VM code, C=native code)
V  [jvm.dll+0x6a8253]


siginfo: EXCEPTION_ACCESS_VIOLATION (0xc0000005), reading address 0x00000001856eff10


Register to memory mapping:

RIP=0x00007fff2e308253 jvm.dll
RAX=0x00000000c2b77f88 is an oop: com.google.gson.internal.LinkedTreeMap$Node 
{0x00000000c2b77f88} - klass: 'com/google/gson/internal/LinkedTreeMap$Node'
 - ---- fields (total size 6 words):
 - 'height' 'I' @12  3
 - final 'allowNullValue' 'Z' @16  true
 - 'parent' 'Lcom/google/gson/internal/LinkedTreeMap$Node;' @20  a 'com/google/gson/internal/LinkedTreeMap$Node'{0x00000000c2b76e10} (c2b76e10)
 - 'left' 'Lcom/google/gson/internal/LinkedTreeMap$Node;' @24  a 'com/google/gson/internal/LinkedTreeMap$Node'{0x00000000c2b776a0} (c2b776a0)
 - 'right' 'Lcom/google/gson/internal/LinkedTreeMap$Node;' @28  a 'com/google/gson/internal/LinkedTreeMap$Node'{0x00000000c2b78bc0} (c2b78bc0)
 - 'next' 'Lcom/google/gson/internal/LinkedTreeMap$Node;' @32  a 'com/google/gson/internal/LinkedTreeMap$Node'{0x00000000c2b78170} (c2b78170)
 - 'prev' 'Lcom/google/gson/internal/LinkedTreeMap$Node;' @36  a 'com/google/gson/internal/LinkedTreeMap$Node'{0x00000000c2b77b50} (c2b77b50)
 - final 'key' 'Ljava/lang/Object;' @40  "com.google.cloud.compute.deprecated.ResourceId"{0x00000000c2b77b80} (c2b77b80)
 - 'value' 'Ljava/lang/Object;' @44  a 'com/google/gson/internal/LinkedTreeMap'{0x00000000c2b77bd8} (c2b77bd8)
RBX=0x00000000c2b78bd8 is pointing into object: com.google.gson.internal.LinkedTreeMap$Node 
{0x00000000c2b78bc0} - klass: 'com/google/gson/internal/LinkedTreeMap$Node'
 - ---- fields (total size 6 words):
 - 'height' 'I' @12  2
 - final 'allowNullValue' 'Z' @16  true
 - 'parent' 'Lcom/google/gson/internal/LinkedTreeMap$Node;' @20  a 'com/google/gson/internal/LinkedTreeMap$Node'{0x00000000c2b77f88} (c2b77f88)
 - 'left' 'Lcom/google/gson/internal/LinkedTreeMap$Node;' @24  a 'com/google/gson/internal/LinkedTreeMap$Node'{0x00000000c2b78170} (c2b78170)
 - 'right' 'Lcom/google/gson/internal/LinkedTreeMap$Node;' @28  a 'com/google/gson/internal/LinkedTreeMap$Node'{0x00000000c2b793e0} (c2b793e0)
 - 'next' 'Lcom/google/gson/internal/LinkedTreeMap$Node;' @32  a 'com/google/gson/internal/LinkedTreeMap$Node'{0x00000000c2b793e0} (c2b793e0)
 - 'prev' 'Lcom/google/gson/internal/LinkedTreeMap$Node;' @36  a 'com/google/gson/internal/LinkedTreeMap$Node'{0x00000000c2b78170} (c2b78170)
 - final 'key' 'Ljava/lang/Object;' @40  "com.google.cloud.datastore.BaseEntity"{0x00000000c2b781a0} (c2b781a0)
 - 'value' 'Ljava/lang/Object;' @44  a 'com/google/gson/internal/LinkedTreeMap'{0x00000000c2b781f0} (c2b781f0)
RCX=0x00007fff2e7e5300 jvm.dll
RDX=0x00000000c2b77f88 is an oop: com.google.gson.internal.LinkedTreeMap$Node 
{0x00000000c2b77f88} - klass: 'com/google/gson/internal/LinkedTreeMap$Node'
 - ---- fields (total size 6 words):
 - 'height' 'I' @12  3
 - final 'allowNullValue' 'Z' @16  true
 - 'parent' 'Lcom/google/gson/internal/LinkedTreeMap$Node;' @20  a 'com/google/gson/internal/LinkedTreeMap$Node'{0x00000000c2b76e10} (c2b76e10)
 - 'left' 'Lcom/google/gson/internal/LinkedTreeMap$Node;' @24  a 'com/google/gson/internal/LinkedTreeMap$Node'{0x00000000c2b776a0} (c2b776a0)
 - 'right' 'Lcom/google/gson/internal/LinkedTreeMap$Node;' @28  a 'com/google/gson/internal/LinkedTreeMap$Node'{0x00000000c2b78bc0} (c2b78bc0)
 - 'next' 'Lcom/google/gson/internal/LinkedTreeMap$Node;' @32  a 'com/google/gson/internal/LinkedTreeMap$Node'{0x00000000c2b78170} (c2b78170)
 - 'prev' 'Lcom/google/gson/internal/LinkedTreeMap$Node;' @36  a 'com/google/gson/internal/LinkedTreeMap$Node'{0x00000000c2b77b50} (c2b77b50)
 - final 'key' 'Ljava/lang/Object;' @40  "com.google.cloud.compute.deprecated.ResourceId"{0x00000000c2b77b80} (c2b77b80)
 - 'value' 'Ljava/lang/Object;' @44  a 'com/google/gson/internal/LinkedTreeMap'{0x00000000c2b77bd8} (c2b77bd8)
RSP=0x0000006ef93ff4c0 points into unknown readable memory: 0x00000000c2b00000 | 00 00 b0 c2 00 00 00 00
RBP=0x00000001004223d8 is pointing into metadata
RSI=0x00000000c2b78bf0 is an oop: java.lang.String 
{0x00000000c2b78bf0} - klass: 'java/lang/String'
 - string: "com.google.cloud.datastore.BaseEntity$Builder"
RDI=0x00000000c2b77f88 is an oop: com.google.gson.internal.LinkedTreeMap$Node 
{0x00000000c2b77f88} - klass: 'com/google/gson/internal/LinkedTreeMap$Node'
 - ---- fields (total size 6 words):
 - 'height' 'I' @12  3
 - final 'allowNullValue' 'Z' @16  true
 - 'parent' 'Lcom/google/gson/internal/LinkedTreeMap$Node;' @20  a 'com/google/gson/internal/LinkedTreeMap$Node'{0x00000000c2b76e10} (c2b76e10)
 - 'left' 'Lcom/google/gson/internal/LinkedTreeMap$Node;' @24  a 'com/google/gson/internal/LinkedTreeMap$Node'{0x00000000c2b776a0} (c2b776a0)
 - 'right' 'Lcom/google/gson/internal/LinkedTreeMap$Node;' @28  a 'com/google/gson/internal/LinkedTreeMap$Node'{0x00000000c2b78bc0} (c2b78bc0)
 - 'next' 'Lcom/google/gson/internal/LinkedTreeMap$Node;' @32  a 'com/google/gson/internal/LinkedTreeMap$Node'{0x00000000c2b78170} (c2b78170)
 - 'prev' 'Lcom/google/gson/internal/LinkedTreeMap$Node;' @36  a 'com/google/gson/internal/LinkedTreeMap$Node'{0x00000000c2b77b50} (c2b77b50)
 - final 'key' 'Ljava/lang/Object;' @40  "com.google.cloud.compute.deprecated.ResourceId"{0x00000000c2b77b80} (c2b77b80)
 - 'value' 'Ljava/lang/Object;' @44  a 'com/google/gson/internal/LinkedTreeMap'{0x00000000c2b77bd8} (c2b77bd8)
R8 =0x00000264c2f87010 points into unknown readable memory: 0x00000264aceb0150 | 50 01 eb ac 64 02 00 00
R9 =0x0000000000010000 is an unknown value
R10=0x00000264c2f87010 points into unknown readable memory: 0x00000264aceb0150 | 50 01 eb ac 64 02 00 00
R11=0x00000264c2f87010 points into unknown readable memory: 0x00000264aceb0150 | 50 01 eb ac 64 02 00 00
R12=0x00000000c2b78bc0 is an oop: com.google.gson.internal.LinkedTreeMap$Node 
{0x00000000c2b78bc0} - klass: 'com/google/gson/internal/LinkedTreeMap$Node'
 - ---- fields (total size 6 words):
 - 'height' 'I' @12  2
 - final 'allowNullValue' 'Z' @16  true
 - 'parent' 'Lcom/google/gson/internal/LinkedTreeMap$Node;' @20  a 'com/google/gson/internal/LinkedTreeMap$Node'{0x00000000c2b77f88} (c2b77f88)
 - 'left' 'Lcom/google/gson/internal/LinkedTreeMap$Node;' @24  a 'com/google/gson/internal/LinkedTreeMap$Node'{0x00000000c2b78170} (c2b78170)
 - 'right' 'Lcom/google/gson/internal/LinkedTreeMap$Node;' @28  a 'com/google/gson/internal/LinkedTreeMap$Node'{0x00000000c2b793e0} (c2b793e0)
 - 'next' 'Lcom/google/gson/internal/LinkedTreeMap$Node;' @32  a 'com/google/gson/internal/LinkedTreeMap$Node'{0x00000000c2b793e0} (c2b793e0)
 - 'prev' 'Lcom/google/gson/internal/LinkedTreeMap$Node;' @36  a 'com/google/gson/internal/LinkedTreeMap$Node'{0x00000000c2b78170} (c2b78170)
 - final 'key' 'Ljava/lang/Object;' @40  "com.google.cloud.datastore.BaseEntity"{0x00000000c2b781a0} (c2b781a0)
 - 'value' 'Ljava/lang/Object;' @44  a 'com/google/gson/internal/LinkedTreeMap'{0x00000000c2b781f0} (c2b781f0)
R13=0x0000000001150000 is an unknown value
R14=0x0000006ef93ff520 points into unknown readable memory: 0x00007fff2e6100a8 | a8 00 61 2e ff 7f 00 00
R15=0x00000001004223e0 is a pointer to class: 
com.google.gson.internal.bind.JsonTreeReader$1 {0x00000001004223e8}
 - instance size:     3
 - klass size:        85
 - access:            synchronized 
 - state:             fully_initialized
 - name:              'com/google/gson/internal/bind/JsonTreeReader$1'
 - super:             'java/io/Reader'
 - sub:               
 - arrays:            NULL
 - methods:           Array<T>(0x00000264c60a2ca0)
 - method ordering:   Array<T>(0x00000264c4000018)
 - default_methods:   Array<T>(0x0000000000000000)
 - local interfaces:  Array<T>(0x00000264c4000058)
 - trans. interfaces: Array<T>(0x00000264c45d00a0)
 - constants:         constant pool [31] {0x00000264c6098e88} for 'com/google/gson/internal/bind/JsonTreeReader$1' cache=0x00000264c60a37c0
 - class loader data:  loader data: 0x00000264cb0d26e0 for instance a 'org/eclipse/osgi/internal/loader/EquinoxClassLoader'{0x00000000c07aa850}
 - source file:       'JsonTreeReader.java'
 - class annotations:       Array<T>(0x0000000000000000)
 - class type annotations:  Array<T>(0x0000000000000000)
 - field annotations:       Array<T>(0x0000000000000000)
 - field type annotations:  Array<T>(0x0000000000000000)
 - inner classes:     Array<T>(0x00000264c60a2ed0)
 - nest members:     Array<T>(0x00000264c4000028)
 - permitted subclasses:     Array<T>(0x00000264c4000028)
 - java mirror:       a 'java/lang/Class'{0x00000000c0b14f78} = 'com/google/gson/internal/bind/JsonTreeReader$1'
 - vtable length      16  (start addr: 0x00000001004225a8)
 - itable length      11 (start addr: 0x0000000100422628)
 - ---- static fields (0 words):
 - ---- non-static fields (2 words):
 - protected 'lock' 'Ljava/lang/Object;' @12 
 - private 'skipBuffer' '[C' @16 
 - non-static oop maps: 12-16 


Registers:
RAX=0x00000000c2b77f88, RBX=0x00000000c2b78bd8, RCX=0x00007fff2e7e5300, RDX=0x00000000c2b77f88
RSP=0x0000006ef93ff4c0, RBP=0x00000001004223d8, RSI=0x00000000c2b78bf0, RDI=0x00000000c2b77f88
R8 =0x00000264c2f87010, R9 =0x0000000000010000, R10=0x00000264c2f87010, R11=0x00000264c2f87010
R12=0x00000000c2b78bc0, R13=0x0000000001150000, R14=0x0000006ef93ff520, R15=0x00000001004223e0
RIP=0x00007fff2e308253, EFLAGS=0x0000000000010287

Top of Stack: (sp=0x0000006ef93ff4c0)
0x0000006ef93ff4c0:   00000000c2b00000 00007fff2e3094bb
0x0000006ef93ff4d0:   00000264c2f87010 00000264ad170d70
0x0000006ef93ff4e0:   0000006ef93ff630 00007fff2e7e52c0
0x0000006ef93ff4f0:   0000000000580000 00007fff2e31382f
0x0000006ef93ff500:   000000000056f178 0000000000580000
0x0000006ef93ff510:   000000000056f17d 0000000001150000
0x0000006ef93ff520:   00007fff2e6100a8 0000000000000000
0x0000006ef93ff530:   00000264c2f87010 00007fff2e308a7e
0x0000006ef93ff540:   00000000c0d80000 00007fff2e30f017
0x0000006ef93ff550:   00000264c2f87010 00000264ad170438
0x0000006ef93ff560:   00000264c2f87010 0000000000000000
0x0000006ef93ff570:   00007fff2e7e52c0 00007fff2e2e14ee
0x0000006ef93ff580:   0000000000300000 0000000000000030
0x0000006ef93ff590:   0000000000000028 0000000000000000
0x0000006ef93ff5a0:   00000264c2f87010 0000000000000000
0x0000006ef93ff5b0:   00007fff2e7e5120 00007fff2e7e52c0 

Instructions: (pc=0x00007fff2e308253)
0x00007fff2e308153:   cc cc cc cc cc cc cc cc cc cc cc cc cc 80 3d 27
0x00007fff2e308163:   34 4c 00 00 4c 8d 15 c2 06 00 00 49 8b c2 4c 8d
0x00007fff2e308173:   0d 68 08 00 00 49 0f 45 c1 48 89 05 d5 c5 46 00
0x00007fff2e308183:   49 3b c2 0f 84 a4 06 00 00 48 ff e0 cc 80 3d f7
0x00007fff2e308193:   33 4c 00 00 4c 8d 15 52 07 00 00 49 8b c2 4c 8d
0x00007fff2e3081a3:   0d 28 09 00 00 49 0f 45 c1 48 89 05 d5 c5 46 00
0x00007fff2e3081b3:   49 3b c2 0f 84 34 07 00 00 48 ff e0 cc 80 3d c7
0x00007fff2e3081c3:   33 4c 00 00 4c 8d 15 62 06 00 00 49 8b c2 4c 8d
0x00007fff2e3081d3:   0d 08 08 00 00 49 0f 45 c1 48 89 05 5d c5 46 00
0x00007fff2e3081e3:   49 3b c2 0f 84 44 06 00 00 48 ff e0 cc 80 3d 97
0x00007fff2e3081f3:   33 4c 00 00 4c 8d 15 c2 09 00 00 49 8b c2 4c 8d
0x00007fff2e308203:   0d 78 0a 00 00 49 0f 45 c1 48 89 05 5d c5 46 00
0x00007fff2e308213:   49 3b c2 0f 84 a4 09 00 00 48 ff e0 cc 80 3d 67
0x00007fff2e308223:   33 4c 00 00 4c 8d 15 12 0b 00 00 49 8b c2 4c 8d
0x00007fff2e308233:   0d 28 0d 00 00 49 0f 45 c1 48 89 05 0d c5 46 00
0x00007fff2e308243:   49 3b c2 0f 84 f4 0a 00 00 48 ff e0 cc 80 3d 37
0x00007fff2e308253:   33 4c 00 00 4c 8d 15 e2 0b 00 00 49 8b c2 4c 8d
0x00007fff2e308263:   0d 38 0e 00 00 49 0f 45 c1 48 89 05 0d c5 46 00
0x00007fff2e308273:   49 3b c2 0f 84 c4 0b 00 00 48 ff e0 cc 80 3d 07
0x00007fff2e308283:   33 4c 00 00 4c 8d 15 32 0f 00 00 4d 8b c8 49 8b
0x00007fff2e308293:   c2 4c 8d 05 45 0f 00 00 49 0f 45 c0 48 89 05 a2
0x00007fff2e3082a3:   c4 46 00 49 3b c2 75 0b 4c 8b c1 49 8b c9 e9 fa
0x00007fff2e3082b3:   01 00 00 4d 8b c1 48 ff e0 cc cc cc cc 80 3d c7
0x00007fff2e3082c3:   32 4c 00 00 4c 8d 15 02 0f 00 00 4d 8b c8 49 8b
0x00007fff2e3082d3:   c2 4c 8d 05 05 10 00 00 49 0f 45 c0 48 89 05 92
0x00007fff2e3082e3:   c4 46 00 49 3b c2 75 0b 4c 8b c1 49 8b c9 e9 8a
0x00007fff2e3082f3:   03 00 00 4d 8b c1 48 ff e0 cc cc cc cc 80 3d 87
0x00007fff2e308303:   32 4c 00 00 4c 8d 15 e2 0f 00 00 49 8b c2 4c 8d
0x00007fff2e308313:   0d 28 11 00 00 49 0f 45 c1 48 89 05 45 c4 46 00
0x00007fff2e308323:   49 3b c2 0f 84 c4 0f 00 00 48 ff e0 cc 80 3d 57
0x00007fff2e308333:   32 4c 00 00 4c 8d 15 52 10 00 00 49 8b c2 4c 8d
0x00007fff2e308343:   0d a8 11 00 00 49 0f 45 c1 48 89 05 45 c4 46 00 


Stack slot to memory mapping:
stack at sp + 0 slots: 0x00000000c2b00000 is pointing into object: java.lang.String 
{0x00000000c2affff0} - klass: 'java/lang/String'
 - string: "N"
stack at sp + 1 slots: 0x00007fff2e3094bb jvm.dll
stack at sp + 2 slots: 0x00000264c2f87010 points into unknown readable memory: 0x00000264aceb0150 | 50 01 eb ac 64 02 00 00
stack at sp + 3 slots: 0x00000264ad170d70 points into unknown readable memory: 0x00000000c2b00000 | 00 00 b0 c2 00 00 00 00
stack at sp + 4 slots: 0x0000006ef93ff630 points into unknown readable memory: 0x00007fff2e610088 | 88 00 61 2e ff 7f 00 00
stack at sp + 5 slots: 0x00007fff2e7e52c0 jvm.dll
stack at sp + 6 slots: 0x0000000000580000 is an unknown value
stack at sp + 7 slots: 0x00007fff2e31382f jvm.dll


---------------  P R O C E S S  ---------------

Threads class SMR info:
_java_thread_list=0x00000264caf40720, length=37, elements={
0x00000264af1c5580, 0x00000264c8366030, 0x00000264c8368460, 0x00000264c83a0790,
0x00000264c83a1050, 0x00000264c83a21b0, 0x00000264c8389240, 0x00000264c8389e30,
0x00000264c8407b10, 0x00000264c8428bf0, 0x00000264c8468880, 0x00000264c8702a90,
0x00000264c993e4e0, 0x00000264c9a93f50, 0x00000264c92717b0, 0x00000264c9919740,
0x00000264c9cf3650, 0x00000264c9cbba60, 0x00000264c9cbc8d0, 0x00000264c9cbb590,
0x00000264c9cbb0c0, 0x00000264ca41e9a0, 0x00000264ca424eb0, 0x00000264cbfa12d0,
0x00000264ca41f810, 0x00000264ca4214f0, 0x00000264ca41fce0, 0x00000264ca4201b0,
0x00000264ca4231d0, 0x00000264cbfa4c90, 0x00000264cbfa3e20, 0x00000264ca41ee70,
0x00000264ca425850, 0x00000264ca423b70, 0x00000264ce8a3d00, 0x00000264ce8a1b50,
0x00000264ce8a46a0
}

Java Threads: ( => current thread )
  0x00000264af1c5580 JavaThread "main" [_thread_blocked, id=18964, stack(0x0000006ef9200000,0x0000006ef9300000)]
  0x00000264c8366030 JavaThread "Reference Handler" daemon [_thread_blocked, id=25628, stack(0x0000006ef9500000,0x0000006ef9600000)]
  0x00000264c8368460 JavaThread "Finalizer" daemon [_thread_blocked, id=2564, stack(0x0000006ef9600000,0x0000006ef9700000)]
  0x00000264c83a0790 JavaThread "Signal Dispatcher" daemon [_thread_blocked, id=26348, stack(0x0000006ef9700000,0x0000006ef9800000)]
  0x00000264c83a1050 JavaThread "Attach Listener" daemon [_thread_blocked, id=6708, stack(0x0000006ef9800000,0x0000006ef9900000)]
  0x00000264c83a21b0 JavaThread "Service Thread" daemon [_thread_blocked, id=12140, stack(0x0000006ef9900000,0x0000006ef9a00000)]
  0x00000264c8389240 JavaThread "Monitor Deflation Thread" daemon [_thread_blocked, id=2208, stack(0x0000006ef9a00000,0x0000006ef9b00000)]
  0x00000264c8389e30 JavaThread "C2 CompilerThread0" daemon [_thread_blocked, id=26260, stack(0x0000006ef9b00000,0x0000006ef9c00000)]
  0x00000264c8407b10 JavaThread "C1 CompilerThread0" daemon [_thread_blocked, id=26028, stack(0x0000006ef9c00000,0x0000006ef9d00000)]
  0x00000264c8428bf0 JavaThread "Sweeper thread" daemon [_thread_blocked, id=26596, stack(0x0000006ef9d00000,0x0000006ef9e00000)]
  0x00000264c8468880 JavaThread "Common-Cleaner" daemon [_thread_blocked, id=16656, stack(0x0000006ef9e00000,0x0000006ef9f00000)]
  0x00000264c8702a90 JavaThread "Notification Thread" daemon [_thread_blocked, id=16420, stack(0x0000006ef9f00000,0x0000006efa000000)]
  0x00000264c993e4e0 JavaThread "Active Thread: Equinox Container: fb58e436-892c-40bb-956a-328c69610ec3" [_thread_blocked, id=26952, stack(0x0000006efa900000,0x0000006efaa00000)]
  0x00000264c9a93f50 JavaThread "Framework Event Dispatcher: Equinox Container: fb58e436-892c-40bb-956a-328c69610ec3" daemon [_thread_blocked, id=12200, stack(0x0000006efa100000,0x0000006efa200000)]
  0x00000264c92717b0 JavaThread "Start Level: Equinox Container: fb58e436-892c-40bb-956a-328c69610ec3" daemon [_thread_blocked, id=25748, stack(0x0000006efa200000,0x0000006efa300000)]
  0x00000264c9919740 JavaThread "SCR Component Actor" daemon [_thread_blocked, id=26728, stack(0x0000006efaa00000,0x0000006efab00000)]
  0x00000264c9cf3650 JavaThread "Worker-JM" [_thread_blocked, id=19320, stack(0x0000006efae00000,0x0000006efaf00000)]
  0x00000264c9cbba60 JavaThread "Worker-1" [_thread_blocked, id=328, stack(0x0000006efb000000,0x0000006efb100000)]
  0x00000264c9cbc8d0 JavaThread "Java indexing" daemon [_thread_blocked, id=16880, stack(0x0000006efb300000,0x0000006efb400000)]
  0x00000264c9cbb590 JavaThread "JNA Cleaner" daemon [_thread_blocked, id=27296, stack(0x0000006efb400000,0x0000006efb500000)]
  0x00000264c9cbb0c0 JavaThread "pool-2-thread-1" [_thread_blocked, id=1580, stack(0x0000006efad00000,0x0000006efae00000)]
  0x00000264ca41e9a0 JavaThread "pool-1-thread-1" [_thread_blocked, id=26300, stack(0x0000006efb200000,0x0000006efb300000)]
  0x00000264ca424eb0 JavaThread "Bundle File Closer" daemon [_thread_blocked, id=12320, stack(0x0000006efb700000,0x0000006efb800000)]
  0x00000264cbfa12d0 JavaThread "ForkJoinPool.commonPool-worker-12" daemon [_thread_blocked, id=8956, stack(0x0000006efb900000,0x0000006efba00000)]
  0x00000264ca41f810 JavaThread "ForkJoinPool.commonPool-worker-15" daemon [_thread_blocked, id=1304, stack(0x0000006ef9000000,0x0000006ef9100000)]
  0x00000264ca4214f0 JavaThread "ForkJoinPool.commonPool-worker-16" daemon [_thread_blocked, id=19752, stack(0x0000006ef9100000,0x0000006ef9200000)]
  0x00000264ca41fce0 JavaThread "ForkJoinPool.commonPool-worker-17" daemon [_thread_blocked, id=22284, stack(0x0000006efac00000,0x0000006efad00000)]
  0x00000264ca4201b0 JavaThread "ForkJoinPool.commonPool-worker-18" daemon [_thread_blocked, id=13640, stack(0x0000006efb500000,0x0000006efb600000)]
  0x00000264ca4231d0 JavaThread "ForkJoinPool.commonPool-worker-19" daemon [_thread_blocked, id=11336, stack(0x0000006efaf00000,0x0000006efb000000)]
  0x00000264cbfa4c90 JavaThread "ForkJoinPool.commonPool-worker-20" daemon [_thread_blocked, id=13100, stack(0x0000006efb600000,0x0000006efb700000)]
  0x00000264cbfa3e20 JavaThread "Worker-16" [_thread_blocked, id=4448, stack(0x0000006efb800000,0x0000006efb900000)]
  0x00000264ca41ee70 JavaThread "Worker-21" [_thread_blocked, id=19336, stack(0x0000006efb100000,0x0000006efb200000)]
  0x00000264ca425850 JavaThread "Worker-22" [_thread_blocked, id=12068, stack(0x0000006efba00000,0x0000006efbb00000)]
  0x00000264ca423b70 JavaThread "Worker-23" [_thread_blocked, id=18448, stack(0x0000006efbb00000,0x0000006efbc00000)]
  0x00000264ce8a3d00 JavaThread "Worker-24" [_thread_blocked, id=4560, stack(0x0000006efbd00000,0x0000006efbe00000)]
  0x00000264ce8a1b50 JavaThread "Worker-25: Building" [_thread_blocked, id=1488, stack(0x0000006efbe00000,0x0000006efbf00000)]
  0x00000264ce8a46a0 JavaThread "Worker-26" [_thread_blocked, id=26232, stack(0x0000006efbc00000,0x0000006efbd00000)]

Other Threads:
  0x00000264af27a8d0 VMThread "VM Thread" [stack: 0x0000006ef9400000,0x0000006ef9500000] [id=20712]
  0x00000264c86faef0 WatcherThread [stack: 0x0000006efa000000,0x0000006efa100000] [id=26840]
=>0x00000264af1de9d0 GCTaskThread "GC Thread#0" [stack: 0x0000006ef9300000,0x0000006ef9400000] [id=9056]
  0x00000264c9a0b210 GCTaskThread "GC Thread#1" [stack: 0x0000006efa300000,0x0000006efa400000] [id=4196]
  0x00000264c95875d0 GCTaskThread "GC Thread#2" [stack: 0x0000006efa400000,0x0000006efa500000] [id=26964]
  0x00000264c989b7e0 GCTaskThread "GC Thread#3" [stack: 0x0000006efa500000,0x0000006efa600000] [id=5952]
  0x00000264c989ba90 GCTaskThread "GC Thread#4" [stack: 0x0000006efa600000,0x0000006efa700000] [id=12808]
  0x00000264c989bd40 GCTaskThread "GC Thread#5" [stack: 0x0000006efa700000,0x0000006efa800000] [id=6016]
  0x00000264c958d8f0 GCTaskThread "GC Thread#6" [stack: 0x0000006efa800000,0x0000006efa900000] [id=27392]
  0x00000264acfa8150 GCTaskThread "GC Thread#7" [stack: 0x0000006efab00000,0x0000006efac00000] [id=28064]

Threads with active compile tasks:

VM state: at safepoint (normal execution)

VM Mutex/Monitor currently owned by a thread:  ([mutex/lock_event])
[0x00000264af1c2b70] Threads_lock - owner thread: 0x00000264af27a8d0
[0x00000264af1c1f10] Heap_lock - owner thread: 0x00000264ca4201b0

Heap address: 0x00000000c0000000, size: 1024 MB, Compressed Oops mode: 32-bit

CDS archive(s) not mapped
Compressed class space mapped at: 0x0000000100000000-0x0000000140000000, reserved size: 1073741824
Narrow klass base: 0x0000000000000000, Narrow klass shift: 3, Narrow klass range: 0x140000000

GC Precious Log:
 CPUs: 8 total, 8 available
 Memory: 16297M
 Large Page Support: Disabled
 NUMA Support: Disabled
 Compressed Oops: Enabled (32-bit)
 Alignments: Space 512K, Generation 512K, Heap 2M
 Heap Min Capacity: 100M
 Heap Initial Capacity: 100M
 Heap Max Capacity: 1G
 Pre-touch: Disabled
 Parallel Workers: 8

Heap:
 PSYoungGen      total 9216K, used 4096K [0x00000000eab00000, 0x00000000ec300000, 0x0000000100000000)
  eden space 5120K, 0% used [0x00000000eab00000,0x00000000eab00000,0x00000000eb000000)
  from space 4096K, 100% used [0x00000000eb900000,0x00000000ebd00000,0x00000000ebd00000)
  to   space 9216K, 0% used [0x00000000eb000000,0x00000000eb000000,0x00000000eb900000)
 ParOldGen       total 194560K, used 191307K [0x00000000c0000000, 0x00000000cbe00000, 0x00000000eab00000)
  object space 194560K, 98% used [0x00000000c0000000,0x00000000cbad2ce8,0x00000000cbe00000)
 Metaspace       used 94538K, committed 95808K, reserved 1179648K
  class space    used 9166K, committed 9728K, reserved 1048576K

Card table byte_map: [0x00000264aeb60000,0x00000264aed70000] _byte_map_base: 0x00000264ae560000

Marking Bits: (ParMarkBitMap*) 0x00007fff2e7e52c0
 Begin Bits: [0x00000264c0e40000, 0x00000264c1e40000)
 End Bits:   [0x00000264c1e40000, 0x00000264c2e40000)

Polling page: 0x00000264ad140000

Metaspace:

Usage:
  Non-class:     83.37 MB used.
      Class:      8.95 MB used.
       Both:     92.32 MB used.

Virtual space:
  Non-class space:      128.00 MB reserved,      84.06 MB ( 66%) committed,  2 nodes.
      Class space:        1.00 GB reserved,       9.50 MB ( <1%) committed,  1 nodes.
             Both:        1.12 GB reserved,      93.56 MB (  8%) committed. 

Chunk freelists:
   Non-Class:  11.76 MB
       Class:  6.48 MB
        Both:  18.25 MB

MaxMetaspaceSize: unlimited
CompressedClassSpaceSize: 1.00 GB
Initial GC threshold: 21.00 MB
Current GC threshold: 155.94 MB
CDS: off
MetaspaceReclaimPolicy: balanced
 - commit_granule_bytes: 65536.
 - commit_granule_words: 8192.
 - virtual_space_node_default_size: 8388608.
 - enlarge_chunks_in_place: 1.
 - new_chunks_are_fully_committed: 0.
 - uncommit_free_chunks: 1.
 - use_allocation_guard: 0.
 - handle_deallocations: 1.


Internal statistics:

num_allocs_failed_limit: 9.
num_arena_births: 1042.
num_arena_deaths: 196.
num_vsnodes_births: 3.
num_vsnodes_deaths: 0.
num_space_committed: 1497.
num_space_uncommitted: 0.
num_chunks_returned_to_freelist: 245.
num_chunks_taken_from_freelist: 5170.
num_chunk_merges: 75.
num_chunk_splits: 3087.
num_chunks_enlarged: 1695.
num_inconsistent_stats: 0.

CodeHeap 'non-profiled nmethods': size=120000Kb used=28217Kb max_used=28583Kb free=91782Kb
 bounds [0x00000264b9910000, 0x00000264bb510000, 0x00000264c0e40000]
CodeHeap 'profiled nmethods': size=120000Kb used=43134Kb max_used=44406Kb free=76865Kb
 bounds [0x00000264b1e40000, 0x00000264b49b0000, 0x00000264b9370000]
CodeHeap 'non-nmethods': size=5760Kb used=1430Kb max_used=1546Kb free=4329Kb
 bounds [0x00000264b9370000, 0x00000264b95e0000, 0x00000264b9910000]
 total_blobs=21020 nmethods=20243 adapters=687
 compilation: enabled
              stopped_count=0, restarted_count=0
 full_count=0

Compilation events (20 events):
Event: 2207.462 Thread 0x00000264c8407b10 28024       1       org.eclipse.jdt.internal.compiler.flow.FlowContext::subroutine (2 bytes)
Event: 2207.462 Thread 0x00000264c8407b10 nmethod 28024 0x00000264baf69a90 code [0x00000264baf69c20, 0x00000264baf69cf8]
Event: 2207.576 Thread 0x00000264c8389e30 28025       4       lombok.eclipse.EclipseAST::buildTree (183 bytes)
Event: 2207.577 Thread 0x00000264c8389e30 nmethod 28025 0x00000264bab30890 code [0x00000264bab30a40, 0x00000264bab30c18]
Event: 2207.611 Thread 0x00000264c8389e30 28026       4       org.eclipse.jdt.internal.compiler.codegen.CodeStream::invoke (344 bytes)
Event: 2207.628 Thread 0x00000264c8389e30 nmethod 28026 0x00000264bb14f510 code [0x00000264bb14f760, 0x00000264bb150be0]
Event: 2207.628 Thread 0x00000264c8389e30 28027       4       org.eclipse.core.internal.resources.Marker::checkInfo (54 bytes)
Event: 2207.628 Thread 0x00000264c8389e30 nmethod 28027 0x00000264bb14f210 code [0x00000264bb14f380, 0x00000264bb14f418]
Event: 2208.321 Thread 0x00000264c8389e30 28028       4       org.eclipse.core.runtime.jobs.Job::getName (5 bytes)
Event: 2208.321 Thread 0x00000264c8389e30 nmethod 28028 0x00000264bb14ef10 code [0x00000264bb14f080, 0x00000264bb14f0f8]
Event: 2208.331 Thread 0x00000264c8389e30 28029       4       org.eclipse.jdt.internal.compiler.lookup.BlockScope::computeLocalVariablePositions (492 bytes)
Event: 2208.414 Thread 0x00000264c8389e30 nmethod 28029 0x00000264bb3f7190 code [0x00000264bb3f73c0, 0x00000264bb3f82a8]
Event: 2208.504 Thread 0x00000264c8389e30 28030       4       org.eclipse.jdt.internal.compiler.parser.Scanner::checkTaskTag (937 bytes)
Event: 2208.510 Thread 0x00000264c8407b10 28031   !   3       org.eclipse.jdt.internal.core.JavaModelManager::getLastBuiltState (123 bytes)
Event: 2208.511 Thread 0x00000264c8407b10 nmethod 28031 0x00000264b30a9e10 code [0x00000264b30aa1c0, 0x00000264b30ab888]
Event: 2208.539 Thread 0x00000264c8389e30 nmethod 28030 0x00000264bb181d90 code [0x00000264bb182040, 0x00000264bb184748]
Event: 2208.539 Thread 0x00000264c8389e30 28033       4       org.eclipse.jdt.internal.compiler.ast.Expression::getDirectBinding (166 bytes)
Event: 2208.540 Thread 0x00000264c8389e30 nmethod 28033 0x00000264bb181710 code [0x00000264bb1818c0, 0x00000264bb181af8]
Event: 2208.540 Thread 0x00000264c8389e30 28032       4       org.eclipse.jdt.internal.core.builder.NameEnvironment::findType (34 bytes)
Event: 2208.550 Thread 0x00000264c8389e30 nmethod 28032 0x00000264bb070210 code [0x00000264bb070400, 0x00000264bb071328]

GC Heap History (20 events):
Event: 2208.468 GC heap after
{Heap after GC invocations=13236 (full 368):
 PSYoungGen      total 14848K, used 7659K [0x00000000eab00000, 0x00000000ec480000, 0x0000000100000000)
  eden space 7168K, 0% used [0x00000000eab00000,0x00000000eab00000,0x00000000eb200000)
  from space 7680K, 99% used [0x00000000eb200000,0x00000000eb97af10,0x00000000eb980000)
  to   space 8704K, 0% used [0x00000000ebc00000,0x00000000ebc00000,0x00000000ec480000)
 ParOldGen       total 173568K, used 147350K [0x00000000c0000000, 0x00000000ca980000, 0x00000000eab00000)
  object space 173568K, 84% used [0x00000000c0000000,0x00000000c8fe5ad0,0x00000000ca980000)
 Metaspace       used 94537K, committed 95808K, reserved 1179648K
  class space    used 9166K, committed 9728K, reserved 1048576K
}
Event: 2208.473 GC heap before
{Heap before GC invocations=13237 (full 368):
 PSYoungGen      total 14848K, used 14827K [0x00000000eab00000, 0x00000000ec480000, 0x0000000100000000)
  eden space 7168K, 100% used [0x00000000eab00000,0x00000000eb200000,0x00000000eb200000)
  from space 7680K, 99% used [0x00000000eb200000,0x00000000eb97af10,0x00000000eb980000)
  to   space 8704K, 0% used [0x00000000ebc00000,0x00000000ebc00000,0x00000000ec480000)
 ParOldGen       total 173568K, used 147350K [0x00000000c0000000, 0x00000000ca980000, 0x00000000eab00000)
  object space 173568K, 84% used [0x00000000c0000000,0x00000000c8fe5ad0,0x00000000ca980000)
 Metaspace       used 94537K, committed 95808K, reserved 1179648K
  class space    used 9166K, committed 9728K, reserved 1048576K
}
Event: 2208.476 GC heap after
{Heap after GC invocations=13237 (full 368):
 PSYoungGen      total 16384K, used 7322K [0x00000000eab00000, 0x00000000ec380000, 0x0000000100000000)
  eden space 8704K, 0% used [0x00000000eab00000,0x00000000eab00000,0x00000000eb380000)
  from space 7680K, 95% used [0x00000000ebc00000,0x00000000ec326b10,0x00000000ec380000)
  to   space 8192K, 0% used [0x00000000eb380000,0x00000000eb380000,0x00000000ebb80000)
 ParOldGen       total 173568K, used 148766K [0x00000000c0000000, 0x00000000ca980000, 0x00000000eab00000)
  object space 173568K, 85% used [0x00000000c0000000,0x00000000c9147ad0,0x00000000ca980000)
 Metaspace       used 94537K, committed 95808K, reserved 1179648K
  class space    used 9166K, committed 9728K, reserved 1048576K
}
Event: 2208.485 GC heap before
{Heap before GC invocations=13238 (full 368):
 PSYoungGen      total 16384K, used 16026K [0x00000000eab00000, 0x00000000ec380000, 0x0000000100000000)
  eden space 8704K, 100% used [0x00000000eab00000,0x00000000eb380000,0x00000000eb380000)
  from space 7680K, 95% used [0x00000000ebc00000,0x00000000ec326b10,0x00000000ec380000)
  to   space 8192K, 0% used [0x00000000eb380000,0x00000000eb380000,0x00000000ebb80000)
 ParOldGen       total 173568K, used 148766K [0x00000000c0000000, 0x00000000ca980000, 0x00000000eab00000)
  object space 173568K, 85% used [0x00000000c0000000,0x00000000c9147ad0,0x00000000ca980000)
 Metaspace       used 94537K, committed 95808K, reserved 1179648K
  class space    used 9166K, committed 9728K, reserved 1048576K
}
Event: 2208.488 GC heap after
{Heap after GC invocations=13238 (full 368):
 PSYoungGen      total 16896K, used 6429K [0x00000000eab00000, 0x00000000ec380000, 0x0000000100000000)
  eden space 8704K, 0% used [0x00000000eab00000,0x00000000eab00000,0x00000000eb380000)
  from space 8192K, 78% used [0x00000000eb380000,0x00000000eb9c7400,0x00000000ebb80000)
  to   space 7168K, 0% used [0x00000000ebc80000,0x00000000ebc80000,0x00000000ec380000)
 ParOldGen       total 173568K, used 151526K [0x00000000c0000000, 0x00000000ca980000, 0x00000000eab00000)
  object space 173568K, 87% used [0x00000000c0000000,0x00000000c93f9ad0,0x00000000ca980000)
 Metaspace       used 94537K, committed 95808K, reserved 1179648K
  class space    used 9166K, committed 9728K, reserved 1048576K
}
Event: 2208.497 GC heap before
{Heap before GC invocations=13239 (full 368):
 PSYoungGen      total 16896K, used 15133K [0x00000000eab00000, 0x00000000ec380000, 0x0000000100000000)
  eden space 8704K, 100% used [0x00000000eab00000,0x00000000eb380000,0x00000000eb380000)
  from space 8192K, 78% used [0x00000000eb380000,0x00000000eb9c7400,0x00000000ebb80000)
  to   space 7168K, 0% used [0x00000000ebc80000,0x00000000ebc80000,0x00000000ec380000)
 ParOldGen       total 173568K, used 151526K [0x00000000c0000000, 0x00000000ca980000, 0x00000000eab00000)
  object space 173568K, 87% used [0x00000000c0000000,0x00000000c93f9ad0,0x00000000ca980000)
 Metaspace       used 94537K, committed 95808K, reserved 1179648K
  class space    used 9166K, committed 9728K, reserved 1048576K
}
Event: 2208.500 GC heap after
{Heap after GC invocations=13239 (full 368):
 PSYoungGen      total 14336K, used 3222K [0x00000000eab00000, 0x00000000ec000000, 0x0000000100000000)
  eden space 10752K, 0% used [0x00000000eab00000,0x00000000eab00000,0x00000000eb580000)
  from space 3584K, 89% used [0x00000000ebc80000,0x00000000ebfa5b10,0x00000000ec000000)
  to   space 4608K, 0% used [0x00000000eb700000,0x00000000eb700000,0x00000000ebb80000)
 ParOldGen       total 173568K, used 154419K [0x00000000c0000000, 0x00000000ca980000, 0x00000000eab00000)
  object space 173568K, 88% used [0x00000000c0000000,0x00000000c96cccf0,0x00000000ca980000)
 Metaspace       used 94537K, committed 95808K, reserved 1179648K
  class space    used 9166K, committed 9728K, reserved 1048576K
}
Event: 2208.518 GC heap before
{Heap before GC invocations=13240 (full 368):
 PSYoungGen      total 14336K, used 13974K [0x00000000eab00000, 0x00000000ec000000, 0x0000000100000000)
  eden space 10752K, 100% used [0x00000000eab00000,0x00000000eb580000,0x00000000eb580000)
  from space 3584K, 89% used [0x00000000ebc80000,0x00000000ebfa5b10,0x00000000ec000000)
  to   space 4608K, 0% used [0x00000000eb700000,0x00000000eb700000,0x00000000ebb80000)
 ParOldGen       total 173568K, used 154419K [0x00000000c0000000, 0x00000000ca980000, 0x00000000eab00000)
  object space 173568K, 88% used [0x00000000c0000000,0x00000000c96cccf0,0x00000000ca980000)
 Metaspace       used 94538K, committed 95808K, reserved 1179648K
  class space    used 9166K, committed 9728K, reserved 1048576K
}
Event: 2208.520 GC heap after
{Heap after GC invocations=13240 (full 368):
 PSYoungGen      total 16896K, used 3923K [0x00000000eab00000, 0x00000000ebf80000, 0x0000000100000000)
  eden space 12288K, 0% used [0x00000000eab00000,0x00000000eab00000,0x00000000eb700000)
  from space 4608K, 85% used [0x00000000eb700000,0x00000000ebad4e90,0x00000000ebb80000)
  to   space 4096K, 0% used [0x00000000ebb80000,0x00000000ebb80000,0x00000000ebf80000)
 ParOldGen       total 173568K, used 156719K [0x00000000c0000000, 0x00000000ca980000, 0x00000000eab00000)
  object space 173568K, 90% used [0x00000000c0000000,0x00000000c990bef0,0x00000000ca980000)
 Metaspace       used 94538K, committed 95808K, reserved 1179648K
  class space    used 9166K, committed 9728K, reserved 1048576K
}
Event: 2208.553 GC heap before
{Heap before GC invocations=13241 (full 368):
 PSYoungGen      total 16896K, used 16211K [0x00000000eab00000, 0x00000000ebf80000, 0x0000000100000000)
  eden space 12288K, 100% used [0x00000000eab00000,0x00000000eb700000,0x00000000eb700000)
  from space 4608K, 85% used [0x00000000eb700000,0x00000000ebad4e90,0x00000000ebb80000)
  to   space 4096K, 0% used [0x00000000ebb80000,0x00000000ebb80000,0x00000000ebf80000)
 ParOldGen       total 173568K, used 156719K [0x00000000c0000000, 0x00000000ca980000, 0x00000000eab00000)
  object space 173568K, 90% used [0x00000000c0000000,0x00000000c990bef0,0x00000000ca980000)
 Metaspace       used 94538K, committed 95808K, reserved 1179648K
  class space    used 9166K, committed 9728K, reserved 1048576K
}
Event: 2208.556 GC heap after
{Heap after GC invocations=13241 (full 368):
 PSYoungGen      total 7168K, used 4077K [0x00000000eab00000, 0x00000000ed400000, 0x0000000100000000)
  eden space 3072K, 0% used [0x00000000eab00000,0x00000000eab00000,0x00000000eae00000)
  from space 4096K, 99% used [0x00000000ebb80000,0x00000000ebf7b570,0x00000000ebf80000)
  to   space 13824K, 0% used [0x00000000eae00000,0x00000000eae00000,0x00000000ebb80000)
 ParOldGen       total 173568K, used 164889K [0x00000000c0000000, 0x00000000ca980000, 0x00000000eab00000)
  object space 173568K, 94% used [0x00000000c0000000,0x00000000ca1064c8,0x00000000ca980000)
 Metaspace       used 94538K, committed 95808K, reserved 1179648K
  class space    used 9166K, committed 9728K, reserved 1048576K
}
Event: 2208.556 GC heap before
{Heap before GC invocations=13242 (full 369):
 PSYoungGen      total 7168K, used 4077K [0x00000000eab00000, 0x00000000ed400000, 0x0000000100000000)
  eden space 3072K, 0% used [0x00000000eab00000,0x00000000eab00000,0x00000000eae00000)
  from space 4096K, 99% used [0x00000000ebb80000,0x00000000ebf7b570,0x00000000ebf80000)
  to   space 13824K, 0% used [0x00000000eae00000,0x00000000eae00000,0x00000000ebb80000)
 ParOldGen       total 173568K, used 164889K [0x00000000c0000000, 0x00000000ca980000, 0x00000000eab00000)
  object space 173568K, 94% used [0x00000000c0000000,0x00000000ca1064c8,0x00000000ca980000)
 Metaspace       used 94538K, committed 95808K, reserved 1179648K
  class space    used 9166K, committed 9728K, reserved 1048576K
}
Event: 2208.625 GC heap after
{Heap after GC invocations=13242 (full 369):
 PSYoungGen      total 16896K, used 0K [0x00000000eab00000, 0x00000000eca00000, 0x0000000100000000)
  eden space 3072K, 0% used [0x00000000eab00000,0x00000000eab00000,0x00000000eae00000)
  from space 13824K, 0% used [0x00000000eae00000,0x00000000eae00000,0x00000000ebb80000)
  to   space 13824K, 0% used [0x00000000ebc80000,0x00000000ebc80000,0x00000000eca00000)
 ParOldGen       total 186368K, used 146220K [0x00000000c0000000, 0x00000000cb600000, 0x00000000eab00000)
  object space 186368K, 78% used [0x00000000c0000000,0x00000000c8ecb018,0x00000000cb600000)
 Metaspace       used 94538K, committed 95808K, reserved 1179648K
  class space    used 9166K, committed 9728K, reserved 1048576K
}
Event: 2208.629 GC heap before
{Heap before GC invocations=13243 (full 369):
 PSYoungGen      total 16896K, used 3071K [0x00000000eab00000, 0x00000000eca00000, 0x0000000100000000)
  eden space 3072K, 99% used [0x00000000eab00000,0x00000000eadfffb8,0x00000000eae00000)
  from space 13824K, 0% used [0x00000000eae00000,0x00000000eae00000,0x00000000ebb80000)
  to   space 13824K, 0% used [0x00000000ebc80000,0x00000000ebc80000,0x00000000eca00000)
 ParOldGen       total 186368K, used 146220K [0x00000000c0000000, 0x00000000cb600000, 0x00000000eab00000)
  object space 186368K, 78% used [0x00000000c0000000,0x00000000c8ecb018,0x00000000cb600000)
 Metaspace       used 94538K, committed 95808K, reserved 1179648K
  class space    used 9166K, committed 9728K, reserved 1048576K
}
Event: 2208.630 GC heap after
{Heap after GC invocations=13243 (full 369):
 PSYoungGen      total 7168K, used 2816K [0x00000000eab00000, 0x00000000ebf80000, 0x0000000100000000)
  eden space 4096K, 0% used [0x00000000eab00000,0x00000000eab00000,0x00000000eaf00000)
  from space 3072K, 91% used [0x00000000ebc80000,0x00000000ebf40000,0x00000000ebf80000)
  to   space 6656K, 0% used [0x00000000eb280000,0x00000000eb280000,0x00000000eb900000)
 ParOldGen       total 186368K, used 146220K [0x00000000c0000000, 0x00000000cb600000, 0x00000000eab00000)
  object space 186368K, 78% used [0x00000000c0000000,0x00000000c8ecb018,0x00000000cb600000)
 Metaspace       used 94538K, committed 95808K, reserved 1179648K
  class space    used 9166K, committed 9728K, reserved 1048576K
}
Event: 2208.638 GC heap before
{Heap before GC invocations=13244 (full 369):
 PSYoungGen      total 7168K, used 6912K [0x00000000eab00000, 0x00000000ebf80000, 0x0000000100000000)
  eden space 4096K, 100% used [0x00000000eab00000,0x00000000eaf00000,0x00000000eaf00000)
  from space 3072K, 91% used [0x00000000ebc80000,0x00000000ebf40000,0x00000000ebf80000)
  to   space 6656K, 0% used [0x00000000eb280000,0x00000000eb280000,0x00000000eb900000)
 ParOldGen       total 186368K, used 146220K [0x00000000c0000000, 0x00000000cb600000, 0x00000000eab00000)
  object space 186368K, 78% used [0x00000000c0000000,0x00000000c8ecb018,0x00000000cb600000)
 Metaspace       used 94538K, committed 95808K, reserved 1179648K
  class space    used 9166K, committed 9728K, reserved 1048576K
}
Event: 2208.644 GC heap after
{Heap after GC invocations=13244 (full 369):
 PSYoungGen      total 11776K, used 3767K [0x00000000eab00000, 0x00000000ebd00000, 0x0000000100000000)
  eden space 5120K, 0% used [0x00000000eab00000,0x00000000eab00000,0x00000000eb000000)
  from space 6656K, 56% used [0x00000000eb280000,0x00000000eb62dc90,0x00000000eb900000)
  to   space 4096K, 0% used [0x00000000eb900000,0x00000000eb900000,0x00000000ebd00000)
 ParOldGen       total 186368K, used 149012K [0x00000000c0000000, 0x00000000cb600000, 0x00000000eab00000)
  object space 186368K, 79% used [0x00000000c0000000,0x00000000c9185018,0x00000000cb600000)
 Metaspace       used 94538K, committed 95808K, reserved 1179648K
  class space    used 9166K, committed 9728K, reserved 1048576K
}
Event: 2208.654 GC heap before
{Heap before GC invocations=13245 (full 369):
 PSYoungGen      total 11776K, used 8887K [0x00000000eab00000, 0x00000000ebd00000, 0x0000000100000000)
  eden space 5120K, 100% used [0x00000000eab00000,0x00000000eb000000,0x00000000eb000000)
  from space 6656K, 56% used [0x00000000eb280000,0x00000000eb62dc90,0x00000000eb900000)
  to   space 4096K, 0% used [0x00000000eb900000,0x00000000eb900000,0x00000000ebd00000)
 ParOldGen       total 194560K, used 187412K [0x00000000c0000000, 0x00000000cbe00000, 0x00000000eab00000)
  object space 194560K, 96% used [0x00000000c0000000,0x00000000cb705058,0x00000000cbe00000)
 Metaspace       used 94538K, committed 95808K, reserved 1179648K
  class space    used 9166K, committed 9728K, reserved 1048576K
}
Event: 2208.658 GC heap after
{Heap after GC invocations=13245 (full 369):
 PSYoungGen      total 9216K, used 4096K [0x00000000eab00000, 0x00000000ec300000, 0x0000000100000000)
  eden space 5120K, 0% used [0x00000000eab00000,0x00000000eab00000,0x00000000eb000000)
  from space 4096K, 100% used [0x00000000eb900000,0x00000000ebd00000,0x00000000ebd00000)
  to   space 9216K, 0% used [0x00000000eb000000,0x00000000eb000000,0x00000000eb900000)
 ParOldGen       total 194560K, used 191307K [0x00000000c0000000, 0x00000000cbe00000, 0x00000000eab00000)
  object space 194560K, 98% used [0x00000000c0000000,0x00000000cbad2ce8,0x00000000cbe00000)
 Metaspace       used 94538K, committed 95808K, reserved 1179648K
  class space    used 9166K, committed 9728K, reserved 1048576K
}
Event: 2208.658 GC heap before
{Heap before GC invocations=13246 (full 370):
 PSYoungGen      total 9216K, used 4096K [0x00000000eab00000, 0x00000000ec300000, 0x0000000100000000)
  eden space 5120K, 0% used [0x00000000eab00000,0x00000000eab00000,0x00000000eb000000)
  from space 4096K, 100% used [0x00000000eb900000,0x00000000ebd00000,0x00000000ebd00000)
  to   space 9216K, 0% used [0x00000000eb000000,0x00000000eb000000,0x00000000eb900000)
 ParOldGen       total 194560K, used 191307K [0x00000000c0000000, 0x00000000cbe00000, 0x00000000eab00000)
  object space 194560K, 98% used [0x00000000c0000000,0x00000000cbad2ce8,0x00000000cbe00000)
 Metaspace       used 94538K, committed 95808K, reserved 1179648K
  class space    used 9166K, committed 9728K, reserved 1048576K
}

Dll operation events (11 events):
Event: 0.006 Loaded shared library c:\Users\henry\.vscode\extensions\redhat.java-1.18.0-win32-x64\jre\17.0.7-win32-x86_64\bin\java.dll
Event: 0.115 Loaded shared library c:\Users\henry\.vscode\extensions\redhat.java-1.18.0-win32-x64\jre\17.0.7-win32-x86_64\bin\zip.dll
Event: 0.119 Loaded shared library C:\Users\henry\.vscode\extensions\redhat.java-1.18.0-win32-x64\jre\17.0.7-win32-x86_64\bin\instrument.dll
Event: 0.129 Loaded shared library C:\Users\henry\.vscode\extensions\redhat.java-1.18.0-win32-x64\jre\17.0.7-win32-x86_64\bin\net.dll
Event: 0.130 Loaded shared library C:\Users\henry\.vscode\extensions\redhat.java-1.18.0-win32-x64\jre\17.0.7-win32-x86_64\bin\nio.dll
Event: 0.138 Loaded shared library C:\Users\henry\.vscode\extensions\redhat.java-1.18.0-win32-x64\jre\17.0.7-win32-x86_64\bin\zip.dll
Event: 0.149 Loaded shared library C:\Users\henry\.vscode\extensions\redhat.java-1.18.0-win32-x64\jre\17.0.7-win32-x86_64\bin\jimage.dll
Event: 0.214 Loaded shared library c:\Users\henry\.vscode\extensions\redhat.java-1.18.0-win32-x64\jre\17.0.7-win32-x86_64\bin\verify.dll
Event: 2.774 Loaded shared library C:\Users\henry\AppData\Roaming\Code\User\globalStorage\redhat.java\1.18.0\config_win\org.eclipse.equinox.launcher\org.eclipse.equinox.launcher.win32.win32.x86_64_1.2.700.v20221108-1024\eclipse_11801.dll
Event: 5.095 Loaded shared library C:\Users\henry\AppData\Local\Temp\jna-99164440\jna16642886205261983962.dll
Event: 7.140 Loaded shared library C:\Users\henry\.vscode\extensions\redhat.java-1.18.0-win32-x64\jre\17.0.7-win32-x86_64\bin\sunmscapi.dll

Deoptimization events (20 events):
Event: 2178.795 Thread 0x00000264ca423b70 DEOPT PACKING pc=0x00000264b324b710 sp=0x0000006efbbfe370
Event: 2178.795 Thread 0x00000264ca423b70 DEOPT UNPACKING pc=0x00000264b93c6e43 sp=0x0000006efbbfd840 mode 0
Event: 2182.065 Thread 0x00000264ce8a3d00 DEOPT PACKING pc=0x00000264b324b7b0 sp=0x0000006efbdfe620
Event: 2182.065 Thread 0x00000264ce8a3d00 DEOPT UNPACKING pc=0x00000264b93c6e43 sp=0x0000006efbdfdaf0 mode 0
Event: 2188.487 Thread 0x00000264ca4214f0 Uncommon trap: trap_request=0xffffff45 fr.pc=0x00000264b9e19bc0 relative=0x00000000000001c0
Event: 2188.487 Thread 0x00000264ca4214f0 Uncommon trap: reason=unstable_if action=reinterpret pc=0x00000264b9e19bc0 method=org.eclipse.jdt.core.compiler.CharOperation.equals([[C[[C)Z @ 8 c2
Event: 2188.487 Thread 0x00000264ca4214f0 DEOPT PACKING pc=0x00000264b9e19bc0 sp=0x0000006ef91fe0e0
Event: 2188.487 Thread 0x00000264ca4214f0 DEOPT UNPACKING pc=0x00000264b93c66a3 sp=0x0000006ef91fe078 mode 2
Event: 2202.250 Thread 0x00000264ca4231d0 Uncommon trap: trap_request=0xffffffde fr.pc=0x00000264ba9b9fdc relative=0x0000000000000e9c
Event: 2202.250 Thread 0x00000264ca4231d0 Uncommon trap: reason=class_check action=maybe_recompile pc=0x00000264ba9b9fdc method=org.eclipse.jdt.internal.core.Openable.getBuffer()Lorg/eclipse/jdt/core/IBuffer; @ 28 c2
Event: 2202.250 Thread 0x00000264ca4231d0 DEOPT PACKING pc=0x00000264ba9b9fdc sp=0x0000006efaffe4a0
Event: 2202.250 Thread 0x00000264ca4231d0 DEOPT UNPACKING pc=0x00000264b93c66a3 sp=0x0000006efaffe498 mode 2
Event: 2202.453 Thread 0x00000264ca4231d0 Uncommon trap: trap_request=0xffffffc6 fr.pc=0x00000264bb0881c8 relative=0x00000000000004e8
Event: 2202.453 Thread 0x00000264ca4231d0 Uncommon trap: reason=bimorphic_or_optimized_type_check action=maybe_recompile pc=0x00000264bb0881c8 method=org.eclipse.jdt.internal.corext.dom.SelectionAnalyzer.visitNode(Lorg/eclipse/jdt/core/dom/ASTNode;)Z @ 41 c2
Event: 2202.453 Thread 0x00000264ca4231d0 DEOPT PACKING pc=0x00000264bb0881c8 sp=0x0000006efaffe350
Event: 2202.453 Thread 0x00000264ca4231d0 DEOPT UNPACKING pc=0x00000264b93c66a3 sp=0x0000006efaffe2f8 mode 2
Event: 2207.128 Thread 0x00000264ca423b70 DEOPT PACKING pc=0x00000264b324b710 sp=0x0000006efbbfe370
Event: 2207.128 Thread 0x00000264ca423b70 DEOPT UNPACKING pc=0x00000264b93c6e43 sp=0x0000006efbbfd840 mode 0
Event: 2208.504 Thread 0x00000264ca425850 DEOPT PACKING pc=0x00000264b324b710 sp=0x0000006efbafe5b0
Event: 2208.504 Thread 0x00000264ca425850 DEOPT UNPACKING pc=0x00000264b93c6e43 sp=0x0000006efbafda80 mode 0

Classes unloaded (20 events):
Event: 1147.996 Thread 0x00000264af27a8d0 Unloading class 0x000000010028d800 'java/lang/invoke/LambdaForm$MH+0x000000010028d800'
Event: 1147.996 Thread 0x00000264af27a8d0 Unloading class 0x000000010028d400 'java/lang/invoke/LambdaForm$MH+0x000000010028d400'
Event: 1147.996 Thread 0x00000264af27a8d0 Unloading class 0x000000010028d000 'java/lang/invoke/LambdaForm$MH+0x000000010028d000'
Event: 1147.996 Thread 0x00000264af27a8d0 Unloading class 0x000000010028c800 'java/lang/invoke/LambdaForm$MH+0x000000010028c800'
Event: 1147.996 Thread 0x00000264af27a8d0 Unloading class 0x000000010028bc00 'java/lang/invoke/LambdaForm$MH+0x000000010028bc00'
Event: 1147.996 Thread 0x00000264af27a8d0 Unloading class 0x0000000100213800 'java/lang/invoke/LambdaForm$MH+0x0000000100213800'
Event: 1147.996 Thread 0x00000264af27a8d0 Unloading class 0x00000001001d1000 'jdk/internal/reflect/GeneratedConstructorAccessor4'
Event: 1147.996 Thread 0x00000264af27a8d0 Unloading class 0x00000001001a2800 'java/lang/invoke/LambdaForm$MH+0x00000001001a2800'
Event: 1147.996 Thread 0x00000264af27a8d0 Unloading class 0x00000001001a2000 'java/lang/invoke/LambdaForm$MH+0x00000001001a2000'
Event: 1147.996 Thread 0x00000264af27a8d0 Unloading class 0x00000001001a1c00 'java/lang/invoke/LambdaForm$MH+0x00000001001a1c00'
Event: 1147.996 Thread 0x00000264af27a8d0 Unloading class 0x00000001001a1800 'java/lang/invoke/LambdaForm$MH+0x00000001001a1800'
Event: 1147.996 Thread 0x00000264af27a8d0 Unloading class 0x00000001001a1000 'java/lang/invoke/LambdaForm$MH+0x00000001001a1000'
Event: 1147.996 Thread 0x00000264af27a8d0 Unloading class 0x00000001001a0c00 'java/lang/invoke/LambdaForm$MH+0x00000001001a0c00'
Event: 1147.996 Thread 0x00000264af27a8d0 Unloading class 0x00000001001a0800 'java/lang/invoke/LambdaForm$MH+0x00000001001a0800'
Event: 1147.996 Thread 0x00000264af27a8d0 Unloading class 0x00000001001a0000 'java/lang/invoke/LambdaForm$MH+0x00000001001a0000'
Event: 1147.996 Thread 0x00000264af27a8d0 Unloading class 0x0000000100129000 'jdk/internal/reflect/GeneratedMethodAccessor5'
Event: 1147.996 Thread 0x00000264af27a8d0 Unloading class 0x0000000100128c00 'jdk/internal/reflect/GeneratedMethodAccessor4'
Event: 1147.996 Thread 0x00000264af27a8d0 Unloading class 0x0000000100128800 'jdk/internal/reflect/GeneratedMethodAccessor3'
Event: 1147.996 Thread 0x00000264af27a8d0 Unloading class 0x0000000100128400 'jdk/internal/reflect/GeneratedMethodAccessor2'
Event: 1147.996 Thread 0x00000264af27a8d0 Unloading class 0x0000000100128000 'jdk/internal/reflect/GeneratedMethodAccessor1'

Classes redefined (0 events):
No events

Internal exceptions (20 events):
Event: 2100.306 Thread 0x00000264c9cbc8d0 Exception <a 'sun/nio/fs/WindowsException'{0x00000000ead1b2d8}> (0x00000000ead1b2d8) 
thrown [s\src\hotspot\share\prims\jni.cpp, line 516]
Event: 2100.415 Thread 0x00000264c9cbc8d0 Exception <a 'sun/nio/fs/WindowsException'{0x00000000eab733b0}> (0x00000000eab733b0) 
thrown [s\src\hotspot\share\prims\jni.cpp, line 516]
Event: 2147.611 Thread 0x00000264c9cbc8d0 Exception <a 'sun/nio/fs/WindowsException'{0x00000000ead7e170}> (0x00000000ead7e170) 
thrown [s\src\hotspot\share\prims\jni.cpp, line 516]
Event: 2147.805 Thread 0x00000264c9cbc8d0 Exception <a 'sun/nio/fs/WindowsException'{0x00000000eac15ae8}> (0x00000000eac15ae8) 
thrown [s\src\hotspot\share\prims\jni.cpp, line 516]
Event: 2177.662 Thread 0x00000264c9cbc8d0 Exception <a 'sun/nio/fs/WindowsException'{0x00000000eac1fdd0}> (0x00000000eac1fdd0) 
thrown [s\src\hotspot\share\prims\jni.cpp, line 516]
Event: 2177.870 Thread 0x00000264c9cbc8d0 Exception <a 'sun/nio/fs/WindowsException'{0x00000000eab1d630}> (0x00000000eab1d630) 
thrown [s\src\hotspot\share\prims\jni.cpp, line 516]
Event: 2181.216 Thread 0x00000264c9cbc8d0 Exception <a 'sun/nio/fs/WindowsException'{0x00000000eaf49560}> (0x00000000eaf49560) 
thrown [s\src\hotspot\share\prims\jni.cpp, line 516]
Event: 2181.394 Thread 0x00000264c9cbc8d0 Exception <a 'sun/nio/fs/WindowsException'{0x00000000eab41e08}> (0x00000000eab41e08) 
thrown [s\src\hotspot\share\prims\jni.cpp, line 516]
Event: 2185.143 Thread 0x00000264c9cbc8d0 Exception <a 'sun/nio/fs/WindowsException'{0x00000000eafb0c70}> (0x00000000eafb0c70) 
thrown [s\src\hotspot\share\prims\jni.cpp, line 516]
Event: 2185.398 Thread 0x00000264c9cbc8d0 Exception <a 'sun/nio/fs/WindowsException'{0x00000000eabe9b78}> (0x00000000eabe9b78) 
thrown [s\src\hotspot\share\prims\jni.cpp, line 516]
Event: 2188.487 Thread 0x00000264ca4214f0 Implicit null exception at 0x00000264b9e19a15 to 0x00000264b9e19ba8
Event: 2198.608 Thread 0x00000264ca4214f0 Exception <a 'java/lang/ClassNotFoundException'{0x00000000eae65d88}: sun/net/www/protocol/jdt/Handler> (0x00000000eae65d88) 
thrown [s\src\hotspot\share\classfile\systemDictionary.cpp, line 256]
Event: 2198.608 Thread 0x00000264ca4214f0 Exception <a 'java/lang/ClassNotFoundException'{0x00000000eae68ab0}: sun/net/www/protocol/jdt/Handler> (0x00000000eae68ab0) 
thrown [s\src\hotspot\share\classfile\systemDictionary.cpp, line 256]
Event: 2198.608 Thread 0x00000264ca4214f0 Exception <a 'java/lang/ClassNotFoundException'{0x00000000eae6da88}: sun/net/www/protocol/jdt/Handler> (0x00000000eae6da88) 
thrown [s\src\hotspot\share\classfile\systemDictionary.cpp, line 256]
Event: 2198.608 Thread 0x00000264ca4214f0 Exception <a 'java/lang/ClassNotFoundException'{0x00000000eae72538}: sun/net/www/protocol/jdt/Handler> (0x00000000eae72538) 
thrown [s\src\hotspot\share\classfile\systemDictionary.cpp, line 256]
Event: 2198.608 Thread 0x00000264ca4214f0 Exception <a 'java/lang/ClassNotFoundException'{0x00000000eae74d70}: sun/net/www/protocol/jdt/Handler> (0x00000000eae74d70) 
thrown [s\src\hotspot\share\classfile\systemDictionary.cpp, line 256]
Event: 2198.608 Thread 0x00000264ca4214f0 Exception <a 'java/lang/ClassNotFoundException'{0x00000000eae775c8}: sun/net/www/protocol/jdt/Handler> (0x00000000eae775c8) 
thrown [s\src\hotspot\share\classfile\systemDictionary.cpp, line 256]
Event: 2198.608 Thread 0x00000264ca4214f0 Exception <a 'java/lang/ClassNotFoundException'{0x00000000eae79e68}: sun/net/www/protocol/jdt/Handler> (0x00000000eae79e68) 
thrown [s\src\hotspot\share\classfile\systemDictionary.cpp, line 256]
Event: 2208.333 Thread 0x00000264c9cbc8d0 Exception <a 'sun/nio/fs/WindowsException'{0x00000000eae5f160}> (0x00000000eae5f160) 
thrown [s\src\hotspot\share\prims\jni.cpp, line 516]
Event: 2208.552 Thread 0x00000264c9cbc8d0 Exception <a 'sun/nio/fs/WindowsException'{0x00000000eb645900}> (0x00000000eb645900) 
thrown [s\src\hotspot\share\prims\jni.cpp, line 516]

VM Operations (20 events):
Event: 2208.453 Executing VM operation: ParallelGCFailedAllocation done
Event: 2208.456 Executing VM operation: ParallelGCFailedAllocation
Event: 2208.460 Executing VM operation: ParallelGCFailedAllocation done
Event: 2208.465 Executing VM operation: ParallelGCFailedAllocation
Event: 2208.468 Executing VM operation: ParallelGCFailedAllocation done
Event: 2208.473 Executing VM operation: ParallelGCFailedAllocation
Event: 2208.476 Executing VM operation: ParallelGCFailedAllocation done
Event: 2208.485 Executing VM operation: ParallelGCFailedAllocation
Event: 2208.488 Executing VM operation: ParallelGCFailedAllocation done
Event: 2208.497 Executing VM operation: ParallelGCFailedAllocation
Event: 2208.500 Executing VM operation: ParallelGCFailedAllocation done
Event: 2208.518 Executing VM operation: ParallelGCFailedAllocation
Event: 2208.520 Executing VM operation: ParallelGCFailedAllocation done
Event: 2208.553 Executing VM operation: ParallelGCFailedAllocation
Event: 2208.625 Executing VM operation: ParallelGCFailedAllocation done
Event: 2208.629 Executing VM operation: ParallelGCFailedAllocation
Event: 2208.630 Executing VM operation: ParallelGCFailedAllocation done
Event: 2208.638 Executing VM operation: ParallelGCFailedAllocation
Event: 2208.644 Executing VM operation: ParallelGCFailedAllocation done
Event: 2208.652 Executing VM operation: ParallelGCFailedAllocation

Events (20 events):
Event: 2184.515 Thread 0x00000264c8428bf0 flushing nmethod 0x00000264b3d81510
Event: 2184.515 Thread 0x00000264c8428bf0 flushing nmethod 0x00000264b3df0510
Event: 2184.515 Thread 0x00000264c8428bf0 flushing nmethod 0x00000264b3e8f410
Event: 2184.515 Thread 0x00000264c8428bf0 flushing nmethod 0x00000264b3ecf290
Event: 2184.516 Thread 0x00000264c8428bf0 flushing nmethod 0x00000264b414d910
Event: 2184.518 Thread 0x00000264c8428bf0 flushing nmethod 0x00000264b4518010
Event: 2184.518 Thread 0x00000264c8428bf0 flushing nmethod 0x00000264b45b2010
Event: 2184.518 Thread 0x00000264c8428bf0 flushing nmethod 0x00000264b4630e10
Event: 2184.518 Thread 0x00000264c8428bf0 flushing nmethod 0x00000264b4664210
Event: 2184.518 Thread 0x00000264c8428bf0 flushing nmethod 0x00000264b4683d90
Event: 2184.519 Thread 0x00000264c8428bf0 flushing nmethod 0x00000264b4770a90
Event: 2184.519 Thread 0x00000264c8428bf0 flushing nmethod 0x00000264b491bb90
Event: 2185.251 Thread 0x00000264cc1e6370 Thread added: 0x00000264cc1e6370
Event: 2185.256 Thread 0x00000264cc1e6370 Thread exited: 0x00000264cc1e6370
Event: 2206.898 Thread 0x00000264d7e83dc0 Thread added: 0x00000264d7e83dc0
Event: 2206.898 Thread 0x00000264d7e81f60 Thread added: 0x00000264d7e81f60
Event: 2207.378 Thread 0x00000264d7e81f60 Thread exited: 0x00000264d7e81f60
Event: 2207.576 Thread 0x00000264d7e83dc0 Thread exited: 0x00000264d7e83dc0
Event: 2208.524 Thread 0x00000264cc1e89f0 Thread added: 0x00000264cc1e89f0
Event: 2208.532 Thread 0x00000264cc1e89f0 Thread exited: 0x00000264cc1e89f0


Dynamic libraries:
0x00007ff7b4fc0000 - 0x00007ff7b4fce000 	c:\Users\henry\.vscode\extensions\redhat.java-1.18.0-win32-x64\jre\17.0.7-win32-x86_64\bin\java.exe
0x00007fffbca90000 - 0x00007fffbcca4000 	C:\WINDOWS\SYSTEM32\ntdll.dll
0x00007fffbb630000 - 0x00007fffbb6f2000 	C:\WINDOWS\System32\KERNEL32.DLL
0x00007fffba1e0000 - 0x00007fffba583000 	C:\WINDOWS\System32\KERNELBASE.dll
0x00007fffba0c0000 - 0x00007fffba1d1000 	C:\WINDOWS\System32\ucrtbase.dll
0x00007fff79d00000 - 0x00007fff79d17000 	c:\Users\henry\.vscode\extensions\redhat.java-1.18.0-win32-x64\jre\17.0.7-win32-x86_64\bin\jli.dll
0x00007fffbc350000 - 0x00007fffbc4fb000 	C:\WINDOWS\System32\USER32.dll
0x00007fffba610000 - 0x00007fffba636000 	C:\WINDOWS\System32\win32u.dll
0x00007fffba940000 - 0x00007fffba969000 	C:\WINDOWS\System32\GDI32.dll
0x00007fffba700000 - 0x00007fffba818000 	C:\WINDOWS\System32\gdi32full.dll
0x00007fffb9eb0000 - 0x00007fffb9f4a000 	C:\WINDOWS\System32\msvcp_win.dll
0x00007fff78710000 - 0x00007fff78729000 	c:\Users\henry\.vscode\extensions\redhat.java-1.18.0-win32-x64\jre\17.0.7-win32-x86_64\bin\VCRUNTIME140.dll
0x00007fffa5220000 - 0x00007fffa54ae000 	C:\WINDOWS\WinSxS\amd64_microsoft.windows.common-controls_6595b64144ccf1df_6.0.22621.1635_none_270f70857386168e\COMCTL32.dll
0x00007fffba890000 - 0x00007fffba937000 	C:\WINDOWS\System32\msvcrt.dll
0x00007fffbc6e0000 - 0x00007fffbc711000 	C:\WINDOWS\System32\IMM32.DLL
0x00007fff97bb0000 - 0x00007fff97bbc000 	c:\Users\henry\.vscode\extensions\redhat.java-1.18.0-win32-x64\jre\17.0.7-win32-x86_64\bin\vcruntime140_1.dll
0x00007fff5f860000 - 0x00007fff5f8f1000 	c:\Users\henry\.vscode\extensions\redhat.java-1.18.0-win32-x64\jre\17.0.7-win32-x86_64\bin\msvcp140.dll
0x00007fff2dc60000 - 0x00007fff2e8a8000 	c:\Users\henry\.vscode\extensions\redhat.java-1.18.0-win32-x64\jre\17.0.7-win32-x86_64\bin\server\jvm.dll
0x00007fffbc820000 - 0x00007fffbc8ce000 	C:\WINDOWS\System32\ADVAPI32.dll
0x00007fffbacb0000 - 0x00007fffbad54000 	C:\WINDOWS\System32\sechost.dll
0x00007fffbba30000 - 0x00007fffbbb47000 	C:\WINDOWS\System32\RPCRT4.dll
0x00007fff9ac70000 - 0x00007fff9ac79000 	C:\WINDOWS\SYSTEM32\WSOCK32.dll
0x00007fffbc500000 - 0x00007fffbc571000 	C:\WINDOWS\System32\WS2_32.dll
0x00007fffb3620000 - 0x00007fffb3654000 	C:\WINDOWS\SYSTEM32\WINMM.dll
0x00007fffb2df0000 - 0x00007fffb2dfa000 	C:\WINDOWS\SYSTEM32\VERSION.dll
0x00007fffb8ff0000 - 0x00007fffb9008000 	C:\WINDOWS\SYSTEM32\kernel.appcore.dll
0x00007fff976d0000 - 0x00007fff976da000 	c:\Users\henry\.vscode\extensions\redhat.java-1.18.0-win32-x64\jre\17.0.7-win32-x86_64\bin\jimage.dll
0x00007fffb73a0000 - 0x00007fffb75ce000 	C:\WINDOWS\SYSTEM32\DBGHELP.DLL
0x00007fffbad90000 - 0x00007fffbb119000 	C:\WINDOWS\System32\combase.dll
0x00007fffbb950000 - 0x00007fffbba27000 	C:\WINDOWS\System32\OLEAUT32.dll
0x00007fff99720000 - 0x00007fff99752000 	C:\WINDOWS\SYSTEM32\dbgcore.DLL
0x00007fffba590000 - 0x00007fffba60b000 	C:\WINDOWS\System32\bcryptPrimitives.dll
0x00007fff95080000 - 0x00007fff9508e000 	c:\Users\henry\.vscode\extensions\redhat.java-1.18.0-win32-x64\jre\17.0.7-win32-x86_64\bin\instrument.dll
0x00007fff733b0000 - 0x00007fff733d5000 	c:\Users\henry\.vscode\extensions\redhat.java-1.18.0-win32-x64\jre\17.0.7-win32-x86_64\bin\java.dll
0x00007fff740f0000 - 0x00007fff74108000 	c:\Users\henry\.vscode\extensions\redhat.java-1.18.0-win32-x64\jre\17.0.7-win32-x86_64\bin\zip.dll
0x00007fffbbb50000 - 0x00007fffbc34a000 	C:\WINDOWS\System32\SHELL32.dll
0x00007fffb7ec0000 - 0x00007fffb878e000 	C:\WINDOWS\SYSTEM32\windows.storage.dll
0x00007fffb7d80000 - 0x00007fffb7ebe000 	C:\WINDOWS\SYSTEM32\wintypes.dll
0x00007fffba9d0000 - 0x00007fffbaac1000 	C:\WINDOWS\System32\SHCORE.dll
0x00007fffbc8d0000 - 0x00007fffbc92e000 	C:\WINDOWS\System32\shlwapi.dll
0x00007fffb9de0000 - 0x00007fffb9e01000 	C:\WINDOWS\SYSTEM32\profapi.dll
0x00007fff68190000 - 0x00007fff681a9000 	C:\Users\henry\.vscode\extensions\redhat.java-1.18.0-win32-x64\jre\17.0.7-win32-x86_64\bin\net.dll
0x00007fffb3ce0000 - 0x00007fffb3e17000 	C:\WINDOWS\SYSTEM32\WINHTTP.dll
0x00007fffb9460000 - 0x00007fffb94c9000 	C:\WINDOWS\system32\mswsock.dll
0x00007fff68170000 - 0x00007fff68185000 	C:\Users\henry\.vscode\extensions\redhat.java-1.18.0-win32-x64\jre\17.0.7-win32-x86_64\bin\nio.dll
0x00007fff913a0000 - 0x00007fff913b0000 	c:\Users\henry\.vscode\extensions\redhat.java-1.18.0-win32-x64\jre\17.0.7-win32-x86_64\bin\verify.dll
0x00007fff6be40000 - 0x00007fff6be7e000 	C:\Users\henry\AppData\Roaming\Code\User\globalStorage\redhat.java\1.18.0\config_win\org.eclipse.equinox.launcher\org.eclipse.equinox.launcher.win32.win32.x86_64_1.2.700.v20221108-1024\eclipse_11801.dll
0x00007fffbb790000 - 0x00007fffbb92c000 	C:\WINDOWS\System32\ole32.dll
0x00007fffb96c0000 - 0x00007fffb96db000 	C:\WINDOWS\SYSTEM32\CRYPTSP.dll
0x00007fffb8f60000 - 0x00007fffb8f95000 	C:\WINDOWS\system32\rsaenh.dll
0x00007fffb9560000 - 0x00007fffb9588000 	C:\WINDOWS\SYSTEM32\USERENV.dll
0x00007fffb9860000 - 0x00007fffb9888000 	C:\WINDOWS\SYSTEM32\bcrypt.dll
0x00007fffb96e0000 - 0x00007fffb96ec000 	C:\WINDOWS\SYSTEM32\CRYPTBASE.dll
0x00007fffb8a60000 - 0x00007fffb8a8d000 	C:\WINDOWS\SYSTEM32\IPHLPAPI.DLL
0x00007fffbaca0000 - 0x00007fffbaca9000 	C:\WINDOWS\System32\NSI.dll
0x00007fffb3cc0000 - 0x00007fffb3cd9000 	C:\WINDOWS\SYSTEM32\dhcpcsvc6.DLL
0x00007fffb3ca0000 - 0x00007fffb3cbf000 	C:\WINDOWS\SYSTEM32\dhcpcsvc.DLL
0x00007fffb8ad0000 - 0x00007fffb8bc3000 	C:\WINDOWS\SYSTEM32\DNSAPI.dll
0x00007fff60690000 - 0x00007fff606d5000 	C:\Users\henry\AppData\Local\Temp\jna-99164440\jna16642886205261983962.dll
0x00007fffbb780000 - 0x00007fffbb788000 	C:\WINDOWS\System32\PSAPI.DLL
0x00007fff9dea0000 - 0x00007fff9deae000 	C:\Users\henry\.vscode\extensions\redhat.java-1.18.0-win32-x64\jre\17.0.7-win32-x86_64\bin\sunmscapi.dll
0x00007fffb9f50000 - 0x00007fffba0b7000 	C:\WINDOWS\System32\CRYPT32.dll
0x00007fffb9830000 - 0x00007fffb985e000 	C:\WINDOWS\SYSTEM32\ncrypt.dll
0x00007fffb97f0000 - 0x00007fffb9827000 	C:\WINDOWS\SYSTEM32\NTASN1.dll
0x000000006a7b0000 - 0x000000006a7d6000 	C:\Program Files\Bonjour\mdnsNSP.dll
0x00007fffb3240000 - 0x00007fffb324a000 	C:\Windows\System32\rasadhlp.dll
0x00007fffb3870000 - 0x00007fffb38f4000 	C:\WINDOWS\System32\fwpuclnt.dll

dbghelp: loaded successfully - version: 4.0.5 - missing functions: none
symbol engine: initialized successfully - sym options: 0x614 - pdb path: .;c:\Users\henry\.vscode\extensions\redhat.java-1.18.0-win32-x64\jre\17.0.7-win32-x86_64\bin;C:\WINDOWS\SYSTEM32;C:\WINDOWS\WinSxS\amd64_microsoft.windows.common-controls_6595b64144ccf1df_6.0.22621.1635_none_270f70857386168e;c:\Users\henry\.vscode\extensions\redhat.java-1.18.0-win32-x64\jre\17.0.7-win32-x86_64\bin\server;C:\Users\henry\AppData\Roaming\Code\User\globalStorage\redhat.java\1.18.0\config_win\org.eclipse.equinox.launcher\org.eclipse.equinox.launcher.win32.win32.x86_64_1.2.700.v20221108-1024;C:\Users\henry\AppData\Local\Temp\jna-99164440;C:\Program Files\Bonjour

VM Arguments:
jvm_args: --add-modules=ALL-SYSTEM --add-opens=java.base/java.util=ALL-UNNAMED --add-opens=java.base/java.lang=ALL-UNNAMED --add-opens=java.base/sun.nio.fs=ALL-UNNAMED -Declipse.application=org.eclipse.jdt.ls.core.id1 -Dosgi.bundles.defaultStartLevel=4 -Declipse.product=org.eclipse.jdt.ls.core.product -Djava.import.generatesMetadataFilesAtProjectRoot=false -Dfile.encoding=utf8 -XX:+UseParallelGC -XX:GCTimeRatio=4 -XX:AdaptiveSizePolicyWeight=90 -Dsun.zip.disableMemoryMapping=true -Xmx1G -Xms100m -Xlog:disable -javaagent:c:\Users\henry\.vscode\extensions\redhat.java-1.18.0-win32-x64\lombok\lombok-1.18.27.jar -XX:+HeapDumpOnOutOfMemoryError -XX:HeapDumpPath=c:\Users\henry\AppData\Roaming\Code\User\workspaceStorage\5d544f449393da9ed85312ca5a21f1ed\redhat.java -Daether.dependencyCollector.impl=bf 
java_command: c:\Users\henry\.vscode\extensions\redhat.java-1.18.0-win32-x64\server\plugins\org.eclipse.equinox.launcher_1.6.400.v20210924-0641.jar -configuration c:\Users\henry\AppData\Roaming\Code\User\globalStorage\redhat.java\1.18.0\config_win -data c:\Users\henry\AppData\Roaming\Code\User\workspaceStorage\5d544f449393da9ed85312ca5a21f1ed\redhat.java\jdt_ws
java_class_path (initial): c:\Users\henry\.vscode\extensions\redhat.java-1.18.0-win32-x64\server\plugins\org.eclipse.equinox.launcher_1.6.400.v20210924-0641.jar
Launcher Type: SUN_STANDARD

[Global flags]
    uintx AdaptiveSizePolicyWeight                 = 90                                        {product} {command line}
     intx CICompilerCount                          = 4                                         {product} {ergonomic}
    uintx GCTimeRatio                              = 4                                         {product} {command line}
     bool HeapDumpOnOutOfMemoryError               = true                                   {manageable} {command line}
    ccstr HeapDumpPath                             = c:\Users\henry\AppData\Roaming\Code\User\workspaceStorage\5d544f449393da9ed85312ca5a21f1ed\redhat.java         {manageable} {command line}
   size_t InitialHeapSize                          = 104857600                                 {product} {command line}
   size_t MaxHeapSize                              = 1073741824                                {product} {command line}
   size_t MaxNewSize                               = 357564416                                 {product} {ergonomic}
   size_t MinHeapDeltaBytes                        = 524288                                    {product} {ergonomic}
   size_t MinHeapSize                              = 104857600                                 {product} {command line}
   size_t NewSize                                  = 34603008                                  {product} {ergonomic}
    uintx NonNMethodCodeHeapSize                   = 5839372                                {pd product} {ergonomic}
    uintx NonProfiledCodeHeapSize                  = 122909434                              {pd product} {ergonomic}
   size_t OldSize                                  = 70254592                                  {product} {ergonomic}
    uintx ProfiledCodeHeapSize                     = 122909434                              {pd product} {ergonomic}
    uintx ReservedCodeCacheSize                    = 251658240                              {pd product} {ergonomic}
     bool SegmentedCodeCache                       = true                                      {product} {ergonomic}
   size_t SoftMaxHeapSize                          = 1073741824                             {manageable} {ergonomic}
     bool UseCompressedClassPointers               = true                           {product lp64_product} {ergonomic}
     bool UseCompressedOops                        = true                           {product lp64_product} {ergonomic}
     bool UseLargePagesIndividualAllocation        = false                                  {pd product} {ergonomic}
     bool UseParallelGC                            = true                                      {product} {command line}

Logging:
Log output configuration:
 #0: stdout all=off uptime,level,tags
 #1: stderr all=off uptime,level,tags

Environment Variables:
PATH=D:\Oculus\Support\oculus-runtime;C:\Program Files\NVIDIA GPU Computing Toolkit\CUDA\v11.2\bin;C:\Program Files\NVIDIA GPU Computing Toolkit\CUDA\v11.2\libnvvp;C:\Program Files\Common Files\Oracle\Java\javapath;C:\Program Files (x86)\Common Files\Oracle\Java\javapath;C:\Program Files (x86)\Razer Chroma SDK\bin;C:\Program Files\Razer Chroma SDK\bin;C:\Program Files (x86)\Razer\ChromaBroadcast\bin;C:\Program Files\Razer\ChromaBroadcast\bin;C:\Windows\system32;C:\Windows;C:\Windows\System32\Wbem;C:\Windows\System32\WindowsPowerShell\v1.0\;C:\Windows\System32\OpenSSH\;C:\Windows\system32\config\systemprofile\AppData\Local\Microsoft\WindowsApps;C:\Program Files\nodejs\;C:\src\flutter\bin;C:\ProgramData\chocolatey\bin;C:\Program Files\Git\cmd;C:\Program Files\dotnet\;C:\ProgramData\Anaconda3;C:\ProgramData\Anaconda3\Scripts;C:\Program Files\NVIDIA Corporation\NVIDIA NvDLISR;C:\Program Files (x86)\NVIDIA Corporation\PhysX\Common;C:\Program Files (x86)\cloudflared\.;C:\WINDOWS\system32;C:\WINDOWS;C:\WINDOWS\System32\Wbem;C:\WINDOWS\System32\WindowsPowerShell\v1.0\;C:\WINDOWS\System32\OpenSSH\;C:\Program Files\Cloudflare\Cloudflare WARP\;C:\Program Files\CMake\bin;C:\Program Files\NVIDIA Corporation\Nsight Compute 2022.3.0\;G:\Users\Henry\Desktop\part1\part1\opencv\opencv\build\install\x64\vc17\bin;%PNPM_HOME%;C:\Users\henry\AppData\Local\Microsoft\WindowsApps;C:\Users\henry\AppData\Roaming\npm;D:\Program Files (x86)\Microsoft VS Code\bin;C:\tools\dart-sdk\bin;C:\Users\henry\AppData\Roaming\Pub\Cache\bin;C:\Program Files\heroku\bin;C:\Users\henry\.dotnet\tools;C:\mingw64\bin;C:\mingw64\GnuWin32\bin;C:\Users\henry\AppData\Local\pnpm;
USERNAME=henry
OS=Windows_NT
PROCESSOR_IDENTIFIER=Intel64 Family 6 Model 158 Stepping 13, GenuineIntel
TMP=C:\Users\henry\AppData\Local\Temp
TEMP=C:\Users\henry\AppData\Local\Temp



---------------  S Y S T E M  ---------------

OS:
 Windows 11 , 64 bit Build 22621 (10.0.22621.1635)
OS uptime: 0 days 11:37 hours

CPU: total 8 (initial active 8) (8 cores per cpu, 1 threads per core) family 6 model 158 stepping 13 microcode 0xde, cx8, cmov, fxsr, mmx, 3dnowpref, sse, sse2, sse3, ssse3, sse4.1, sse4.2, popcnt, lzcnt, tsc, tscinvbit, avx, avx2, aes, erms, clmul, bmi1, bmi2, adx, fma, vzeroupper, clflush, clflushopt

Memory: 4k page, system-wide physical 16297M (5117M free)
TotalPageFile size 31145M (AvailPageFile size 12193M)
current process WorkingSet (physical memory assigned to process): 537M, peak: 583M
current process commit charge ("private bytes"): 559M, peak: 610M

vm_info: OpenJDK 64-Bit Server VM (17.0.7+7) for windows-amd64 JRE (17.0.7+7), built on Apr 18 2023 22:10:42 by "temurin" with MS VC++ 16.7 (VS2019)

END.
